[0.012s] Invoking command in '/home/leoni/oak_ws/build/depthai-ros': AMENT_PREFIX_PATH=/home/leoni/oak_ws/install/depthai_ros_driver:/home/leoni/oak_ws/install/depthai_filters:/home/leoni/oak_ws/install/depthai_bridge:/home/leoni/oak_ws/install/depthai_ros_msgs:/home/leoni/oak_ws/install/depthai_descriptions:${AMENT_PREFIX_PATH} CMAKE_PREFIX_PATH=/home/leoni/oak_ws/install/depthai_ros_driver:/home/leoni/oak_ws/install/depthai_filters:/home/leoni/oak_ws/install/depthai_bridge:/home/leoni/oak_ws/install/depthai_ros_msgs:/home/leoni/oak_ws/install/depthai_descriptions:/opt/ros/humble GAZEBO_MODEL_PATH=/home/leoni/oak_ws/install/depthai_descriptions GAZEBO_RESOURCE_PATH=/home/leoni/oak_ws/install/depthai_descriptions IGN_GAZEBO_MODEL_PATH=/home/leoni/oak_ws/install/depthai_descriptions IGN_GAZEBO_RESOURCE_PATH=/home/leoni/oak_ws/install/depthai_descriptions LD_LIBRARY_PATH=/home/leoni/oak_ws/install/depthai_ros_driver/lib:/home/leoni/oak_ws/install/depthai_filters/lib:/home/leoni/oak_ws/install/depthai_bridge/lib:/home/leoni/oak_ws/install/depthai_ros_msgs/lib:${LD_LIBRARY_PATH} PYTHONPATH=/home/leoni/oak_ws/install/depthai_ros_driver/local/lib/python3.10/dist-packages:/home/leoni/oak_ws/install/depthai_ros_msgs/local/lib/python3.10/dist-packages:${PYTHONPATH} /usr/bin/cmake /home/leoni/oak_ws/src/depthai-ros/depthai-ros -DCMAKE_INSTALL_PREFIX=/home/leoni/oak_ws/install/depthai-ros
[0.059s] -- The CXX compiler identification is GNU 11.4.0
[0.099s] -- The C compiler identification is GNU 11.4.0
[0.106s] -- Detecting CXX compiler ABI info
[0.157s] -- Detecting CXX compiler ABI info - done
[0.161s] -- Check for working CXX compiler: /usr/bin/c++ - skipped
[0.162s] -- Detecting CXX compile features
[0.162s] -- Detecting CXX compile features - done
[0.165s] -- Detecting C compiler ABI info
[0.246s] -- Detecting C compiler ABI info - done
[0.251s] -- Check for working C compiler: /usr/bin/cc - skipped
[0.251s] -- Detecting C compile features
[0.252s] -- Detecting C compile features - done
[0.258s] -- Found ament_cmake: 1.3.11 (/opt/ros/humble/share/ament_cmake/cmake)
[0.366s] -- Found Python3: /usr/bin/python3 (found version "3.10.12") found components: Interpreter 
[0.493s] -- Configuring done
[0.494s] -- Generating done
[0.495s] -- Build files have been written to: /home/leoni/oak_ws/build/depthai-ros
[0.498s] Invoked command in '/home/leoni/oak_ws/build/depthai-ros' returned '0': AMENT_PREFIX_PATH=/home/leoni/oak_ws/install/depthai_ros_driver:/home/leoni/oak_ws/install/depthai_filters:/home/leoni/oak_ws/install/depthai_bridge:/home/leoni/oak_ws/install/depthai_ros_msgs:/home/leoni/oak_ws/install/depthai_descriptions:${AMENT_PREFIX_PATH} CMAKE_PREFIX_PATH=/home/leoni/oak_ws/install/depthai_ros_driver:/home/leoni/oak_ws/install/depthai_filters:/home/leoni/oak_ws/install/depthai_bridge:/home/leoni/oak_ws/install/depthai_ros_msgs:/home/leoni/oak_ws/install/depthai_descriptions:/opt/ros/humble GAZEBO_MODEL_PATH=/home/leoni/oak_ws/install/depthai_descriptions GAZEBO_RESOURCE_PATH=/home/leoni/oak_ws/install/depthai_descriptions IGN_GAZEBO_MODEL_PATH=/home/leoni/oak_ws/install/depthai_descriptions IGN_GAZEBO_RESOURCE_PATH=/home/leoni/oak_ws/install/depthai_descriptions LD_LIBRARY_PATH=/home/leoni/oak_ws/install/depthai_ros_driver/lib:/home/leoni/oak_ws/install/depthai_filters/lib:/home/leoni/oak_ws/install/depthai_bridge/lib:/home/leoni/oak_ws/install/depthai_ros_msgs/lib:${LD_LIBRARY_PATH} PYTHONPATH=/home/leoni/oak_ws/install/depthai_ros_driver/local/lib/python3.10/dist-packages:/home/leoni/oak_ws/install/depthai_ros_msgs/local/lib/python3.10/dist-packages:${PYTHONPATH} /usr/bin/cmake /home/leoni/oak_ws/src/depthai-ros/depthai-ros -DCMAKE_INSTALL_PREFIX=/home/leoni/oak_ws/install/depthai-ros
[0.499s] Invoking command in '/home/leoni/oak_ws/build/depthai-ros': AMENT_PREFIX_PATH=/home/leoni/oak_ws/install/depthai_ros_driver:/home/leoni/oak_ws/install/depthai_filters:/home/leoni/oak_ws/install/depthai_bridge:/home/leoni/oak_ws/install/depthai_ros_msgs:/home/leoni/oak_ws/install/depthai_descriptions:${AMENT_PREFIX_PATH} CMAKE_PREFIX_PATH=/home/leoni/oak_ws/install/depthai_ros_driver:/home/leoni/oak_ws/install/depthai_filters:/home/leoni/oak_ws/install/depthai_bridge:/home/leoni/oak_ws/install/depthai_ros_msgs:/home/leoni/oak_ws/install/depthai_descriptions:/opt/ros/humble GAZEBO_MODEL_PATH=/home/leoni/oak_ws/install/depthai_descriptions GAZEBO_RESOURCE_PATH=/home/leoni/oak_ws/install/depthai_descriptions IGN_GAZEBO_MODEL_PATH=/home/leoni/oak_ws/install/depthai_descriptions IGN_GAZEBO_RESOURCE_PATH=/home/leoni/oak_ws/install/depthai_descriptions LD_LIBRARY_PATH=/home/leoni/oak_ws/install/depthai_ros_driver/lib:/home/leoni/oak_ws/install/depthai_filters/lib:/home/leoni/oak_ws/install/depthai_bridge/lib:/home/leoni/oak_ws/install/depthai_ros_msgs/lib:${LD_LIBRARY_PATH} PYTHONPATH=/home/leoni/oak_ws/install/depthai_ros_driver/local/lib/python3.10/dist-packages:/home/leoni/oak_ws/install/depthai_ros_msgs/local/lib/python3.10/dist-packages:${PYTHONPATH} /usr/bin/cmake --build /home/leoni/oak_ws/build/depthai-ros -- -j16 -l16
[0.526s] Invoked command in '/home/leoni/oak_ws/build/depthai-ros' returned '0': AMENT_PREFIX_PATH=/home/leoni/oak_ws/install/depthai_ros_driver:/home/leoni/oak_ws/install/depthai_filters:/home/leoni/oak_ws/install/depthai_bridge:/home/leoni/oak_ws/install/depthai_ros_msgs:/home/leoni/oak_ws/install/depthai_descriptions:${AMENT_PREFIX_PATH} CMAKE_PREFIX_PATH=/home/leoni/oak_ws/install/depthai_ros_driver:/home/leoni/oak_ws/install/depthai_filters:/home/leoni/oak_ws/install/depthai_bridge:/home/leoni/oak_ws/install/depthai_ros_msgs:/home/leoni/oak_ws/install/depthai_descriptions:/opt/ros/humble GAZEBO_MODEL_PATH=/home/leoni/oak_ws/install/depthai_descriptions GAZEBO_RESOURCE_PATH=/home/leoni/oak_ws/install/depthai_descriptions IGN_GAZEBO_MODEL_PATH=/home/leoni/oak_ws/install/depthai_descriptions IGN_GAZEBO_RESOURCE_PATH=/home/leoni/oak_ws/install/depthai_descriptions LD_LIBRARY_PATH=/home/leoni/oak_ws/install/depthai_ros_driver/lib:/home/leoni/oak_ws/install/depthai_filters/lib:/home/leoni/oak_ws/install/depthai_bridge/lib:/home/leoni/oak_ws/install/depthai_ros_msgs/lib:${LD_LIBRARY_PATH} PYTHONPATH=/home/leoni/oak_ws/install/depthai_ros_driver/local/lib/python3.10/dist-packages:/home/leoni/oak_ws/install/depthai_ros_msgs/local/lib/python3.10/dist-packages:${PYTHONPATH} /usr/bin/cmake --build /home/leoni/oak_ws/build/depthai-ros -- -j16 -l16
[0.529s] Invoking command in '/home/leoni/oak_ws/build/depthai-ros': AMENT_PREFIX_PATH=/home/leoni/oak_ws/install/depthai_ros_driver:/home/leoni/oak_ws/install/depthai_filters:/home/leoni/oak_ws/install/depthai_bridge:/home/leoni/oak_ws/install/depthai_ros_msgs:/home/leoni/oak_ws/install/depthai_descriptions:${AMENT_PREFIX_PATH} CMAKE_PREFIX_PATH=/home/leoni/oak_ws/install/depthai_ros_driver:/home/leoni/oak_ws/install/depthai_filters:/home/leoni/oak_ws/install/depthai_bridge:/home/leoni/oak_ws/install/depthai_ros_msgs:/home/leoni/oak_ws/install/depthai_descriptions:/opt/ros/humble GAZEBO_MODEL_PATH=/home/leoni/oak_ws/install/depthai_descriptions GAZEBO_RESOURCE_PATH=/home/leoni/oak_ws/install/depthai_descriptions IGN_GAZEBO_MODEL_PATH=/home/leoni/oak_ws/install/depthai_descriptions IGN_GAZEBO_RESOURCE_PATH=/home/leoni/oak_ws/install/depthai_descriptions LD_LIBRARY_PATH=/home/leoni/oak_ws/install/depthai_ros_driver/lib:/home/leoni/oak_ws/install/depthai_filters/lib:/home/leoni/oak_ws/install/depthai_bridge/lib:/home/leoni/oak_ws/install/depthai_ros_msgs/lib:${LD_LIBRARY_PATH} PYTHONPATH=/home/leoni/oak_ws/install/depthai_ros_driver/local/lib/python3.10/dist-packages:/home/leoni/oak_ws/install/depthai_ros_msgs/local/lib/python3.10/dist-packages:${PYTHONPATH} /usr/bin/cmake --install /home/leoni/oak_ws/build/depthai-ros
[0.537s] -- Install configuration: ""
[0.537s] -- Installing: /home/leoni/oak_ws/install/depthai-ros/share/ament_index/resource_index/package_run_dependencies/depthai-ros
[0.538s] -- Installing: /home/leoni/oak_ws/install/depthai-ros/share/ament_index/resource_index/parent_prefix_path/depthai-ros
[0.538s] -- Installing: /home/leoni/oak_ws/install/depthai-ros/share/depthai-ros/environment/ament_prefix_path.sh
[0.538s] -- Installing: /home/leoni/oak_ws/install/depthai-ros/share/depthai-ros/environment/ament_prefix_path.dsv
[0.538s] -- Installing: /home/leoni/oak_ws/install/depthai-ros/share/depthai-ros/environment/path.sh
[0.538s] -- Installing: /home/leoni/oak_ws/install/depthai-ros/share/depthai-ros/environment/path.dsv
[0.538s] -- Installing: /home/leoni/oak_ws/install/depthai-ros/share/depthai-ros/local_setup.bash
[0.538s] -- Installing: /home/leoni/oak_ws/install/depthai-ros/share/depthai-ros/local_setup.sh
[0.538s] -- Installing: /home/leoni/oak_ws/install/depthai-ros/share/depthai-ros/local_setup.zsh
[0.538s] -- Installing: /home/leoni/oak_ws/install/depthai-ros/share/depthai-ros/local_setup.dsv
[0.539s] -- Installing: /home/leoni/oak_ws/install/depthai-ros/share/depthai-ros/package.dsv
[0.539s] -- Installing: /home/leoni/oak_ws/install/depthai-ros/share/ament_index/resource_index/packages/depthai-ros
[0.539s] -- Installing: /home/leoni/oak_ws/install/depthai-ros/share/depthai-ros/cmake/depthai-rosConfig.cmake
[0.539s] -- Installing: /home/leoni/oak_ws/install/depthai-ros/share/depthai-ros/cmake/depthai-rosConfig-version.cmake
[0.539s] -- Installing: /home/leoni/oak_ws/install/depthai-ros/share/depthai-ros/package.xml
[0.541s] Invoked command in '/home/leoni/oak_ws/build/depthai-ros' returned '0': AMENT_PREFIX_PATH=/home/leoni/oak_ws/install/depthai_ros_driver:/home/leoni/oak_ws/install/depthai_filters:/home/leoni/oak_ws/install/depthai_bridge:/home/leoni/oak_ws/install/depthai_ros_msgs:/home/leoni/oak_ws/install/depthai_descriptions:${AMENT_PREFIX_PATH} CMAKE_PREFIX_PATH=/home/leoni/oak_ws/install/depthai_ros_driver:/home/leoni/oak_ws/install/depthai_filters:/home/leoni/oak_ws/install/depthai_bridge:/home/leoni/oak_ws/install/depthai_ros_msgs:/home/leoni/oak_ws/install/depthai_descriptions:/opt/ros/humble GAZEBO_MODEL_PATH=/home/leoni/oak_ws/install/depthai_descriptions GAZEBO_RESOURCE_PATH=/home/leoni/oak_ws/install/depthai_descriptions IGN_GAZEBO_MODEL_PATH=/home/leoni/oak_ws/install/depthai_descriptions IGN_GAZEBO_RESOURCE_PATH=/home/leoni/oak_ws/install/depthai_descriptions LD_LIBRARY_PATH=/home/leoni/oak_ws/install/depthai_ros_driver/lib:/home/leoni/oak_ws/install/depthai_filters/lib:/home/leoni/oak_ws/install/depthai_bridge/lib:/home/leoni/oak_ws/install/depthai_ros_msgs/lib:${LD_LIBRARY_PATH} PYTHONPATH=/home/leoni/oak_ws/install/depthai_ros_driver/local/lib/python3.10/dist-packages:/home/leoni/oak_ws/install/depthai_ros_msgs/local/lib/python3.10/dist-packages:${PYTHONPATH} /usr/bin/cmake --install /home/leoni/oak_ws/build/depthai-ros
