running egg_info
writing ../../build/arldu/arldu.egg-info/PKG-INFO
writing dependency_links to ../../build/arldu/arldu.egg-info/dependency_links.txt
writing entry points to ../../build/arldu/arldu.egg-info/entry_points.txt
writing requirements to ../../build/arldu/arldu.egg-info/requires.txt
writing top-level names to ../../build/arldu/arldu.egg-info/top_level.txt
reading manifest file '../../build/arldu/arldu.egg-info/SOURCES.txt'
writing manifest file '../../build/arldu/arldu.egg-info/SOURCES.txt'
running build
running build_py
copying arldu/comu.py -> /home/leoni/oak_ws/build/arldu/build/lib/arldu
running install
running install_lib
copying /home/leoni/oak_ws/build/arldu/build/lib/arldu/comu.py -> /home/leoni/oak_ws/install/arldu/lib/python3.10/site-packages/arldu
byte-compiling /home/leoni/oak_ws/install/arldu/lib/python3.10/site-packages/arldu/comu.py to comu.cpython-310.pyc
running install_data
running install_egg_info
removing '/home/leoni/oak_ws/install/arldu/lib/python3.10/site-packages/arldu-0.0.0-py3.10.egg-info' (and everything under it)
Copying ../../build/arldu/arldu.egg-info to /home/leoni/oak_ws/install/arldu/lib/python3.10/site-packages/arldu-0.0.0-py3.10.egg-info
running install_scripts
Installing node script to /home/leoni/oak_ws/install/arldu/lib/arldu
writing list of installed files to '/home/leoni/oak_ws/build/arldu/install.log'
