[0.005s] Invoking command in '/home/leoni/oak_ws/build/depthai_descriptions': CMAKE_PREFIX_PATH=/opt/ros/humble /usr/bin/cmake /home/leoni/oak_ws/src/depthai-ros/depthai_descriptions -DCMAKE_INSTALL_PREFIX=/home/leoni/oak_ws/install/depthai_descriptions
[0.051s] -- The C compiler identification is GNU 11.4.0
[0.088s] -- The CXX compiler identification is GNU 11.4.0
[0.094s] -- Detecting C compiler ABI info
[0.137s] -- Detecting C compiler ABI info - done
[0.142s] -- Check for working C compiler: /usr/bin/cc - skipped
[0.142s] -- Detecting C compile features
[0.142s] -- Detecting C compile features - done
[0.144s] -- Detecting CXX compiler ABI info
[0.190s] -- Detecting CXX compiler ABI info - done
[0.195s] -- Check for working CXX compiler: /usr/bin/c++ - skipped
[0.195s] -- Detecting CXX compile features
[0.195s] -- Detecting CXX compile features - done
[0.197s] -- Found ament_cmake: 1.3.11 (/opt/ros/humble/share/ament_cmake/cmake)
[0.286s] -- Found Python3: /usr/bin/python3 (found version "3.10.12") found components: Interpreter 
[0.370s] -- Configuring done
[0.371s] -- Generating done
[0.372s] -- Build files have been written to: /home/leoni/oak_ws/build/depthai_descriptions
[0.376s] Invoked command in '/home/leoni/oak_ws/build/depthai_descriptions' returned '0': CMAKE_PREFIX_PATH=/opt/ros/humble /usr/bin/cmake /home/leoni/oak_ws/src/depthai-ros/depthai_descriptions -DCMAKE_INSTALL_PREFIX=/home/leoni/oak_ws/install/depthai_descriptions
[0.376s] Invoking command in '/home/leoni/oak_ws/build/depthai_descriptions': CMAKE_PREFIX_PATH=/opt/ros/humble /usr/bin/cmake --build /home/leoni/oak_ws/build/depthai_descriptions -- -j16 -l16
[0.396s] Invoked command in '/home/leoni/oak_ws/build/depthai_descriptions' returned '0': CMAKE_PREFIX_PATH=/opt/ros/humble /usr/bin/cmake --build /home/leoni/oak_ws/build/depthai_descriptions -- -j16 -l16
[0.401s] Invoking command in '/home/leoni/oak_ws/build/depthai_descriptions': CMAKE_PREFIX_PATH=/opt/ros/humble /usr/bin/cmake --install /home/leoni/oak_ws/build/depthai_descriptions
[0.405s] -- Install configuration: ""
[0.405s] -- Installing: /home/leoni/oak_ws/install/depthai_descriptions/share/depthai_descriptions/launch
[0.405s] -- Installing: /home/leoni/oak_ws/install/depthai_descriptions/share/depthai_descriptions/launch/urdf_launch.py
[0.405s] -- Installing: /home/leoni/oak_ws/install/depthai_descriptions/share/depthai_descriptions/urdf
[0.405s] -- Installing: /home/leoni/oak_ws/install/depthai_descriptions/share/depthai_descriptions/urdf/include
[0.405s] -- Installing: /home/leoni/oak_ws/install/depthai_descriptions/share/depthai_descriptions/urdf/include/base_macro.urdf.xacro
[0.405s] -- Installing: /home/leoni/oak_ws/install/depthai_descriptions/share/depthai_descriptions/urdf/include/depthai_macro.urdf.xacro
[0.405s] -- Installing: /home/leoni/oak_ws/install/depthai_descriptions/share/depthai_descriptions/urdf/depthai_descr.urdf.xacro
[0.405s] -- Installing: /home/leoni/oak_ws/install/depthai_descriptions/share/depthai_descriptions/urdf/models
[0.405s] -- Installing: /home/leoni/oak_ws/install/depthai_descriptions/share/depthai_descriptions/urdf/models/OAK-D-SR.stl
[0.410s] -- Installing: /home/leoni/oak_ws/install/depthai_descriptions/share/depthai_descriptions/urdf/models/OAK-D-SR-POE.stl
[0.411s] -- Installing: /home/leoni/oak_ws/install/depthai_descriptions/share/depthai_descriptions/urdf/models/OAK-D-CM4-POE.stl
[0.421s] -- Installing: /home/leoni/oak_ws/install/depthai_descriptions/share/depthai_descriptions/urdf/models/OAK-D-PRO-W.stl
[0.427s] -- Installing: /home/leoni/oak_ws/install/depthai_descriptions/share/depthai_descriptions/urdf/models/OAK-D-S2.stl
[0.430s] -- Installing: /home/leoni/oak_ws/install/depthai_descriptions/share/depthai_descriptions/urdf/models/OAK-D-LITE.stl
[0.433s] -- Installing: /home/leoni/oak_ws/install/depthai_descriptions/share/depthai_descriptions/urdf/models/OAK-D-IOT-75.stl
[0.440s] -- Installing: /home/leoni/oak_ws/install/depthai_descriptions/share/depthai_descriptions/urdf/models/OAK-D-S2-POE.stl
[0.446s] -- Installing: /home/leoni/oak_ws/install/depthai_descriptions/share/depthai_descriptions/urdf/models/OAK-D-LR.stl
[0.449s] -- Installing: /home/leoni/oak_ws/install/depthai_descriptions/share/depthai_descriptions/urdf/models/OAK-D-PRO.stl
[0.453s] -- Installing: /home/leoni/oak_ws/install/depthai_descriptions/share/depthai_descriptions/urdf/models/OAK-T.stl
[0.457s] -- Installing: /home/leoni/oak_ws/install/depthai_descriptions/share/depthai_descriptions/urdf/models/OAK-D-POE.stl
[0.461s] -- Installing: /home/leoni/oak_ws/install/depthai_descriptions/share/depthai_descriptions/urdf/models/OAK-D.stl
[0.463s] -- Installing: /home/leoni/oak_ws/install/depthai_descriptions/share/depthai_descriptions/urdf/base_descr.urdf.xacro
[0.463s] -- Installing: /home/leoni/oak_ws/install/depthai_descriptions/share/depthai_descriptions/environment/depthai_descriptions.sh
[0.463s] -- Installing: /home/leoni/oak_ws/install/depthai_descriptions/share/depthai_descriptions/environment/depthai_descriptions.dsv
[0.463s] -- Installing: /home/leoni/oak_ws/install/depthai_descriptions/share/ament_index/resource_index/package_run_dependencies/depthai_descriptions
[0.463s] -- Installing: /home/leoni/oak_ws/install/depthai_descriptions/share/ament_index/resource_index/parent_prefix_path/depthai_descriptions
[0.463s] -- Installing: /home/leoni/oak_ws/install/depthai_descriptions/share/depthai_descriptions/environment/ament_prefix_path.sh
[0.463s] -- Installing: /home/leoni/oak_ws/install/depthai_descriptions/share/depthai_descriptions/environment/ament_prefix_path.dsv
[0.463s] -- Installing: /home/leoni/oak_ws/install/depthai_descriptions/share/depthai_descriptions/environment/path.sh
[0.463s] -- Installing: /home/leoni/oak_ws/install/depthai_descriptions/share/depthai_descriptions/environment/path.dsv
[0.463s] -- Installing: /home/leoni/oak_ws/install/depthai_descriptions/share/depthai_descriptions/local_setup.bash
[0.464s] -- Installing: /home/leoni/oak_ws/install/depthai_descriptions/share/depthai_descriptions/local_setup.sh
[0.464s] -- Installing: /home/leoni/oak_ws/install/depthai_descriptions/share/depthai_descriptions/local_setup.zsh
[0.464s] -- Installing: /home/leoni/oak_ws/install/depthai_descriptions/share/depthai_descriptions/local_setup.dsv
[0.464s] -- Installing: /home/leoni/oak_ws/install/depthai_descriptions/share/depthai_descriptions/package.dsv
[0.464s] -- Installing: /home/leoni/oak_ws/install/depthai_descriptions/share/ament_index/resource_index/packages/depthai_descriptions
[0.464s] -- Installing: /home/leoni/oak_ws/install/depthai_descriptions/share/depthai_descriptions/cmake/depthai_descriptionsConfig.cmake
[0.464s] -- Installing: /home/leoni/oak_ws/install/depthai_descriptions/share/depthai_descriptions/cmake/depthai_descriptionsConfig-version.cmake
[0.464s] -- Installing: /home/leoni/oak_ws/install/depthai_descriptions/share/depthai_descriptions/package.xml
[0.465s] Invoked command in '/home/leoni/oak_ws/build/depthai_descriptions' returned '0': CMAKE_PREFIX_PATH=/opt/ros/humble /usr/bin/cmake --install /home/leoni/oak_ws/build/depthai_descriptions
