/home/leoni/oak_ws/install/leoni/lib/python3.10/site-packages/leoni/fution.py
/home/leoni/oak_ws/install/leoni/lib/python3.10/site-packages/leoni/point.py
/home/leoni/oak_ws/install/leoni/lib/python3.10/site-packages/leoni/du.py
/home/leoni/oak_ws/install/leoni/lib/python3.10/site-packages/leoni/__init__.py
/home/leoni/oak_ws/install/leoni/lib/python3.10/site-packages/leoni/do.py
/home/leoni/oak_ws/install/leoni/lib/python3.10/site-packages/leoni/view.py
/home/leoni/oak_ws/install/leoni/lib/python3.10/site-packages/leoni/cam.py
/home/leoni/oak_ws/install/leoni/lib/python3.10/site-packages/leoni/imu.py
/home/leoni/oak_ws/install/leoni/lib/python3.10/site-packages/leoni/__pycache__/fution.cpython-310.pyc
/home/leoni/oak_ws/install/leoni/lib/python3.10/site-packages/leoni/__pycache__/point.cpython-310.pyc
/home/leoni/oak_ws/install/leoni/lib/python3.10/site-packages/leoni/__pycache__/du.cpython-310.pyc
/home/leoni/oak_ws/install/leoni/lib/python3.10/site-packages/leoni/__pycache__/__init__.cpython-310.pyc
/home/leoni/oak_ws/install/leoni/lib/python3.10/site-packages/leoni/__pycache__/do.cpython-310.pyc
/home/leoni/oak_ws/install/leoni/lib/python3.10/site-packages/leoni/__pycache__/view.cpython-310.pyc
/home/leoni/oak_ws/install/leoni/lib/python3.10/site-packages/leoni/__pycache__/cam.cpython-310.pyc
/home/leoni/oak_ws/install/leoni/lib/python3.10/site-packages/leoni/__pycache__/imu.cpython-310.pyc
/home/leoni/oak_ws/install/leoni/share/ament_index/resource_index/packages/leoni
/home/leoni/oak_ws/install/leoni/share/leoni/package.xml
/home/leoni/oak_ws/install/leoni/share/leoni/launch/odo.launch.py
/home/leoni/oak_ws/install/leoni/lib/python3.10/site-packages/leoni-0.0.0-py3.10.egg-info/top_level.txt
/home/leoni/oak_ws/install/leoni/lib/python3.10/site-packages/leoni-0.0.0-py3.10.egg-info/PKG-INFO
/home/leoni/oak_ws/install/leoni/lib/python3.10/site-packages/leoni-0.0.0-py3.10.egg-info/requires.txt
/home/leoni/oak_ws/install/leoni/lib/python3.10/site-packages/leoni-0.0.0-py3.10.egg-info/entry_points.txt
/home/leoni/oak_ws/install/leoni/lib/python3.10/site-packages/leoni-0.0.0-py3.10.egg-info/dependency_links.txt
/home/leoni/oak_ws/install/leoni/lib/python3.10/site-packages/leoni-0.0.0-py3.10.egg-info/zip-safe
/home/leoni/oak_ws/install/leoni/lib/python3.10/site-packages/leoni-0.0.0-py3.10.egg-info/SOURCES.txt
/home/leoni/oak_ws/install/leoni/lib/leoni/cam
/home/leoni/oak_ws/install/leoni/lib/leoni/duo1
/home/leoni/oak_ws/install/leoni/lib/leoni/fu
/home/leoni/oak_ws/install/leoni/lib/leoni/imu
/home/leoni/oak_ws/install/leoni/lib/leoni/oakd
/home/leoni/oak_ws/install/leoni/lib/leoni/point
/home/leoni/oak_ws/install/leoni/lib/leoni/vi
