[0.020s] Invoking command in '/home/leoni/oak_ws/build/depthai_ros_msgs': CMAKE_PREFIX_PATH=${CMAKE_PREFIX_PATH}:/home/leoni/oak_ws/install/leoni:/home/leoni/oak_ws/install/arldu:/opt/ros/humble /usr/bin/cmake --build /home/leoni/oak_ws/build/depthai_ros_msgs -- -j16 -l16
[0.252s] [  0%] Built target depthai_ros_msgs__cpp
[0.253s] [ 12%] Built target depthai_ros_msgs__rosidl_generator_c
[0.253s] [ 12%] Built target ament_cmake_python_copy_depthai_ros_msgs
[0.253s] [ 24%] Built target depthai_ros_msgs__rosidl_typesupport_cpp
[0.253s] [ 35%] Built target depthai_ros_msgs__rosidl_typesupport_fastrtps_cpp
[0.253s] [ 47%] Built target depthai_ros_msgs__rosidl_typesupport_introspection_c
[0.253s] [ 59%] Built target depthai_ros_msgs__rosidl_typesupport_introspection_cpp
[0.253s] [ 71%] Built target depthai_ros_msgs__rosidl_typesupport_c
[0.253s] [ 83%] Built target depthai_ros_msgs__rosidl_typesupport_fastrtps_c
[0.253s] [ 83%] Built target depthai_ros_msgs
[0.253s] [ 84%] Built target depthai_ros_msgs__py
[0.253s] [ 95%] Built target depthai_ros_msgs__rosidl_generator_py
[0.253s] [ 98%] Built target depthai_ros_msgs__rosidl_typesupport_c__pyext
[0.253s] [100%] Built target depthai_ros_msgs__rosidl_typesupport_introspection_c__pyext
[0.253s] [100%] Built target depthai_ros_msgs__rosidl_typesupport_fastrtps_c__pyext
[0.276s] running egg_info
[0.277s] writing depthai_ros_msgs.egg-info/PKG-INFO
[0.277s] writing dependency_links to depthai_ros_msgs.egg-info/dependency_links.txt
[0.277s] writing top-level names to depthai_ros_msgs.egg-info/top_level.txt
[0.279s] reading manifest file 'depthai_ros_msgs.egg-info/SOURCES.txt'
[0.279s] writing manifest file 'depthai_ros_msgs.egg-info/SOURCES.txt'
[0.296s] [100%] Built target ament_cmake_python_build_depthai_ros_msgs_egg
[0.467s] Invoked command in '/home/leoni/oak_ws/build/depthai_ros_msgs' returned '0': CMAKE_PREFIX_PATH=${CMAKE_PREFIX_PATH}:/home/leoni/oak_ws/install/leoni:/home/leoni/oak_ws/install/arldu:/opt/ros/humble /usr/bin/cmake --build /home/leoni/oak_ws/build/depthai_ros_msgs -- -j16 -l16
[0.469s] Invoking command in '/home/leoni/oak_ws/build/depthai_ros_msgs': CMAKE_PREFIX_PATH=${CMAKE_PREFIX_PATH}:/home/leoni/oak_ws/install/leoni:/home/leoni/oak_ws/install/arldu:/opt/ros/humble /usr/bin/cmake --install /home/leoni/oak_ws/build/depthai_ros_msgs
[0.491s] -- Install configuration: ""
[0.491s] -- Up-to-date: /home/leoni/oak_ws/install/depthai_ros_msgs/share/ament_index/resource_index/rosidl_interfaces/depthai_ros_msgs
[0.491s] -- Up-to-date: /home/leoni/oak_ws/install/depthai_ros_msgs/include/depthai_ros_msgs/depthai_ros_msgs
[0.491s] -- Up-to-date: /home/leoni/oak_ws/install/depthai_ros_msgs/include/depthai_ros_msgs/depthai_ros_msgs/srv
[0.492s] -- Up-to-date: /home/leoni/oak_ws/install/depthai_ros_msgs/include/depthai_ros_msgs/depthai_ros_msgs/srv/normalized_image_crop.h
[0.493s] -- Up-to-date: /home/leoni/oak_ws/install/depthai_ros_msgs/include/depthai_ros_msgs/depthai_ros_msgs/srv/trigger_named.h
[0.493s] -- Up-to-date: /home/leoni/oak_ws/install/depthai_ros_msgs/include/depthai_ros_msgs/depthai_ros_msgs/srv/detail
[0.494s] -- Up-to-date: /home/leoni/oak_ws/install/depthai_ros_msgs/include/depthai_ros_msgs/depthai_ros_msgs/srv/detail/trigger_named__functions.c
[0.494s] -- Up-to-date: /home/leoni/oak_ws/install/depthai_ros_msgs/include/depthai_ros_msgs/depthai_ros_msgs/srv/detail/normalized_image_crop__functions.h
[0.494s] -- Up-to-date: /home/leoni/oak_ws/install/depthai_ros_msgs/include/depthai_ros_msgs/depthai_ros_msgs/srv/detail/trigger_named__struct.h
[0.495s] -- Up-to-date: /home/leoni/oak_ws/install/depthai_ros_msgs/include/depthai_ros_msgs/depthai_ros_msgs/srv/detail/normalized_image_crop__struct.h
[0.495s] -- Up-to-date: /home/leoni/oak_ws/install/depthai_ros_msgs/include/depthai_ros_msgs/depthai_ros_msgs/srv/detail/normalized_image_crop__functions.c
[0.495s] -- Up-to-date: /home/leoni/oak_ws/install/depthai_ros_msgs/include/depthai_ros_msgs/depthai_ros_msgs/srv/detail/normalized_image_crop__type_support.h
[0.495s] -- Up-to-date: /home/leoni/oak_ws/install/depthai_ros_msgs/include/depthai_ros_msgs/depthai_ros_msgs/srv/detail/trigger_named__type_support.h
[0.495s] -- Up-to-date: /home/leoni/oak_ws/install/depthai_ros_msgs/include/depthai_ros_msgs/depthai_ros_msgs/srv/detail/trigger_named__functions.h
[0.495s] -- Up-to-date: /home/leoni/oak_ws/install/depthai_ros_msgs/include/depthai_ros_msgs/depthai_ros_msgs/msg
[0.495s] -- Up-to-date: /home/leoni/oak_ws/install/depthai_ros_msgs/include/depthai_ros_msgs/depthai_ros_msgs/msg/spatial_detection.h
[0.495s] -- Up-to-date: /home/leoni/oak_ws/install/depthai_ros_msgs/include/depthai_ros_msgs/depthai_ros_msgs/msg/spatial_detection_array.h
[0.495s] -- Up-to-date: /home/leoni/oak_ws/install/depthai_ros_msgs/include/depthai_ros_msgs/depthai_ros_msgs/msg/hand_landmark.h
[0.496s] -- Up-to-date: /home/leoni/oak_ws/install/depthai_ros_msgs/include/depthai_ros_msgs/depthai_ros_msgs/msg/track_detection2_d_array.h
[0.496s] -- Up-to-date: /home/leoni/oak_ws/install/depthai_ros_msgs/include/depthai_ros_msgs/depthai_ros_msgs/msg/auto_focus_ctrl.h
[0.496s] -- Up-to-date: /home/leoni/oak_ws/install/depthai_ros_msgs/include/depthai_ros_msgs/depthai_ros_msgs/msg/tracked_features.h
[0.496s] -- Up-to-date: /home/leoni/oak_ws/install/depthai_ros_msgs/include/depthai_ros_msgs/depthai_ros_msgs/msg/imu_with_magnetic_field.h
[0.496s] -- Up-to-date: /home/leoni/oak_ws/install/depthai_ros_msgs/include/depthai_ros_msgs/depthai_ros_msgs/msg/hand_landmark_array.h
[0.496s] -- Up-to-date: /home/leoni/oak_ws/install/depthai_ros_msgs/include/depthai_ros_msgs/depthai_ros_msgs/msg/track_detection2_d.h
[0.496s] -- Up-to-date: /home/leoni/oak_ws/install/depthai_ros_msgs/include/depthai_ros_msgs/depthai_ros_msgs/msg/rosidl_generator_c__visibility_control.h
[0.496s] -- Up-to-date: /home/leoni/oak_ws/install/depthai_ros_msgs/include/depthai_ros_msgs/depthai_ros_msgs/msg/detail
[0.496s] -- Up-to-date: /home/leoni/oak_ws/install/depthai_ros_msgs/include/depthai_ros_msgs/depthai_ros_msgs/msg/detail/spatial_detection__functions.c
[0.496s] -- Up-to-date: /home/leoni/oak_ws/install/depthai_ros_msgs/include/depthai_ros_msgs/depthai_ros_msgs/msg/detail/track_detection2_d_array__functions.h
[0.496s] -- Up-to-date: /home/leoni/oak_ws/install/depthai_ros_msgs/include/depthai_ros_msgs/depthai_ros_msgs/msg/detail/hand_landmark_array__functions.h
[0.496s] -- Up-to-date: /home/leoni/oak_ws/install/depthai_ros_msgs/include/depthai_ros_msgs/depthai_ros_msgs/msg/detail/imu_with_magnetic_field__type_support.h
[0.497s] -- Up-to-date: /home/leoni/oak_ws/install/depthai_ros_msgs/include/depthai_ros_msgs/depthai_ros_msgs/msg/detail/auto_focus_ctrl__functions.h
[0.497s] -- Up-to-date: /home/leoni/oak_ws/install/depthai_ros_msgs/include/depthai_ros_msgs/depthai_ros_msgs/msg/detail/track_detection2_d__struct.h
[0.497s] -- Up-to-date: /home/leoni/oak_ws/install/depthai_ros_msgs/include/depthai_ros_msgs/depthai_ros_msgs/msg/detail/imu_with_magnetic_field__struct.h
[0.497s] -- Up-to-date: /home/leoni/oak_ws/install/depthai_ros_msgs/include/depthai_ros_msgs/depthai_ros_msgs/msg/detail/tracked_features__struct.h
[0.497s] -- Up-to-date: /home/leoni/oak_ws/install/depthai_ros_msgs/include/depthai_ros_msgs/depthai_ros_msgs/msg/detail/track_detection2_d__functions.h
[0.497s] -- Up-to-date: /home/leoni/oak_ws/install/depthai_ros_msgs/include/depthai_ros_msgs/depthai_ros_msgs/msg/detail/spatial_detection__type_support.h
[0.497s] -- Up-to-date: /home/leoni/oak_ws/install/depthai_ros_msgs/include/depthai_ros_msgs/depthai_ros_msgs/msg/detail/imu_with_magnetic_field__functions.c
[0.497s] -- Up-to-date: /home/leoni/oak_ws/install/depthai_ros_msgs/include/depthai_ros_msgs/depthai_ros_msgs/msg/detail/tracked_features__functions.c
[0.498s] -- Up-to-date: /home/leoni/oak_ws/install/depthai_ros_msgs/include/depthai_ros_msgs/depthai_ros_msgs/msg/detail/hand_landmark__type_support.h
[0.498s] -- Up-to-date: /home/leoni/oak_ws/install/depthai_ros_msgs/include/depthai_ros_msgs/depthai_ros_msgs/msg/detail/auto_focus_ctrl__functions.c
[0.498s] -- Up-to-date: /home/leoni/oak_ws/install/depthai_ros_msgs/include/depthai_ros_msgs/depthai_ros_msgs/msg/detail/track_detection2_d_array__struct.h
[0.498s] -- Up-to-date: /home/leoni/oak_ws/install/depthai_ros_msgs/include/depthai_ros_msgs/depthai_ros_msgs/msg/detail/tracked_features__functions.h
[0.498s] -- Up-to-date: /home/leoni/oak_ws/install/depthai_ros_msgs/include/depthai_ros_msgs/depthai_ros_msgs/msg/detail/track_detection2_d__type_support.h
[0.498s] -- Up-to-date: /home/leoni/oak_ws/install/depthai_ros_msgs/include/depthai_ros_msgs/depthai_ros_msgs/msg/detail/hand_landmark_array__type_support.h
[0.498s] -- Up-to-date: /home/leoni/oak_ws/install/depthai_ros_msgs/include/depthai_ros_msgs/depthai_ros_msgs/msg/detail/tracked_features__type_support.h
[0.498s] -- Up-to-date: /home/leoni/oak_ws/install/depthai_ros_msgs/include/depthai_ros_msgs/depthai_ros_msgs/msg/detail/tracked_feature__type_support.h
[0.498s] -- Up-to-date: /home/leoni/oak_ws/install/depthai_ros_msgs/include/depthai_ros_msgs/depthai_ros_msgs/msg/detail/hand_landmark__struct.h
[0.499s] -- Up-to-date: /home/leoni/oak_ws/install/depthai_ros_msgs/include/depthai_ros_msgs/depthai_ros_msgs/msg/detail/spatial_detection_array__struct.h
[0.499s] -- Up-to-date: /home/leoni/oak_ws/install/depthai_ros_msgs/include/depthai_ros_msgs/depthai_ros_msgs/msg/detail/tracked_feature__functions.h
[0.499s] -- Up-to-date: /home/leoni/oak_ws/install/depthai_ros_msgs/include/depthai_ros_msgs/depthai_ros_msgs/msg/detail/spatial_detection_array__functions.h
[0.499s] -- Up-to-date: /home/leoni/oak_ws/install/depthai_ros_msgs/include/depthai_ros_msgs/depthai_ros_msgs/msg/detail/track_detection2_d__functions.c
[0.499s] -- Up-to-date: /home/leoni/oak_ws/install/depthai_ros_msgs/include/depthai_ros_msgs/depthai_ros_msgs/msg/detail/track_detection2_d_array__functions.c
[0.499s] -- Up-to-date: /home/leoni/oak_ws/install/depthai_ros_msgs/include/depthai_ros_msgs/depthai_ros_msgs/msg/detail/spatial_detection_array__type_support.h
[0.499s] -- Up-to-date: /home/leoni/oak_ws/install/depthai_ros_msgs/include/depthai_ros_msgs/depthai_ros_msgs/msg/detail/hand_landmark__functions.c
[0.499s] -- Up-to-date: /home/leoni/oak_ws/install/depthai_ros_msgs/include/depthai_ros_msgs/depthai_ros_msgs/msg/detail/tracked_feature__struct.h
[0.499s] -- Up-to-date: /home/leoni/oak_ws/install/depthai_ros_msgs/include/depthai_ros_msgs/depthai_ros_msgs/msg/detail/imu_with_magnetic_field__functions.h
[0.499s] -- Up-to-date: /home/leoni/oak_ws/install/depthai_ros_msgs/include/depthai_ros_msgs/depthai_ros_msgs/msg/detail/spatial_detection__struct.h
[0.499s] -- Up-to-date: /home/leoni/oak_ws/install/depthai_ros_msgs/include/depthai_ros_msgs/depthai_ros_msgs/msg/detail/spatial_detection__functions.h
[0.499s] -- Up-to-date: /home/leoni/oak_ws/install/depthai_ros_msgs/include/depthai_ros_msgs/depthai_ros_msgs/msg/detail/auto_focus_ctrl__type_support.h
[0.499s] -- Up-to-date: /home/leoni/oak_ws/install/depthai_ros_msgs/include/depthai_ros_msgs/depthai_ros_msgs/msg/detail/hand_landmark_array__struct.h
[0.500s] -- Up-to-date: /home/leoni/oak_ws/install/depthai_ros_msgs/include/depthai_ros_msgs/depthai_ros_msgs/msg/detail/auto_focus_ctrl__struct.h
[0.500s] -- Up-to-date: /home/leoni/oak_ws/install/depthai_ros_msgs/include/depthai_ros_msgs/depthai_ros_msgs/msg/detail/hand_landmark_array__functions.c
[0.500s] -- Up-to-date: /home/leoni/oak_ws/install/depthai_ros_msgs/include/depthai_ros_msgs/depthai_ros_msgs/msg/detail/spatial_detection_array__functions.c
[0.500s] -- Up-to-date: /home/leoni/oak_ws/install/depthai_ros_msgs/include/depthai_ros_msgs/depthai_ros_msgs/msg/detail/hand_landmark__functions.h
[0.500s] -- Up-to-date: /home/leoni/oak_ws/install/depthai_ros_msgs/include/depthai_ros_msgs/depthai_ros_msgs/msg/detail/tracked_feature__functions.c
[0.500s] -- Up-to-date: /home/leoni/oak_ws/install/depthai_ros_msgs/include/depthai_ros_msgs/depthai_ros_msgs/msg/detail/track_detection2_d_array__type_support.h
[0.500s] -- Up-to-date: /home/leoni/oak_ws/install/depthai_ros_msgs/include/depthai_ros_msgs/depthai_ros_msgs/msg/tracked_feature.h
[0.500s] -- Up-to-date: /home/leoni/oak_ws/install/depthai_ros_msgs/share/depthai_ros_msgs/environment/library_path.sh
[0.500s] -- Up-to-date: /home/leoni/oak_ws/install/depthai_ros_msgs/share/depthai_ros_msgs/environment/library_path.dsv
[0.501s] -- Up-to-date: /home/leoni/oak_ws/install/depthai_ros_msgs/lib/libdepthai_ros_msgs__rosidl_generator_c.so
[0.501s] -- Up-to-date: /home/leoni/oak_ws/install/depthai_ros_msgs/include/depthai_ros_msgs/depthai_ros_msgs
[0.501s] -- Up-to-date: /home/leoni/oak_ws/install/depthai_ros_msgs/include/depthai_ros_msgs/depthai_ros_msgs/srv
[0.501s] -- Up-to-date: /home/leoni/oak_ws/install/depthai_ros_msgs/include/depthai_ros_msgs/depthai_ros_msgs/srv/detail
[0.501s] -- Up-to-date: /home/leoni/oak_ws/install/depthai_ros_msgs/include/depthai_ros_msgs/depthai_ros_msgs/srv/detail/trigger_named__rosidl_typesupport_fastrtps_c.h
[0.501s] -- Up-to-date: /home/leoni/oak_ws/install/depthai_ros_msgs/include/depthai_ros_msgs/depthai_ros_msgs/srv/detail/normalized_image_crop__rosidl_typesupport_fastrtps_c.h
[0.501s] -- Up-to-date: /home/leoni/oak_ws/install/depthai_ros_msgs/include/depthai_ros_msgs/depthai_ros_msgs/msg
[0.501s] -- Up-to-date: /home/leoni/oak_ws/install/depthai_ros_msgs/include/depthai_ros_msgs/depthai_ros_msgs/msg/rosidl_typesupport_fastrtps_c__visibility_control.h
[0.501s] -- Up-to-date: /home/leoni/oak_ws/install/depthai_ros_msgs/include/depthai_ros_msgs/depthai_ros_msgs/msg/detail
[0.501s] -- Up-to-date: /home/leoni/oak_ws/install/depthai_ros_msgs/include/depthai_ros_msgs/depthai_ros_msgs/msg/detail/spatial_detection_array__rosidl_typesupport_fastrtps_c.h
[0.502s] -- Up-to-date: /home/leoni/oak_ws/install/depthai_ros_msgs/include/depthai_ros_msgs/depthai_ros_msgs/msg/detail/hand_landmark_array__rosidl_typesupport_fastrtps_c.h
[0.502s] -- Up-to-date: /home/leoni/oak_ws/install/depthai_ros_msgs/include/depthai_ros_msgs/depthai_ros_msgs/msg/detail/tracked_feature__rosidl_typesupport_fastrtps_c.h
[0.502s] -- Up-to-date: /home/leoni/oak_ws/install/depthai_ros_msgs/include/depthai_ros_msgs/depthai_ros_msgs/msg/detail/track_detection2_d__rosidl_typesupport_fastrtps_c.h
[0.502s] -- Up-to-date: /home/leoni/oak_ws/install/depthai_ros_msgs/include/depthai_ros_msgs/depthai_ros_msgs/msg/detail/tracked_features__rosidl_typesupport_fastrtps_c.h
[0.502s] -- Up-to-date: /home/leoni/oak_ws/install/depthai_ros_msgs/include/depthai_ros_msgs/depthai_ros_msgs/msg/detail/hand_landmark__rosidl_typesupport_fastrtps_c.h
[0.502s] -- Up-to-date: /home/leoni/oak_ws/install/depthai_ros_msgs/include/depthai_ros_msgs/depthai_ros_msgs/msg/detail/auto_focus_ctrl__rosidl_typesupport_fastrtps_c.h
[0.502s] -- Up-to-date: /home/leoni/oak_ws/install/depthai_ros_msgs/include/depthai_ros_msgs/depthai_ros_msgs/msg/detail/track_detection2_d_array__rosidl_typesupport_fastrtps_c.h
[0.502s] -- Up-to-date: /home/leoni/oak_ws/install/depthai_ros_msgs/include/depthai_ros_msgs/depthai_ros_msgs/msg/detail/spatial_detection__rosidl_typesupport_fastrtps_c.h
[0.502s] -- Up-to-date: /home/leoni/oak_ws/install/depthai_ros_msgs/include/depthai_ros_msgs/depthai_ros_msgs/msg/detail/imu_with_magnetic_field__rosidl_typesupport_fastrtps_c.h
[0.502s] -- Up-to-date: /home/leoni/oak_ws/install/depthai_ros_msgs/lib/libdepthai_ros_msgs__rosidl_typesupport_fastrtps_c.so
[0.502s] -- Up-to-date: /home/leoni/oak_ws/install/depthai_ros_msgs/include/depthai_ros_msgs/depthai_ros_msgs
[0.502s] -- Up-to-date: /home/leoni/oak_ws/install/depthai_ros_msgs/include/depthai_ros_msgs/depthai_ros_msgs/srv
[0.502s] -- Up-to-date: /home/leoni/oak_ws/install/depthai_ros_msgs/include/depthai_ros_msgs/depthai_ros_msgs/srv/trigger_named.hpp
[0.502s] -- Up-to-date: /home/leoni/oak_ws/install/depthai_ros_msgs/include/depthai_ros_msgs/depthai_ros_msgs/srv/normalized_image_crop.hpp
[0.503s] -- Up-to-date: /home/leoni/oak_ws/install/depthai_ros_msgs/include/depthai_ros_msgs/depthai_ros_msgs/srv/detail
[0.503s] -- Up-to-date: /home/leoni/oak_ws/install/depthai_ros_msgs/include/depthai_ros_msgs/depthai_ros_msgs/srv/detail/trigger_named__type_support.hpp
[0.503s] -- Up-to-date: /home/leoni/oak_ws/install/depthai_ros_msgs/include/depthai_ros_msgs/depthai_ros_msgs/srv/detail/normalized_image_crop__type_support.hpp
[0.503s] -- Up-to-date: /home/leoni/oak_ws/install/depthai_ros_msgs/include/depthai_ros_msgs/depthai_ros_msgs/srv/detail/trigger_named__struct.hpp
[0.503s] -- Up-to-date: /home/leoni/oak_ws/install/depthai_ros_msgs/include/depthai_ros_msgs/depthai_ros_msgs/srv/detail/trigger_named__builder.hpp
[0.503s] -- Up-to-date: /home/leoni/oak_ws/install/depthai_ros_msgs/include/depthai_ros_msgs/depthai_ros_msgs/srv/detail/normalized_image_crop__builder.hpp
[0.503s] -- Up-to-date: /home/leoni/oak_ws/install/depthai_ros_msgs/include/depthai_ros_msgs/depthai_ros_msgs/srv/detail/normalized_image_crop__struct.hpp
[0.503s] -- Up-to-date: /home/leoni/oak_ws/install/depthai_ros_msgs/include/depthai_ros_msgs/depthai_ros_msgs/srv/detail/trigger_named__traits.hpp
[0.503s] -- Up-to-date: /home/leoni/oak_ws/install/depthai_ros_msgs/include/depthai_ros_msgs/depthai_ros_msgs/srv/detail/normalized_image_crop__traits.hpp
[0.503s] -- Up-to-date: /home/leoni/oak_ws/install/depthai_ros_msgs/include/depthai_ros_msgs/depthai_ros_msgs/msg
[0.503s] -- Up-to-date: /home/leoni/oak_ws/install/depthai_ros_msgs/include/depthai_ros_msgs/depthai_ros_msgs/msg/tracked_feature.hpp
[0.503s] -- Up-to-date: /home/leoni/oak_ws/install/depthai_ros_msgs/include/depthai_ros_msgs/depthai_ros_msgs/msg/hand_landmark_array.hpp
[0.504s] -- Up-to-date: /home/leoni/oak_ws/install/depthai_ros_msgs/include/depthai_ros_msgs/depthai_ros_msgs/msg/rosidl_generator_cpp__visibility_control.hpp
[0.504s] -- Up-to-date: /home/leoni/oak_ws/install/depthai_ros_msgs/include/depthai_ros_msgs/depthai_ros_msgs/msg/hand_landmark.hpp
[0.504s] -- Up-to-date: /home/leoni/oak_ws/install/depthai_ros_msgs/include/depthai_ros_msgs/depthai_ros_msgs/msg/track_detection2_d.hpp
[0.504s] -- Up-to-date: /home/leoni/oak_ws/install/depthai_ros_msgs/include/depthai_ros_msgs/depthai_ros_msgs/msg/spatial_detection_array.hpp
[0.504s] -- Up-to-date: /home/leoni/oak_ws/install/depthai_ros_msgs/include/depthai_ros_msgs/depthai_ros_msgs/msg/imu_with_magnetic_field.hpp
[0.504s] -- Up-to-date: /home/leoni/oak_ws/install/depthai_ros_msgs/include/depthai_ros_msgs/depthai_ros_msgs/msg/spatial_detection.hpp
[0.504s] -- Up-to-date: /home/leoni/oak_ws/install/depthai_ros_msgs/include/depthai_ros_msgs/depthai_ros_msgs/msg/auto_focus_ctrl.hpp
[0.504s] -- Up-to-date: /home/leoni/oak_ws/install/depthai_ros_msgs/include/depthai_ros_msgs/depthai_ros_msgs/msg/track_detection2_d_array.hpp
[0.505s] -- Up-to-date: /home/leoni/oak_ws/install/depthai_ros_msgs/include/depthai_ros_msgs/depthai_ros_msgs/msg/tracked_features.hpp
[0.505s] -- Up-to-date: /home/leoni/oak_ws/install/depthai_ros_msgs/include/depthai_ros_msgs/depthai_ros_msgs/msg/detail
[0.505s] -- Up-to-date: /home/leoni/oak_ws/install/depthai_ros_msgs/include/depthai_ros_msgs/depthai_ros_msgs/msg/detail/hand_landmark_array__struct.hpp
[0.505s] -- Up-to-date: /home/leoni/oak_ws/install/depthai_ros_msgs/include/depthai_ros_msgs/depthai_ros_msgs/msg/detail/auto_focus_ctrl__type_support.hpp
[0.505s] -- Up-to-date: /home/leoni/oak_ws/install/depthai_ros_msgs/include/depthai_ros_msgs/depthai_ros_msgs/msg/detail/spatial_detection__builder.hpp
[0.505s] -- Up-to-date: /home/leoni/oak_ws/install/depthai_ros_msgs/include/depthai_ros_msgs/depthai_ros_msgs/msg/detail/track_detection2_d_array__type_support.hpp
[0.505s] -- Up-to-date: /home/leoni/oak_ws/install/depthai_ros_msgs/include/depthai_ros_msgs/depthai_ros_msgs/msg/detail/track_detection2_d_array__traits.hpp
[0.505s] -- Up-to-date: /home/leoni/oak_ws/install/depthai_ros_msgs/include/depthai_ros_msgs/depthai_ros_msgs/msg/detail/tracked_features__type_support.hpp
[0.505s] -- Up-to-date: /home/leoni/oak_ws/install/depthai_ros_msgs/include/depthai_ros_msgs/depthai_ros_msgs/msg/detail/hand_landmark_array__traits.hpp
[0.505s] -- Up-to-date: /home/leoni/oak_ws/install/depthai_ros_msgs/include/depthai_ros_msgs/depthai_ros_msgs/msg/detail/hand_landmark_array__builder.hpp
[0.505s] -- Up-to-date: /home/leoni/oak_ws/install/depthai_ros_msgs/include/depthai_ros_msgs/depthai_ros_msgs/msg/detail/tracked_feature__type_support.hpp
[0.505s] -- Up-to-date: /home/leoni/oak_ws/install/depthai_ros_msgs/include/depthai_ros_msgs/depthai_ros_msgs/msg/detail/spatial_detection_array__type_support.hpp
[0.505s] -- Up-to-date: /home/leoni/oak_ws/install/depthai_ros_msgs/include/depthai_ros_msgs/depthai_ros_msgs/msg/detail/imu_with_magnetic_field__struct.hpp
[0.506s] -- Up-to-date: /home/leoni/oak_ws/install/depthai_ros_msgs/include/depthai_ros_msgs/depthai_ros_msgs/msg/detail/tracked_features__builder.hpp
[0.506s] -- Up-to-date: /home/leoni/oak_ws/install/depthai_ros_msgs/include/depthai_ros_msgs/depthai_ros_msgs/msg/detail/auto_focus_ctrl__traits.hpp
[0.506s] -- Up-to-date: /home/leoni/oak_ws/install/depthai_ros_msgs/include/depthai_ros_msgs/depthai_ros_msgs/msg/detail/spatial_detection_array__builder.hpp
[0.506s] -- Up-to-date: /home/leoni/oak_ws/install/depthai_ros_msgs/include/depthai_ros_msgs/depthai_ros_msgs/msg/detail/track_detection2_d_array__struct.hpp
[0.506s] -- Up-to-date: /home/leoni/oak_ws/install/depthai_ros_msgs/include/depthai_ros_msgs/depthai_ros_msgs/msg/detail/track_detection2_d_array__builder.hpp
[0.506s] -- Up-to-date: /home/leoni/oak_ws/install/depthai_ros_msgs/include/depthai_ros_msgs/depthai_ros_msgs/msg/detail/spatial_detection_array__traits.hpp
[0.506s] -- Up-to-date: /home/leoni/oak_ws/install/depthai_ros_msgs/include/depthai_ros_msgs/depthai_ros_msgs/msg/detail/tracked_feature__builder.hpp
[0.506s] -- Up-to-date: /home/leoni/oak_ws/install/depthai_ros_msgs/include/depthai_ros_msgs/depthai_ros_msgs/msg/detail/tracked_feature__struct.hpp
[0.506s] -- Up-to-date: /home/leoni/oak_ws/install/depthai_ros_msgs/include/depthai_ros_msgs/depthai_ros_msgs/msg/detail/track_detection2_d__type_support.hpp
[0.506s] -- Up-to-date: /home/leoni/oak_ws/install/depthai_ros_msgs/include/depthai_ros_msgs/depthai_ros_msgs/msg/detail/tracked_feature__traits.hpp
[0.506s] -- Up-to-date: /home/leoni/oak_ws/install/depthai_ros_msgs/include/depthai_ros_msgs/depthai_ros_msgs/msg/detail/hand_landmark_array__type_support.hpp
[0.506s] -- Up-to-date: /home/leoni/oak_ws/install/depthai_ros_msgs/include/depthai_ros_msgs/depthai_ros_msgs/msg/detail/auto_focus_ctrl__builder.hpp
[0.507s] -- Up-to-date: /home/leoni/oak_ws/install/depthai_ros_msgs/include/depthai_ros_msgs/depthai_ros_msgs/msg/detail/imu_with_magnetic_field__traits.hpp
[0.507s] -- Up-to-date: /home/leoni/oak_ws/install/depthai_ros_msgs/include/depthai_ros_msgs/depthai_ros_msgs/msg/detail/track_detection2_d__struct.hpp
[0.507s] -- Up-to-date: /home/leoni/oak_ws/install/depthai_ros_msgs/include/depthai_ros_msgs/depthai_ros_msgs/msg/detail/hand_landmark__type_support.hpp
[0.507s] -- Up-to-date: /home/leoni/oak_ws/install/depthai_ros_msgs/include/depthai_ros_msgs/depthai_ros_msgs/msg/detail/tracked_features__struct.hpp
[0.507s] -- Up-to-date: /home/leoni/oak_ws/install/depthai_ros_msgs/include/depthai_ros_msgs/depthai_ros_msgs/msg/detail/imu_with_magnetic_field__type_support.hpp
[0.507s] -- Up-to-date: /home/leoni/oak_ws/install/depthai_ros_msgs/include/depthai_ros_msgs/depthai_ros_msgs/msg/detail/auto_focus_ctrl__struct.hpp
[0.507s] -- Up-to-date: /home/leoni/oak_ws/install/depthai_ros_msgs/include/depthai_ros_msgs/depthai_ros_msgs/msg/detail/spatial_detection__type_support.hpp
[0.507s] -- Up-to-date: /home/leoni/oak_ws/install/depthai_ros_msgs/include/depthai_ros_msgs/depthai_ros_msgs/msg/detail/tracked_features__traits.hpp
[0.507s] -- Up-to-date: /home/leoni/oak_ws/install/depthai_ros_msgs/include/depthai_ros_msgs/depthai_ros_msgs/msg/detail/spatial_detection_array__struct.hpp
[0.507s] -- Up-to-date: /home/leoni/oak_ws/install/depthai_ros_msgs/include/depthai_ros_msgs/depthai_ros_msgs/msg/detail/hand_landmark__struct.hpp
[0.508s] -- Up-to-date: /home/leoni/oak_ws/install/depthai_ros_msgs/include/depthai_ros_msgs/depthai_ros_msgs/msg/detail/hand_landmark__traits.hpp
[0.508s] -- Up-to-date: /home/leoni/oak_ws/install/depthai_ros_msgs/include/depthai_ros_msgs/depthai_ros_msgs/msg/detail/spatial_detection__struct.hpp
[0.508s] -- Up-to-date: /home/leoni/oak_ws/install/depthai_ros_msgs/include/depthai_ros_msgs/depthai_ros_msgs/msg/detail/spatial_detection__traits.hpp
[0.508s] -- Up-to-date: /home/leoni/oak_ws/install/depthai_ros_msgs/include/depthai_ros_msgs/depthai_ros_msgs/msg/detail/track_detection2_d__traits.hpp
[0.508s] -- Up-to-date: /home/leoni/oak_ws/install/depthai_ros_msgs/include/depthai_ros_msgs/depthai_ros_msgs/msg/detail/imu_with_magnetic_field__builder.hpp
[0.508s] -- Up-to-date: /home/leoni/oak_ws/install/depthai_ros_msgs/include/depthai_ros_msgs/depthai_ros_msgs/msg/detail/hand_landmark__builder.hpp
[0.508s] -- Up-to-date: /home/leoni/oak_ws/install/depthai_ros_msgs/include/depthai_ros_msgs/depthai_ros_msgs/msg/detail/track_detection2_d__builder.hpp
[0.508s] -- Up-to-date: /home/leoni/oak_ws/install/depthai_ros_msgs/include/depthai_ros_msgs/depthai_ros_msgs
[0.508s] -- Up-to-date: /home/leoni/oak_ws/install/depthai_ros_msgs/include/depthai_ros_msgs/depthai_ros_msgs/srv
[0.508s] -- Up-to-date: /home/leoni/oak_ws/install/depthai_ros_msgs/include/depthai_ros_msgs/depthai_ros_msgs/srv/detail
[0.508s] -- Up-to-date: /home/leoni/oak_ws/install/depthai_ros_msgs/include/depthai_ros_msgs/depthai_ros_msgs/srv/detail/trigger_named__rosidl_typesupport_fastrtps_cpp.hpp
[0.508s] -- Up-to-date: /home/leoni/oak_ws/install/depthai_ros_msgs/include/depthai_ros_msgs/depthai_ros_msgs/srv/detail/normalized_image_crop__rosidl_typesupport_fastrtps_cpp.hpp
[0.509s] -- Up-to-date: /home/leoni/oak_ws/install/depthai_ros_msgs/include/depthai_ros_msgs/depthai_ros_msgs/srv/detail/dds_fastrtps
[0.509s] -- Up-to-date: /home/leoni/oak_ws/install/depthai_ros_msgs/include/depthai_ros_msgs/depthai_ros_msgs/msg
[0.509s] -- Up-to-date: /home/leoni/oak_ws/install/depthai_ros_msgs/include/depthai_ros_msgs/depthai_ros_msgs/msg/rosidl_typesupport_fastrtps_cpp__visibility_control.h
[0.509s] -- Up-to-date: /home/leoni/oak_ws/install/depthai_ros_msgs/include/depthai_ros_msgs/depthai_ros_msgs/msg/detail
[0.509s] -- Up-to-date: /home/leoni/oak_ws/install/depthai_ros_msgs/include/depthai_ros_msgs/depthai_ros_msgs/msg/detail/track_detection2_d_array__rosidl_typesupport_fastrtps_cpp.hpp
[0.509s] -- Up-to-date: /home/leoni/oak_ws/install/depthai_ros_msgs/include/depthai_ros_msgs/depthai_ros_msgs/msg/detail/spatial_detection_array__rosidl_typesupport_fastrtps_cpp.hpp
[0.509s] -- Up-to-date: /home/leoni/oak_ws/install/depthai_ros_msgs/include/depthai_ros_msgs/depthai_ros_msgs/msg/detail/auto_focus_ctrl__rosidl_typesupport_fastrtps_cpp.hpp
[0.509s] -- Up-to-date: /home/leoni/oak_ws/install/depthai_ros_msgs/include/depthai_ros_msgs/depthai_ros_msgs/msg/detail/tracked_features__rosidl_typesupport_fastrtps_cpp.hpp
[0.509s] -- Up-to-date: /home/leoni/oak_ws/install/depthai_ros_msgs/include/depthai_ros_msgs/depthai_ros_msgs/msg/detail/tracked_feature__rosidl_typesupport_fastrtps_cpp.hpp
[0.509s] -- Up-to-date: /home/leoni/oak_ws/install/depthai_ros_msgs/include/depthai_ros_msgs/depthai_ros_msgs/msg/detail/imu_with_magnetic_field__rosidl_typesupport_fastrtps_cpp.hpp
[0.509s] -- Up-to-date: /home/leoni/oak_ws/install/depthai_ros_msgs/include/depthai_ros_msgs/depthai_ros_msgs/msg/detail/hand_landmark_array__rosidl_typesupport_fastrtps_cpp.hpp
[0.509s] -- Up-to-date: /home/leoni/oak_ws/install/depthai_ros_msgs/include/depthai_ros_msgs/depthai_ros_msgs/msg/detail/hand_landmark__rosidl_typesupport_fastrtps_cpp.hpp
[0.510s] -- Up-to-date: /home/leoni/oak_ws/install/depthai_ros_msgs/include/depthai_ros_msgs/depthai_ros_msgs/msg/detail/spatial_detection__rosidl_typesupport_fastrtps_cpp.hpp
[0.510s] -- Up-to-date: /home/leoni/oak_ws/install/depthai_ros_msgs/include/depthai_ros_msgs/depthai_ros_msgs/msg/detail/dds_fastrtps
[0.510s] -- Up-to-date: /home/leoni/oak_ws/install/depthai_ros_msgs/include/depthai_ros_msgs/depthai_ros_msgs/msg/detail/track_detection2_d__rosidl_typesupport_fastrtps_cpp.hpp
[0.510s] -- Up-to-date: /home/leoni/oak_ws/install/depthai_ros_msgs/lib/libdepthai_ros_msgs__rosidl_typesupport_fastrtps_cpp.so
[0.510s] -- Up-to-date: /home/leoni/oak_ws/install/depthai_ros_msgs/include/depthai_ros_msgs/depthai_ros_msgs
[0.510s] -- Up-to-date: /home/leoni/oak_ws/install/depthai_ros_msgs/include/depthai_ros_msgs/depthai_ros_msgs/srv
[0.510s] -- Up-to-date: /home/leoni/oak_ws/install/depthai_ros_msgs/include/depthai_ros_msgs/depthai_ros_msgs/srv/detail
[0.510s] -- Up-to-date: /home/leoni/oak_ws/install/depthai_ros_msgs/include/depthai_ros_msgs/depthai_ros_msgs/srv/detail/normalized_image_crop__type_support.c
[0.510s] -- Up-to-date: /home/leoni/oak_ws/install/depthai_ros_msgs/include/depthai_ros_msgs/depthai_ros_msgs/srv/detail/trigger_named__rosidl_typesupport_introspection_c.h
[0.510s] -- Up-to-date: /home/leoni/oak_ws/install/depthai_ros_msgs/include/depthai_ros_msgs/depthai_ros_msgs/srv/detail/trigger_named__type_support.c
[0.510s] -- Up-to-date: /home/leoni/oak_ws/install/depthai_ros_msgs/include/depthai_ros_msgs/depthai_ros_msgs/srv/detail/normalized_image_crop__rosidl_typesupport_introspection_c.h
[0.511s] -- Up-to-date: /home/leoni/oak_ws/install/depthai_ros_msgs/include/depthai_ros_msgs/depthai_ros_msgs/msg
[0.511s] -- Up-to-date: /home/leoni/oak_ws/install/depthai_ros_msgs/include/depthai_ros_msgs/depthai_ros_msgs/msg/rosidl_typesupport_introspection_c__visibility_control.h
[0.511s] -- Up-to-date: /home/leoni/oak_ws/install/depthai_ros_msgs/include/depthai_ros_msgs/depthai_ros_msgs/msg/detail
[0.511s] -- Up-to-date: /home/leoni/oak_ws/install/depthai_ros_msgs/include/depthai_ros_msgs/depthai_ros_msgs/msg/detail/track_detection2_d__type_support.c
[0.511s] -- Up-to-date: /home/leoni/oak_ws/install/depthai_ros_msgs/include/depthai_ros_msgs/depthai_ros_msgs/msg/detail/spatial_detection__rosidl_typesupport_introspection_c.h
[0.511s] -- Up-to-date: /home/leoni/oak_ws/install/depthai_ros_msgs/include/depthai_ros_msgs/depthai_ros_msgs/msg/detail/hand_landmark_array__type_support.c
[0.511s] -- Up-to-date: /home/leoni/oak_ws/install/depthai_ros_msgs/include/depthai_ros_msgs/depthai_ros_msgs/msg/detail/track_detection2_d__rosidl_typesupport_introspection_c.h
[0.511s] -- Up-to-date: /home/leoni/oak_ws/install/depthai_ros_msgs/include/depthai_ros_msgs/depthai_ros_msgs/msg/detail/tracked_feature__type_support.c
[0.511s] -- Up-to-date: /home/leoni/oak_ws/install/depthai_ros_msgs/include/depthai_ros_msgs/depthai_ros_msgs/msg/detail/track_detection2_d_array__rosidl_typesupport_introspection_c.h
[0.511s] -- Up-to-date: /home/leoni/oak_ws/install/depthai_ros_msgs/include/depthai_ros_msgs/depthai_ros_msgs/msg/detail/spatial_detection_array__type_support.c
[0.511s] -- Up-to-date: /home/leoni/oak_ws/install/depthai_ros_msgs/include/depthai_ros_msgs/depthai_ros_msgs/msg/detail/hand_landmark__rosidl_typesupport_introspection_c.h
[0.511s] -- Up-to-date: /home/leoni/oak_ws/install/depthai_ros_msgs/include/depthai_ros_msgs/depthai_ros_msgs/msg/detail/hand_landmark__type_support.c
[0.512s] -- Up-to-date: /home/leoni/oak_ws/install/depthai_ros_msgs/include/depthai_ros_msgs/depthai_ros_msgs/msg/detail/auto_focus_ctrl__rosidl_typesupport_introspection_c.h
[0.512s] -- Up-to-date: /home/leoni/oak_ws/install/depthai_ros_msgs/include/depthai_ros_msgs/depthai_ros_msgs/msg/detail/spatial_detection_array__rosidl_typesupport_introspection_c.h
[0.512s] -- Up-to-date: /home/leoni/oak_ws/install/depthai_ros_msgs/include/depthai_ros_msgs/depthai_ros_msgs/msg/detail/imu_with_magnetic_field__rosidl_typesupport_introspection_c.h
[0.512s] -- Up-to-date: /home/leoni/oak_ws/install/depthai_ros_msgs/include/depthai_ros_msgs/depthai_ros_msgs/msg/detail/auto_focus_ctrl__type_support.c
[0.512s] -- Up-to-date: /home/leoni/oak_ws/install/depthai_ros_msgs/include/depthai_ros_msgs/depthai_ros_msgs/msg/detail/track_detection2_d_array__type_support.c
[0.512s] -- Up-to-date: /home/leoni/oak_ws/install/depthai_ros_msgs/include/depthai_ros_msgs/depthai_ros_msgs/msg/detail/hand_landmark_array__rosidl_typesupport_introspection_c.h
[0.512s] -- Up-to-date: /home/leoni/oak_ws/install/depthai_ros_msgs/include/depthai_ros_msgs/depthai_ros_msgs/msg/detail/tracked_features__type_support.c
[0.512s] -- Up-to-date: /home/leoni/oak_ws/install/depthai_ros_msgs/include/depthai_ros_msgs/depthai_ros_msgs/msg/detail/imu_with_magnetic_field__type_support.c
[0.512s] -- Up-to-date: /home/leoni/oak_ws/install/depthai_ros_msgs/include/depthai_ros_msgs/depthai_ros_msgs/msg/detail/tracked_feature__rosidl_typesupport_introspection_c.h
[0.512s] -- Up-to-date: /home/leoni/oak_ws/install/depthai_ros_msgs/include/depthai_ros_msgs/depthai_ros_msgs/msg/detail/tracked_features__rosidl_typesupport_introspection_c.h
[0.513s] -- Up-to-date: /home/leoni/oak_ws/install/depthai_ros_msgs/include/depthai_ros_msgs/depthai_ros_msgs/msg/detail/spatial_detection__type_support.c
[0.513s] -- Up-to-date: /home/leoni/oak_ws/install/depthai_ros_msgs/lib/libdepthai_ros_msgs__rosidl_typesupport_introspection_c.so
[0.513s] -- Up-to-date: /home/leoni/oak_ws/install/depthai_ros_msgs/lib/libdepthai_ros_msgs__rosidl_typesupport_c.so
[0.513s] -- Up-to-date: /home/leoni/oak_ws/install/depthai_ros_msgs/include/depthai_ros_msgs/depthai_ros_msgs
[0.513s] -- Up-to-date: /home/leoni/oak_ws/install/depthai_ros_msgs/include/depthai_ros_msgs/depthai_ros_msgs/srv
[0.513s] -- Up-to-date: /home/leoni/oak_ws/install/depthai_ros_msgs/include/depthai_ros_msgs/depthai_ros_msgs/srv/detail
[0.513s] -- Up-to-date: /home/leoni/oak_ws/install/depthai_ros_msgs/include/depthai_ros_msgs/depthai_ros_msgs/srv/detail/normalized_image_crop__rosidl_typesupport_introspection_cpp.hpp
[0.513s] -- Up-to-date: /home/leoni/oak_ws/install/depthai_ros_msgs/include/depthai_ros_msgs/depthai_ros_msgs/srv/detail/normalized_image_crop__type_support.cpp
[0.513s] -- Up-to-date: /home/leoni/oak_ws/install/depthai_ros_msgs/include/depthai_ros_msgs/depthai_ros_msgs/srv/detail/trigger_named__type_support.cpp
[0.513s] -- Up-to-date: /home/leoni/oak_ws/install/depthai_ros_msgs/include/depthai_ros_msgs/depthai_ros_msgs/srv/detail/trigger_named__rosidl_typesupport_introspection_cpp.hpp
[0.513s] -- Up-to-date: /home/leoni/oak_ws/install/depthai_ros_msgs/include/depthai_ros_msgs/depthai_ros_msgs/msg
[0.513s] -- Up-to-date: /home/leoni/oak_ws/install/depthai_ros_msgs/include/depthai_ros_msgs/depthai_ros_msgs/msg/detail
[0.513s] -- Up-to-date: /home/leoni/oak_ws/install/depthai_ros_msgs/include/depthai_ros_msgs/depthai_ros_msgs/msg/detail/track_detection2_d__type_support.cpp
[0.513s] -- Up-to-date: /home/leoni/oak_ws/install/depthai_ros_msgs/include/depthai_ros_msgs/depthai_ros_msgs/msg/detail/tracked_features__rosidl_typesupport_introspection_cpp.hpp
[0.514s] -- Up-to-date: /home/leoni/oak_ws/install/depthai_ros_msgs/include/depthai_ros_msgs/depthai_ros_msgs/msg/detail/imu_with_magnetic_field__rosidl_typesupport_introspection_cpp.hpp
[0.514s] -- Up-to-date: /home/leoni/oak_ws/install/depthai_ros_msgs/include/depthai_ros_msgs/depthai_ros_msgs/msg/detail/spatial_detection_array__type_support.cpp
[0.514s] -- Up-to-date: /home/leoni/oak_ws/install/depthai_ros_msgs/include/depthai_ros_msgs/depthai_ros_msgs/msg/detail/auto_focus_ctrl__type_support.cpp
[0.514s] -- Up-to-date: /home/leoni/oak_ws/install/depthai_ros_msgs/include/depthai_ros_msgs/depthai_ros_msgs/msg/detail/hand_landmark_array__rosidl_typesupport_introspection_cpp.hpp
[0.514s] -- Up-to-date: /home/leoni/oak_ws/install/depthai_ros_msgs/include/depthai_ros_msgs/depthai_ros_msgs/msg/detail/spatial_detection__type_support.cpp
[0.514s] -- Up-to-date: /home/leoni/oak_ws/install/depthai_ros_msgs/include/depthai_ros_msgs/depthai_ros_msgs/msg/detail/track_detection2_d_array__rosidl_typesupport_introspection_cpp.hpp
[0.514s] -- Up-to-date: /home/leoni/oak_ws/install/depthai_ros_msgs/include/depthai_ros_msgs/depthai_ros_msgs/msg/detail/auto_focus_ctrl__rosidl_typesupport_introspection_cpp.hpp
[0.514s] -- Up-to-date: /home/leoni/oak_ws/install/depthai_ros_msgs/include/depthai_ros_msgs/depthai_ros_msgs/msg/detail/track_detection2_d_array__type_support.cpp
[0.514s] -- Up-to-date: /home/leoni/oak_ws/install/depthai_ros_msgs/include/depthai_ros_msgs/depthai_ros_msgs/msg/detail/hand_landmark__type_support.cpp
[0.514s] -- Up-to-date: /home/leoni/oak_ws/install/depthai_ros_msgs/include/depthai_ros_msgs/depthai_ros_msgs/msg/detail/hand_landmark__rosidl_typesupport_introspection_cpp.hpp
[0.515s] -- Up-to-date: /home/leoni/oak_ws/install/depthai_ros_msgs/include/depthai_ros_msgs/depthai_ros_msgs/msg/detail/tracked_feature__rosidl_typesupport_introspection_cpp.hpp
[0.515s] -- Up-to-date: /home/leoni/oak_ws/install/depthai_ros_msgs/include/depthai_ros_msgs/depthai_ros_msgs/msg/detail/hand_landmark_array__type_support.cpp
[0.515s] -- Up-to-date: /home/leoni/oak_ws/install/depthai_ros_msgs/include/depthai_ros_msgs/depthai_ros_msgs/msg/detail/tracked_features__type_support.cpp
[0.515s] -- Up-to-date: /home/leoni/oak_ws/install/depthai_ros_msgs/include/depthai_ros_msgs/depthai_ros_msgs/msg/detail/track_detection2_d__rosidl_typesupport_introspection_cpp.hpp
[0.515s] -- Up-to-date: /home/leoni/oak_ws/install/depthai_ros_msgs/include/depthai_ros_msgs/depthai_ros_msgs/msg/detail/spatial_detection_array__rosidl_typesupport_introspection_cpp.hpp
[0.515s] -- Up-to-date: /home/leoni/oak_ws/install/depthai_ros_msgs/include/depthai_ros_msgs/depthai_ros_msgs/msg/detail/imu_with_magnetic_field__type_support.cpp
[0.515s] -- Up-to-date: /home/leoni/oak_ws/install/depthai_ros_msgs/include/depthai_ros_msgs/depthai_ros_msgs/msg/detail/spatial_detection__rosidl_typesupport_introspection_cpp.hpp
[0.515s] -- Up-to-date: /home/leoni/oak_ws/install/depthai_ros_msgs/include/depthai_ros_msgs/depthai_ros_msgs/msg/detail/tracked_feature__type_support.cpp
[0.515s] -- Up-to-date: /home/leoni/oak_ws/install/depthai_ros_msgs/lib/libdepthai_ros_msgs__rosidl_typesupport_introspection_cpp.so
[0.515s] -- Up-to-date: /home/leoni/oak_ws/install/depthai_ros_msgs/lib/libdepthai_ros_msgs__rosidl_typesupport_cpp.so
[0.515s] -- Up-to-date: /home/leoni/oak_ws/install/depthai_ros_msgs/share/depthai_ros_msgs/environment/pythonpath.sh
[0.515s] -- Up-to-date: /home/leoni/oak_ws/install/depthai_ros_msgs/share/depthai_ros_msgs/environment/pythonpath.dsv
[0.515s] -- Up-to-date: /home/leoni/oak_ws/install/depthai_ros_msgs/local/lib/python3.10/dist-packages/depthai_ros_msgs-2.11.2-py3.10.egg-info
[0.516s] -- Installing: /home/leoni/oak_ws/install/depthai_ros_msgs/local/lib/python3.10/dist-packages/depthai_ros_msgs-2.11.2-py3.10.egg-info/top_level.txt
[0.516s] -- Installing: /home/leoni/oak_ws/install/depthai_ros_msgs/local/lib/python3.10/dist-packages/depthai_ros_msgs-2.11.2-py3.10.egg-info/PKG-INFO
[0.516s] -- Installing: /home/leoni/oak_ws/install/depthai_ros_msgs/local/lib/python3.10/dist-packages/depthai_ros_msgs-2.11.2-py3.10.egg-info/dependency_links.txt
[0.516s] -- Installing: /home/leoni/oak_ws/install/depthai_ros_msgs/local/lib/python3.10/dist-packages/depthai_ros_msgs-2.11.2-py3.10.egg-info/SOURCES.txt
[0.516s] -- Up-to-date: /home/leoni/oak_ws/install/depthai_ros_msgs/local/lib/python3.10/dist-packages/depthai_ros_msgs
[0.516s] -- Up-to-date: /home/leoni/oak_ws/install/depthai_ros_msgs/local/lib/python3.10/dist-packages/depthai_ros_msgs/libdepthai_ros_msgs__rosidl_generator_py.so
[0.516s] -- Up-to-date: /home/leoni/oak_ws/install/depthai_ros_msgs/local/lib/python3.10/dist-packages/depthai_ros_msgs/depthai_ros_msgs_s__rosidl_typesupport_introspection_c.cpython-310-x86_64-linux-gnu.so
[0.516s] -- Up-to-date: /home/leoni/oak_ws/install/depthai_ros_msgs/local/lib/python3.10/dist-packages/depthai_ros_msgs/depthai_ros_msgs_s__rosidl_typesupport_fastrtps_c.cpython-310-x86_64-linux-gnu.so
[0.516s] -- Up-to-date: /home/leoni/oak_ws/install/depthai_ros_msgs/local/lib/python3.10/dist-packages/depthai_ros_msgs/_depthai_ros_msgs_s.ep.rosidl_typesupport_introspection_c.c
[0.516s] -- Up-to-date: /home/leoni/oak_ws/install/depthai_ros_msgs/local/lib/python3.10/dist-packages/depthai_ros_msgs/srv
[0.516s] -- Up-to-date: /home/leoni/oak_ws/install/depthai_ros_msgs/local/lib/python3.10/dist-packages/depthai_ros_msgs/srv/_normalized_image_crop.py
[0.516s] -- Up-to-date: /home/leoni/oak_ws/install/depthai_ros_msgs/local/lib/python3.10/dist-packages/depthai_ros_msgs/srv/_normalized_image_crop_s.c
[0.517s] -- Up-to-date: /home/leoni/oak_ws/install/depthai_ros_msgs/local/lib/python3.10/dist-packages/depthai_ros_msgs/srv/__init__.py
[0.517s] -- Up-to-date: /home/leoni/oak_ws/install/depthai_ros_msgs/local/lib/python3.10/dist-packages/depthai_ros_msgs/srv/_trigger_named_s.c
[0.517s] -- Up-to-date: /home/leoni/oak_ws/install/depthai_ros_msgs/local/lib/python3.10/dist-packages/depthai_ros_msgs/srv/_trigger_named.py
[0.517s] -- Up-to-date: /home/leoni/oak_ws/install/depthai_ros_msgs/local/lib/python3.10/dist-packages/depthai_ros_msgs/msg
[0.517s] -- Up-to-date: /home/leoni/oak_ws/install/depthai_ros_msgs/local/lib/python3.10/dist-packages/depthai_ros_msgs/msg/_track_detection2_d.py
[0.517s] -- Up-to-date: /home/leoni/oak_ws/install/depthai_ros_msgs/local/lib/python3.10/dist-packages/depthai_ros_msgs/msg/_tracked_features_s.c
[0.517s] -- Up-to-date: /home/leoni/oak_ws/install/depthai_ros_msgs/local/lib/python3.10/dist-packages/depthai_ros_msgs/msg/_spatial_detection_array.py
[0.517s] -- Up-to-date: /home/leoni/oak_ws/install/depthai_ros_msgs/local/lib/python3.10/dist-packages/depthai_ros_msgs/msg/_hand_landmark_array.py
[0.517s] -- Up-to-date: /home/leoni/oak_ws/install/depthai_ros_msgs/local/lib/python3.10/dist-packages/depthai_ros_msgs/msg/_hand_landmark_array_s.c
[0.517s] -- Up-to-date: /home/leoni/oak_ws/install/depthai_ros_msgs/local/lib/python3.10/dist-packages/depthai_ros_msgs/msg/_tracked_feature_s.c
[0.517s] -- Up-to-date: /home/leoni/oak_ws/install/depthai_ros_msgs/local/lib/python3.10/dist-packages/depthai_ros_msgs/msg/_spatial_detection_s.c
[0.518s] -- Up-to-date: /home/leoni/oak_ws/install/depthai_ros_msgs/local/lib/python3.10/dist-packages/depthai_ros_msgs/msg/_imu_with_magnetic_field.py
[0.518s] -- Up-to-date: /home/leoni/oak_ws/install/depthai_ros_msgs/local/lib/python3.10/dist-packages/depthai_ros_msgs/msg/_auto_focus_ctrl_s.c
[0.518s] -- Up-to-date: /home/leoni/oak_ws/install/depthai_ros_msgs/local/lib/python3.10/dist-packages/depthai_ros_msgs/msg/_track_detection2_d_s.c
[0.518s] -- Up-to-date: /home/leoni/oak_ws/install/depthai_ros_msgs/local/lib/python3.10/dist-packages/depthai_ros_msgs/msg/_track_detection2_d_array.py
[0.518s] -- Up-to-date: /home/leoni/oak_ws/install/depthai_ros_msgs/local/lib/python3.10/dist-packages/depthai_ros_msgs/msg/__init__.py
[0.518s] -- Up-to-date: /home/leoni/oak_ws/install/depthai_ros_msgs/local/lib/python3.10/dist-packages/depthai_ros_msgs/msg/_spatial_detection.py
[0.518s] -- Up-to-date: /home/leoni/oak_ws/install/depthai_ros_msgs/local/lib/python3.10/dist-packages/depthai_ros_msgs/msg/_tracked_feature.py
[0.518s] -- Up-to-date: /home/leoni/oak_ws/install/depthai_ros_msgs/local/lib/python3.10/dist-packages/depthai_ros_msgs/msg/_hand_landmark_s.c
[0.518s] -- Up-to-date: /home/leoni/oak_ws/install/depthai_ros_msgs/local/lib/python3.10/dist-packages/depthai_ros_msgs/msg/_auto_focus_ctrl.py
[0.518s] -- Up-to-date: /home/leoni/oak_ws/install/depthai_ros_msgs/local/lib/python3.10/dist-packages/depthai_ros_msgs/msg/_hand_landmark.py
[0.518s] -- Up-to-date: /home/leoni/oak_ws/install/depthai_ros_msgs/local/lib/python3.10/dist-packages/depthai_ros_msgs/msg/_imu_with_magnetic_field_s.c
[0.518s] -- Up-to-date: /home/leoni/oak_ws/install/depthai_ros_msgs/local/lib/python3.10/dist-packages/depthai_ros_msgs/msg/_spatial_detection_array_s.c
[0.519s] -- Up-to-date: /home/leoni/oak_ws/install/depthai_ros_msgs/local/lib/python3.10/dist-packages/depthai_ros_msgs/msg/_tracked_features.py
[0.519s] -- Up-to-date: /home/leoni/oak_ws/install/depthai_ros_msgs/local/lib/python3.10/dist-packages/depthai_ros_msgs/msg/_track_detection2_d_array_s.c
[0.519s] -- Up-to-date: /home/leoni/oak_ws/install/depthai_ros_msgs/local/lib/python3.10/dist-packages/depthai_ros_msgs/__init__.py
[0.519s] -- Up-to-date: /home/leoni/oak_ws/install/depthai_ros_msgs/local/lib/python3.10/dist-packages/depthai_ros_msgs/depthai_ros_msgs_s__rosidl_typesupport_c.cpython-310-x86_64-linux-gnu.so
[0.519s] -- Up-to-date: /home/leoni/oak_ws/install/depthai_ros_msgs/local/lib/python3.10/dist-packages/depthai_ros_msgs/_depthai_ros_msgs_s.ep.rosidl_typesupport_c.c
[0.519s] -- Up-to-date: /home/leoni/oak_ws/install/depthai_ros_msgs/local/lib/python3.10/dist-packages/depthai_ros_msgs/_depthai_ros_msgs_s.ep.rosidl_typesupport_fastrtps_c.c
[0.544s] Listing '/home/leoni/oak_ws/install/depthai_ros_msgs/local/lib/python3.10/dist-packages/depthai_ros_msgs'...
[0.544s] Listing '/home/leoni/oak_ws/install/depthai_ros_msgs/local/lib/python3.10/dist-packages/depthai_ros_msgs/msg'...
[0.544s] Listing '/home/leoni/oak_ws/install/depthai_ros_msgs/local/lib/python3.10/dist-packages/depthai_ros_msgs/srv'...
[0.549s] -- Up-to-date: /home/leoni/oak_ws/install/depthai_ros_msgs/local/lib/python3.10/dist-packages/depthai_ros_msgs/depthai_ros_msgs_s__rosidl_typesupport_fastrtps_c.cpython-310-x86_64-linux-gnu.so
[0.549s] -- Up-to-date: /home/leoni/oak_ws/install/depthai_ros_msgs/local/lib/python3.10/dist-packages/depthai_ros_msgs/depthai_ros_msgs_s__rosidl_typesupport_introspection_c.cpython-310-x86_64-linux-gnu.so
[0.550s] -- Up-to-date: /home/leoni/oak_ws/install/depthai_ros_msgs/local/lib/python3.10/dist-packages/depthai_ros_msgs/depthai_ros_msgs_s__rosidl_typesupport_c.cpython-310-x86_64-linux-gnu.so
[0.550s] -- Up-to-date: /home/leoni/oak_ws/install/depthai_ros_msgs/lib/libdepthai_ros_msgs__rosidl_generator_py.so
[0.550s] -- Up-to-date: /home/leoni/oak_ws/install/depthai_ros_msgs/share/depthai_ros_msgs/msg/AutoFocusCtrl.idl
[0.550s] -- Up-to-date: /home/leoni/oak_ws/install/depthai_ros_msgs/share/depthai_ros_msgs/msg/HandLandmark.idl
[0.551s] -- Up-to-date: /home/leoni/oak_ws/install/depthai_ros_msgs/share/depthai_ros_msgs/msg/HandLandmarkArray.idl
[0.551s] -- Up-to-date: /home/leoni/oak_ws/install/depthai_ros_msgs/share/depthai_ros_msgs/msg/ImuWithMagneticField.idl
[0.551s] -- Up-to-date: /home/leoni/oak_ws/install/depthai_ros_msgs/share/depthai_ros_msgs/msg/TrackedFeature.idl
[0.551s] -- Up-to-date: /home/leoni/oak_ws/install/depthai_ros_msgs/share/depthai_ros_msgs/msg/TrackedFeatures.idl
[0.551s] -- Up-to-date: /home/leoni/oak_ws/install/depthai_ros_msgs/share/depthai_ros_msgs/msg/SpatialDetection.idl
[0.551s] -- Up-to-date: /home/leoni/oak_ws/install/depthai_ros_msgs/share/depthai_ros_msgs/msg/SpatialDetectionArray.idl
[0.552s] -- Up-to-date: /home/leoni/oak_ws/install/depthai_ros_msgs/share/depthai_ros_msgs/msg/TrackDetection2D.idl
[0.552s] -- Up-to-date: /home/leoni/oak_ws/install/depthai_ros_msgs/share/depthai_ros_msgs/msg/TrackDetection2DArray.idl
[0.552s] -- Up-to-date: /home/leoni/oak_ws/install/depthai_ros_msgs/share/depthai_ros_msgs/srv/TriggerNamed.idl
[0.552s] -- Up-to-date: /home/leoni/oak_ws/install/depthai_ros_msgs/share/depthai_ros_msgs/srv/NormalizedImageCrop.idl
[0.552s] -- Up-to-date: /home/leoni/oak_ws/install/depthai_ros_msgs/share/depthai_ros_msgs/msg/AutoFocusCtrl.msg
[0.553s] -- Up-to-date: /home/leoni/oak_ws/install/depthai_ros_msgs/share/depthai_ros_msgs/msg/HandLandmark.msg
[0.553s] -- Up-to-date: /home/leoni/oak_ws/install/depthai_ros_msgs/share/depthai_ros_msgs/msg/HandLandmarkArray.msg
[0.553s] -- Up-to-date: /home/leoni/oak_ws/install/depthai_ros_msgs/share/depthai_ros_msgs/msg/ImuWithMagneticField.msg
[0.553s] -- Up-to-date: /home/leoni/oak_ws/install/depthai_ros_msgs/share/depthai_ros_msgs/msg/TrackedFeature.msg
[0.553s] -- Up-to-date: /home/leoni/oak_ws/install/depthai_ros_msgs/share/depthai_ros_msgs/msg/TrackedFeatures.msg
[0.553s] -- Up-to-date: /home/leoni/oak_ws/install/depthai_ros_msgs/share/depthai_ros_msgs/msg/SpatialDetection.msg
[0.553s] -- Up-to-date: /home/leoni/oak_ws/install/depthai_ros_msgs/share/depthai_ros_msgs/msg/SpatialDetectionArray.msg
[0.553s] -- Up-to-date: /home/leoni/oak_ws/install/depthai_ros_msgs/share/depthai_ros_msgs/msg/TrackDetection2D.msg
[0.553s] -- Up-to-date: /home/leoni/oak_ws/install/depthai_ros_msgs/share/depthai_ros_msgs/msg/TrackDetection2DArray.msg
[0.553s] -- Up-to-date: /home/leoni/oak_ws/install/depthai_ros_msgs/share/depthai_ros_msgs/srv/TriggerNamed.srv
[0.554s] -- Up-to-date: /home/leoni/oak_ws/install/depthai_ros_msgs/share/depthai_ros_msgs/srv/TriggerNamed_Request.msg
[0.554s] -- Up-to-date: /home/leoni/oak_ws/install/depthai_ros_msgs/share/depthai_ros_msgs/srv/TriggerNamed_Response.msg
[0.554s] -- Up-to-date: /home/leoni/oak_ws/install/depthai_ros_msgs/share/depthai_ros_msgs/srv/NormalizedImageCrop.srv
[0.554s] -- Up-to-date: /home/leoni/oak_ws/install/depthai_ros_msgs/share/depthai_ros_msgs/srv/NormalizedImageCrop_Request.msg
[0.554s] -- Up-to-date: /home/leoni/oak_ws/install/depthai_ros_msgs/share/depthai_ros_msgs/srv/NormalizedImageCrop_Response.msg
[0.554s] -- Up-to-date: /home/leoni/oak_ws/install/depthai_ros_msgs/share/ament_index/resource_index/package_run_dependencies/depthai_ros_msgs
[0.554s] -- Up-to-date: /home/leoni/oak_ws/install/depthai_ros_msgs/share/ament_index/resource_index/parent_prefix_path/depthai_ros_msgs
[0.554s] -- Up-to-date: /home/leoni/oak_ws/install/depthai_ros_msgs/share/depthai_ros_msgs/environment/ament_prefix_path.sh
[0.554s] -- Up-to-date: /home/leoni/oak_ws/install/depthai_ros_msgs/share/depthai_ros_msgs/environment/ament_prefix_path.dsv
[0.554s] -- Up-to-date: /home/leoni/oak_ws/install/depthai_ros_msgs/share/depthai_ros_msgs/environment/path.sh
[0.554s] -- Up-to-date: /home/leoni/oak_ws/install/depthai_ros_msgs/share/depthai_ros_msgs/environment/path.dsv
[0.555s] -- Up-to-date: /home/leoni/oak_ws/install/depthai_ros_msgs/share/depthai_ros_msgs/local_setup.bash
[0.555s] -- Up-to-date: /home/leoni/oak_ws/install/depthai_ros_msgs/share/depthai_ros_msgs/local_setup.sh
[0.555s] -- Up-to-date: /home/leoni/oak_ws/install/depthai_ros_msgs/share/depthai_ros_msgs/local_setup.zsh
[0.555s] -- Up-to-date: /home/leoni/oak_ws/install/depthai_ros_msgs/share/depthai_ros_msgs/local_setup.dsv
[0.555s] -- Installing: /home/leoni/oak_ws/install/depthai_ros_msgs/share/depthai_ros_msgs/package.dsv
[0.555s] -- Up-to-date: /home/leoni/oak_ws/install/depthai_ros_msgs/share/ament_index/resource_index/packages/depthai_ros_msgs
[0.555s] -- Up-to-date: /home/leoni/oak_ws/install/depthai_ros_msgs/share/depthai_ros_msgs/cmake/export_depthai_ros_msgs__rosidl_generator_cExport.cmake
[0.555s] -- Up-to-date: /home/leoni/oak_ws/install/depthai_ros_msgs/share/depthai_ros_msgs/cmake/export_depthai_ros_msgs__rosidl_generator_cExport-noconfig.cmake
[0.555s] -- Up-to-date: /home/leoni/oak_ws/install/depthai_ros_msgs/share/depthai_ros_msgs/cmake/export_depthai_ros_msgs__rosidl_typesupport_fastrtps_cExport.cmake
[0.555s] -- Up-to-date: /home/leoni/oak_ws/install/depthai_ros_msgs/share/depthai_ros_msgs/cmake/export_depthai_ros_msgs__rosidl_typesupport_fastrtps_cExport-noconfig.cmake
[0.555s] -- Up-to-date: /home/leoni/oak_ws/install/depthai_ros_msgs/share/depthai_ros_msgs/cmake/export_depthai_ros_msgs__rosidl_generator_cppExport.cmake
[0.555s] -- Up-to-date: /home/leoni/oak_ws/install/depthai_ros_msgs/share/depthai_ros_msgs/cmake/export_depthai_ros_msgs__rosidl_typesupport_fastrtps_cppExport.cmake
[0.555s] -- Up-to-date: /home/leoni/oak_ws/install/depthai_ros_msgs/share/depthai_ros_msgs/cmake/export_depthai_ros_msgs__rosidl_typesupport_fastrtps_cppExport-noconfig.cmake
[0.556s] -- Up-to-date: /home/leoni/oak_ws/install/depthai_ros_msgs/share/depthai_ros_msgs/cmake/depthai_ros_msgs__rosidl_typesupport_introspection_cExport.cmake
[0.556s] -- Up-to-date: /home/leoni/oak_ws/install/depthai_ros_msgs/share/depthai_ros_msgs/cmake/depthai_ros_msgs__rosidl_typesupport_introspection_cExport-noconfig.cmake
[0.556s] -- Up-to-date: /home/leoni/oak_ws/install/depthai_ros_msgs/share/depthai_ros_msgs/cmake/depthai_ros_msgs__rosidl_typesupport_cExport.cmake
[0.556s] -- Up-to-date: /home/leoni/oak_ws/install/depthai_ros_msgs/share/depthai_ros_msgs/cmake/depthai_ros_msgs__rosidl_typesupport_cExport-noconfig.cmake
[0.556s] -- Up-to-date: /home/leoni/oak_ws/install/depthai_ros_msgs/share/depthai_ros_msgs/cmake/depthai_ros_msgs__rosidl_typesupport_introspection_cppExport.cmake
[0.556s] -- Up-to-date: /home/leoni/oak_ws/install/depthai_ros_msgs/share/depthai_ros_msgs/cmake/depthai_ros_msgs__rosidl_typesupport_introspection_cppExport-noconfig.cmake
[0.556s] -- Up-to-date: /home/leoni/oak_ws/install/depthai_ros_msgs/share/depthai_ros_msgs/cmake/depthai_ros_msgs__rosidl_typesupport_cppExport.cmake
[0.556s] -- Up-to-date: /home/leoni/oak_ws/install/depthai_ros_msgs/share/depthai_ros_msgs/cmake/depthai_ros_msgs__rosidl_typesupport_cppExport-noconfig.cmake
[0.557s] -- Up-to-date: /home/leoni/oak_ws/install/depthai_ros_msgs/share/depthai_ros_msgs/cmake/export_depthai_ros_msgs__rosidl_generator_pyExport.cmake
[0.557s] -- Up-to-date: /home/leoni/oak_ws/install/depthai_ros_msgs/share/depthai_ros_msgs/cmake/export_depthai_ros_msgs__rosidl_generator_pyExport-noconfig.cmake
[0.557s] -- Up-to-date: /home/leoni/oak_ws/install/depthai_ros_msgs/share/depthai_ros_msgs/cmake/rosidl_cmake-extras.cmake
[0.557s] -- Up-to-date: /home/leoni/oak_ws/install/depthai_ros_msgs/share/depthai_ros_msgs/cmake/ament_cmake_export_dependencies-extras.cmake
[0.557s] -- Up-to-date: /home/leoni/oak_ws/install/depthai_ros_msgs/share/depthai_ros_msgs/cmake/ament_cmake_export_include_directories-extras.cmake
[0.557s] -- Up-to-date: /home/leoni/oak_ws/install/depthai_ros_msgs/share/depthai_ros_msgs/cmake/ament_cmake_export_libraries-extras.cmake
[0.557s] -- Up-to-date: /home/leoni/oak_ws/install/depthai_ros_msgs/share/depthai_ros_msgs/cmake/ament_cmake_export_targets-extras.cmake
[0.558s] -- Up-to-date: /home/leoni/oak_ws/install/depthai_ros_msgs/share/depthai_ros_msgs/cmake/rosidl_cmake_export_typesupport_targets-extras.cmake
[0.558s] -- Up-to-date: /home/leoni/oak_ws/install/depthai_ros_msgs/share/depthai_ros_msgs/cmake/rosidl_cmake_export_typesupport_libraries-extras.cmake
[0.558s] -- Up-to-date: /home/leoni/oak_ws/install/depthai_ros_msgs/share/depthai_ros_msgs/cmake/depthai_ros_msgsConfig.cmake
[0.559s] -- Up-to-date: /home/leoni/oak_ws/install/depthai_ros_msgs/share/depthai_ros_msgs/cmake/depthai_ros_msgsConfig-version.cmake
[0.559s] -- Up-to-date: /home/leoni/oak_ws/install/depthai_ros_msgs/share/depthai_ros_msgs/package.xml
[0.559s] Invoked command in '/home/leoni/oak_ws/build/depthai_ros_msgs' returned '0': CMAKE_PREFIX_PATH=${CMAKE_PREFIX_PATH}:/home/leoni/oak_ws/install/leoni:/home/leoni/oak_ws/install/arldu:/opt/ros/humble /usr/bin/cmake --install /home/leoni/oak_ws/build/depthai_ros_msgs
