running egg_info
creating ../../build/leoni/leoni.egg-info
writing ../../build/leoni/leoni.egg-info/PKG-INFO
writing dependency_links to ../../build/leoni/leoni.egg-info/dependency_links.txt
writing entry points to ../../build/leoni/leoni.egg-info/entry_points.txt
writing requirements to ../../build/leoni/leoni.egg-info/requires.txt
writing top-level names to ../../build/leoni/leoni.egg-info/top_level.txt
writing manifest file '../../build/leoni/leoni.egg-info/SOURCES.txt'
reading manifest file '../../build/leoni/leoni.egg-info/SOURCES.txt'
writing manifest file '../../build/leoni/leoni.egg-info/SOURCES.txt'
running build
running build_py
creating /home/leoni/oak_ws/build/leoni/build
creating /home/leoni/oak_ws/build/leoni/build/lib
creating /home/leoni/oak_ws/build/leoni/build/lib/leoni
copying leoni/__init__.py -> /home/leoni/oak_ws/build/leoni/build/lib/leoni
running install
running install_lib
creating /home/leoni/oak_ws/install/leoni/lib/python3.10/site-packages/leoni
copying /home/leoni/oak_ws/build/leoni/build/lib/leoni/__init__.py -> /home/leoni/oak_ws/install/leoni/lib/python3.10/site-packages/leoni
byte-compiling /home/leoni/oak_ws/install/leoni/lib/python3.10/site-packages/leoni/__init__.py to __init__.cpython-310.pyc
running install_data
creating /home/leoni/oak_ws/install/leoni/share/ament_index
creating /home/leoni/oak_ws/install/leoni/share/ament_index/resource_index
creating /home/leoni/oak_ws/install/leoni/share/ament_index/resource_index/packages
copying resource/leoni -> /home/leoni/oak_ws/install/leoni/share/ament_index/resource_index/packages
copying package.xml -> /home/leoni/oak_ws/install/leoni/share/leoni
running install_egg_info
Copying ../../build/leoni/leoni.egg-info to /home/leoni/oak_ws/install/leoni/lib/python3.10/site-packages/leoni-0.0.0-py3.10.egg-info
running install_scripts
writing list of installed files to '/home/leoni/oak_ws/build/leoni/install.log'
