[0.013s] Invoking command in '/home/leoni/oak_ws/build/depthai_ros_driver': CMAKE_PREFIX_PATH=/home/leoni/oak_ws/install/depthai_bridge:/home/leoni/oak_ws/install/depthai_ros_msgs:/home/leoni/oak_ws/install/depthai_descriptions:/home/leoni/oak_ws/install/depthai-ros:/home/leoni/oak_ws/install/depthai_ros_driver:/home/leoni/oak_ws/install/depthai_filters:/home/leoni/oak_ws/install/leoni:/home/leoni/oak_ws/install/arldu:/opt/ros/humble GAZEBO_MODEL_PATH=/home/leoni/oak_ws/install/depthai_descriptions:${GAZEBO_MODEL_PATH} GAZEBO_RESOURCE_PATH=/home/leoni/oak_ws/install/depthai_descriptions:${GAZEBO_RESOURCE_PATH} IGN_GAZEBO_MODEL_PATH=/home/leoni/oak_ws/install/depthai_descriptions:${IGN_GAZEBO_MODEL_PATH} IGN_GAZEBO_RESOURCE_PATH=/home/leoni/oak_ws/install/depthai_descriptions:${IGN_GAZEBO_RESOURCE_PATH} LD_LIBRARY_PATH=/home/leoni/oak_ws/install/depthai_bridge/lib:/home/leoni/oak_ws/install/depthai_ros_msgs/lib:/home/leoni/oak_ws/install/depthai_ros_driver/lib:/home/leoni/oak_ws/install/depthai_filters/lib:/opt/ros/humble/opt/rviz_ogre_vendor/lib:/opt/ros/humble/lib/x86_64-linux-gnu:/opt/ros/humble/lib /usr/bin/cmake --build /home/leoni/oak_ws/build/depthai_ros_driver -- -j16 -l16
[0.059s] [  0%] Built target ament_cmake_python_copy_depthai_ros_driver
[0.076s] [ 42%] Built target depthai_ros_driver_common
[0.100s] [ 54%] Built target depthai_ros_driver_nn_nodes
[0.104s] [ 82%] Built target depthai_ros_driver_sensor_nodes
[0.126s] [ 94%] Built target depthai_ros_driver
[0.146s] [100%] Built target camera_node
[0.252s] running egg_info
[0.252s] writing depthai_ros_driver.egg-info/PKG-INFO
[0.252s] writing dependency_links to depthai_ros_driver.egg-info/dependency_links.txt
[0.252s] writing top-level names to depthai_ros_driver.egg-info/top_level.txt
[0.254s] reading manifest file 'depthai_ros_driver.egg-info/SOURCES.txt'
[0.254s] writing manifest file 'depthai_ros_driver.egg-info/SOURCES.txt'
[0.278s] [100%] Built target ament_cmake_python_build_depthai_ros_driver_egg
[0.288s] Invoked command in '/home/leoni/oak_ws/build/depthai_ros_driver' returned '0': CMAKE_PREFIX_PATH=/home/leoni/oak_ws/install/depthai_bridge:/home/leoni/oak_ws/install/depthai_ros_msgs:/home/leoni/oak_ws/install/depthai_descriptions:/home/leoni/oak_ws/install/depthai-ros:/home/leoni/oak_ws/install/depthai_ros_driver:/home/leoni/oak_ws/install/depthai_filters:/home/leoni/oak_ws/install/leoni:/home/leoni/oak_ws/install/arldu:/opt/ros/humble GAZEBO_MODEL_PATH=/home/leoni/oak_ws/install/depthai_descriptions:${GAZEBO_MODEL_PATH} GAZEBO_RESOURCE_PATH=/home/leoni/oak_ws/install/depthai_descriptions:${GAZEBO_RESOURCE_PATH} IGN_GAZEBO_MODEL_PATH=/home/leoni/oak_ws/install/depthai_descriptions:${IGN_GAZEBO_MODEL_PATH} IGN_GAZEBO_RESOURCE_PATH=/home/leoni/oak_ws/install/depthai_descriptions:${IGN_GAZEBO_RESOURCE_PATH} LD_LIBRARY_PATH=/home/leoni/oak_ws/install/depthai_bridge/lib:/home/leoni/oak_ws/install/depthai_ros_msgs/lib:/home/leoni/oak_ws/install/depthai_ros_driver/lib:/home/leoni/oak_ws/install/depthai_filters/lib:/opt/ros/humble/opt/rviz_ogre_vendor/lib:/opt/ros/humble/lib/x86_64-linux-gnu:/opt/ros/humble/lib /usr/bin/cmake --build /home/leoni/oak_ws/build/depthai_ros_driver -- -j16 -l16
[0.289s] Invoking command in '/home/leoni/oak_ws/build/depthai_ros_driver': CMAKE_PREFIX_PATH=/home/leoni/oak_ws/install/depthai_bridge:/home/leoni/oak_ws/install/depthai_ros_msgs:/home/leoni/oak_ws/install/depthai_descriptions:/home/leoni/oak_ws/install/depthai-ros:/home/leoni/oak_ws/install/depthai_ros_driver:/home/leoni/oak_ws/install/depthai_filters:/home/leoni/oak_ws/install/leoni:/home/leoni/oak_ws/install/arldu:/opt/ros/humble GAZEBO_MODEL_PATH=/home/leoni/oak_ws/install/depthai_descriptions:${GAZEBO_MODEL_PATH} GAZEBO_RESOURCE_PATH=/home/leoni/oak_ws/install/depthai_descriptions:${GAZEBO_RESOURCE_PATH} IGN_GAZEBO_MODEL_PATH=/home/leoni/oak_ws/install/depthai_descriptions:${IGN_GAZEBO_MODEL_PATH} IGN_GAZEBO_RESOURCE_PATH=/home/leoni/oak_ws/install/depthai_descriptions:${IGN_GAZEBO_RESOURCE_PATH} LD_LIBRARY_PATH=/home/leoni/oak_ws/install/depthai_bridge/lib:/home/leoni/oak_ws/install/depthai_ros_msgs/lib:/home/leoni/oak_ws/install/depthai_ros_driver/lib:/home/leoni/oak_ws/install/depthai_filters/lib:/opt/ros/humble/opt/rviz_ogre_vendor/lib:/opt/ros/humble/lib/x86_64-linux-gnu:/opt/ros/humble/lib /usr/bin/cmake --install /home/leoni/oak_ws/build/depthai_ros_driver
[0.296s] -- Install configuration: ""
[0.296s] -- Up-to-date: /home/leoni/oak_ws/install/depthai_ros_driver/share/depthai_ros_driver/plugins.xml
[0.296s] -- Up-to-date: /home/leoni/oak_ws/install/depthai_ros_driver/share/depthai_ros_driver/environment/library_path.sh
[0.296s] -- Up-to-date: /home/leoni/oak_ws/install/depthai_ros_driver/share/depthai_ros_driver/environment/library_path.dsv
[0.296s] -- Up-to-date: /home/leoni/oak_ws/install/depthai_ros_driver/share/depthai_ros_driver/launch
[0.297s] -- Up-to-date: /home/leoni/oak_ws/install/depthai_ros_driver/share/depthai_ros_driver/launch/oak_t.launch.py
[0.297s] -- Up-to-date: /home/leoni/oak_ws/install/depthai_ros_driver/share/depthai_ros_driver/launch/rgbd_pcl.launch.py
[0.297s] -- Up-to-date: /home/leoni/oak_ws/install/depthai_ros_driver/share/depthai_ros_driver/launch/calibration.launch.py
[0.297s] -- Up-to-date: /home/leoni/oak_ws/install/depthai_ros_driver/share/depthai_ros_driver/launch/sr_rgbd_pcl.launch.py
[0.297s] -- Up-to-date: /home/leoni/oak_ws/install/depthai_ros_driver/share/depthai_ros_driver/launch/sr_poe_rgbd_pcl.launch.py
[0.297s] -- Up-to-date: /home/leoni/oak_ws/install/depthai_ros_driver/share/depthai_ros_driver/launch/example_marker_publish.launch.py
[0.297s] -- Up-to-date: /home/leoni/oak_ws/install/depthai_ros_driver/share/depthai_ros_driver/launch/example_multicam.launch.py
[0.297s] -- Up-to-date: /home/leoni/oak_ws/install/depthai_ros_driver/share/depthai_ros_driver/launch/example_segmentation.launch.py
[0.297s] -- Up-to-date: /home/leoni/oak_ws/install/depthai_ros_driver/share/depthai_ros_driver/launch/camera.launch.py
[0.297s] -- Up-to-date: /home/leoni/oak_ws/install/depthai_ros_driver/share/depthai_ros_driver/launch/stereo_from_rosbag.launch.py
[0.297s] -- Up-to-date: /home/leoni/oak_ws/install/depthai_ros_driver/share/depthai_ros_driver/launch/camera_as_part_of_a_robot.launch.py
[0.297s] -- Up-to-date: /home/leoni/oak_ws/install/depthai_ros_driver/share/depthai_ros_driver/launch/rtabmap.launch.py
[0.297s] -- Up-to-date: /home/leoni/oak_ws/install/depthai_ros_driver/share/depthai_ros_driver/launch/pointcloud.launch.py
[0.298s] -- Up-to-date: /home/leoni/oak_ws/install/depthai_ros_driver/share/depthai_ros_driver/config
[0.298s] -- Up-to-date: /home/leoni/oak_ws/install/depthai_ros_driver/share/depthai_ros_driver/config/oak_t.yaml
[0.298s] -- Up-to-date: /home/leoni/oak_ws/install/depthai_ros_driver/share/depthai_ros_driver/config/oak_d_pro_w.yaml
[0.298s] -- Up-to-date: /home/leoni/oak_ws/install/depthai_ros_driver/share/depthai_ros_driver/config/camera.yaml
[0.298s] -- Up-to-date: /home/leoni/oak_ws/install/depthai_ros_driver/share/depthai_ros_driver/config/sr_rgbd.yaml
[0.298s] -- Up-to-date: /home/leoni/oak_ws/install/depthai_ros_driver/share/depthai_ros_driver/config/stereo_from_rosbag.yaml
[0.298s] -- Up-to-date: /home/leoni/oak_ws/install/depthai_ros_driver/share/depthai_ros_driver/config/calibration.yaml
[0.298s] -- Up-to-date: /home/leoni/oak_ws/install/depthai_ros_driver/share/depthai_ros_driver/config/spatial_yolo.yaml
[0.299s] -- Up-to-date: /home/leoni/oak_ws/install/depthai_ros_driver/share/depthai_ros_driver/config/nn
[0.299s] -- Up-to-date: /home/leoni/oak_ws/install/depthai_ros_driver/share/depthai_ros_driver/config/nn/yolo.json
[0.299s] -- Up-to-date: /home/leoni/oak_ws/install/depthai_ros_driver/share/depthai_ros_driver/config/nn/mobilenet.json
[0.299s] -- Up-to-date: /home/leoni/oak_ws/install/depthai_ros_driver/share/depthai_ros_driver/config/nn/segmentation.json
[0.299s] -- Up-to-date: /home/leoni/oak_ws/install/depthai_ros_driver/share/depthai_ros_driver/config/segmentation.yaml
[0.299s] -- Up-to-date: /home/leoni/oak_ws/install/depthai_ros_driver/share/depthai_ros_driver/config/calibration
[0.299s] -- Up-to-date: /home/leoni/oak_ws/install/depthai_ros_driver/share/depthai_ros_driver/config/calibration/right.yaml
[0.299s] -- Up-to-date: /home/leoni/oak_ws/install/depthai_ros_driver/share/depthai_ros_driver/config/calibration/left.yaml
[0.300s] -- Up-to-date: /home/leoni/oak_ws/install/depthai_ros_driver/share/depthai_ros_driver/config/calibration/rgb.yaml
[0.300s] -- Up-to-date: /home/leoni/oak_ws/install/depthai_ros_driver/share/depthai_ros_driver/config/rviz
[0.300s] -- Up-to-date: /home/leoni/oak_ws/install/depthai_ros_driver/share/depthai_ros_driver/config/rviz/multicam.rviz
[0.300s] -- Up-to-date: /home/leoni/oak_ws/install/depthai_ros_driver/share/depthai_ros_driver/config/rviz/rgbd.rviz
[0.300s] -- Up-to-date: /home/leoni/oak_ws/install/depthai_ros_driver/share/depthai_ros_driver/config/rviz/segmentation.rviz
[0.300s] -- Up-to-date: /home/leoni/oak_ws/install/depthai_ros_driver/share/depthai_ros_driver/config/rgbd.yaml
[0.300s] -- Up-to-date: /home/leoni/oak_ws/install/depthai_ros_driver/share/depthai_ros_driver/config/isaac_vslam.yaml
[0.300s] -- Up-to-date: /home/leoni/oak_ws/install/depthai_ros_driver/share/depthai_ros_driver/config/multicam_example.yaml
[0.300s] -- Up-to-date: /home/leoni/oak_ws/install/depthai_ros_driver/share/depthai_ros_driver/config/low_bandwidth.yaml
[0.301s] -- Up-to-date: /home/leoni/oak_ws/install/depthai_ros_driver/share/depthai_ros_driver/config/oak_d_sr.yaml
[0.301s] -- Up-to-date: /home/leoni/oak_ws/install/depthai_ros_driver/share/depthai_ros_driver/config/sr_poe_rgbd.yaml
[0.301s] -- Up-to-date: /home/leoni/oak_ws/install/depthai_ros_driver/share/depthai_ros_driver/config/pcl.yaml
[0.301s] -- Up-to-date: /home/leoni/oak_ws/install/depthai_ros_driver/lib/libdepthai_ros_driver.so
[0.301s] -- Up-to-date: /home/leoni/oak_ws/install/depthai_ros_driver/lib/libdepthai_ros_driver_sensor_nodes.so
[0.301s] -- Up-to-date: /home/leoni/oak_ws/install/depthai_ros_driver/lib/libdepthai_ros_driver_nn_nodes.so
[0.301s] -- Up-to-date: /home/leoni/oak_ws/install/depthai_ros_driver/lib/libdepthai_ros_driver_common.so
[0.301s] -- Up-to-date: /home/leoni/oak_ws/install/depthai_ros_driver/share/depthai_ros_driver/cmake/depthai_ros_driverTargets.cmake
[0.301s] -- Up-to-date: /home/leoni/oak_ws/install/depthai_ros_driver/share/depthai_ros_driver/cmake/depthai_ros_driverTargets-noconfig.cmake
[0.301s] -- Up-to-date: /home/leoni/oak_ws/install/depthai_ros_driver/lib/depthai_ros_driver/camera_node
[0.301s] -- Up-to-date: /home/leoni/oak_ws/install/depthai_ros_driver/share/depthai_ros_driver/environment/pythonpath.sh
[0.301s] -- Up-to-date: /home/leoni/oak_ws/install/depthai_ros_driver/share/depthai_ros_driver/environment/pythonpath.dsv
[0.301s] -- Up-to-date: /home/leoni/oak_ws/install/depthai_ros_driver/local/lib/python3.10/dist-packages/depthai_ros_driver-2.11.2-py3.10.egg-info
[0.301s] -- Installing: /home/leoni/oak_ws/install/depthai_ros_driver/local/lib/python3.10/dist-packages/depthai_ros_driver-2.11.2-py3.10.egg-info/top_level.txt
[0.301s] -- Installing: /home/leoni/oak_ws/install/depthai_ros_driver/local/lib/python3.10/dist-packages/depthai_ros_driver-2.11.2-py3.10.egg-info/PKG-INFO
[0.301s] -- Installing: /home/leoni/oak_ws/install/depthai_ros_driver/local/lib/python3.10/dist-packages/depthai_ros_driver-2.11.2-py3.10.egg-info/dependency_links.txt
[0.302s] -- Installing: /home/leoni/oak_ws/install/depthai_ros_driver/local/lib/python3.10/dist-packages/depthai_ros_driver-2.11.2-py3.10.egg-info/SOURCES.txt
[0.302s] -- Up-to-date: /home/leoni/oak_ws/install/depthai_ros_driver/local/lib/python3.10/dist-packages/depthai_ros_driver
[0.302s] -- Up-to-date: /home/leoni/oak_ws/install/depthai_ros_driver/local/lib/python3.10/dist-packages/depthai_ros_driver/__init__.py
[0.346s] Listing '/home/leoni/oak_ws/install/depthai_ros_driver/local/lib/python3.10/dist-packages/depthai_ros_driver'...
[0.350s] -- Up-to-date: /home/leoni/oak_ws/install/depthai_ros_driver/lib/depthai_ros_driver/obj_pub.py
[0.350s] -- Up-to-date: /home/leoni/oak_ws/install/depthai_ros_driver/include
[0.350s] -- Up-to-date: /home/leoni/oak_ws/install/depthai_ros_driver/include/depthai_ros_driver
[0.350s] -- Up-to-date: /home/leoni/oak_ws/install/depthai_ros_driver/include/depthai_ros_driver/pipeline
[0.350s] -- Up-to-date: /home/leoni/oak_ws/install/depthai_ros_driver/include/depthai_ros_driver/pipeline/pipeline_generator.hpp
[0.350s] -- Up-to-date: /home/leoni/oak_ws/install/depthai_ros_driver/include/depthai_ros_driver/pipeline/base_types.hpp
[0.350s] -- Up-to-date: /home/leoni/oak_ws/install/depthai_ros_driver/include/depthai_ros_driver/pipeline/base_pipeline.hpp
[0.350s] -- Up-to-date: /home/leoni/oak_ws/install/depthai_ros_driver/include/depthai_ros_driver/dai_nodes
[0.351s] -- Up-to-date: /home/leoni/oak_ws/install/depthai_ros_driver/include/depthai_ros_driver/dai_nodes/sys_logger.hpp
[0.351s] -- Up-to-date: /home/leoni/oak_ws/install/depthai_ros_driver/include/depthai_ros_driver/dai_nodes/base_node.hpp
[0.351s] -- Up-to-date: /home/leoni/oak_ws/install/depthai_ros_driver/include/depthai_ros_driver/dai_nodes/sensors
[0.351s] -- Up-to-date: /home/leoni/oak_ws/install/depthai_ros_driver/include/depthai_ros_driver/dai_nodes/sensors/sensor_wrapper.hpp
[0.351s] -- Up-to-date: /home/leoni/oak_ws/install/depthai_ros_driver/include/depthai_ros_driver/dai_nodes/sensors/sensor_helpers.hpp
[0.351s] -- Up-to-date: /home/leoni/oak_ws/install/depthai_ros_driver/include/depthai_ros_driver/dai_nodes/sensors/sync.hpp
[0.351s] -- Up-to-date: /home/leoni/oak_ws/install/depthai_ros_driver/include/depthai_ros_driver/dai_nodes/sensors/imu.hpp
[0.351s] -- Up-to-date: /home/leoni/oak_ws/install/depthai_ros_driver/include/depthai_ros_driver/dai_nodes/sensors/mono.hpp
[0.351s] -- Up-to-date: /home/leoni/oak_ws/install/depthai_ros_driver/include/depthai_ros_driver/dai_nodes/sensors/rgb.hpp
[0.351s] -- Up-to-date: /home/leoni/oak_ws/install/depthai_ros_driver/include/depthai_ros_driver/dai_nodes/sensors/feature_tracker.hpp
[0.351s] -- Up-to-date: /home/leoni/oak_ws/install/depthai_ros_driver/include/depthai_ros_driver/dai_nodes/sensors/img_pub.hpp
[0.352s] -- Up-to-date: /home/leoni/oak_ws/install/depthai_ros_driver/include/depthai_ros_driver/dai_nodes/sensors/tof.hpp
[0.352s] -- Up-to-date: /home/leoni/oak_ws/install/depthai_ros_driver/include/depthai_ros_driver/dai_nodes/sensors/stereo.hpp
[0.352s] -- Up-to-date: /home/leoni/oak_ws/install/depthai_ros_driver/include/depthai_ros_driver/dai_nodes/sensors/thermal.hpp
[0.352s] -- Up-to-date: /home/leoni/oak_ws/install/depthai_ros_driver/include/depthai_ros_driver/dai_nodes/nn
[0.352s] -- Up-to-date: /home/leoni/oak_ws/install/depthai_ros_driver/include/depthai_ros_driver/dai_nodes/nn/segmentation.hpp
[0.352s] -- Up-to-date: /home/leoni/oak_ws/install/depthai_ros_driver/include/depthai_ros_driver/dai_nodes/nn/nn_wrapper.hpp
[0.352s] -- Up-to-date: /home/leoni/oak_ws/install/depthai_ros_driver/include/depthai_ros_driver/dai_nodes/nn/detection.hpp
[0.352s] -- Up-to-date: /home/leoni/oak_ws/install/depthai_ros_driver/include/depthai_ros_driver/dai_nodes/nn/spatial_detection.hpp
[0.353s] -- Up-to-date: /home/leoni/oak_ws/install/depthai_ros_driver/include/depthai_ros_driver/dai_nodes/nn/nn_helpers.hpp
[0.353s] -- Up-to-date: /home/leoni/oak_ws/install/depthai_ros_driver/include/depthai_ros_driver/dai_nodes/nn/spatial_nn_wrapper.hpp
[0.353s] -- Up-to-date: /home/leoni/oak_ws/install/depthai_ros_driver/include/depthai_ros_driver/camera.hpp
[0.353s] -- Up-to-date: /home/leoni/oak_ws/install/depthai_ros_driver/include/depthai_ros_driver/utils.hpp
[0.353s] -- Up-to-date: /home/leoni/oak_ws/install/depthai_ros_driver/include/depthai_ros_driver/param_handlers
[0.353s] -- Up-to-date: /home/leoni/oak_ws/install/depthai_ros_driver/include/depthai_ros_driver/param_handlers/nn_param_handler.hpp
[0.353s] -- Up-to-date: /home/leoni/oak_ws/install/depthai_ros_driver/include/depthai_ros_driver/param_handlers/tof_param_handler.hpp
[0.353s] -- Up-to-date: /home/leoni/oak_ws/install/depthai_ros_driver/include/depthai_ros_driver/param_handlers/feature_tracker_param_handler.hpp
[0.353s] -- Up-to-date: /home/leoni/oak_ws/install/depthai_ros_driver/include/depthai_ros_driver/param_handlers/base_param_handler.hpp
[0.353s] -- Up-to-date: /home/leoni/oak_ws/install/depthai_ros_driver/include/depthai_ros_driver/param_handlers/stereo_param_handler.hpp
[0.354s] -- Up-to-date: /home/leoni/oak_ws/install/depthai_ros_driver/include/depthai_ros_driver/param_handlers/sync_param_handler.hpp
[0.354s] -- Up-to-date: /home/leoni/oak_ws/install/depthai_ros_driver/include/depthai_ros_driver/param_handlers/sensor_param_handler.hpp
[0.354s] -- Up-to-date: /home/leoni/oak_ws/install/depthai_ros_driver/include/depthai_ros_driver/param_handlers/pipeline_gen_param_handler.hpp
[0.354s] -- Up-to-date: /home/leoni/oak_ws/install/depthai_ros_driver/include/depthai_ros_driver/param_handlers/camera_param_handler.hpp
[0.354s] -- Up-to-date: /home/leoni/oak_ws/install/depthai_ros_driver/include/depthai_ros_driver/param_handlers/imu_param_handler.hpp
[0.354s] -- Up-to-date: /home/leoni/oak_ws/install/depthai_ros_driver/share/ament_index/resource_index/package_run_dependencies/depthai_ros_driver
[0.354s] -- Up-to-date: /home/leoni/oak_ws/install/depthai_ros_driver/share/ament_index/resource_index/parent_prefix_path/depthai_ros_driver
[0.354s] -- Up-to-date: /home/leoni/oak_ws/install/depthai_ros_driver/share/depthai_ros_driver/environment/ament_prefix_path.sh
[0.354s] -- Up-to-date: /home/leoni/oak_ws/install/depthai_ros_driver/share/depthai_ros_driver/environment/ament_prefix_path.dsv
[0.354s] -- Up-to-date: /home/leoni/oak_ws/install/depthai_ros_driver/share/depthai_ros_driver/environment/path.sh
[0.354s] -- Up-to-date: /home/leoni/oak_ws/install/depthai_ros_driver/share/depthai_ros_driver/environment/path.dsv
[0.354s] -- Up-to-date: /home/leoni/oak_ws/install/depthai_ros_driver/share/depthai_ros_driver/local_setup.bash
[0.354s] -- Up-to-date: /home/leoni/oak_ws/install/depthai_ros_driver/share/depthai_ros_driver/local_setup.sh
[0.354s] -- Up-to-date: /home/leoni/oak_ws/install/depthai_ros_driver/share/depthai_ros_driver/local_setup.zsh
[0.354s] -- Up-to-date: /home/leoni/oak_ws/install/depthai_ros_driver/share/depthai_ros_driver/local_setup.dsv
[0.354s] -- Installing: /home/leoni/oak_ws/install/depthai_ros_driver/share/depthai_ros_driver/package.dsv
[0.355s] -- Up-to-date: /home/leoni/oak_ws/install/depthai_ros_driver/share/ament_index/resource_index/packages/depthai_ros_driver
[0.355s] -- Up-to-date: /home/leoni/oak_ws/install/depthai_ros_driver/share/ament_index/resource_index/depthai_ros_driver__pluginlib__plugin/depthai_ros_driver
[0.355s] -- Up-to-date: /home/leoni/oak_ws/install/depthai_ros_driver/share/ament_index/resource_index/rclcpp_components/depthai_ros_driver
[0.355s] -- Up-to-date: /home/leoni/oak_ws/install/depthai_ros_driver/share/depthai_ros_driver/cmake/depthai_ros_driverTargetsExport.cmake
[0.355s] -- Up-to-date: /home/leoni/oak_ws/install/depthai_ros_driver/share/depthai_ros_driver/cmake/depthai_ros_driverTargetsExport-noconfig.cmake
[0.355s] -- Up-to-date: /home/leoni/oak_ws/install/depthai_ros_driver/share/depthai_ros_driver/cmake/ament_cmake_export_include_directories-extras.cmake
[0.355s] -- Up-to-date: /home/leoni/oak_ws/install/depthai_ros_driver/share/depthai_ros_driver/cmake/ament_cmake_export_targets-extras.cmake
[0.356s] -- Up-to-date: /home/leoni/oak_ws/install/depthai_ros_driver/share/depthai_ros_driver/cmake/ament_cmake_export_libraries-extras.cmake
[0.356s] -- Up-to-date: /home/leoni/oak_ws/install/depthai_ros_driver/share/depthai_ros_driver/cmake/ament_cmake_export_dependencies-extras.cmake
[0.356s] -- Up-to-date: /home/leoni/oak_ws/install/depthai_ros_driver/share/depthai_ros_driver/cmake/depthai_ros_driverConfig.cmake
[0.356s] -- Up-to-date: /home/leoni/oak_ws/install/depthai_ros_driver/share/depthai_ros_driver/cmake/depthai_ros_driverConfig-version.cmake
[0.356s] -- Up-to-date: /home/leoni/oak_ws/install/depthai_ros_driver/share/depthai_ros_driver/package.xml
[0.357s] Invoked command in '/home/leoni/oak_ws/build/depthai_ros_driver' returned '0': CMAKE_PREFIX_PATH=/home/leoni/oak_ws/install/depthai_bridge:/home/leoni/oak_ws/install/depthai_ros_msgs:/home/leoni/oak_ws/install/depthai_descriptions:/home/leoni/oak_ws/install/depthai-ros:/home/leoni/oak_ws/install/depthai_ros_driver:/home/leoni/oak_ws/install/depthai_filters:/home/leoni/oak_ws/install/leoni:/home/leoni/oak_ws/install/arldu:/opt/ros/humble GAZEBO_MODEL_PATH=/home/leoni/oak_ws/install/depthai_descriptions:${GAZEBO_MODEL_PATH} GAZEBO_RESOURCE_PATH=/home/leoni/oak_ws/install/depthai_descriptions:${GAZEBO_RESOURCE_PATH} IGN_GAZEBO_MODEL_PATH=/home/leoni/oak_ws/install/depthai_descriptions:${IGN_GAZEBO_MODEL_PATH} IGN_GAZEBO_RESOURCE_PATH=/home/leoni/oak_ws/install/depthai_descriptions:${IGN_GAZEBO_RESOURCE_PATH} LD_LIBRARY_PATH=/home/leoni/oak_ws/install/depthai_bridge/lib:/home/leoni/oak_ws/install/depthai_ros_msgs/lib:/home/leoni/oak_ws/install/depthai_ros_driver/lib:/home/leoni/oak_ws/install/depthai_filters/lib:/opt/ros/humble/opt/rviz_ogre_vendor/lib:/opt/ros/humble/lib/x86_64-linux-gnu:/opt/ros/humble/lib /usr/bin/cmake --install /home/leoni/oak_ws/build/depthai_ros_driver
