[0.017s] Invoking command in '/home/leoni/oak_ws/build/depthai_descriptions': CMAKE_PREFIX_PATH=${CMAKE_PREFIX_PATH}:/home/leoni/oak_ws/install/leoni:/opt/ros/humble /usr/bin/cmake --build /home/leoni/oak_ws/build/depthai_descriptions -- -j16 -l16
[0.200s] Invoked command in '/home/leoni/oak_ws/build/depthai_descriptions' returned '0': CMAKE_PREFIX_PATH=${CMAKE_PREFIX_PATH}:/home/leoni/oak_ws/install/leoni:/opt/ros/humble /usr/bin/cmake --build /home/leoni/oak_ws/build/depthai_descriptions -- -j16 -l16
[0.211s] Invoking command in '/home/leoni/oak_ws/build/depthai_descriptions': CMAKE_PREFIX_PATH=${CMAKE_PREFIX_PATH}:/home/leoni/oak_ws/install/leoni:/opt/ros/humble /usr/bin/cmake --install /home/leoni/oak_ws/build/depthai_descriptions
[0.215s] -- Install configuration: ""
[0.215s] -- Up-to-date: /home/leoni/oak_ws/install/depthai_descriptions/share/depthai_descriptions/launch
[0.215s] -- Up-to-date: /home/leoni/oak_ws/install/depthai_descriptions/share/depthai_descriptions/launch/urdf_launch.py
[0.215s] -- Up-to-date: /home/leoni/oak_ws/install/depthai_descriptions/share/depthai_descriptions/urdf
[0.215s] -- Up-to-date: /home/leoni/oak_ws/install/depthai_descriptions/share/depthai_descriptions/urdf/include
[0.215s] -- Up-to-date: /home/leoni/oak_ws/install/depthai_descriptions/share/depthai_descriptions/urdf/include/base_macro.urdf.xacro
[0.215s] -- Up-to-date: /home/leoni/oak_ws/install/depthai_descriptions/share/depthai_descriptions/urdf/include/depthai_macro.urdf.xacro
[0.215s] -- Up-to-date: /home/leoni/oak_ws/install/depthai_descriptions/share/depthai_descriptions/urdf/depthai_descr.urdf.xacro
[0.216s] -- Up-to-date: /home/leoni/oak_ws/install/depthai_descriptions/share/depthai_descriptions/urdf/models
[0.216s] -- Up-to-date: /home/leoni/oak_ws/install/depthai_descriptions/share/depthai_descriptions/urdf/models/OAK-D-SR.stl
[0.216s] -- Up-to-date: /home/leoni/oak_ws/install/depthai_descriptions/share/depthai_descriptions/urdf/models/OAK-D-SR-POE.stl
[0.216s] -- Up-to-date: /home/leoni/oak_ws/install/depthai_descriptions/share/depthai_descriptions/urdf/models/OAK-D-CM4-POE.stl
[0.216s] -- Up-to-date: /home/leoni/oak_ws/install/depthai_descriptions/share/depthai_descriptions/urdf/models/OAK-D-PRO-W.stl
[0.216s] -- Up-to-date: /home/leoni/oak_ws/install/depthai_descriptions/share/depthai_descriptions/urdf/models/OAK-D-S2.stl
[0.216s] -- Up-to-date: /home/leoni/oak_ws/install/depthai_descriptions/share/depthai_descriptions/urdf/models/OAK-D-LITE.stl
[0.216s] -- Up-to-date: /home/leoni/oak_ws/install/depthai_descriptions/share/depthai_descriptions/urdf/models/OAK-D-IOT-75.stl
[0.216s] -- Up-to-date: /home/leoni/oak_ws/install/depthai_descriptions/share/depthai_descriptions/urdf/models/OAK-D-S2-POE.stl
[0.216s] -- Up-to-date: /home/leoni/oak_ws/install/depthai_descriptions/share/depthai_descriptions/urdf/models/OAK-D-LR.stl
[0.216s] -- Up-to-date: /home/leoni/oak_ws/install/depthai_descriptions/share/depthai_descriptions/urdf/models/OAK-D-PRO.stl
[0.216s] -- Up-to-date: /home/leoni/oak_ws/install/depthai_descriptions/share/depthai_descriptions/urdf/models/OAK-T.stl
[0.216s] -- Up-to-date: /home/leoni/oak_ws/install/depthai_descriptions/share/depthai_descriptions/urdf/models/OAK-D-POE.stl
[0.216s] -- Up-to-date: /home/leoni/oak_ws/install/depthai_descriptions/share/depthai_descriptions/urdf/models/OAK-D.stl
[0.216s] -- Up-to-date: /home/leoni/oak_ws/install/depthai_descriptions/share/depthai_descriptions/urdf/base_descr.urdf.xacro
[0.216s] -- Up-to-date: /home/leoni/oak_ws/install/depthai_descriptions/share/depthai_descriptions/environment/depthai_descriptions.sh
[0.217s] -- Up-to-date: /home/leoni/oak_ws/install/depthai_descriptions/share/depthai_descriptions/environment/depthai_descriptions.dsv
[0.217s] -- Up-to-date: /home/leoni/oak_ws/install/depthai_descriptions/share/ament_index/resource_index/package_run_dependencies/depthai_descriptions
[0.217s] -- Up-to-date: /home/leoni/oak_ws/install/depthai_descriptions/share/ament_index/resource_index/parent_prefix_path/depthai_descriptions
[0.217s] -- Up-to-date: /home/leoni/oak_ws/install/depthai_descriptions/share/depthai_descriptions/environment/ament_prefix_path.sh
[0.217s] -- Up-to-date: /home/leoni/oak_ws/install/depthai_descriptions/share/depthai_descriptions/environment/ament_prefix_path.dsv
[0.217s] -- Up-to-date: /home/leoni/oak_ws/install/depthai_descriptions/share/depthai_descriptions/environment/path.sh
[0.217s] -- Up-to-date: /home/leoni/oak_ws/install/depthai_descriptions/share/depthai_descriptions/environment/path.dsv
[0.217s] -- Up-to-date: /home/leoni/oak_ws/install/depthai_descriptions/share/depthai_descriptions/local_setup.bash
[0.217s] -- Up-to-date: /home/leoni/oak_ws/install/depthai_descriptions/share/depthai_descriptions/local_setup.sh
[0.217s] -- Up-to-date: /home/leoni/oak_ws/install/depthai_descriptions/share/depthai_descriptions/local_setup.zsh
[0.217s] -- Up-to-date: /home/leoni/oak_ws/install/depthai_descriptions/share/depthai_descriptions/local_setup.dsv
[0.217s] -- Installing: /home/leoni/oak_ws/install/depthai_descriptions/share/depthai_descriptions/package.dsv
[0.217s] -- Up-to-date: /home/leoni/oak_ws/install/depthai_descriptions/share/ament_index/resource_index/packages/depthai_descriptions
[0.218s] -- Up-to-date: /home/leoni/oak_ws/install/depthai_descriptions/share/depthai_descriptions/cmake/depthai_descriptionsConfig.cmake
[0.218s] -- Up-to-date: /home/leoni/oak_ws/install/depthai_descriptions/share/depthai_descriptions/cmake/depthai_descriptionsConfig-version.cmake
[0.218s] -- Up-to-date: /home/leoni/oak_ws/install/depthai_descriptions/share/depthai_descriptions/package.xml
[0.218s] Invoked command in '/home/leoni/oak_ws/build/depthai_descriptions' returned '0': CMAKE_PREFIX_PATH=${CMAKE_PREFIX_PATH}:/home/leoni/oak_ws/install/leoni:/opt/ros/humble /usr/bin/cmake --install /home/leoni/oak_ws/build/depthai_descriptions
