[0.072s] DEBUG:colcon:Command line arguments: ['/usr/bin/colcon', 'build']
[0.072s] DEBUG:colcon:Parsed command line arguments: Namespace(log_base=None, log_level=None, verb_name='build', build_base='build', install_base='install', merge_install=False, symlink_install=False, test_result_base=None, continue_on_error=False, executor='parallel', parallel_workers=16, event_handlers=None, ignore_user_meta=False, metas=['./colcon.meta'], base_paths=['.'], packages_ignore=None, packages_ignore_regex=None, paths=None, packages_up_to=None, packages_up_to_regex=None, packages_above=None, packages_above_and_dependencies=None, packages_above_depth=None, packages_select_by_dep=None, packages_skip_by_dep=None, packages_skip_up_to=None, packages_select_build_failed=False, packages_skip_build_finished=False, packages_select_test_failures=False, packages_skip_test_passed=False, packages_select=None, packages_skip=None, packages_select_regex=None, packages_skip_regex=None, packages_start=None, packages_end=None, allow_overriding=[], cmake_args=None, cmake_target=None, cmake_target_skip_unavailable=False, cmake_clean_cache=False, cmake_clean_first=False, cmake_force_configure=False, ament_cmake_args=None, catkin_cmake_args=None, catkin_skip_building_tests=False, verb_parser=<colcon_defaults.argument_parser.defaults.DefaultArgumentsDecorator object at 0x73e90fc6cd60>, verb_extension=<colcon_core.verb.build.BuildVerb object at 0x73e90fd6a200>, main=<bound method BuildVerb.main of <colcon_core.verb.build.BuildVerb object at 0x73e90fd6a200>>)
[0.170s] Level 1:colcon.colcon_core.package_discovery:discover_packages(colcon_meta) check parameters
[0.170s] Level 1:colcon.colcon_core.package_discovery:discover_packages(recursive) check parameters
[0.170s] Level 1:colcon.colcon_core.package_discovery:discover_packages(ignore) check parameters
[0.170s] Level 1:colcon.colcon_core.package_discovery:discover_packages(path) check parameters
[0.170s] Level 1:colcon.colcon_core.package_discovery:discover_packages(colcon_meta) discover
[0.170s] Level 1:colcon.colcon_core.package_discovery:discover_packages(recursive) discover
[0.170s] INFO:colcon.colcon_core.package_discovery:Crawling recursively for packages in '/home/leoni/oak_ws'
[0.170s] Level 1:colcon.colcon_core.package_identification:_identify(.) by extensions ['ignore', 'ignore_ament_install']
[0.170s] Level 1:colcon.colcon_core.package_identification:_identify(.) by extension 'ignore'
[0.171s] Level 1:colcon.colcon_core.package_identification:_identify(.) by extension 'ignore_ament_install'
[0.171s] Level 1:colcon.colcon_core.package_identification:_identify(.) by extensions ['colcon_pkg']
[0.171s] Level 1:colcon.colcon_core.package_identification:_identify(.) by extension 'colcon_pkg'
[0.171s] Level 1:colcon.colcon_core.package_identification:_identify(.) by extensions ['colcon_meta']
[0.171s] Level 1:colcon.colcon_core.package_identification:_identify(.) by extension 'colcon_meta'
[0.171s] Level 1:colcon.colcon_core.package_identification:_identify(.) by extensions ['ros']
[0.171s] Level 1:colcon.colcon_core.package_identification:_identify(.) by extension 'ros'
[0.177s] Level 1:colcon.colcon_core.package_identification:_identify(.) by extensions ['cmake', 'python']
[0.177s] Level 1:colcon.colcon_core.package_identification:_identify(.) by extension 'cmake'
[0.177s] Level 1:colcon.colcon_core.package_identification:_identify(.) by extension 'python'
[0.177s] Level 1:colcon.colcon_core.package_identification:_identify(.) by extensions ['python_setup_py']
[0.177s] Level 1:colcon.colcon_core.package_identification:_identify(.) by extension 'python_setup_py'
[0.177s] Level 1:colcon.colcon_core.package_identification:_identify(build) by extensions ['ignore', 'ignore_ament_install']
[0.177s] Level 1:colcon.colcon_core.package_identification:_identify(build) by extension 'ignore'
[0.177s] Level 1:colcon.colcon_core.package_identification:_identify(build) ignored
[0.177s] Level 1:colcon.colcon_core.package_identification:_identify(install) by extensions ['ignore', 'ignore_ament_install']
[0.177s] Level 1:colcon.colcon_core.package_identification:_identify(install) by extension 'ignore'
[0.177s] Level 1:colcon.colcon_core.package_identification:_identify(install) ignored
[0.178s] Level 1:colcon.colcon_core.package_identification:_identify(log) by extensions ['ignore', 'ignore_ament_install']
[0.178s] Level 1:colcon.colcon_core.package_identification:_identify(log) by extension 'ignore'
[0.178s] Level 1:colcon.colcon_core.package_identification:_identify(log) ignored
[0.178s] Level 1:colcon.colcon_core.package_identification:_identify(src) by extensions ['ignore', 'ignore_ament_install']
[0.178s] Level 1:colcon.colcon_core.package_identification:_identify(src) by extension 'ignore'
[0.178s] Level 1:colcon.colcon_core.package_identification:_identify(src) by extension 'ignore_ament_install'
[0.178s] Level 1:colcon.colcon_core.package_identification:_identify(src) by extensions ['colcon_pkg']
[0.178s] Level 1:colcon.colcon_core.package_identification:_identify(src) by extension 'colcon_pkg'
[0.178s] Level 1:colcon.colcon_core.package_identification:_identify(src) by extensions ['colcon_meta']
[0.178s] Level 1:colcon.colcon_core.package_identification:_identify(src) by extension 'colcon_meta'
[0.178s] Level 1:colcon.colcon_core.package_identification:_identify(src) by extensions ['ros']
[0.178s] Level 1:colcon.colcon_core.package_identification:_identify(src) by extension 'ros'
[0.178s] Level 1:colcon.colcon_core.package_identification:_identify(src) by extensions ['cmake', 'python']
[0.178s] Level 1:colcon.colcon_core.package_identification:_identify(src) by extension 'cmake'
[0.178s] Level 1:colcon.colcon_core.package_identification:_identify(src) by extension 'python'
[0.178s] Level 1:colcon.colcon_core.package_identification:_identify(src) by extensions ['python_setup_py']
[0.178s] Level 1:colcon.colcon_core.package_identification:_identify(src) by extension 'python_setup_py'
[0.178s] Level 1:colcon.colcon_core.package_identification:_identify(src/depthai-ros) by extensions ['ignore', 'ignore_ament_install']
[0.178s] Level 1:colcon.colcon_core.package_identification:_identify(src/depthai-ros) by extension 'ignore'
[0.178s] Level 1:colcon.colcon_core.package_identification:_identify(src/depthai-ros) by extension 'ignore_ament_install'
[0.178s] Level 1:colcon.colcon_core.package_identification:_identify(src/depthai-ros) by extensions ['colcon_pkg']
[0.178s] Level 1:colcon.colcon_core.package_identification:_identify(src/depthai-ros) by extension 'colcon_pkg'
[0.178s] Level 1:colcon.colcon_core.package_identification:_identify(src/depthai-ros) by extensions ['colcon_meta']
[0.178s] Level 1:colcon.colcon_core.package_identification:_identify(src/depthai-ros) by extension 'colcon_meta'
[0.178s] Level 1:colcon.colcon_core.package_identification:_identify(src/depthai-ros) by extensions ['ros']
[0.178s] Level 1:colcon.colcon_core.package_identification:_identify(src/depthai-ros) by extension 'ros'
[0.178s] Level 1:colcon.colcon_core.package_identification:_identify(src/depthai-ros) by extensions ['cmake', 'python']
[0.178s] Level 1:colcon.colcon_core.package_identification:_identify(src/depthai-ros) by extension 'cmake'
[0.178s] Level 1:colcon.colcon_core.package_identification:_identify(src/depthai-ros) by extension 'python'
[0.178s] Level 1:colcon.colcon_core.package_identification:_identify(src/depthai-ros) by extensions ['python_setup_py']
[0.178s] Level 1:colcon.colcon_core.package_identification:_identify(src/depthai-ros) by extension 'python_setup_py'
[0.178s] Level 1:colcon.colcon_core.package_identification:_identify(src/depthai-ros/depthai-ros) by extensions ['ignore', 'ignore_ament_install']
[0.178s] Level 1:colcon.colcon_core.package_identification:_identify(src/depthai-ros/depthai-ros) by extension 'ignore'
[0.178s] Level 1:colcon.colcon_core.package_identification:_identify(src/depthai-ros/depthai-ros) by extension 'ignore_ament_install'
[0.179s] Level 1:colcon.colcon_core.package_identification:_identify(src/depthai-ros/depthai-ros) by extensions ['colcon_pkg']
[0.179s] Level 1:colcon.colcon_core.package_identification:_identify(src/depthai-ros/depthai-ros) by extension 'colcon_pkg'
[0.179s] Level 1:colcon.colcon_core.package_identification:_identify(src/depthai-ros/depthai-ros) by extensions ['colcon_meta']
[0.179s] Level 1:colcon.colcon_core.package_identification:_identify(src/depthai-ros/depthai-ros) by extension 'colcon_meta'
[0.179s] Level 1:colcon.colcon_core.package_identification:_identify(src/depthai-ros/depthai-ros) by extensions ['ros']
[0.179s] Level 1:colcon.colcon_core.package_identification:_identify(src/depthai-ros/depthai-ros) by extension 'ros'
[0.180s] DEBUG:colcon.colcon_core.package_identification:Package 'src/depthai-ros/depthai-ros' with type 'ros.ament_cmake' and name 'depthai-ros'
[0.180s] Level 1:colcon.colcon_core.package_identification:_identify(src/depthai-ros/depthai_bridge) by extensions ['ignore', 'ignore_ament_install']
[0.180s] Level 1:colcon.colcon_core.package_identification:_identify(src/depthai-ros/depthai_bridge) by extension 'ignore'
[0.180s] Level 1:colcon.colcon_core.package_identification:_identify(src/depthai-ros/depthai_bridge) by extension 'ignore_ament_install'
[0.180s] Level 1:colcon.colcon_core.package_identification:_identify(src/depthai-ros/depthai_bridge) by extensions ['colcon_pkg']
[0.180s] Level 1:colcon.colcon_core.package_identification:_identify(src/depthai-ros/depthai_bridge) by extension 'colcon_pkg'
[0.180s] Level 1:colcon.colcon_core.package_identification:_identify(src/depthai-ros/depthai_bridge) by extensions ['colcon_meta']
[0.180s] Level 1:colcon.colcon_core.package_identification:_identify(src/depthai-ros/depthai_bridge) by extension 'colcon_meta'
[0.180s] Level 1:colcon.colcon_core.package_identification:_identify(src/depthai-ros/depthai_bridge) by extensions ['ros']
[0.180s] Level 1:colcon.colcon_core.package_identification:_identify(src/depthai-ros/depthai_bridge) by extension 'ros'
[0.182s] DEBUG:colcon.colcon_core.package_identification:Package 'src/depthai-ros/depthai_bridge' with type 'ros.ament_cmake' and name 'depthai_bridge'
[0.182s] Level 1:colcon.colcon_core.package_identification:_identify(src/depthai-ros/depthai_descriptions) by extensions ['ignore', 'ignore_ament_install']
[0.182s] Level 1:colcon.colcon_core.package_identification:_identify(src/depthai-ros/depthai_descriptions) by extension 'ignore'
[0.182s] Level 1:colcon.colcon_core.package_identification:_identify(src/depthai-ros/depthai_descriptions) by extension 'ignore_ament_install'
[0.182s] Level 1:colcon.colcon_core.package_identification:_identify(src/depthai-ros/depthai_descriptions) by extensions ['colcon_pkg']
[0.182s] Level 1:colcon.colcon_core.package_identification:_identify(src/depthai-ros/depthai_descriptions) by extension 'colcon_pkg'
[0.182s] Level 1:colcon.colcon_core.package_identification:_identify(src/depthai-ros/depthai_descriptions) by extensions ['colcon_meta']
[0.182s] Level 1:colcon.colcon_core.package_identification:_identify(src/depthai-ros/depthai_descriptions) by extension 'colcon_meta'
[0.182s] Level 1:colcon.colcon_core.package_identification:_identify(src/depthai-ros/depthai_descriptions) by extensions ['ros']
[0.182s] Level 1:colcon.colcon_core.package_identification:_identify(src/depthai-ros/depthai_descriptions) by extension 'ros'
[0.182s] DEBUG:colcon.colcon_core.package_identification:Package 'src/depthai-ros/depthai_descriptions' with type 'ros.ament_cmake' and name 'depthai_descriptions'
[0.182s] Level 1:colcon.colcon_core.package_identification:_identify(src/depthai-ros/depthai_filters) by extensions ['ignore', 'ignore_ament_install']
[0.182s] Level 1:colcon.colcon_core.package_identification:_identify(src/depthai-ros/depthai_filters) by extension 'ignore'
[0.182s] Level 1:colcon.colcon_core.package_identification:_identify(src/depthai-ros/depthai_filters) by extension 'ignore_ament_install'
[0.182s] Level 1:colcon.colcon_core.package_identification:_identify(src/depthai-ros/depthai_filters) by extensions ['colcon_pkg']
[0.182s] Level 1:colcon.colcon_core.package_identification:_identify(src/depthai-ros/depthai_filters) by extension 'colcon_pkg'
[0.182s] Level 1:colcon.colcon_core.package_identification:_identify(src/depthai-ros/depthai_filters) by extensions ['colcon_meta']
[0.182s] Level 1:colcon.colcon_core.package_identification:_identify(src/depthai-ros/depthai_filters) by extension 'colcon_meta'
[0.182s] Level 1:colcon.colcon_core.package_identification:_identify(src/depthai-ros/depthai_filters) by extensions ['ros']
[0.182s] Level 1:colcon.colcon_core.package_identification:_identify(src/depthai-ros/depthai_filters) by extension 'ros'
[0.183s] DEBUG:colcon.colcon_core.package_identification:Package 'src/depthai-ros/depthai_filters' with type 'ros.ament_cmake' and name 'depthai_filters'
[0.183s] Level 1:colcon.colcon_core.package_identification:_identify(src/depthai-ros/depthai_ros_driver) by extensions ['ignore', 'ignore_ament_install']
[0.183s] Level 1:colcon.colcon_core.package_identification:_identify(src/depthai-ros/depthai_ros_driver) by extension 'ignore'
[0.183s] Level 1:colcon.colcon_core.package_identification:_identify(src/depthai-ros/depthai_ros_driver) by extension 'ignore_ament_install'
[0.183s] Level 1:colcon.colcon_core.package_identification:_identify(src/depthai-ros/depthai_ros_driver) by extensions ['colcon_pkg']
[0.183s] Level 1:colcon.colcon_core.package_identification:_identify(src/depthai-ros/depthai_ros_driver) by extension 'colcon_pkg'
[0.183s] Level 1:colcon.colcon_core.package_identification:_identify(src/depthai-ros/depthai_ros_driver) by extensions ['colcon_meta']
[0.183s] Level 1:colcon.colcon_core.package_identification:_identify(src/depthai-ros/depthai_ros_driver) by extension 'colcon_meta'
[0.183s] Level 1:colcon.colcon_core.package_identification:_identify(src/depthai-ros/depthai_ros_driver) by extensions ['ros']
[0.183s] Level 1:colcon.colcon_core.package_identification:_identify(src/depthai-ros/depthai_ros_driver) by extension 'ros'
[0.185s] DEBUG:colcon.colcon_core.package_identification:Package 'src/depthai-ros/depthai_ros_driver' with type 'ros.ament_cmake' and name 'depthai_ros_driver'
[0.185s] Level 1:colcon.colcon_core.package_identification:_identify(src/depthai-ros/depthai_ros_msgs) by extensions ['ignore', 'ignore_ament_install']
[0.185s] Level 1:colcon.colcon_core.package_identification:_identify(src/depthai-ros/depthai_ros_msgs) by extension 'ignore'
[0.185s] Level 1:colcon.colcon_core.package_identification:_identify(src/depthai-ros/depthai_ros_msgs) by extension 'ignore_ament_install'
[0.185s] Level 1:colcon.colcon_core.package_identification:_identify(src/depthai-ros/depthai_ros_msgs) by extensions ['colcon_pkg']
[0.185s] Level 1:colcon.colcon_core.package_identification:_identify(src/depthai-ros/depthai_ros_msgs) by extension 'colcon_pkg'
[0.185s] Level 1:colcon.colcon_core.package_identification:_identify(src/depthai-ros/depthai_ros_msgs) by extensions ['colcon_meta']
[0.185s] Level 1:colcon.colcon_core.package_identification:_identify(src/depthai-ros/depthai_ros_msgs) by extension 'colcon_meta'
[0.185s] Level 1:colcon.colcon_core.package_identification:_identify(src/depthai-ros/depthai_ros_msgs) by extensions ['ros']
[0.185s] Level 1:colcon.colcon_core.package_identification:_identify(src/depthai-ros/depthai_ros_msgs) by extension 'ros'
[0.185s] DEBUG:colcon.colcon_core.package_identification:Package 'src/depthai-ros/depthai_ros_msgs' with type 'ros.ament_cmake' and name 'depthai_ros_msgs'
[0.186s] Level 1:colcon.colcon_core.package_identification:_identify(src/leoni) by extensions ['ignore', 'ignore_ament_install']
[0.186s] Level 1:colcon.colcon_core.package_identification:_identify(src/leoni) by extension 'ignore'
[0.186s] Level 1:colcon.colcon_core.package_identification:_identify(src/leoni) by extension 'ignore_ament_install'
[0.186s] Level 1:colcon.colcon_core.package_identification:_identify(src/leoni) by extensions ['colcon_pkg']
[0.186s] Level 1:colcon.colcon_core.package_identification:_identify(src/leoni) by extension 'colcon_pkg'
[0.186s] Level 1:colcon.colcon_core.package_identification:_identify(src/leoni) by extensions ['colcon_meta']
[0.186s] Level 1:colcon.colcon_core.package_identification:_identify(src/leoni) by extension 'colcon_meta'
[0.186s] Level 1:colcon.colcon_core.package_identification:_identify(src/leoni) by extensions ['ros']
[0.186s] Level 1:colcon.colcon_core.package_identification:_identify(src/leoni) by extension 'ros'
[0.186s] DEBUG:colcon.colcon_core.package_identification:Package 'src/leoni' with type 'ros.ament_python' and name 'leoni'
[0.186s] Level 1:colcon.colcon_core.package_discovery:discover_packages(recursive) using defaults
[0.186s] Level 1:colcon.colcon_core.package_discovery:discover_packages(ignore) discover
[0.186s] Level 1:colcon.colcon_core.package_discovery:discover_packages(ignore) using defaults
[0.186s] Level 1:colcon.colcon_core.package_discovery:discover_packages(path) discover
[0.186s] Level 1:colcon.colcon_core.package_discovery:discover_packages(path) using defaults
[0.204s] Level 1:colcon.colcon_core.package_discovery:discover_packages(prefix_path) check parameters
[0.204s] Level 1:colcon.colcon_core.package_discovery:discover_packages(prefix_path) discover
[0.205s] DEBUG:colcon.colcon_installed_package_information.package_discovery:Found 7 installed packages in /home/leoni/oak_ws/install
[0.207s] DEBUG:colcon.colcon_installed_package_information.package_discovery:Found 365 installed packages in /opt/ros/humble
[0.208s] Level 1:colcon.colcon_core.package_discovery:discover_packages(prefix_path) using defaults
[0.234s] Level 5:colcon.colcon_core.verb:set package 'depthai_descriptions' build argument 'cmake_args' from command line to 'None'
[0.234s] Level 5:colcon.colcon_core.verb:set package 'depthai_descriptions' build argument 'cmake_target' from command line to 'None'
[0.234s] Level 5:colcon.colcon_core.verb:set package 'depthai_descriptions' build argument 'cmake_target_skip_unavailable' from command line to 'False'
[0.234s] Level 5:colcon.colcon_core.verb:set package 'depthai_descriptions' build argument 'cmake_clean_cache' from command line to 'False'
[0.234s] Level 5:colcon.colcon_core.verb:set package 'depthai_descriptions' build argument 'cmake_clean_first' from command line to 'False'
[0.234s] Level 5:colcon.colcon_core.verb:set package 'depthai_descriptions' build argument 'cmake_force_configure' from command line to 'False'
[0.234s] Level 5:colcon.colcon_core.verb:set package 'depthai_descriptions' build argument 'ament_cmake_args' from command line to 'None'
[0.234s] Level 5:colcon.colcon_core.verb:set package 'depthai_descriptions' build argument 'catkin_cmake_args' from command line to 'None'
[0.234s] Level 5:colcon.colcon_core.verb:set package 'depthai_descriptions' build argument 'catkin_skip_building_tests' from command line to 'False'
[0.234s] DEBUG:colcon.colcon_core.verb:Building package 'depthai_descriptions' with the following arguments: {'ament_cmake_args': None, 'build_base': '/home/leoni/oak_ws/build/depthai_descriptions', 'catkin_cmake_args': None, 'catkin_skip_building_tests': False, 'cmake_args': None, 'cmake_clean_cache': False, 'cmake_clean_first': False, 'cmake_force_configure': False, 'cmake_target': None, 'cmake_target_skip_unavailable': False, 'install_base': '/home/leoni/oak_ws/install/depthai_descriptions', 'merge_install': False, 'path': '/home/leoni/oak_ws/src/depthai-ros/depthai_descriptions', 'symlink_install': False, 'test_result_base': None}
[0.235s] Level 5:colcon.colcon_core.verb:set package 'depthai_ros_msgs' build argument 'cmake_args' from command line to 'None'
[0.235s] Level 5:colcon.colcon_core.verb:set package 'depthai_ros_msgs' build argument 'cmake_target' from command line to 'None'
[0.235s] Level 5:colcon.colcon_core.verb:set package 'depthai_ros_msgs' build argument 'cmake_target_skip_unavailable' from command line to 'False'
[0.235s] Level 5:colcon.colcon_core.verb:set package 'depthai_ros_msgs' build argument 'cmake_clean_cache' from command line to 'False'
[0.235s] Level 5:colcon.colcon_core.verb:set package 'depthai_ros_msgs' build argument 'cmake_clean_first' from command line to 'False'
[0.235s] Level 5:colcon.colcon_core.verb:set package 'depthai_ros_msgs' build argument 'cmake_force_configure' from command line to 'False'
[0.235s] Level 5:colcon.colcon_core.verb:set package 'depthai_ros_msgs' build argument 'ament_cmake_args' from command line to 'None'
[0.235s] Level 5:colcon.colcon_core.verb:set package 'depthai_ros_msgs' build argument 'catkin_cmake_args' from command line to 'None'
[0.235s] Level 5:colcon.colcon_core.verb:set package 'depthai_ros_msgs' build argument 'catkin_skip_building_tests' from command line to 'False'
[0.235s] DEBUG:colcon.colcon_core.verb:Building package 'depthai_ros_msgs' with the following arguments: {'ament_cmake_args': None, 'build_base': '/home/leoni/oak_ws/build/depthai_ros_msgs', 'catkin_cmake_args': None, 'catkin_skip_building_tests': False, 'cmake_args': None, 'cmake_clean_cache': False, 'cmake_clean_first': False, 'cmake_force_configure': False, 'cmake_target': None, 'cmake_target_skip_unavailable': False, 'install_base': '/home/leoni/oak_ws/install/depthai_ros_msgs', 'merge_install': False, 'path': '/home/leoni/oak_ws/src/depthai-ros/depthai_ros_msgs', 'symlink_install': False, 'test_result_base': None}
[0.235s] Level 5:colcon.colcon_core.verb:set package 'leoni' build argument 'cmake_args' from command line to 'None'
[0.235s] Level 5:colcon.colcon_core.verb:set package 'leoni' build argument 'cmake_target' from command line to 'None'
[0.235s] Level 5:colcon.colcon_core.verb:set package 'leoni' build argument 'cmake_target_skip_unavailable' from command line to 'False'
[0.235s] Level 5:colcon.colcon_core.verb:set package 'leoni' build argument 'cmake_clean_cache' from command line to 'False'
[0.235s] Level 5:colcon.colcon_core.verb:set package 'leoni' build argument 'cmake_clean_first' from command line to 'False'
[0.235s] Level 5:colcon.colcon_core.verb:set package 'leoni' build argument 'cmake_force_configure' from command line to 'False'
[0.235s] Level 5:colcon.colcon_core.verb:set package 'leoni' build argument 'ament_cmake_args' from command line to 'None'
[0.235s] Level 5:colcon.colcon_core.verb:set package 'leoni' build argument 'catkin_cmake_args' from command line to 'None'
[0.235s] Level 5:colcon.colcon_core.verb:set package 'leoni' build argument 'catkin_skip_building_tests' from command line to 'False'
[0.235s] DEBUG:colcon.colcon_core.verb:Building package 'leoni' with the following arguments: {'ament_cmake_args': None, 'build_base': '/home/leoni/oak_ws/build/leoni', 'catkin_cmake_args': None, 'catkin_skip_building_tests': False, 'cmake_args': None, 'cmake_clean_cache': False, 'cmake_clean_first': False, 'cmake_force_configure': False, 'cmake_target': None, 'cmake_target_skip_unavailable': False, 'install_base': '/home/leoni/oak_ws/install/leoni', 'merge_install': False, 'path': '/home/leoni/oak_ws/src/leoni', 'symlink_install': False, 'test_result_base': None}
[0.235s] Level 5:colcon.colcon_core.verb:set package 'depthai_bridge' build argument 'cmake_args' from command line to 'None'
[0.235s] Level 5:colcon.colcon_core.verb:set package 'depthai_bridge' build argument 'cmake_target' from command line to 'None'
[0.235s] Level 5:colcon.colcon_core.verb:set package 'depthai_bridge' build argument 'cmake_target_skip_unavailable' from command line to 'False'
[0.235s] Level 5:colcon.colcon_core.verb:set package 'depthai_bridge' build argument 'cmake_clean_cache' from command line to 'False'
[0.235s] Level 5:colcon.colcon_core.verb:set package 'depthai_bridge' build argument 'cmake_clean_first' from command line to 'False'
[0.235s] Level 5:colcon.colcon_core.verb:set package 'depthai_bridge' build argument 'cmake_force_configure' from command line to 'False'
[0.235s] Level 5:colcon.colcon_core.verb:set package 'depthai_bridge' build argument 'ament_cmake_args' from command line to 'None'
[0.235s] Level 5:colcon.colcon_core.verb:set package 'depthai_bridge' build argument 'catkin_cmake_args' from command line to 'None'
[0.235s] Level 5:colcon.colcon_core.verb:set package 'depthai_bridge' build argument 'catkin_skip_building_tests' from command line to 'False'
[0.235s] DEBUG:colcon.colcon_core.verb:Building package 'depthai_bridge' with the following arguments: {'ament_cmake_args': None, 'build_base': '/home/leoni/oak_ws/build/depthai_bridge', 'catkin_cmake_args': None, 'catkin_skip_building_tests': False, 'cmake_args': None, 'cmake_clean_cache': False, 'cmake_clean_first': False, 'cmake_force_configure': False, 'cmake_target': None, 'cmake_target_skip_unavailable': False, 'install_base': '/home/leoni/oak_ws/install/depthai_bridge', 'merge_install': False, 'path': '/home/leoni/oak_ws/src/depthai-ros/depthai_bridge', 'symlink_install': False, 'test_result_base': None}
[0.236s] Level 5:colcon.colcon_core.verb:set package 'depthai_filters' build argument 'cmake_args' from command line to 'None'
[0.236s] Level 5:colcon.colcon_core.verb:set package 'depthai_filters' build argument 'cmake_target' from command line to 'None'
[0.236s] Level 5:colcon.colcon_core.verb:set package 'depthai_filters' build argument 'cmake_target_skip_unavailable' from command line to 'False'
[0.236s] Level 5:colcon.colcon_core.verb:set package 'depthai_filters' build argument 'cmake_clean_cache' from command line to 'False'
[0.236s] Level 5:colcon.colcon_core.verb:set package 'depthai_filters' build argument 'cmake_clean_first' from command line to 'False'
[0.236s] Level 5:colcon.colcon_core.verb:set package 'depthai_filters' build argument 'cmake_force_configure' from command line to 'False'
[0.236s] Level 5:colcon.colcon_core.verb:set package 'depthai_filters' build argument 'ament_cmake_args' from command line to 'None'
[0.236s] Level 5:colcon.colcon_core.verb:set package 'depthai_filters' build argument 'catkin_cmake_args' from command line to 'None'
[0.236s] Level 5:colcon.colcon_core.verb:set package 'depthai_filters' build argument 'catkin_skip_building_tests' from command line to 'False'
[0.236s] DEBUG:colcon.colcon_core.verb:Building package 'depthai_filters' with the following arguments: {'ament_cmake_args': None, 'build_base': '/home/leoni/oak_ws/build/depthai_filters', 'catkin_cmake_args': None, 'catkin_skip_building_tests': False, 'cmake_args': None, 'cmake_clean_cache': False, 'cmake_clean_first': False, 'cmake_force_configure': False, 'cmake_target': None, 'cmake_target_skip_unavailable': False, 'install_base': '/home/leoni/oak_ws/install/depthai_filters', 'merge_install': False, 'path': '/home/leoni/oak_ws/src/depthai-ros/depthai_filters', 'symlink_install': False, 'test_result_base': None}
[0.236s] Level 5:colcon.colcon_core.verb:set package 'depthai_ros_driver' build argument 'cmake_args' from command line to 'None'
[0.236s] Level 5:colcon.colcon_core.verb:set package 'depthai_ros_driver' build argument 'cmake_target' from command line to 'None'
[0.236s] Level 5:colcon.colcon_core.verb:set package 'depthai_ros_driver' build argument 'cmake_target_skip_unavailable' from command line to 'False'
[0.236s] Level 5:colcon.colcon_core.verb:set package 'depthai_ros_driver' build argument 'cmake_clean_cache' from command line to 'False'
[0.236s] Level 5:colcon.colcon_core.verb:set package 'depthai_ros_driver' build argument 'cmake_clean_first' from command line to 'False'
[0.236s] Level 5:colcon.colcon_core.verb:set package 'depthai_ros_driver' build argument 'cmake_force_configure' from command line to 'False'
[0.236s] Level 5:colcon.colcon_core.verb:set package 'depthai_ros_driver' build argument 'ament_cmake_args' from command line to 'None'
[0.236s] Level 5:colcon.colcon_core.verb:set package 'depthai_ros_driver' build argument 'catkin_cmake_args' from command line to 'None'
[0.236s] Level 5:colcon.colcon_core.verb:set package 'depthai_ros_driver' build argument 'catkin_skip_building_tests' from command line to 'False'
[0.236s] DEBUG:colcon.colcon_core.verb:Building package 'depthai_ros_driver' with the following arguments: {'ament_cmake_args': None, 'build_base': '/home/leoni/oak_ws/build/depthai_ros_driver', 'catkin_cmake_args': None, 'catkin_skip_building_tests': False, 'cmake_args': None, 'cmake_clean_cache': False, 'cmake_clean_first': False, 'cmake_force_configure': False, 'cmake_target': None, 'cmake_target_skip_unavailable': False, 'install_base': '/home/leoni/oak_ws/install/depthai_ros_driver', 'merge_install': False, 'path': '/home/leoni/oak_ws/src/depthai-ros/depthai_ros_driver', 'symlink_install': False, 'test_result_base': None}
[0.236s] Level 5:colcon.colcon_core.verb:set package 'depthai-ros' build argument 'cmake_args' from command line to 'None'
[0.236s] Level 5:colcon.colcon_core.verb:set package 'depthai-ros' build argument 'cmake_target' from command line to 'None'
[0.236s] Level 5:colcon.colcon_core.verb:set package 'depthai-ros' build argument 'cmake_target_skip_unavailable' from command line to 'False'
[0.236s] Level 5:colcon.colcon_core.verb:set package 'depthai-ros' build argument 'cmake_clean_cache' from command line to 'False'
[0.236s] Level 5:colcon.colcon_core.verb:set package 'depthai-ros' build argument 'cmake_clean_first' from command line to 'False'
[0.236s] Level 5:colcon.colcon_core.verb:set package 'depthai-ros' build argument 'cmake_force_configure' from command line to 'False'
[0.236s] Level 5:colcon.colcon_core.verb:set package 'depthai-ros' build argument 'ament_cmake_args' from command line to 'None'
[0.236s] Level 5:colcon.colcon_core.verb:set package 'depthai-ros' build argument 'catkin_cmake_args' from command line to 'None'
[0.236s] Level 5:colcon.colcon_core.verb:set package 'depthai-ros' build argument 'catkin_skip_building_tests' from command line to 'False'
[0.236s] DEBUG:colcon.colcon_core.verb:Building package 'depthai-ros' with the following arguments: {'ament_cmake_args': None, 'build_base': '/home/leoni/oak_ws/build/depthai-ros', 'catkin_cmake_args': None, 'catkin_skip_building_tests': False, 'cmake_args': None, 'cmake_clean_cache': False, 'cmake_clean_first': False, 'cmake_force_configure': False, 'cmake_target': None, 'cmake_target_skip_unavailable': False, 'install_base': '/home/leoni/oak_ws/install/depthai-ros', 'merge_install': False, 'path': '/home/leoni/oak_ws/src/depthai-ros/depthai-ros', 'symlink_install': False, 'test_result_base': None}
[0.236s] INFO:colcon.colcon_core.executor:Executing jobs using 'parallel' executor
[0.237s] DEBUG:colcon.colcon_parallel_executor.executor.parallel:run_until_complete
[0.237s] INFO:colcon.colcon_ros.task.ament_cmake.build:Building ROS package in '/home/leoni/oak_ws/src/depthai-ros/depthai_ros_msgs' with build type 'ament_cmake'
[0.237s] INFO:colcon.colcon_cmake.task.cmake.build:Building CMake package in '/home/leoni/oak_ws/src/depthai-ros/depthai_ros_msgs'
[0.238s] INFO:colcon.colcon_core.plugin_system:Skipping extension 'colcon_core.shell.bat': Not used on non-Windows systems
[0.238s] INFO:colcon.colcon_core.shell:Skip shell extension 'powershell' for command environment: Not usable outside of PowerShell
[0.238s] DEBUG:colcon.colcon_core.shell:Skip shell extension 'dsv' for command environment
[0.241s] INFO:colcon.colcon_ros.task.ament_cmake.build:Building ROS package in '/home/leoni/oak_ws/src/depthai-ros/depthai_descriptions' with build type 'ament_cmake'
[0.241s] INFO:colcon.colcon_cmake.task.cmake.build:Building CMake package in '/home/leoni/oak_ws/src/depthai-ros/depthai_descriptions'
[0.241s] INFO:colcon.colcon_core.shell:Skip shell extension 'powershell' for command environment: Not usable outside of PowerShell
[0.241s] DEBUG:colcon.colcon_core.shell:Skip shell extension 'dsv' for command environment
[0.244s] INFO:colcon.colcon_ros.task.ament_python.build:Building ROS package in '/home/leoni/oak_ws/src/leoni' with build type 'ament_python'
[0.244s] Level 1:colcon.colcon_core.shell:create_environment_hook('leoni', 'ament_prefix_path')
[0.244s] INFO:colcon.colcon_core.shell:Creating environment hook '/home/leoni/oak_ws/install/leoni/share/leoni/hook/ament_prefix_path.ps1'
[0.244s] INFO:colcon.colcon_core.shell:Creating environment descriptor '/home/leoni/oak_ws/install/leoni/share/leoni/hook/ament_prefix_path.dsv'
[0.245s] INFO:colcon.colcon_core.shell:Creating environment hook '/home/leoni/oak_ws/install/leoni/share/leoni/hook/ament_prefix_path.sh'
[0.245s] INFO:colcon.colcon_core.shell:Skip shell extension 'powershell' for command environment: Not usable outside of PowerShell
[0.245s] DEBUG:colcon.colcon_core.shell:Skip shell extension 'dsv' for command environment
[0.253s] DEBUG:colcon.colcon_core.event_handler.log_command:Invoking command in '/home/leoni/oak_ws/build/depthai_ros_msgs': CMAKE_PREFIX_PATH=${CMAKE_PREFIX_PATH}:/home/leoni/oak_ws/install/leoni:/opt/ros/humble /usr/bin/cmake --build /home/leoni/oak_ws/build/depthai_ros_msgs -- -j16 -l16
[0.258s] DEBUG:colcon.colcon_core.event_handler.log_command:Invoking command in '/home/leoni/oak_ws/build/depthai_descriptions': CMAKE_PREFIX_PATH=${CMAKE_PREFIX_PATH}:/home/leoni/oak_ws/install/leoni:/opt/ros/humble /usr/bin/cmake --build /home/leoni/oak_ws/build/depthai_descriptions -- -j16 -l16
[0.440s] INFO:colcon.colcon_core.task.python.build:Building Python package in '/home/leoni/oak_ws/src/leoni'
[0.440s] INFO:colcon.colcon_core.shell:Skip shell extension 'powershell' for command environment: Not usable outside of PowerShell
[0.440s] DEBUG:colcon.colcon_core.shell:Skip shell extension 'dsv' for command environment
[0.444s] DEBUG:colcon.colcon_core.event_handler.log_command:Invoked command in '/home/leoni/oak_ws/build/depthai_descriptions' returned '0': CMAKE_PREFIX_PATH=${CMAKE_PREFIX_PATH}:/home/leoni/oak_ws/install/leoni:/opt/ros/humble /usr/bin/cmake --build /home/leoni/oak_ws/build/depthai_descriptions -- -j16 -l16
[0.454s] DEBUG:colcon.colcon_core.event_handler.log_command:Invoking command in '/home/leoni/oak_ws/build/depthai_descriptions': CMAKE_PREFIX_PATH=${CMAKE_PREFIX_PATH}:/home/leoni/oak_ws/install/leoni:/opt/ros/humble /usr/bin/cmake --install /home/leoni/oak_ws/build/depthai_descriptions
[0.460s] Level 1:colcon.colcon_core.environment:create_environment_scripts_only(depthai_descriptions)
[0.461s] DEBUG:colcon.colcon_core.event_handler.log_command:Invoked command in '/home/leoni/oak_ws/build/depthai_descriptions' returned '0': CMAKE_PREFIX_PATH=${CMAKE_PREFIX_PATH}:/home/leoni/oak_ws/install/leoni:/opt/ros/humble /usr/bin/cmake --install /home/leoni/oak_ws/build/depthai_descriptions
[0.462s] Level 1:colcon.colcon_core.environment:checking '/home/leoni/oak_ws/install/depthai_descriptions' for CMake module files
[0.462s] Level 1:colcon.colcon_core.environment:checking '/home/leoni/oak_ws/install/depthai_descriptions' for CMake config files
[0.462s] Level 1:colcon.colcon_core.shell:create_environment_hook('depthai_descriptions', 'cmake_prefix_path')
[0.463s] INFO:colcon.colcon_core.shell:Creating environment hook '/home/leoni/oak_ws/install/depthai_descriptions/share/depthai_descriptions/hook/cmake_prefix_path.ps1'
[0.463s] INFO:colcon.colcon_core.shell:Creating environment descriptor '/home/leoni/oak_ws/install/depthai_descriptions/share/depthai_descriptions/hook/cmake_prefix_path.dsv'
[0.463s] INFO:colcon.colcon_core.shell:Creating environment hook '/home/leoni/oak_ws/install/depthai_descriptions/share/depthai_descriptions/hook/cmake_prefix_path.sh'
[0.464s] Level 1:colcon.colcon_core.environment:checking '/home/leoni/oak_ws/install/depthai_descriptions/bin'
[0.464s] Level 1:colcon.colcon_core.environment:checking '/home/leoni/oak_ws/install/depthai_descriptions/lib/pkgconfig/depthai_descriptions.pc'
[0.464s] Level 1:colcon.colcon_core.environment:checking '/home/leoni/oak_ws/install/depthai_descriptions/lib/python3.10/site-packages'
[0.464s] Level 1:colcon.colcon_core.environment:checking '/home/leoni/oak_ws/install/depthai_descriptions/bin'
[0.464s] INFO:colcon.colcon_core.shell:Creating package script '/home/leoni/oak_ws/install/depthai_descriptions/share/depthai_descriptions/package.ps1'
[0.464s] INFO:colcon.colcon_core.shell:Creating package descriptor '/home/leoni/oak_ws/install/depthai_descriptions/share/depthai_descriptions/package.dsv'
[0.465s] INFO:colcon.colcon_core.shell:Creating package script '/home/leoni/oak_ws/install/depthai_descriptions/share/depthai_descriptions/package.sh'
[0.465s] INFO:colcon.colcon_core.shell:Creating package script '/home/leoni/oak_ws/install/depthai_descriptions/share/depthai_descriptions/package.bash'
[0.466s] INFO:colcon.colcon_core.shell:Creating package script '/home/leoni/oak_ws/install/depthai_descriptions/share/depthai_descriptions/package.zsh'
[0.466s] Level 1:colcon.colcon_core.environment:create_file_with_runtime_dependencies(/home/leoni/oak_ws/install/depthai_descriptions/share/colcon-core/packages/depthai_descriptions)
[0.467s] Level 1:colcon.colcon_core.environment:create_environment_scripts_only(depthai_descriptions)
[0.467s] Level 1:colcon.colcon_core.environment:checking '/home/leoni/oak_ws/install/depthai_descriptions' for CMake module files
[0.467s] Level 1:colcon.colcon_core.environment:checking '/home/leoni/oak_ws/install/depthai_descriptions' for CMake config files
[0.467s] Level 1:colcon.colcon_core.shell:create_environment_hook('depthai_descriptions', 'cmake_prefix_path')
[0.467s] INFO:colcon.colcon_core.shell:Creating environment hook '/home/leoni/oak_ws/install/depthai_descriptions/share/depthai_descriptions/hook/cmake_prefix_path.ps1'
[0.468s] INFO:colcon.colcon_core.shell:Creating environment descriptor '/home/leoni/oak_ws/install/depthai_descriptions/share/depthai_descriptions/hook/cmake_prefix_path.dsv'
[0.468s] INFO:colcon.colcon_core.shell:Creating environment hook '/home/leoni/oak_ws/install/depthai_descriptions/share/depthai_descriptions/hook/cmake_prefix_path.sh'
[0.468s] Level 1:colcon.colcon_core.environment:checking '/home/leoni/oak_ws/install/depthai_descriptions/bin'
[0.468s] Level 1:colcon.colcon_core.environment:checking '/home/leoni/oak_ws/install/depthai_descriptions/lib/pkgconfig/depthai_descriptions.pc'
[0.468s] Level 1:colcon.colcon_core.environment:checking '/home/leoni/oak_ws/install/depthai_descriptions/lib/python3.10/site-packages'
[0.468s] Level 1:colcon.colcon_core.environment:checking '/home/leoni/oak_ws/install/depthai_descriptions/bin'
[0.469s] INFO:colcon.colcon_core.shell:Creating package script '/home/leoni/oak_ws/install/depthai_descriptions/share/depthai_descriptions/package.ps1'
[0.469s] INFO:colcon.colcon_core.shell:Creating package descriptor '/home/leoni/oak_ws/install/depthai_descriptions/share/depthai_descriptions/package.dsv'
[0.469s] INFO:colcon.colcon_core.shell:Creating package script '/home/leoni/oak_ws/install/depthai_descriptions/share/depthai_descriptions/package.sh'
[0.469s] INFO:colcon.colcon_core.shell:Creating package script '/home/leoni/oak_ws/install/depthai_descriptions/share/depthai_descriptions/package.bash'
[0.470s] INFO:colcon.colcon_core.shell:Creating package script '/home/leoni/oak_ws/install/depthai_descriptions/share/depthai_descriptions/package.zsh'
[0.470s] Level 1:colcon.colcon_core.environment:create_file_with_runtime_dependencies(/home/leoni/oak_ws/install/depthai_descriptions/share/colcon-core/packages/depthai_descriptions)
[0.504s] DEBUG:colcon.colcon_core.event_handler.log_command:Invoked command in '/home/leoni/oak_ws/build/depthai_ros_msgs' returned '0': CMAKE_PREFIX_PATH=${CMAKE_PREFIX_PATH}:/home/leoni/oak_ws/install/leoni:/opt/ros/humble /usr/bin/cmake --build /home/leoni/oak_ws/build/depthai_ros_msgs -- -j16 -l16
[0.506s] DEBUG:colcon.colcon_core.event_handler.log_command:Invoking command in '/home/leoni/oak_ws/build/depthai_ros_msgs': CMAKE_PREFIX_PATH=${CMAKE_PREFIX_PATH}:/home/leoni/oak_ws/install/leoni:/opt/ros/humble /usr/bin/cmake --install /home/leoni/oak_ws/build/depthai_ros_msgs
[0.546s] Level 1:colcon.colcon_core.environment:create_environment_scripts_only(depthai_ros_msgs)
[0.546s] Level 1:colcon.colcon_core.environment:checking '/home/leoni/oak_ws/install/depthai_ros_msgs' for CMake module files
[0.546s] DEBUG:colcon.colcon_core.event_handler.log_command:Invoked command in '/home/leoni/oak_ws/build/depthai_ros_msgs' returned '0': CMAKE_PREFIX_PATH=${CMAKE_PREFIX_PATH}:/home/leoni/oak_ws/install/leoni:/opt/ros/humble /usr/bin/cmake --install /home/leoni/oak_ws/build/depthai_ros_msgs
[0.547s] Level 1:colcon.colcon_core.environment:checking '/home/leoni/oak_ws/install/depthai_ros_msgs' for CMake config files
[0.547s] Level 1:colcon.colcon_core.shell:create_environment_hook('depthai_ros_msgs', 'cmake_prefix_path')
[0.547s] INFO:colcon.colcon_core.shell:Creating environment hook '/home/leoni/oak_ws/install/depthai_ros_msgs/share/depthai_ros_msgs/hook/cmake_prefix_path.ps1'
[0.548s] INFO:colcon.colcon_core.shell:Creating environment descriptor '/home/leoni/oak_ws/install/depthai_ros_msgs/share/depthai_ros_msgs/hook/cmake_prefix_path.dsv'
[0.548s] INFO:colcon.colcon_core.shell:Creating environment hook '/home/leoni/oak_ws/install/depthai_ros_msgs/share/depthai_ros_msgs/hook/cmake_prefix_path.sh'
[0.549s] Level 1:colcon.colcon_core.environment:checking '/home/leoni/oak_ws/install/depthai_ros_msgs/lib'
[0.549s] Level 1:colcon.colcon_core.shell:create_environment_hook('depthai_ros_msgs', 'ld_library_path_lib')
[0.549s] INFO:colcon.colcon_core.shell:Creating environment hook '/home/leoni/oak_ws/install/depthai_ros_msgs/share/depthai_ros_msgs/hook/ld_library_path_lib.ps1'
[0.550s] INFO:colcon.colcon_core.shell:Creating environment descriptor '/home/leoni/oak_ws/install/depthai_ros_msgs/share/depthai_ros_msgs/hook/ld_library_path_lib.dsv'
[0.550s] INFO:colcon.colcon_core.shell:Creating environment hook '/home/leoni/oak_ws/install/depthai_ros_msgs/share/depthai_ros_msgs/hook/ld_library_path_lib.sh'
[0.550s] Level 1:colcon.colcon_core.environment:checking '/home/leoni/oak_ws/install/depthai_ros_msgs/bin'
[0.551s] Level 1:colcon.colcon_core.environment:checking '/home/leoni/oak_ws/install/depthai_ros_msgs/lib/pkgconfig/depthai_ros_msgs.pc'
[0.551s] Level 1:colcon.colcon_core.environment:checking '/home/leoni/oak_ws/install/depthai_ros_msgs/lib/python3.10/site-packages'
[0.551s] Level 1:colcon.colcon_core.environment:checking '/home/leoni/oak_ws/install/depthai_ros_msgs/bin'
[0.551s] INFO:colcon.colcon_core.shell:Creating package script '/home/leoni/oak_ws/install/depthai_ros_msgs/share/depthai_ros_msgs/package.ps1'
[0.552s] INFO:colcon.colcon_core.shell:Creating package descriptor '/home/leoni/oak_ws/install/depthai_ros_msgs/share/depthai_ros_msgs/package.dsv'
[0.553s] INFO:colcon.colcon_core.shell:Creating package script '/home/leoni/oak_ws/install/depthai_ros_msgs/share/depthai_ros_msgs/package.sh'
[0.553s] INFO:colcon.colcon_core.shell:Creating package script '/home/leoni/oak_ws/install/depthai_ros_msgs/share/depthai_ros_msgs/package.bash'
[0.553s] INFO:colcon.colcon_core.shell:Creating package script '/home/leoni/oak_ws/install/depthai_ros_msgs/share/depthai_ros_msgs/package.zsh'
[0.554s] Level 1:colcon.colcon_core.environment:create_file_with_runtime_dependencies(/home/leoni/oak_ws/install/depthai_ros_msgs/share/colcon-core/packages/depthai_ros_msgs)
[0.554s] Level 1:colcon.colcon_core.environment:create_environment_scripts_only(depthai_ros_msgs)
[0.554s] Level 1:colcon.colcon_core.environment:checking '/home/leoni/oak_ws/install/depthai_ros_msgs' for CMake module files
[0.555s] Level 1:colcon.colcon_core.environment:checking '/home/leoni/oak_ws/install/depthai_ros_msgs' for CMake config files
[0.556s] Level 1:colcon.colcon_core.shell:create_environment_hook('depthai_ros_msgs', 'cmake_prefix_path')
[0.556s] INFO:colcon.colcon_core.shell:Creating environment hook '/home/leoni/oak_ws/install/depthai_ros_msgs/share/depthai_ros_msgs/hook/cmake_prefix_path.ps1'
[0.557s] INFO:colcon.colcon_core.shell:Creating environment descriptor '/home/leoni/oak_ws/install/depthai_ros_msgs/share/depthai_ros_msgs/hook/cmake_prefix_path.dsv'
[0.557s] INFO:colcon.colcon_core.shell:Creating environment hook '/home/leoni/oak_ws/install/depthai_ros_msgs/share/depthai_ros_msgs/hook/cmake_prefix_path.sh'
[0.557s] Level 1:colcon.colcon_core.environment:checking '/home/leoni/oak_ws/install/depthai_ros_msgs/lib'
[0.557s] Level 1:colcon.colcon_core.shell:create_environment_hook('depthai_ros_msgs', 'ld_library_path_lib')
[0.557s] INFO:colcon.colcon_core.shell:Creating environment hook '/home/leoni/oak_ws/install/depthai_ros_msgs/share/depthai_ros_msgs/hook/ld_library_path_lib.ps1'
[0.558s] INFO:colcon.colcon_core.shell:Creating environment descriptor '/home/leoni/oak_ws/install/depthai_ros_msgs/share/depthai_ros_msgs/hook/ld_library_path_lib.dsv'
[0.558s] INFO:colcon.colcon_core.shell:Creating environment hook '/home/leoni/oak_ws/install/depthai_ros_msgs/share/depthai_ros_msgs/hook/ld_library_path_lib.sh'
[0.558s] Level 1:colcon.colcon_core.environment:checking '/home/leoni/oak_ws/install/depthai_ros_msgs/bin'
[0.558s] Level 1:colcon.colcon_core.environment:checking '/home/leoni/oak_ws/install/depthai_ros_msgs/lib/pkgconfig/depthai_ros_msgs.pc'
[0.558s] Level 1:colcon.colcon_core.environment:checking '/home/leoni/oak_ws/install/depthai_ros_msgs/lib/python3.10/site-packages'
[0.558s] Level 1:colcon.colcon_core.environment:checking '/home/leoni/oak_ws/install/depthai_ros_msgs/bin'
[0.559s] INFO:colcon.colcon_core.shell:Creating package script '/home/leoni/oak_ws/install/depthai_ros_msgs/share/depthai_ros_msgs/package.ps1'
[0.559s] INFO:colcon.colcon_core.shell:Creating package descriptor '/home/leoni/oak_ws/install/depthai_ros_msgs/share/depthai_ros_msgs/package.dsv'
[0.559s] INFO:colcon.colcon_core.shell:Creating package script '/home/leoni/oak_ws/install/depthai_ros_msgs/share/depthai_ros_msgs/package.sh'
[0.559s] INFO:colcon.colcon_core.shell:Creating package script '/home/leoni/oak_ws/install/depthai_ros_msgs/share/depthai_ros_msgs/package.bash'
[0.560s] INFO:colcon.colcon_core.shell:Creating package script '/home/leoni/oak_ws/install/depthai_ros_msgs/share/depthai_ros_msgs/package.zsh'
[0.560s] Level 1:colcon.colcon_core.environment:create_file_with_runtime_dependencies(/home/leoni/oak_ws/install/depthai_ros_msgs/share/colcon-core/packages/depthai_ros_msgs)
[0.560s] INFO:colcon.colcon_ros.task.ament_cmake.build:Building ROS package in '/home/leoni/oak_ws/src/depthai-ros/depthai_bridge' with build type 'ament_cmake'
[0.560s] INFO:colcon.colcon_cmake.task.cmake.build:Building CMake package in '/home/leoni/oak_ws/src/depthai-ros/depthai_bridge'
[0.561s] INFO:colcon.colcon_core.shell:Skip shell extension 'powershell' for command environment: Not usable outside of PowerShell
[0.561s] DEBUG:colcon.colcon_core.shell:Skip shell extension 'dsv' for command environment
[0.563s] INFO:colcon.colcon_ros.task.ament_cmake.build:Building ROS package in '/home/leoni/oak_ws/src/depthai-ros/depthai_filters' with build type 'ament_cmake'
[0.563s] INFO:colcon.colcon_cmake.task.cmake.build:Building CMake package in '/home/leoni/oak_ws/src/depthai-ros/depthai_filters'
[0.563s] INFO:colcon.colcon_core.shell:Skip shell extension 'powershell' for command environment: Not usable outside of PowerShell
[0.563s] DEBUG:colcon.colcon_core.shell:Skip shell extension 'dsv' for command environment
[0.568s] DEBUG:colcon.colcon_core.event_handler.log_command:Invoking command in '/home/leoni/oak_ws/build/depthai_bridge': CMAKE_PREFIX_PATH=/home/leoni/oak_ws/install/depthai_ros_msgs:/home/leoni/oak_ws/install/depthai-ros:/home/leoni/oak_ws/install/depthai_ros_driver:/home/leoni/oak_ws/install/depthai_filters:/home/leoni/oak_ws/install/depthai_bridge:/home/leoni/oak_ws/install/depthai_descriptions:/home/leoni/oak_ws/install/leoni:/opt/ros/humble LD_LIBRARY_PATH=/home/leoni/oak_ws/install/depthai_ros_msgs/lib:/home/leoni/oak_ws/install/depthai_ros_driver/lib:/home/leoni/oak_ws/install/depthai_filters/lib:/home/leoni/oak_ws/install/depthai_bridge/lib:/opt/ros/humble/opt/rviz_ogre_vendor/lib:/opt/ros/humble/lib/x86_64-linux-gnu:/opt/ros/humble/lib /usr/bin/cmake --build /home/leoni/oak_ws/build/depthai_bridge -- -j16 -l16
[0.571s] DEBUG:colcon.colcon_core.event_handler.log_command:Invoking command in '/home/leoni/oak_ws/build/depthai_filters': CMAKE_PREFIX_PATH=/home/leoni/oak_ws/install/depthai_ros_msgs:/home/leoni/oak_ws/install/depthai-ros:/home/leoni/oak_ws/install/depthai_ros_driver:/home/leoni/oak_ws/install/depthai_filters:/home/leoni/oak_ws/install/depthai_bridge:/home/leoni/oak_ws/install/depthai_descriptions:/home/leoni/oak_ws/install/leoni:/opt/ros/humble LD_LIBRARY_PATH=/home/leoni/oak_ws/install/depthai_ros_msgs/lib:/home/leoni/oak_ws/install/depthai_ros_driver/lib:/home/leoni/oak_ws/install/depthai_filters/lib:/home/leoni/oak_ws/install/depthai_bridge/lib:/opt/ros/humble/opt/rviz_ogre_vendor/lib:/opt/ros/humble/lib/x86_64-linux-gnu:/opt/ros/humble/lib /usr/bin/cmake --build /home/leoni/oak_ws/build/depthai_filters -- -j16 -l16
[0.626s] DEBUG:colcon.colcon_core.event_handler.log_command:Invoked command in '/home/leoni/oak_ws/build/depthai_bridge' returned '0': CMAKE_PREFIX_PATH=/home/leoni/oak_ws/install/depthai_ros_msgs:/home/leoni/oak_ws/install/depthai-ros:/home/leoni/oak_ws/install/depthai_ros_driver:/home/leoni/oak_ws/install/depthai_filters:/home/leoni/oak_ws/install/depthai_bridge:/home/leoni/oak_ws/install/depthai_descriptions:/home/leoni/oak_ws/install/leoni:/opt/ros/humble LD_LIBRARY_PATH=/home/leoni/oak_ws/install/depthai_ros_msgs/lib:/home/leoni/oak_ws/install/depthai_ros_driver/lib:/home/leoni/oak_ws/install/depthai_filters/lib:/home/leoni/oak_ws/install/depthai_bridge/lib:/opt/ros/humble/opt/rviz_ogre_vendor/lib:/opt/ros/humble/lib/x86_64-linux-gnu:/opt/ros/humble/lib /usr/bin/cmake --build /home/leoni/oak_ws/build/depthai_bridge -- -j16 -l16
[0.628s] DEBUG:colcon.colcon_core.event_handler.log_command:Invoking command in '/home/leoni/oak_ws/build/depthai_bridge': CMAKE_PREFIX_PATH=/home/leoni/oak_ws/install/depthai_ros_msgs:/home/leoni/oak_ws/install/depthai-ros:/home/leoni/oak_ws/install/depthai_ros_driver:/home/leoni/oak_ws/install/depthai_filters:/home/leoni/oak_ws/install/depthai_bridge:/home/leoni/oak_ws/install/depthai_descriptions:/home/leoni/oak_ws/install/leoni:/opt/ros/humble LD_LIBRARY_PATH=/home/leoni/oak_ws/install/depthai_ros_msgs/lib:/home/leoni/oak_ws/install/depthai_ros_driver/lib:/home/leoni/oak_ws/install/depthai_filters/lib:/home/leoni/oak_ws/install/depthai_bridge/lib:/opt/ros/humble/opt/rviz_ogre_vendor/lib:/opt/ros/humble/lib/x86_64-linux-gnu:/opt/ros/humble/lib /usr/bin/cmake --install /home/leoni/oak_ws/build/depthai_bridge
[0.628s] DEBUG:colcon.colcon_core.event_handler.log_command:Invoked command in '/home/leoni/oak_ws/build/depthai_filters' returned '0': CMAKE_PREFIX_PATH=/home/leoni/oak_ws/install/depthai_ros_msgs:/home/leoni/oak_ws/install/depthai-ros:/home/leoni/oak_ws/install/depthai_ros_driver:/home/leoni/oak_ws/install/depthai_filters:/home/leoni/oak_ws/install/depthai_bridge:/home/leoni/oak_ws/install/depthai_descriptions:/home/leoni/oak_ws/install/leoni:/opt/ros/humble LD_LIBRARY_PATH=/home/leoni/oak_ws/install/depthai_ros_msgs/lib:/home/leoni/oak_ws/install/depthai_ros_driver/lib:/home/leoni/oak_ws/install/depthai_filters/lib:/home/leoni/oak_ws/install/depthai_bridge/lib:/opt/ros/humble/opt/rviz_ogre_vendor/lib:/opt/ros/humble/lib/x86_64-linux-gnu:/opt/ros/humble/lib /usr/bin/cmake --build /home/leoni/oak_ws/build/depthai_filters -- -j16 -l16
[0.630s] DEBUG:colcon.colcon_core.event_handler.log_command:Invoking command in '/home/leoni/oak_ws/build/depthai_filters': CMAKE_PREFIX_PATH=/home/leoni/oak_ws/install/depthai_ros_msgs:/home/leoni/oak_ws/install/depthai-ros:/home/leoni/oak_ws/install/depthai_ros_driver:/home/leoni/oak_ws/install/depthai_filters:/home/leoni/oak_ws/install/depthai_bridge:/home/leoni/oak_ws/install/depthai_descriptions:/home/leoni/oak_ws/install/leoni:/opt/ros/humble LD_LIBRARY_PATH=/home/leoni/oak_ws/install/depthai_ros_msgs/lib:/home/leoni/oak_ws/install/depthai_ros_driver/lib:/home/leoni/oak_ws/install/depthai_filters/lib:/home/leoni/oak_ws/install/depthai_bridge/lib:/opt/ros/humble/opt/rviz_ogre_vendor/lib:/opt/ros/humble/lib/x86_64-linux-gnu:/opt/ros/humble/lib /usr/bin/cmake --install /home/leoni/oak_ws/build/depthai_filters
[0.636s] Level 1:colcon.colcon_core.environment:create_environment_scripts_only(depthai_bridge)
[0.636s] Level 1:colcon.colcon_core.environment:checking '/home/leoni/oak_ws/install/depthai_bridge' for CMake module files
[0.637s] DEBUG:colcon.colcon_core.event_handler.log_command:Invoked command in '/home/leoni/oak_ws/build/depthai_bridge' returned '0': CMAKE_PREFIX_PATH=/home/leoni/oak_ws/install/depthai_ros_msgs:/home/leoni/oak_ws/install/depthai-ros:/home/leoni/oak_ws/install/depthai_ros_driver:/home/leoni/oak_ws/install/depthai_filters:/home/leoni/oak_ws/install/depthai_bridge:/home/leoni/oak_ws/install/depthai_descriptions:/home/leoni/oak_ws/install/leoni:/opt/ros/humble LD_LIBRARY_PATH=/home/leoni/oak_ws/install/depthai_ros_msgs/lib:/home/leoni/oak_ws/install/depthai_ros_driver/lib:/home/leoni/oak_ws/install/depthai_filters/lib:/home/leoni/oak_ws/install/depthai_bridge/lib:/opt/ros/humble/opt/rviz_ogre_vendor/lib:/opt/ros/humble/lib/x86_64-linux-gnu:/opt/ros/humble/lib /usr/bin/cmake --install /home/leoni/oak_ws/build/depthai_bridge
[0.637s] Level 1:colcon.colcon_core.environment:checking '/home/leoni/oak_ws/install/depthai_bridge' for CMake config files
[0.637s] Level 1:colcon.colcon_core.shell:create_environment_hook('depthai_bridge', 'cmake_prefix_path')
[0.637s] INFO:colcon.colcon_core.shell:Creating environment hook '/home/leoni/oak_ws/install/depthai_bridge/share/depthai_bridge/hook/cmake_prefix_path.ps1'
[0.638s] INFO:colcon.colcon_core.shell:Creating environment descriptor '/home/leoni/oak_ws/install/depthai_bridge/share/depthai_bridge/hook/cmake_prefix_path.dsv'
[0.638s] INFO:colcon.colcon_core.shell:Creating environment hook '/home/leoni/oak_ws/install/depthai_bridge/share/depthai_bridge/hook/cmake_prefix_path.sh'
[0.638s] Level 1:colcon.colcon_core.environment:checking '/home/leoni/oak_ws/install/depthai_bridge/lib'
[0.638s] Level 1:colcon.colcon_core.shell:create_environment_hook('depthai_bridge', 'ld_library_path_lib')
[0.639s] INFO:colcon.colcon_core.shell:Creating environment hook '/home/leoni/oak_ws/install/depthai_bridge/share/depthai_bridge/hook/ld_library_path_lib.ps1'
[0.639s] INFO:colcon.colcon_core.shell:Creating environment descriptor '/home/leoni/oak_ws/install/depthai_bridge/share/depthai_bridge/hook/ld_library_path_lib.dsv'
[0.639s] INFO:colcon.colcon_core.shell:Creating environment hook '/home/leoni/oak_ws/install/depthai_bridge/share/depthai_bridge/hook/ld_library_path_lib.sh'
[0.639s] Level 1:colcon.colcon_core.environment:checking '/home/leoni/oak_ws/install/depthai_bridge/bin'
[0.639s] Level 1:colcon.colcon_core.environment:checking '/home/leoni/oak_ws/install/depthai_bridge/lib/pkgconfig/depthai_bridge.pc'
[0.639s] Level 1:colcon.colcon_core.environment:checking '/home/leoni/oak_ws/install/depthai_bridge/lib/python3.10/site-packages'
[0.640s] Level 1:colcon.colcon_core.environment:checking '/home/leoni/oak_ws/install/depthai_bridge/bin'
[0.640s] INFO:colcon.colcon_core.shell:Creating package script '/home/leoni/oak_ws/install/depthai_bridge/share/depthai_bridge/package.ps1'
[0.640s] INFO:colcon.colcon_core.shell:Creating package descriptor '/home/leoni/oak_ws/install/depthai_bridge/share/depthai_bridge/package.dsv'
[0.640s] INFO:colcon.colcon_core.shell:Creating package script '/home/leoni/oak_ws/install/depthai_bridge/share/depthai_bridge/package.sh'
[0.641s] INFO:colcon.colcon_core.shell:Creating package script '/home/leoni/oak_ws/install/depthai_bridge/share/depthai_bridge/package.bash'
[0.641s] INFO:colcon.colcon_core.shell:Creating package script '/home/leoni/oak_ws/install/depthai_bridge/share/depthai_bridge/package.zsh'
[0.641s] Level 1:colcon.colcon_core.environment:create_file_with_runtime_dependencies(/home/leoni/oak_ws/install/depthai_bridge/share/colcon-core/packages/depthai_bridge)
[0.641s] Level 1:colcon.colcon_core.environment:create_environment_scripts_only(depthai_bridge)
[0.641s] Level 1:colcon.colcon_core.environment:checking '/home/leoni/oak_ws/install/depthai_bridge' for CMake module files
[0.642s] Level 1:colcon.colcon_core.environment:checking '/home/leoni/oak_ws/install/depthai_bridge' for CMake config files
[0.642s] Level 1:colcon.colcon_core.shell:create_environment_hook('depthai_bridge', 'cmake_prefix_path')
[0.642s] INFO:colcon.colcon_core.shell:Creating environment hook '/home/leoni/oak_ws/install/depthai_bridge/share/depthai_bridge/hook/cmake_prefix_path.ps1'
[0.642s] INFO:colcon.colcon_core.shell:Creating environment descriptor '/home/leoni/oak_ws/install/depthai_bridge/share/depthai_bridge/hook/cmake_prefix_path.dsv'
[0.642s] INFO:colcon.colcon_core.shell:Creating environment hook '/home/leoni/oak_ws/install/depthai_bridge/share/depthai_bridge/hook/cmake_prefix_path.sh'
[0.643s] Level 1:colcon.colcon_core.environment:checking '/home/leoni/oak_ws/install/depthai_bridge/lib'
[0.643s] Level 1:colcon.colcon_core.shell:create_environment_hook('depthai_bridge', 'ld_library_path_lib')
[0.643s] INFO:colcon.colcon_core.shell:Creating environment hook '/home/leoni/oak_ws/install/depthai_bridge/share/depthai_bridge/hook/ld_library_path_lib.ps1'
[0.643s] INFO:colcon.colcon_core.shell:Creating environment descriptor '/home/leoni/oak_ws/install/depthai_bridge/share/depthai_bridge/hook/ld_library_path_lib.dsv'
[0.643s] INFO:colcon.colcon_core.shell:Creating environment hook '/home/leoni/oak_ws/install/depthai_bridge/share/depthai_bridge/hook/ld_library_path_lib.sh'
[0.643s] Level 1:colcon.colcon_core.environment:checking '/home/leoni/oak_ws/install/depthai_bridge/bin'
[0.644s] Level 1:colcon.colcon_core.environment:checking '/home/leoni/oak_ws/install/depthai_bridge/lib/pkgconfig/depthai_bridge.pc'
[0.644s] Level 1:colcon.colcon_core.environment:checking '/home/leoni/oak_ws/install/depthai_bridge/lib/python3.10/site-packages'
[0.644s] Level 1:colcon.colcon_core.environment:checking '/home/leoni/oak_ws/install/depthai_bridge/bin'
[0.644s] INFO:colcon.colcon_core.shell:Creating package script '/home/leoni/oak_ws/install/depthai_bridge/share/depthai_bridge/package.ps1'
[0.645s] INFO:colcon.colcon_core.shell:Creating package descriptor '/home/leoni/oak_ws/install/depthai_bridge/share/depthai_bridge/package.dsv'
[0.645s] INFO:colcon.colcon_core.shell:Creating package script '/home/leoni/oak_ws/install/depthai_bridge/share/depthai_bridge/package.sh'
[0.645s] INFO:colcon.colcon_core.shell:Creating package script '/home/leoni/oak_ws/install/depthai_bridge/share/depthai_bridge/package.bash'
[0.645s] INFO:colcon.colcon_core.shell:Creating package script '/home/leoni/oak_ws/install/depthai_bridge/share/depthai_bridge/package.zsh'
[0.646s] Level 1:colcon.colcon_core.environment:create_file_with_runtime_dependencies(/home/leoni/oak_ws/install/depthai_bridge/share/colcon-core/packages/depthai_bridge)
[0.646s] INFO:colcon.colcon_ros.task.ament_cmake.build:Building ROS package in '/home/leoni/oak_ws/src/depthai-ros/depthai_ros_driver' with build type 'ament_cmake'
[0.646s] INFO:colcon.colcon_cmake.task.cmake.build:Building CMake package in '/home/leoni/oak_ws/src/depthai-ros/depthai_ros_driver'
[0.646s] INFO:colcon.colcon_core.shell:Skip shell extension 'powershell' for command environment: Not usable outside of PowerShell
[0.646s] DEBUG:colcon.colcon_core.shell:Skip shell extension 'dsv' for command environment
[0.654s] Level 1:colcon.colcon_core.environment:create_environment_scripts_only(depthai_filters)
[0.655s] Level 1:colcon.colcon_core.environment:checking '/home/leoni/oak_ws/install/depthai_filters' for CMake module files
[0.656s] DEBUG:colcon.colcon_core.event_handler.log_command:Invoked command in '/home/leoni/oak_ws/build/depthai_filters' returned '0': CMAKE_PREFIX_PATH=/home/leoni/oak_ws/install/depthai_ros_msgs:/home/leoni/oak_ws/install/depthai-ros:/home/leoni/oak_ws/install/depthai_ros_driver:/home/leoni/oak_ws/install/depthai_filters:/home/leoni/oak_ws/install/depthai_bridge:/home/leoni/oak_ws/install/depthai_descriptions:/home/leoni/oak_ws/install/leoni:/opt/ros/humble LD_LIBRARY_PATH=/home/leoni/oak_ws/install/depthai_ros_msgs/lib:/home/leoni/oak_ws/install/depthai_ros_driver/lib:/home/leoni/oak_ws/install/depthai_filters/lib:/home/leoni/oak_ws/install/depthai_bridge/lib:/opt/ros/humble/opt/rviz_ogre_vendor/lib:/opt/ros/humble/lib/x86_64-linux-gnu:/opt/ros/humble/lib /usr/bin/cmake --install /home/leoni/oak_ws/build/depthai_filters
[0.656s] Level 1:colcon.colcon_core.environment:checking '/home/leoni/oak_ws/install/depthai_filters' for CMake config files
[0.657s] Level 1:colcon.colcon_core.shell:create_environment_hook('depthai_filters', 'cmake_prefix_path')
[0.657s] INFO:colcon.colcon_core.shell:Creating environment hook '/home/leoni/oak_ws/install/depthai_filters/share/depthai_filters/hook/cmake_prefix_path.ps1'
[0.657s] INFO:colcon.colcon_core.shell:Creating environment descriptor '/home/leoni/oak_ws/install/depthai_filters/share/depthai_filters/hook/cmake_prefix_path.dsv'
[0.657s] INFO:colcon.colcon_core.shell:Creating environment hook '/home/leoni/oak_ws/install/depthai_filters/share/depthai_filters/hook/cmake_prefix_path.sh'
[0.658s] Level 1:colcon.colcon_core.environment:checking '/home/leoni/oak_ws/install/depthai_filters/lib'
[0.658s] Level 1:colcon.colcon_core.shell:create_environment_hook('depthai_filters', 'ld_library_path_lib')
[0.658s] INFO:colcon.colcon_core.shell:Creating environment hook '/home/leoni/oak_ws/install/depthai_filters/share/depthai_filters/hook/ld_library_path_lib.ps1'
[0.659s] INFO:colcon.colcon_core.shell:Creating environment descriptor '/home/leoni/oak_ws/install/depthai_filters/share/depthai_filters/hook/ld_library_path_lib.dsv'
[0.659s] INFO:colcon.colcon_core.shell:Creating environment hook '/home/leoni/oak_ws/install/depthai_filters/share/depthai_filters/hook/ld_library_path_lib.sh'
[0.660s] Level 1:colcon.colcon_core.environment:checking '/home/leoni/oak_ws/install/depthai_filters/bin'
[0.660s] Level 1:colcon.colcon_core.environment:checking '/home/leoni/oak_ws/install/depthai_filters/lib/pkgconfig/depthai_filters.pc'
[0.660s] Level 1:colcon.colcon_core.environment:checking '/home/leoni/oak_ws/install/depthai_filters/lib/python3.10/site-packages'
[0.660s] Level 1:colcon.colcon_core.environment:checking '/home/leoni/oak_ws/install/depthai_filters/bin'
[0.661s] INFO:colcon.colcon_core.shell:Creating package script '/home/leoni/oak_ws/install/depthai_filters/share/depthai_filters/package.ps1'
[0.661s] INFO:colcon.colcon_core.shell:Creating package descriptor '/home/leoni/oak_ws/install/depthai_filters/share/depthai_filters/package.dsv'
[0.661s] INFO:colcon.colcon_core.shell:Creating package script '/home/leoni/oak_ws/install/depthai_filters/share/depthai_filters/package.sh'
[0.662s] INFO:colcon.colcon_core.shell:Creating package script '/home/leoni/oak_ws/install/depthai_filters/share/depthai_filters/package.bash'
[0.662s] INFO:colcon.colcon_core.shell:Creating package script '/home/leoni/oak_ws/install/depthai_filters/share/depthai_filters/package.zsh'
[0.662s] Level 1:colcon.colcon_core.environment:create_file_with_runtime_dependencies(/home/leoni/oak_ws/install/depthai_filters/share/colcon-core/packages/depthai_filters)
[0.663s] Level 1:colcon.colcon_core.environment:create_environment_scripts_only(depthai_filters)
[0.663s] Level 1:colcon.colcon_core.environment:checking '/home/leoni/oak_ws/install/depthai_filters' for CMake module files
[0.664s] Level 1:colcon.colcon_core.environment:checking '/home/leoni/oak_ws/install/depthai_filters' for CMake config files
[0.664s] Level 1:colcon.colcon_core.shell:create_environment_hook('depthai_filters', 'cmake_prefix_path')
[0.665s] INFO:colcon.colcon_core.shell:Creating environment hook '/home/leoni/oak_ws/install/depthai_filters/share/depthai_filters/hook/cmake_prefix_path.ps1'
[0.665s] INFO:colcon.colcon_core.shell:Creating environment descriptor '/home/leoni/oak_ws/install/depthai_filters/share/depthai_filters/hook/cmake_prefix_path.dsv'
[0.665s] INFO:colcon.colcon_core.shell:Creating environment hook '/home/leoni/oak_ws/install/depthai_filters/share/depthai_filters/hook/cmake_prefix_path.sh'
[0.666s] Level 1:colcon.colcon_core.environment:checking '/home/leoni/oak_ws/install/depthai_filters/lib'
[0.666s] Level 1:colcon.colcon_core.shell:create_environment_hook('depthai_filters', 'ld_library_path_lib')
[0.666s] INFO:colcon.colcon_core.shell:Creating environment hook '/home/leoni/oak_ws/install/depthai_filters/share/depthai_filters/hook/ld_library_path_lib.ps1'
[0.667s] INFO:colcon.colcon_core.shell:Creating environment descriptor '/home/leoni/oak_ws/install/depthai_filters/share/depthai_filters/hook/ld_library_path_lib.dsv'
[0.667s] INFO:colcon.colcon_core.shell:Creating environment hook '/home/leoni/oak_ws/install/depthai_filters/share/depthai_filters/hook/ld_library_path_lib.sh'
[0.668s] Level 1:colcon.colcon_core.environment:checking '/home/leoni/oak_ws/install/depthai_filters/bin'
[0.668s] Level 1:colcon.colcon_core.environment:checking '/home/leoni/oak_ws/install/depthai_filters/lib/pkgconfig/depthai_filters.pc'
[0.668s] Level 1:colcon.colcon_core.environment:checking '/home/leoni/oak_ws/install/depthai_filters/lib/python3.10/site-packages'
[0.668s] Level 1:colcon.colcon_core.environment:checking '/home/leoni/oak_ws/install/depthai_filters/bin'
[0.668s] INFO:colcon.colcon_core.shell:Creating package script '/home/leoni/oak_ws/install/depthai_filters/share/depthai_filters/package.ps1'
[0.670s] INFO:colcon.colcon_core.shell:Creating package descriptor '/home/leoni/oak_ws/install/depthai_filters/share/depthai_filters/package.dsv'
[0.670s] INFO:colcon.colcon_core.shell:Creating package script '/home/leoni/oak_ws/install/depthai_filters/share/depthai_filters/package.sh'
[0.671s] INFO:colcon.colcon_core.shell:Creating package script '/home/leoni/oak_ws/install/depthai_filters/share/depthai_filters/package.bash'
[0.671s] INFO:colcon.colcon_core.shell:Creating package script '/home/leoni/oak_ws/install/depthai_filters/share/depthai_filters/package.zsh'
[0.672s] Level 1:colcon.colcon_core.environment:create_file_with_runtime_dependencies(/home/leoni/oak_ws/install/depthai_filters/share/colcon-core/packages/depthai_filters)
[0.675s] DEBUG:colcon.colcon_core.event_handler.log_command:Invoking command in '/home/leoni/oak_ws/build/depthai_ros_driver': CMAKE_PREFIX_PATH=/home/leoni/oak_ws/install/depthai_bridge:/home/leoni/oak_ws/install/depthai_ros_msgs:/home/leoni/oak_ws/install/depthai_descriptions:/home/leoni/oak_ws/install/depthai-ros:/home/leoni/oak_ws/install/depthai_ros_driver:/home/leoni/oak_ws/install/depthai_filters:/home/leoni/oak_ws/install/leoni:/opt/ros/humble GAZEBO_MODEL_PATH=/home/leoni/oak_ws/install/depthai_descriptions:${GAZEBO_MODEL_PATH} GAZEBO_RESOURCE_PATH=/home/leoni/oak_ws/install/depthai_descriptions:${GAZEBO_RESOURCE_PATH} IGN_GAZEBO_MODEL_PATH=/home/leoni/oak_ws/install/depthai_descriptions:${IGN_GAZEBO_MODEL_PATH} IGN_GAZEBO_RESOURCE_PATH=/home/leoni/oak_ws/install/depthai_descriptions:${IGN_GAZEBO_RESOURCE_PATH} LD_LIBRARY_PATH=/home/leoni/oak_ws/install/depthai_bridge/lib:/home/leoni/oak_ws/install/depthai_ros_msgs/lib:/home/leoni/oak_ws/install/depthai_ros_driver/lib:/home/leoni/oak_ws/install/depthai_filters/lib:/opt/ros/humble/opt/rviz_ogre_vendor/lib:/opt/ros/humble/lib/x86_64-linux-gnu:/opt/ros/humble/lib /usr/bin/cmake --build /home/leoni/oak_ws/build/depthai_ros_driver -- -j16 -l16
[0.702s] DEBUG:colcon.colcon_core.event_handler.log_command:Invoking command in '/home/leoni/oak_ws/src/leoni': PYTHONPATH=/home/leoni/oak_ws/build/leoni/prefix_override:/usr/lib/python3/dist-packages/colcon_core/task/python/colcon_distutils_commands:/home/leoni/oak_ws/install/leoni/lib/python3.10/site-packages:${PYTHONPATH} /usr/bin/python3 -W ignore:setup.py install is deprecated -W ignore:easy_install command is deprecated setup.py egg_info --egg-base ../../build/leoni build --build-base /home/leoni/oak_ws/build/leoni/build install --record /home/leoni/oak_ws/build/leoni/install.log --single-version-externally-managed install_data
[0.895s] Level 1:colcon.colcon_core.environment:checking '/home/leoni/oak_ws/install/leoni' for CMake module files
[0.896s] DEBUG:colcon.colcon_core.event_handler.log_command:Invoked command in '/home/leoni/oak_ws/src/leoni' returned '0': PYTHONPATH=/home/leoni/oak_ws/build/leoni/prefix_override:/usr/lib/python3/dist-packages/colcon_core/task/python/colcon_distutils_commands:/home/leoni/oak_ws/install/leoni/lib/python3.10/site-packages:${PYTHONPATH} /usr/bin/python3 -W ignore:setup.py install is deprecated -W ignore:easy_install command is deprecated setup.py egg_info --egg-base ../../build/leoni build --build-base /home/leoni/oak_ws/build/leoni/build install --record /home/leoni/oak_ws/build/leoni/install.log --single-version-externally-managed install_data
[0.896s] Level 1:colcon.colcon_core.environment:checking '/home/leoni/oak_ws/install/leoni' for CMake config files
[0.897s] Level 1:colcon.colcon_core.environment:checking '/home/leoni/oak_ws/install/leoni/lib'
[0.897s] Level 1:colcon.colcon_core.environment:checking '/home/leoni/oak_ws/install/leoni/bin'
[0.897s] Level 1:colcon.colcon_core.environment:checking '/home/leoni/oak_ws/install/leoni/lib/pkgconfig/leoni.pc'
[0.897s] Level 1:colcon.colcon_core.environment:checking '/home/leoni/oak_ws/install/leoni/lib/python3.10/site-packages'
[0.897s] Level 1:colcon.colcon_core.shell:create_environment_hook('leoni', 'pythonpath')
[0.897s] INFO:colcon.colcon_core.shell:Creating environment hook '/home/leoni/oak_ws/install/leoni/share/leoni/hook/pythonpath.ps1'
[0.898s] INFO:colcon.colcon_core.shell:Creating environment descriptor '/home/leoni/oak_ws/install/leoni/share/leoni/hook/pythonpath.dsv'
[0.898s] INFO:colcon.colcon_core.shell:Creating environment hook '/home/leoni/oak_ws/install/leoni/share/leoni/hook/pythonpath.sh'
[0.898s] Level 1:colcon.colcon_core.environment:checking '/home/leoni/oak_ws/install/leoni/bin'
[0.898s] Level 1:colcon.colcon_core.environment:create_environment_scripts_only(leoni)
[0.899s] INFO:colcon.colcon_core.shell:Creating package script '/home/leoni/oak_ws/install/leoni/share/leoni/package.ps1'
[0.899s] INFO:colcon.colcon_core.shell:Creating package descriptor '/home/leoni/oak_ws/install/leoni/share/leoni/package.dsv'
[0.900s] INFO:colcon.colcon_core.shell:Creating package script '/home/leoni/oak_ws/install/leoni/share/leoni/package.sh'
[0.900s] INFO:colcon.colcon_core.shell:Creating package script '/home/leoni/oak_ws/install/leoni/share/leoni/package.bash'
[0.900s] INFO:colcon.colcon_core.shell:Creating package script '/home/leoni/oak_ws/install/leoni/share/leoni/package.zsh'
[0.900s] Level 1:colcon.colcon_core.environment:create_file_with_runtime_dependencies(/home/leoni/oak_ws/install/leoni/share/colcon-core/packages/leoni)
[0.906s] DEBUG:colcon.colcon_core.event_handler.log_command:Invoked command in '/home/leoni/oak_ws/build/depthai_ros_driver' returned '0': CMAKE_PREFIX_PATH=/home/leoni/oak_ws/install/depthai_bridge:/home/leoni/oak_ws/install/depthai_ros_msgs:/home/leoni/oak_ws/install/depthai_descriptions:/home/leoni/oak_ws/install/depthai-ros:/home/leoni/oak_ws/install/depthai_ros_driver:/home/leoni/oak_ws/install/depthai_filters:/home/leoni/oak_ws/install/leoni:/opt/ros/humble GAZEBO_MODEL_PATH=/home/leoni/oak_ws/install/depthai_descriptions:${GAZEBO_MODEL_PATH} GAZEBO_RESOURCE_PATH=/home/leoni/oak_ws/install/depthai_descriptions:${GAZEBO_RESOURCE_PATH} IGN_GAZEBO_MODEL_PATH=/home/leoni/oak_ws/install/depthai_descriptions:${IGN_GAZEBO_MODEL_PATH} IGN_GAZEBO_RESOURCE_PATH=/home/leoni/oak_ws/install/depthai_descriptions:${IGN_GAZEBO_RESOURCE_PATH} LD_LIBRARY_PATH=/home/leoni/oak_ws/install/depthai_bridge/lib:/home/leoni/oak_ws/install/depthai_ros_msgs/lib:/home/leoni/oak_ws/install/depthai_ros_driver/lib:/home/leoni/oak_ws/install/depthai_filters/lib:/opt/ros/humble/opt/rviz_ogre_vendor/lib:/opt/ros/humble/lib/x86_64-linux-gnu:/opt/ros/humble/lib /usr/bin/cmake --build /home/leoni/oak_ws/build/depthai_ros_driver -- -j16 -l16
[0.907s] DEBUG:colcon.colcon_core.event_handler.log_command:Invoking command in '/home/leoni/oak_ws/build/depthai_ros_driver': CMAKE_PREFIX_PATH=/home/leoni/oak_ws/install/depthai_bridge:/home/leoni/oak_ws/install/depthai_ros_msgs:/home/leoni/oak_ws/install/depthai_descriptions:/home/leoni/oak_ws/install/depthai-ros:/home/leoni/oak_ws/install/depthai_ros_driver:/home/leoni/oak_ws/install/depthai_filters:/home/leoni/oak_ws/install/leoni:/opt/ros/humble GAZEBO_MODEL_PATH=/home/leoni/oak_ws/install/depthai_descriptions:${GAZEBO_MODEL_PATH} GAZEBO_RESOURCE_PATH=/home/leoni/oak_ws/install/depthai_descriptions:${GAZEBO_RESOURCE_PATH} IGN_GAZEBO_MODEL_PATH=/home/leoni/oak_ws/install/depthai_descriptions:${IGN_GAZEBO_MODEL_PATH} IGN_GAZEBO_RESOURCE_PATH=/home/leoni/oak_ws/install/depthai_descriptions:${IGN_GAZEBO_RESOURCE_PATH} LD_LIBRARY_PATH=/home/leoni/oak_ws/install/depthai_bridge/lib:/home/leoni/oak_ws/install/depthai_ros_msgs/lib:/home/leoni/oak_ws/install/depthai_ros_driver/lib:/home/leoni/oak_ws/install/depthai_filters/lib:/opt/ros/humble/opt/rviz_ogre_vendor/lib:/opt/ros/humble/lib/x86_64-linux-gnu:/opt/ros/humble/lib /usr/bin/cmake --install /home/leoni/oak_ws/build/depthai_ros_driver
[0.946s] Level 1:colcon.colcon_core.environment:create_environment_scripts_only(depthai_ros_driver)
[0.947s] Level 1:colcon.colcon_core.environment:checking '/home/leoni/oak_ws/install/depthai_ros_driver' for CMake module files
[0.947s] DEBUG:colcon.colcon_core.event_handler.log_command:Invoked command in '/home/leoni/oak_ws/build/depthai_ros_driver' returned '0': CMAKE_PREFIX_PATH=/home/leoni/oak_ws/install/depthai_bridge:/home/leoni/oak_ws/install/depthai_ros_msgs:/home/leoni/oak_ws/install/depthai_descriptions:/home/leoni/oak_ws/install/depthai-ros:/home/leoni/oak_ws/install/depthai_ros_driver:/home/leoni/oak_ws/install/depthai_filters:/home/leoni/oak_ws/install/leoni:/opt/ros/humble GAZEBO_MODEL_PATH=/home/leoni/oak_ws/install/depthai_descriptions:${GAZEBO_MODEL_PATH} GAZEBO_RESOURCE_PATH=/home/leoni/oak_ws/install/depthai_descriptions:${GAZEBO_RESOURCE_PATH} IGN_GAZEBO_MODEL_PATH=/home/leoni/oak_ws/install/depthai_descriptions:${IGN_GAZEBO_MODEL_PATH} IGN_GAZEBO_RESOURCE_PATH=/home/leoni/oak_ws/install/depthai_descriptions:${IGN_GAZEBO_RESOURCE_PATH} LD_LIBRARY_PATH=/home/leoni/oak_ws/install/depthai_bridge/lib:/home/leoni/oak_ws/install/depthai_ros_msgs/lib:/home/leoni/oak_ws/install/depthai_ros_driver/lib:/home/leoni/oak_ws/install/depthai_filters/lib:/opt/ros/humble/opt/rviz_ogre_vendor/lib:/opt/ros/humble/lib/x86_64-linux-gnu:/opt/ros/humble/lib /usr/bin/cmake --install /home/leoni/oak_ws/build/depthai_ros_driver
[0.947s] Level 1:colcon.colcon_core.environment:checking '/home/leoni/oak_ws/install/depthai_ros_driver' for CMake config files
[0.948s] Level 1:colcon.colcon_core.shell:create_environment_hook('depthai_ros_driver', 'cmake_prefix_path')
[0.948s] INFO:colcon.colcon_core.shell:Creating environment hook '/home/leoni/oak_ws/install/depthai_ros_driver/share/depthai_ros_driver/hook/cmake_prefix_path.ps1'
[0.949s] INFO:colcon.colcon_core.shell:Creating environment descriptor '/home/leoni/oak_ws/install/depthai_ros_driver/share/depthai_ros_driver/hook/cmake_prefix_path.dsv'
[0.949s] INFO:colcon.colcon_core.shell:Creating environment hook '/home/leoni/oak_ws/install/depthai_ros_driver/share/depthai_ros_driver/hook/cmake_prefix_path.sh'
[0.950s] Level 1:colcon.colcon_core.environment:checking '/home/leoni/oak_ws/install/depthai_ros_driver/lib'
[0.950s] Level 1:colcon.colcon_core.shell:create_environment_hook('depthai_ros_driver', 'ld_library_path_lib')
[0.950s] INFO:colcon.colcon_core.shell:Creating environment hook '/home/leoni/oak_ws/install/depthai_ros_driver/share/depthai_ros_driver/hook/ld_library_path_lib.ps1'
[0.950s] INFO:colcon.colcon_core.shell:Creating environment descriptor '/home/leoni/oak_ws/install/depthai_ros_driver/share/depthai_ros_driver/hook/ld_library_path_lib.dsv'
[0.950s] INFO:colcon.colcon_core.shell:Creating environment hook '/home/leoni/oak_ws/install/depthai_ros_driver/share/depthai_ros_driver/hook/ld_library_path_lib.sh'
[0.951s] Level 1:colcon.colcon_core.environment:checking '/home/leoni/oak_ws/install/depthai_ros_driver/bin'
[0.951s] Level 1:colcon.colcon_core.environment:checking '/home/leoni/oak_ws/install/depthai_ros_driver/lib/pkgconfig/depthai_ros_driver.pc'
[0.951s] Level 1:colcon.colcon_core.environment:checking '/home/leoni/oak_ws/install/depthai_ros_driver/lib/python3.10/site-packages'
[0.951s] Level 1:colcon.colcon_core.environment:checking '/home/leoni/oak_ws/install/depthai_ros_driver/bin'
[0.952s] INFO:colcon.colcon_core.shell:Creating package script '/home/leoni/oak_ws/install/depthai_ros_driver/share/depthai_ros_driver/package.ps1'
[0.952s] INFO:colcon.colcon_core.shell:Creating package descriptor '/home/leoni/oak_ws/install/depthai_ros_driver/share/depthai_ros_driver/package.dsv'
[0.953s] INFO:colcon.colcon_core.shell:Creating package script '/home/leoni/oak_ws/install/depthai_ros_driver/share/depthai_ros_driver/package.sh'
[0.953s] INFO:colcon.colcon_core.shell:Creating package script '/home/leoni/oak_ws/install/depthai_ros_driver/share/depthai_ros_driver/package.bash'
[0.954s] INFO:colcon.colcon_core.shell:Creating package script '/home/leoni/oak_ws/install/depthai_ros_driver/share/depthai_ros_driver/package.zsh'
[0.954s] Level 1:colcon.colcon_core.environment:create_file_with_runtime_dependencies(/home/leoni/oak_ws/install/depthai_ros_driver/share/colcon-core/packages/depthai_ros_driver)
[0.955s] Level 1:colcon.colcon_core.environment:create_environment_scripts_only(depthai_ros_driver)
[0.955s] Level 1:colcon.colcon_core.environment:checking '/home/leoni/oak_ws/install/depthai_ros_driver' for CMake module files
[0.956s] Level 1:colcon.colcon_core.environment:checking '/home/leoni/oak_ws/install/depthai_ros_driver' for CMake config files
[0.957s] Level 1:colcon.colcon_core.shell:create_environment_hook('depthai_ros_driver', 'cmake_prefix_path')
[0.957s] INFO:colcon.colcon_core.shell:Creating environment hook '/home/leoni/oak_ws/install/depthai_ros_driver/share/depthai_ros_driver/hook/cmake_prefix_path.ps1'
[0.957s] INFO:colcon.colcon_core.shell:Creating environment descriptor '/home/leoni/oak_ws/install/depthai_ros_driver/share/depthai_ros_driver/hook/cmake_prefix_path.dsv'
[0.957s] INFO:colcon.colcon_core.shell:Creating environment hook '/home/leoni/oak_ws/install/depthai_ros_driver/share/depthai_ros_driver/hook/cmake_prefix_path.sh'
[0.958s] Level 1:colcon.colcon_core.environment:checking '/home/leoni/oak_ws/install/depthai_ros_driver/lib'
[0.958s] Level 1:colcon.colcon_core.shell:create_environment_hook('depthai_ros_driver', 'ld_library_path_lib')
[0.959s] INFO:colcon.colcon_core.shell:Creating environment hook '/home/leoni/oak_ws/install/depthai_ros_driver/share/depthai_ros_driver/hook/ld_library_path_lib.ps1'
[0.959s] INFO:colcon.colcon_core.shell:Creating environment descriptor '/home/leoni/oak_ws/install/depthai_ros_driver/share/depthai_ros_driver/hook/ld_library_path_lib.dsv'
[0.959s] INFO:colcon.colcon_core.shell:Creating environment hook '/home/leoni/oak_ws/install/depthai_ros_driver/share/depthai_ros_driver/hook/ld_library_path_lib.sh'
[0.960s] Level 1:colcon.colcon_core.environment:checking '/home/leoni/oak_ws/install/depthai_ros_driver/bin'
[0.960s] Level 1:colcon.colcon_core.environment:checking '/home/leoni/oak_ws/install/depthai_ros_driver/lib/pkgconfig/depthai_ros_driver.pc'
[0.960s] Level 1:colcon.colcon_core.environment:checking '/home/leoni/oak_ws/install/depthai_ros_driver/lib/python3.10/site-packages'
[0.960s] Level 1:colcon.colcon_core.environment:checking '/home/leoni/oak_ws/install/depthai_ros_driver/bin'
[0.960s] INFO:colcon.colcon_core.shell:Creating package script '/home/leoni/oak_ws/install/depthai_ros_driver/share/depthai_ros_driver/package.ps1'
[0.961s] INFO:colcon.colcon_core.shell:Creating package descriptor '/home/leoni/oak_ws/install/depthai_ros_driver/share/depthai_ros_driver/package.dsv'
[0.961s] INFO:colcon.colcon_core.shell:Creating package script '/home/leoni/oak_ws/install/depthai_ros_driver/share/depthai_ros_driver/package.sh'
[0.962s] INFO:colcon.colcon_core.shell:Creating package script '/home/leoni/oak_ws/install/depthai_ros_driver/share/depthai_ros_driver/package.bash'
[0.962s] INFO:colcon.colcon_core.shell:Creating package script '/home/leoni/oak_ws/install/depthai_ros_driver/share/depthai_ros_driver/package.zsh'
[0.962s] Level 1:colcon.colcon_core.environment:create_file_with_runtime_dependencies(/home/leoni/oak_ws/install/depthai_ros_driver/share/colcon-core/packages/depthai_ros_driver)
[0.963s] INFO:colcon.colcon_ros.task.ament_cmake.build:Building ROS package in '/home/leoni/oak_ws/src/depthai-ros/depthai-ros' with build type 'ament_cmake'
[0.963s] INFO:colcon.colcon_cmake.task.cmake.build:Building CMake package in '/home/leoni/oak_ws/src/depthai-ros/depthai-ros'
[0.963s] INFO:colcon.colcon_core.shell:Skip shell extension 'powershell' for command environment: Not usable outside of PowerShell
[0.963s] DEBUG:colcon.colcon_core.shell:Skip shell extension 'dsv' for command environment
[0.976s] DEBUG:colcon.colcon_core.event_handler.log_command:Invoking command in '/home/leoni/oak_ws/build/depthai-ros': CMAKE_PREFIX_PATH=/home/leoni/oak_ws/install/depthai_ros_driver:/home/leoni/oak_ws/install/depthai_filters:/home/leoni/oak_ws/install/depthai_bridge:/home/leoni/oak_ws/install/depthai_ros_msgs:/home/leoni/oak_ws/install/depthai_descriptions:/home/leoni/oak_ws/install/depthai-ros:/home/leoni/oak_ws/install/leoni:/opt/ros/humble GAZEBO_MODEL_PATH=/home/leoni/oak_ws/install/depthai_descriptions:${GAZEBO_MODEL_PATH} GAZEBO_RESOURCE_PATH=/home/leoni/oak_ws/install/depthai_descriptions:${GAZEBO_RESOURCE_PATH} IGN_GAZEBO_MODEL_PATH=/home/leoni/oak_ws/install/depthai_descriptions:${IGN_GAZEBO_MODEL_PATH} IGN_GAZEBO_RESOURCE_PATH=/home/leoni/oak_ws/install/depthai_descriptions:${IGN_GAZEBO_RESOURCE_PATH} /usr/bin/cmake --build /home/leoni/oak_ws/build/depthai-ros -- -j16 -l16
[1.005s] DEBUG:colcon.colcon_core.event_handler.log_command:Invoked command in '/home/leoni/oak_ws/build/depthai-ros' returned '0': CMAKE_PREFIX_PATH=/home/leoni/oak_ws/install/depthai_ros_driver:/home/leoni/oak_ws/install/depthai_filters:/home/leoni/oak_ws/install/depthai_bridge:/home/leoni/oak_ws/install/depthai_ros_msgs:/home/leoni/oak_ws/install/depthai_descriptions:/home/leoni/oak_ws/install/depthai-ros:/home/leoni/oak_ws/install/leoni:/opt/ros/humble GAZEBO_MODEL_PATH=/home/leoni/oak_ws/install/depthai_descriptions:${GAZEBO_MODEL_PATH} GAZEBO_RESOURCE_PATH=/home/leoni/oak_ws/install/depthai_descriptions:${GAZEBO_RESOURCE_PATH} IGN_GAZEBO_MODEL_PATH=/home/leoni/oak_ws/install/depthai_descriptions:${IGN_GAZEBO_MODEL_PATH} IGN_GAZEBO_RESOURCE_PATH=/home/leoni/oak_ws/install/depthai_descriptions:${IGN_GAZEBO_RESOURCE_PATH} /usr/bin/cmake --build /home/leoni/oak_ws/build/depthai-ros -- -j16 -l16
[1.006s] DEBUG:colcon.colcon_core.event_handler.log_command:Invoking command in '/home/leoni/oak_ws/build/depthai-ros': CMAKE_PREFIX_PATH=/home/leoni/oak_ws/install/depthai_ros_driver:/home/leoni/oak_ws/install/depthai_filters:/home/leoni/oak_ws/install/depthai_bridge:/home/leoni/oak_ws/install/depthai_ros_msgs:/home/leoni/oak_ws/install/depthai_descriptions:/home/leoni/oak_ws/install/depthai-ros:/home/leoni/oak_ws/install/leoni:/opt/ros/humble GAZEBO_MODEL_PATH=/home/leoni/oak_ws/install/depthai_descriptions:${GAZEBO_MODEL_PATH} GAZEBO_RESOURCE_PATH=/home/leoni/oak_ws/install/depthai_descriptions:${GAZEBO_RESOURCE_PATH} IGN_GAZEBO_MODEL_PATH=/home/leoni/oak_ws/install/depthai_descriptions:${IGN_GAZEBO_MODEL_PATH} IGN_GAZEBO_RESOURCE_PATH=/home/leoni/oak_ws/install/depthai_descriptions:${IGN_GAZEBO_RESOURCE_PATH} /usr/bin/cmake --install /home/leoni/oak_ws/build/depthai-ros
[1.014s] Level 1:colcon.colcon_core.environment:create_environment_scripts_only(depthai-ros)
[1.015s] Level 1:colcon.colcon_core.environment:checking '/home/leoni/oak_ws/install/depthai-ros' for CMake module files
[1.015s] DEBUG:colcon.colcon_core.event_handler.log_command:Invoked command in '/home/leoni/oak_ws/build/depthai-ros' returned '0': CMAKE_PREFIX_PATH=/home/leoni/oak_ws/install/depthai_ros_driver:/home/leoni/oak_ws/install/depthai_filters:/home/leoni/oak_ws/install/depthai_bridge:/home/leoni/oak_ws/install/depthai_ros_msgs:/home/leoni/oak_ws/install/depthai_descriptions:/home/leoni/oak_ws/install/depthai-ros:/home/leoni/oak_ws/install/leoni:/opt/ros/humble GAZEBO_MODEL_PATH=/home/leoni/oak_ws/install/depthai_descriptions:${GAZEBO_MODEL_PATH} GAZEBO_RESOURCE_PATH=/home/leoni/oak_ws/install/depthai_descriptions:${GAZEBO_RESOURCE_PATH} IGN_GAZEBO_MODEL_PATH=/home/leoni/oak_ws/install/depthai_descriptions:${IGN_GAZEBO_MODEL_PATH} IGN_GAZEBO_RESOURCE_PATH=/home/leoni/oak_ws/install/depthai_descriptions:${IGN_GAZEBO_RESOURCE_PATH} /usr/bin/cmake --install /home/leoni/oak_ws/build/depthai-ros
[1.015s] Level 1:colcon.colcon_core.environment:checking '/home/leoni/oak_ws/install/depthai-ros' for CMake config files
[1.015s] Level 1:colcon.colcon_core.shell:create_environment_hook('depthai-ros', 'cmake_prefix_path')
[1.015s] INFO:colcon.colcon_core.shell:Creating environment hook '/home/leoni/oak_ws/install/depthai-ros/share/depthai-ros/hook/cmake_prefix_path.ps1'
[1.016s] INFO:colcon.colcon_core.shell:Creating environment descriptor '/home/leoni/oak_ws/install/depthai-ros/share/depthai-ros/hook/cmake_prefix_path.dsv'
[1.016s] INFO:colcon.colcon_core.shell:Creating environment hook '/home/leoni/oak_ws/install/depthai-ros/share/depthai-ros/hook/cmake_prefix_path.sh'
[1.016s] Level 1:colcon.colcon_core.environment:checking '/home/leoni/oak_ws/install/depthai-ros/bin'
[1.016s] Level 1:colcon.colcon_core.environment:checking '/home/leoni/oak_ws/install/depthai-ros/lib/pkgconfig/depthai-ros.pc'
[1.017s] Level 1:colcon.colcon_core.environment:checking '/home/leoni/oak_ws/install/depthai-ros/lib/python3.10/site-packages'
[1.017s] Level 1:colcon.colcon_core.environment:checking '/home/leoni/oak_ws/install/depthai-ros/bin'
[1.017s] INFO:colcon.colcon_core.shell:Creating package script '/home/leoni/oak_ws/install/depthai-ros/share/depthai-ros/package.ps1'
[1.017s] INFO:colcon.colcon_core.shell:Creating package descriptor '/home/leoni/oak_ws/install/depthai-ros/share/depthai-ros/package.dsv'
[1.017s] INFO:colcon.colcon_core.shell:Creating package script '/home/leoni/oak_ws/install/depthai-ros/share/depthai-ros/package.sh'
[1.018s] INFO:colcon.colcon_core.shell:Creating package script '/home/leoni/oak_ws/install/depthai-ros/share/depthai-ros/package.bash'
[1.018s] INFO:colcon.colcon_core.shell:Creating package script '/home/leoni/oak_ws/install/depthai-ros/share/depthai-ros/package.zsh'
[1.018s] Level 1:colcon.colcon_core.environment:create_file_with_runtime_dependencies(/home/leoni/oak_ws/install/depthai-ros/share/colcon-core/packages/depthai-ros)
[1.018s] Level 1:colcon.colcon_core.environment:create_environment_scripts_only(depthai-ros)
[1.019s] Level 1:colcon.colcon_core.environment:checking '/home/leoni/oak_ws/install/depthai-ros' for CMake module files
[1.019s] Level 1:colcon.colcon_core.environment:checking '/home/leoni/oak_ws/install/depthai-ros' for CMake config files
[1.019s] Level 1:colcon.colcon_core.shell:create_environment_hook('depthai-ros', 'cmake_prefix_path')
[1.019s] INFO:colcon.colcon_core.shell:Creating environment hook '/home/leoni/oak_ws/install/depthai-ros/share/depthai-ros/hook/cmake_prefix_path.ps1'
[1.019s] INFO:colcon.colcon_core.shell:Creating environment descriptor '/home/leoni/oak_ws/install/depthai-ros/share/depthai-ros/hook/cmake_prefix_path.dsv'
[1.019s] INFO:colcon.colcon_core.shell:Creating environment hook '/home/leoni/oak_ws/install/depthai-ros/share/depthai-ros/hook/cmake_prefix_path.sh'
[1.020s] Level 1:colcon.colcon_core.environment:checking '/home/leoni/oak_ws/install/depthai-ros/bin'
[1.020s] Level 1:colcon.colcon_core.environment:checking '/home/leoni/oak_ws/install/depthai-ros/lib/pkgconfig/depthai-ros.pc'
[1.020s] Level 1:colcon.colcon_core.environment:checking '/home/leoni/oak_ws/install/depthai-ros/lib/python3.10/site-packages'
[1.020s] Level 1:colcon.colcon_core.environment:checking '/home/leoni/oak_ws/install/depthai-ros/bin'
[1.020s] INFO:colcon.colcon_core.shell:Creating package script '/home/leoni/oak_ws/install/depthai-ros/share/depthai-ros/package.ps1'
[1.021s] INFO:colcon.colcon_core.shell:Creating package descriptor '/home/leoni/oak_ws/install/depthai-ros/share/depthai-ros/package.dsv'
[1.021s] INFO:colcon.colcon_core.shell:Creating package script '/home/leoni/oak_ws/install/depthai-ros/share/depthai-ros/package.sh'
[1.021s] INFO:colcon.colcon_core.shell:Creating package script '/home/leoni/oak_ws/install/depthai-ros/share/depthai-ros/package.bash'
[1.021s] INFO:colcon.colcon_core.shell:Creating package script '/home/leoni/oak_ws/install/depthai-ros/share/depthai-ros/package.zsh'
[1.022s] Level 1:colcon.colcon_core.environment:create_file_with_runtime_dependencies(/home/leoni/oak_ws/install/depthai-ros/share/colcon-core/packages/depthai-ros)
[1.022s] DEBUG:colcon.colcon_parallel_executor.executor.parallel:closing loop
[1.022s] DEBUG:colcon.colcon_parallel_executor.executor.parallel:loop closed
[1.022s] DEBUG:colcon.colcon_parallel_executor.executor.parallel:run_until_complete finished with '0'
[1.022s] DEBUG:colcon.colcon_core.event_reactor:joining thread
[1.026s] INFO:colcon.colcon_core.plugin_system:Skipping extension 'colcon_notification.desktop_notification.terminal_notifier': Not used on non-Darwin systems
[1.026s] INFO:colcon.colcon_core.plugin_system:Skipping extension 'colcon_notification.desktop_notification.win32': Not used on non-Windows systems
[1.026s] INFO:colcon.colcon_notification.desktop_notification:Sending desktop notification using 'notify2'
[1.039s] DEBUG:colcon.colcon_core.event_reactor:joined thread
[1.040s] INFO:colcon.colcon_core.shell:Creating prefix script '/home/leoni/oak_ws/install/local_setup.ps1'
[1.041s] INFO:colcon.colcon_core.shell:Creating prefix util module '/home/leoni/oak_ws/install/_local_setup_util_ps1.py'
[1.042s] INFO:colcon.colcon_core.shell:Creating prefix chain script '/home/leoni/oak_ws/install/setup.ps1'
[1.043s] INFO:colcon.colcon_core.shell:Creating prefix script '/home/leoni/oak_ws/install/local_setup.sh'
[1.044s] INFO:colcon.colcon_core.shell:Creating prefix util module '/home/leoni/oak_ws/install/_local_setup_util_sh.py'
[1.044s] INFO:colcon.colcon_core.shell:Creating prefix chain script '/home/leoni/oak_ws/install/setup.sh'
[1.045s] INFO:colcon.colcon_core.shell:Creating prefix script '/home/leoni/oak_ws/install/local_setup.bash'
[1.045s] INFO:colcon.colcon_core.shell:Creating prefix chain script '/home/leoni/oak_ws/install/setup.bash'
[1.046s] INFO:colcon.colcon_core.shell:Creating prefix script '/home/leoni/oak_ws/install/local_setup.zsh'
[1.046s] INFO:colcon.colcon_core.shell:Creating prefix chain script '/home/leoni/oak_ws/install/setup.zsh'
