[0.844s] Invoking command in '/home/leoni/oak_ws/src/arldu': PYTHONPATH=/home/leoni/oak_ws/build/arldu/prefix_override:/usr/lib/python3/dist-packages/colcon_core/task/python/colcon_distutils_commands:/home/leoni/oak_ws/install/arldu/lib/python3.10/site-packages:${PYTHONPATH} /usr/bin/python3 -W ignore:setup.py install is deprecated -W ignore:easy_install command is deprecated setup.py egg_info --egg-base ../../build/arldu build --build-base /home/leoni/oak_ws/build/arldu/build install --record /home/leoni/oak_ws/build/arldu/install.log --single-version-externally-managed install_data
[1.063s] running egg_info
[1.064s] writing ../../build/arldu/arldu.egg-info/PKG-INFO
[1.064s] writing dependency_links to ../../build/arldu/arldu.egg-info/dependency_links.txt
[1.064s] writing entry points to ../../build/arldu/arldu.egg-info/entry_points.txt
[1.064s] writing requirements to ../../build/arldu/arldu.egg-info/requires.txt
[1.064s] writing top-level names to ../../build/arldu/arldu.egg-info/top_level.txt
[1.067s] reading manifest file '../../build/arldu/arldu.egg-info/SOURCES.txt'
[1.067s] writing manifest file '../../build/arldu/arldu.egg-info/SOURCES.txt'
[1.067s] running build
[1.068s] running build_py
[1.068s] running install
[1.071s] running install_lib
[1.071s] running install_data
[1.072s] running install_egg_info
[1.072s] removing '/home/leoni/oak_ws/install/arldu/lib/python3.10/site-packages/arldu-0.0.0-py3.10.egg-info' (and everything under it)
[1.072s] Copying ../../build/arldu/arldu.egg-info to /home/leoni/oak_ws/install/arldu/lib/python3.10/site-packages/arldu-0.0.0-py3.10.egg-info
[1.072s] running install_scripts
[1.093s] Installing node script to /home/leoni/oak_ws/install/arldu/lib/arldu
[1.093s] writing list of installed files to '/home/leoni/oak_ws/build/arldu/install.log'
[1.118s] Invoked command in '/home/leoni/oak_ws/src/arldu' returned '0': PYTHONPATH=/home/leoni/oak_ws/build/arldu/prefix_override:/usr/lib/python3/dist-packages/colcon_core/task/python/colcon_distutils_commands:/home/leoni/oak_ws/install/arldu/lib/python3.10/site-packages:${PYTHONPATH} /usr/bin/python3 -W ignore:setup.py install is deprecated -W ignore:easy_install command is deprecated setup.py egg_info --egg-base ../../build/arldu build --build-base /home/leoni/oak_ws/build/arldu/build install --record /home/leoni/oak_ws/build/arldu/install.log --single-version-externally-managed install_data
