running egg_info
writing ../../build/leoni/leoni.egg-info/PKG-INFO
writing dependency_links to ../../build/leoni/leoni.egg-info/dependency_links.txt
writing entry points to ../../build/leoni/leoni.egg-info/entry_points.txt
writing requirements to ../../build/leoni/leoni.egg-info/requires.txt
writing top-level names to ../../build/leoni/leoni.egg-info/top_level.txt
reading manifest file '../../build/leoni/leoni.egg-info/SOURCES.txt'
writing manifest file '../../build/leoni/leoni.egg-info/SOURCES.txt'
running build
running build_py
copying leoni/do.py -> /home/leoni/oak_ws/build/leoni/build/lib/leoni
running install
running install_lib
copying /home/leoni/oak_ws/build/leoni/build/lib/leoni/do.py -> /home/leoni/oak_ws/install/leoni/lib/python3.10/site-packages/leoni
byte-compiling /home/leoni/oak_ws/install/leoni/lib/python3.10/site-packages/leoni/do.py to do.cpython-310.pyc
running install_data
running install_egg_info
removing '/home/leoni/oak_ws/install/leoni/lib/python3.10/site-packages/leoni-0.0.0-py3.10.egg-info' (and everything under it)
Copying ../../build/leoni/leoni.egg-info to /home/leoni/oak_ws/install/leoni/lib/python3.10/site-packages/leoni-0.0.0-py3.10.egg-info
running install_scripts
Installing cam script to /home/leoni/oak_ws/install/leoni/lib/leoni
Installing oakd script to /home/leoni/oak_ws/install/leoni/lib/leoni
Installing point script to /home/leoni/oak_ws/install/leoni/lib/leoni
writing list of installed files to '/home/leoni/oak_ws/build/leoni/install.log'
