[0.478s] Invoking command in '/home/leoni/oak_ws/src/leoni': PYTHONPATH=/home/leoni/oak_ws/build/leoni/prefix_override:/usr/lib/python3/dist-packages/colcon_core/task/python/colcon_distutils_commands:/home/leoni/oak_ws/install/leoni/lib/python3.10/site-packages:${PYTHONPATH} /usr/bin/python3 -W ignore:setup.py install is deprecated -W ignore:easy_install command is deprecated setup.py egg_info --egg-base ../../build/leoni build --build-base /home/leoni/oak_ws/build/leoni/build install --record /home/leoni/oak_ws/build/leoni/install.log --single-version-externally-managed install_data
[0.643s] running egg_info
[0.643s] writing ../../build/leoni/leoni.egg-info/PKG-INFO
[0.643s] writing dependency_links to ../../build/leoni/leoni.egg-info/dependency_links.txt
[0.644s] writing entry points to ../../build/leoni/leoni.egg-info/entry_points.txt
[0.644s] writing requirements to ../../build/leoni/leoni.egg-info/requires.txt
[0.644s] writing top-level names to ../../build/leoni/leoni.egg-info/top_level.txt
[0.645s] reading manifest file '../../build/leoni/leoni.egg-info/SOURCES.txt'
[0.645s] writing manifest file '../../build/leoni/leoni.egg-info/SOURCES.txt'
[0.645s] running build
[0.645s] running build_py
[0.645s] copying leoni/do.py -> /home/leoni/oak_ws/build/leoni/build/lib/leoni
[0.646s] running install
[0.646s] running install_lib
[0.646s] copying /home/leoni/oak_ws/build/leoni/build/lib/leoni/do.py -> /home/leoni/oak_ws/install/leoni/lib/python3.10/site-packages/leoni
[0.647s] byte-compiling /home/leoni/oak_ws/install/leoni/lib/python3.10/site-packages/leoni/do.py to do.cpython-310.pyc
[0.648s] running install_data
[0.648s] running install_egg_info
[0.649s] removing '/home/leoni/oak_ws/install/leoni/lib/python3.10/site-packages/leoni-0.0.0-py3.10.egg-info' (and everything under it)
[0.650s] Copying ../../build/leoni/leoni.egg-info to /home/leoni/oak_ws/install/leoni/lib/python3.10/site-packages/leoni-0.0.0-py3.10.egg-info
[0.650s] running install_scripts
[0.662s] Installing cam script to /home/leoni/oak_ws/install/leoni/lib/leoni
[0.662s] Installing oakd script to /home/leoni/oak_ws/install/leoni/lib/leoni
[0.662s] Installing point script to /home/leoni/oak_ws/install/leoni/lib/leoni
[0.662s] writing list of installed files to '/home/leoni/oak_ws/build/leoni/install.log'
[0.678s] Invoked command in '/home/leoni/oak_ws/src/leoni' returned '0': PYTHONPATH=/home/leoni/oak_ws/build/leoni/prefix_override:/usr/lib/python3/dist-packages/colcon_core/task/python/colcon_distutils_commands:/home/leoni/oak_ws/install/leoni/lib/python3.10/site-packages:${PYTHONPATH} /usr/bin/python3 -W ignore:setup.py install is deprecated -W ignore:easy_install command is deprecated setup.py egg_info --egg-base ../../build/leoni build --build-base /home/leoni/oak_ws/build/leoni/build install --record /home/leoni/oak_ws/build/leoni/install.log --single-version-externally-managed install_data
