[0.014s] Invoking command in '/home/leoni/oak_ws/build/depthai_ros_msgs': CMAKE_PREFIX_PATH=/opt/ros/humble /usr/bin/cmake --build /home/leoni/oak_ws/build/depthai_ros_msgs -- -j16 -l16
[0.077s] [  0%] Built target depthai_ros_msgs__cpp
[0.090s] [ 12%] Built target depthai_ros_msgs__rosidl_generator_c
[0.090s] [ 12%] Built target ament_cmake_python_copy_depthai_ros_msgs
[0.103s] [ 24%] Built target depthai_ros_msgs__rosidl_typesupport_introspection_cpp
[0.104s] [ 36%] Built target depthai_ros_msgs__rosidl_typesupport_cpp
[0.104s] [ 47%] Built target depthai_ros_msgs__rosidl_typesupport_fastrtps_cpp
[0.112s] [ 59%] Built target depthai_ros_msgs__rosidl_typesupport_c
[0.115s] [ 83%] Built target depthai_ros_msgs__rosidl_typesupport_introspection_c
[0.116s] [ 83%] Built target depthai_ros_msgs__rosidl_typesupport_fastrtps_c
[0.132s] [ 83%] Built target depthai_ros_msgs
[0.146s] [ 84%] Built target depthai_ros_msgs__py
[0.165s] [ 95%] Built target depthai_ros_msgs__rosidl_generator_py
[0.181s] [ 97%] Built target depthai_ros_msgs__rosidl_typesupport_introspection_c__pyext
[0.181s] [ 99%] Built target depthai_ros_msgs__rosidl_typesupport_c__pyext
[0.181s] [100%] Built target depthai_ros_msgs__rosidl_typesupport_fastrtps_c__pyext
[0.271s] running egg_info
[0.272s] writing depthai_ros_msgs.egg-info/PKG-INFO
[0.272s] writing dependency_links to depthai_ros_msgs.egg-info/dependency_links.txt
[0.272s] writing top-level names to depthai_ros_msgs.egg-info/top_level.txt
[0.273s] reading manifest file 'depthai_ros_msgs.egg-info/SOURCES.txt'
[0.274s] writing manifest file 'depthai_ros_msgs.egg-info/SOURCES.txt'
[0.290s] [100%] Built target ament_cmake_python_build_depthai_ros_msgs_egg
[0.298s] Invoked command in '/home/leoni/oak_ws/build/depthai_ros_msgs' returned '0': CMAKE_PREFIX_PATH=/opt/ros/humble /usr/bin/cmake --build /home/leoni/oak_ws/build/depthai_ros_msgs -- -j16 -l16
[0.299s] Invoking command in '/home/leoni/oak_ws/build/depthai_ros_msgs': CMAKE_PREFIX_PATH=/opt/ros/humble /usr/bin/cmake --install /home/leoni/oak_ws/build/depthai_ros_msgs
[0.304s] -- Install configuration: ""
[0.304s] -- Up-to-date: /home/leoni/oak_ws/install/depthai_ros_msgs/share/ament_index/resource_index/rosidl_interfaces/depthai_ros_msgs
[0.304s] -- Up-to-date: /home/leoni/oak_ws/install/depthai_ros_msgs/include/depthai_ros_msgs/depthai_ros_msgs
[0.304s] -- Up-to-date: /home/leoni/oak_ws/install/depthai_ros_msgs/include/depthai_ros_msgs/depthai_ros_msgs/srv
[0.304s] -- Up-to-date: /home/leoni/oak_ws/install/depthai_ros_msgs/include/depthai_ros_msgs/depthai_ros_msgs/srv/normalized_image_crop.h
[0.305s] -- Up-to-date: /home/leoni/oak_ws/install/depthai_ros_msgs/include/depthai_ros_msgs/depthai_ros_msgs/srv/trigger_named.h
[0.305s] -- Up-to-date: /home/leoni/oak_ws/install/depthai_ros_msgs/include/depthai_ros_msgs/depthai_ros_msgs/srv/detail
[0.305s] -- Up-to-date: /home/leoni/oak_ws/install/depthai_ros_msgs/include/depthai_ros_msgs/depthai_ros_msgs/srv/detail/trigger_named__functions.c
[0.305s] -- Up-to-date: /home/leoni/oak_ws/install/depthai_ros_msgs/include/depthai_ros_msgs/depthai_ros_msgs/srv/detail/normalized_image_crop__functions.h
[0.305s] -- Up-to-date: /home/leoni/oak_ws/install/depthai_ros_msgs/include/depthai_ros_msgs/depthai_ros_msgs/srv/detail/trigger_named__struct.h
[0.305s] -- Up-to-date: /home/leoni/oak_ws/install/depthai_ros_msgs/include/depthai_ros_msgs/depthai_ros_msgs/srv/detail/normalized_image_crop__struct.h
[0.305s] -- Up-to-date: /home/leoni/oak_ws/install/depthai_ros_msgs/include/depthai_ros_msgs/depthai_ros_msgs/srv/detail/normalized_image_crop__functions.c
[0.305s] -- Up-to-date: /home/leoni/oak_ws/install/depthai_ros_msgs/include/depthai_ros_msgs/depthai_ros_msgs/srv/detail/normalized_image_crop__type_support.h
[0.305s] -- Up-to-date: /home/leoni/oak_ws/install/depthai_ros_msgs/include/depthai_ros_msgs/depthai_ros_msgs/srv/detail/trigger_named__type_support.h
[0.305s] -- Up-to-date: /home/leoni/oak_ws/install/depthai_ros_msgs/include/depthai_ros_msgs/depthai_ros_msgs/srv/detail/trigger_named__functions.h
[0.305s] -- Up-to-date: /home/leoni/oak_ws/install/depthai_ros_msgs/include/depthai_ros_msgs/depthai_ros_msgs/msg
[0.305s] -- Up-to-date: /home/leoni/oak_ws/install/depthai_ros_msgs/include/depthai_ros_msgs/depthai_ros_msgs/msg/spatial_detection.h
[0.305s] -- Up-to-date: /home/leoni/oak_ws/install/depthai_ros_msgs/include/depthai_ros_msgs/depthai_ros_msgs/msg/spatial_detection_array.h
[0.305s] -- Up-to-date: /home/leoni/oak_ws/install/depthai_ros_msgs/include/depthai_ros_msgs/depthai_ros_msgs/msg/hand_landmark.h
[0.305s] -- Up-to-date: /home/leoni/oak_ws/install/depthai_ros_msgs/include/depthai_ros_msgs/depthai_ros_msgs/msg/track_detection2_d_array.h
[0.305s] -- Up-to-date: /home/leoni/oak_ws/install/depthai_ros_msgs/include/depthai_ros_msgs/depthai_ros_msgs/msg/auto_focus_ctrl.h
[0.305s] -- Up-to-date: /home/leoni/oak_ws/install/depthai_ros_msgs/include/depthai_ros_msgs/depthai_ros_msgs/msg/tracked_features.h
[0.305s] -- Up-to-date: /home/leoni/oak_ws/install/depthai_ros_msgs/include/depthai_ros_msgs/depthai_ros_msgs/msg/imu_with_magnetic_field.h
[0.305s] -- Up-to-date: /home/leoni/oak_ws/install/depthai_ros_msgs/include/depthai_ros_msgs/depthai_ros_msgs/msg/hand_landmark_array.h
[0.305s] -- Up-to-date: /home/leoni/oak_ws/install/depthai_ros_msgs/include/depthai_ros_msgs/depthai_ros_msgs/msg/track_detection2_d.h
[0.305s] -- Up-to-date: /home/leoni/oak_ws/install/depthai_ros_msgs/include/depthai_ros_msgs/depthai_ros_msgs/msg/rosidl_generator_c__visibility_control.h
[0.305s] -- Up-to-date: /home/leoni/oak_ws/install/depthai_ros_msgs/include/depthai_ros_msgs/depthai_ros_msgs/msg/detail
[0.306s] -- Up-to-date: /home/leoni/oak_ws/install/depthai_ros_msgs/include/depthai_ros_msgs/depthai_ros_msgs/msg/detail/spatial_detection__functions.c
[0.306s] -- Up-to-date: /home/leoni/oak_ws/install/depthai_ros_msgs/include/depthai_ros_msgs/depthai_ros_msgs/msg/detail/track_detection2_d_array__functions.h
[0.306s] -- Up-to-date: /home/leoni/oak_ws/install/depthai_ros_msgs/include/depthai_ros_msgs/depthai_ros_msgs/msg/detail/hand_landmark_array__functions.h
[0.306s] -- Up-to-date: /home/leoni/oak_ws/install/depthai_ros_msgs/include/depthai_ros_msgs/depthai_ros_msgs/msg/detail/imu_with_magnetic_field__type_support.h
[0.306s] -- Up-to-date: /home/leoni/oak_ws/install/depthai_ros_msgs/include/depthai_ros_msgs/depthai_ros_msgs/msg/detail/auto_focus_ctrl__functions.h
[0.306s] -- Up-to-date: /home/leoni/oak_ws/install/depthai_ros_msgs/include/depthai_ros_msgs/depthai_ros_msgs/msg/detail/track_detection2_d__struct.h
[0.306s] -- Up-to-date: /home/leoni/oak_ws/install/depthai_ros_msgs/include/depthai_ros_msgs/depthai_ros_msgs/msg/detail/imu_with_magnetic_field__struct.h
[0.306s] -- Up-to-date: /home/leoni/oak_ws/install/depthai_ros_msgs/include/depthai_ros_msgs/depthai_ros_msgs/msg/detail/tracked_features__struct.h
[0.306s] -- Up-to-date: /home/leoni/oak_ws/install/depthai_ros_msgs/include/depthai_ros_msgs/depthai_ros_msgs/msg/detail/track_detection2_d__functions.h
[0.306s] -- Up-to-date: /home/leoni/oak_ws/install/depthai_ros_msgs/include/depthai_ros_msgs/depthai_ros_msgs/msg/detail/spatial_detection__type_support.h
[0.306s] -- Up-to-date: /home/leoni/oak_ws/install/depthai_ros_msgs/include/depthai_ros_msgs/depthai_ros_msgs/msg/detail/imu_with_magnetic_field__functions.c
[0.306s] -- Up-to-date: /home/leoni/oak_ws/install/depthai_ros_msgs/include/depthai_ros_msgs/depthai_ros_msgs/msg/detail/tracked_features__functions.c
[0.306s] -- Up-to-date: /home/leoni/oak_ws/install/depthai_ros_msgs/include/depthai_ros_msgs/depthai_ros_msgs/msg/detail/hand_landmark__type_support.h
[0.306s] -- Up-to-date: /home/leoni/oak_ws/install/depthai_ros_msgs/include/depthai_ros_msgs/depthai_ros_msgs/msg/detail/auto_focus_ctrl__functions.c
[0.306s] -- Up-to-date: /home/leoni/oak_ws/install/depthai_ros_msgs/include/depthai_ros_msgs/depthai_ros_msgs/msg/detail/track_detection2_d_array__struct.h
[0.306s] -- Up-to-date: /home/leoni/oak_ws/install/depthai_ros_msgs/include/depthai_ros_msgs/depthai_ros_msgs/msg/detail/tracked_features__functions.h
[0.306s] -- Up-to-date: /home/leoni/oak_ws/install/depthai_ros_msgs/include/depthai_ros_msgs/depthai_ros_msgs/msg/detail/track_detection2_d__type_support.h
[0.306s] -- Up-to-date: /home/leoni/oak_ws/install/depthai_ros_msgs/include/depthai_ros_msgs/depthai_ros_msgs/msg/detail/hand_landmark_array__type_support.h
[0.306s] -- Up-to-date: /home/leoni/oak_ws/install/depthai_ros_msgs/include/depthai_ros_msgs/depthai_ros_msgs/msg/detail/tracked_features__type_support.h
[0.306s] -- Up-to-date: /home/leoni/oak_ws/install/depthai_ros_msgs/include/depthai_ros_msgs/depthai_ros_msgs/msg/detail/tracked_feature__type_support.h
[0.306s] -- Up-to-date: /home/leoni/oak_ws/install/depthai_ros_msgs/include/depthai_ros_msgs/depthai_ros_msgs/msg/detail/hand_landmark__struct.h
[0.306s] -- Up-to-date: /home/leoni/oak_ws/install/depthai_ros_msgs/include/depthai_ros_msgs/depthai_ros_msgs/msg/detail/spatial_detection_array__struct.h
[0.306s] -- Up-to-date: /home/leoni/oak_ws/install/depthai_ros_msgs/include/depthai_ros_msgs/depthai_ros_msgs/msg/detail/tracked_feature__functions.h
[0.306s] -- Up-to-date: /home/leoni/oak_ws/install/depthai_ros_msgs/include/depthai_ros_msgs/depthai_ros_msgs/msg/detail/spatial_detection_array__functions.h
[0.307s] -- Up-to-date: /home/leoni/oak_ws/install/depthai_ros_msgs/include/depthai_ros_msgs/depthai_ros_msgs/msg/detail/track_detection2_d__functions.c
[0.307s] -- Up-to-date: /home/leoni/oak_ws/install/depthai_ros_msgs/include/depthai_ros_msgs/depthai_ros_msgs/msg/detail/track_detection2_d_array__functions.c
[0.307s] -- Up-to-date: /home/leoni/oak_ws/install/depthai_ros_msgs/include/depthai_ros_msgs/depthai_ros_msgs/msg/detail/spatial_detection_array__type_support.h
[0.307s] -- Up-to-date: /home/leoni/oak_ws/install/depthai_ros_msgs/include/depthai_ros_msgs/depthai_ros_msgs/msg/detail/hand_landmark__functions.c
[0.307s] -- Up-to-date: /home/leoni/oak_ws/install/depthai_ros_msgs/include/depthai_ros_msgs/depthai_ros_msgs/msg/detail/tracked_feature__struct.h
[0.307s] -- Up-to-date: /home/leoni/oak_ws/install/depthai_ros_msgs/include/depthai_ros_msgs/depthai_ros_msgs/msg/detail/imu_with_magnetic_field__functions.h
[0.307s] -- Up-to-date: /home/leoni/oak_ws/install/depthai_ros_msgs/include/depthai_ros_msgs/depthai_ros_msgs/msg/detail/spatial_detection__struct.h
[0.307s] -- Up-to-date: /home/leoni/oak_ws/install/depthai_ros_msgs/include/depthai_ros_msgs/depthai_ros_msgs/msg/detail/spatial_detection__functions.h
[0.307s] -- Up-to-date: /home/leoni/oak_ws/install/depthai_ros_msgs/include/depthai_ros_msgs/depthai_ros_msgs/msg/detail/auto_focus_ctrl__type_support.h
[0.307s] -- Up-to-date: /home/leoni/oak_ws/install/depthai_ros_msgs/include/depthai_ros_msgs/depthai_ros_msgs/msg/detail/hand_landmark_array__struct.h
[0.307s] -- Up-to-date: /home/leoni/oak_ws/install/depthai_ros_msgs/include/depthai_ros_msgs/depthai_ros_msgs/msg/detail/auto_focus_ctrl__struct.h
[0.307s] -- Up-to-date: /home/leoni/oak_ws/install/depthai_ros_msgs/include/depthai_ros_msgs/depthai_ros_msgs/msg/detail/hand_landmark_array__functions.c
[0.307s] -- Up-to-date: /home/leoni/oak_ws/install/depthai_ros_msgs/include/depthai_ros_msgs/depthai_ros_msgs/msg/detail/spatial_detection_array__functions.c
[0.307s] -- Up-to-date: /home/leoni/oak_ws/install/depthai_ros_msgs/include/depthai_ros_msgs/depthai_ros_msgs/msg/detail/hand_landmark__functions.h
[0.307s] -- Up-to-date: /home/leoni/oak_ws/install/depthai_ros_msgs/include/depthai_ros_msgs/depthai_ros_msgs/msg/detail/tracked_feature__functions.c
[0.307s] -- Up-to-date: /home/leoni/oak_ws/install/depthai_ros_msgs/include/depthai_ros_msgs/depthai_ros_msgs/msg/detail/track_detection2_d_array__type_support.h
[0.307s] -- Up-to-date: /home/leoni/oak_ws/install/depthai_ros_msgs/include/depthai_ros_msgs/depthai_ros_msgs/msg/tracked_feature.h
[0.307s] -- Up-to-date: /home/leoni/oak_ws/install/depthai_ros_msgs/share/depthai_ros_msgs/environment/library_path.sh
[0.307s] -- Up-to-date: /home/leoni/oak_ws/install/depthai_ros_msgs/share/depthai_ros_msgs/environment/library_path.dsv
[0.307s] -- Up-to-date: /home/leoni/oak_ws/install/depthai_ros_msgs/lib/libdepthai_ros_msgs__rosidl_generator_c.so
[0.307s] -- Up-to-date: /home/leoni/oak_ws/install/depthai_ros_msgs/include/depthai_ros_msgs/depthai_ros_msgs
[0.307s] -- Up-to-date: /home/leoni/oak_ws/install/depthai_ros_msgs/include/depthai_ros_msgs/depthai_ros_msgs/srv
[0.307s] -- Up-to-date: /home/leoni/oak_ws/install/depthai_ros_msgs/include/depthai_ros_msgs/depthai_ros_msgs/srv/detail
[0.307s] -- Up-to-date: /home/leoni/oak_ws/install/depthai_ros_msgs/include/depthai_ros_msgs/depthai_ros_msgs/srv/detail/trigger_named__rosidl_typesupport_fastrtps_c.h
[0.307s] -- Up-to-date: /home/leoni/oak_ws/install/depthai_ros_msgs/include/depthai_ros_msgs/depthai_ros_msgs/srv/detail/normalized_image_crop__rosidl_typesupport_fastrtps_c.h
[0.308s] -- Up-to-date: /home/leoni/oak_ws/install/depthai_ros_msgs/include/depthai_ros_msgs/depthai_ros_msgs/msg
[0.308s] -- Up-to-date: /home/leoni/oak_ws/install/depthai_ros_msgs/include/depthai_ros_msgs/depthai_ros_msgs/msg/rosidl_typesupport_fastrtps_c__visibility_control.h
[0.308s] -- Up-to-date: /home/leoni/oak_ws/install/depthai_ros_msgs/include/depthai_ros_msgs/depthai_ros_msgs/msg/detail
[0.308s] -- Up-to-date: /home/leoni/oak_ws/install/depthai_ros_msgs/include/depthai_ros_msgs/depthai_ros_msgs/msg/detail/spatial_detection_array__rosidl_typesupport_fastrtps_c.h
[0.308s] -- Up-to-date: /home/leoni/oak_ws/install/depthai_ros_msgs/include/depthai_ros_msgs/depthai_ros_msgs/msg/detail/hand_landmark_array__rosidl_typesupport_fastrtps_c.h
[0.308s] -- Up-to-date: /home/leoni/oak_ws/install/depthai_ros_msgs/include/depthai_ros_msgs/depthai_ros_msgs/msg/detail/tracked_feature__rosidl_typesupport_fastrtps_c.h
[0.308s] -- Up-to-date: /home/leoni/oak_ws/install/depthai_ros_msgs/include/depthai_ros_msgs/depthai_ros_msgs/msg/detail/track_detection2_d__rosidl_typesupport_fastrtps_c.h
[0.308s] -- Up-to-date: /home/leoni/oak_ws/install/depthai_ros_msgs/include/depthai_ros_msgs/depthai_ros_msgs/msg/detail/tracked_features__rosidl_typesupport_fastrtps_c.h
[0.308s] -- Up-to-date: /home/leoni/oak_ws/install/depthai_ros_msgs/include/depthai_ros_msgs/depthai_ros_msgs/msg/detail/hand_landmark__rosidl_typesupport_fastrtps_c.h
[0.308s] -- Up-to-date: /home/leoni/oak_ws/install/depthai_ros_msgs/include/depthai_ros_msgs/depthai_ros_msgs/msg/detail/auto_focus_ctrl__rosidl_typesupport_fastrtps_c.h
[0.308s] -- Up-to-date: /home/leoni/oak_ws/install/depthai_ros_msgs/include/depthai_ros_msgs/depthai_ros_msgs/msg/detail/track_detection2_d_array__rosidl_typesupport_fastrtps_c.h
[0.308s] -- Up-to-date: /home/leoni/oak_ws/install/depthai_ros_msgs/include/depthai_ros_msgs/depthai_ros_msgs/msg/detail/spatial_detection__rosidl_typesupport_fastrtps_c.h
[0.308s] -- Up-to-date: /home/leoni/oak_ws/install/depthai_ros_msgs/include/depthai_ros_msgs/depthai_ros_msgs/msg/detail/imu_with_magnetic_field__rosidl_typesupport_fastrtps_c.h
[0.308s] -- Up-to-date: /home/leoni/oak_ws/install/depthai_ros_msgs/lib/libdepthai_ros_msgs__rosidl_typesupport_fastrtps_c.so
[0.308s] -- Up-to-date: /home/leoni/oak_ws/install/depthai_ros_msgs/include/depthai_ros_msgs/depthai_ros_msgs
[0.308s] -- Up-to-date: /home/leoni/oak_ws/install/depthai_ros_msgs/include/depthai_ros_msgs/depthai_ros_msgs/srv
[0.308s] -- Up-to-date: /home/leoni/oak_ws/install/depthai_ros_msgs/include/depthai_ros_msgs/depthai_ros_msgs/srv/trigger_named.hpp
[0.308s] -- Up-to-date: /home/leoni/oak_ws/install/depthai_ros_msgs/include/depthai_ros_msgs/depthai_ros_msgs/srv/normalized_image_crop.hpp
[0.309s] -- Up-to-date: /home/leoni/oak_ws/install/depthai_ros_msgs/include/depthai_ros_msgs/depthai_ros_msgs/srv/detail
[0.309s] -- Up-to-date: /home/leoni/oak_ws/install/depthai_ros_msgs/include/depthai_ros_msgs/depthai_ros_msgs/srv/detail/trigger_named__type_support.hpp
[0.309s] -- Up-to-date: /home/leoni/oak_ws/install/depthai_ros_msgs/include/depthai_ros_msgs/depthai_ros_msgs/srv/detail/normalized_image_crop__type_support.hpp
[0.309s] -- Up-to-date: /home/leoni/oak_ws/install/depthai_ros_msgs/include/depthai_ros_msgs/depthai_ros_msgs/srv/detail/trigger_named__struct.hpp
[0.309s] -- Up-to-date: /home/leoni/oak_ws/install/depthai_ros_msgs/include/depthai_ros_msgs/depthai_ros_msgs/srv/detail/trigger_named__builder.hpp
[0.309s] -- Up-to-date: /home/leoni/oak_ws/install/depthai_ros_msgs/include/depthai_ros_msgs/depthai_ros_msgs/srv/detail/normalized_image_crop__builder.hpp
[0.309s] -- Up-to-date: /home/leoni/oak_ws/install/depthai_ros_msgs/include/depthai_ros_msgs/depthai_ros_msgs/srv/detail/normalized_image_crop__struct.hpp
[0.309s] -- Up-to-date: /home/leoni/oak_ws/install/depthai_ros_msgs/include/depthai_ros_msgs/depthai_ros_msgs/srv/detail/trigger_named__traits.hpp
[0.309s] -- Up-to-date: /home/leoni/oak_ws/install/depthai_ros_msgs/include/depthai_ros_msgs/depthai_ros_msgs/srv/detail/normalized_image_crop__traits.hpp
[0.309s] -- Up-to-date: /home/leoni/oak_ws/install/depthai_ros_msgs/include/depthai_ros_msgs/depthai_ros_msgs/msg
[0.309s] -- Up-to-date: /home/leoni/oak_ws/install/depthai_ros_msgs/include/depthai_ros_msgs/depthai_ros_msgs/msg/tracked_feature.hpp
[0.309s] -- Up-to-date: /home/leoni/oak_ws/install/depthai_ros_msgs/include/depthai_ros_msgs/depthai_ros_msgs/msg/hand_landmark_array.hpp
[0.309s] -- Up-to-date: /home/leoni/oak_ws/install/depthai_ros_msgs/include/depthai_ros_msgs/depthai_ros_msgs/msg/rosidl_generator_cpp__visibility_control.hpp
[0.309s] -- Up-to-date: /home/leoni/oak_ws/install/depthai_ros_msgs/include/depthai_ros_msgs/depthai_ros_msgs/msg/hand_landmark.hpp
[0.310s] -- Up-to-date: /home/leoni/oak_ws/install/depthai_ros_msgs/include/depthai_ros_msgs/depthai_ros_msgs/msg/track_detection2_d.hpp
[0.310s] -- Up-to-date: /home/leoni/oak_ws/install/depthai_ros_msgs/include/depthai_ros_msgs/depthai_ros_msgs/msg/spatial_detection_array.hpp
[0.310s] -- Up-to-date: /home/leoni/oak_ws/install/depthai_ros_msgs/include/depthai_ros_msgs/depthai_ros_msgs/msg/imu_with_magnetic_field.hpp
[0.310s] -- Up-to-date: /home/leoni/oak_ws/install/depthai_ros_msgs/include/depthai_ros_msgs/depthai_ros_msgs/msg/spatial_detection.hpp
[0.310s] -- Up-to-date: /home/leoni/oak_ws/install/depthai_ros_msgs/include/depthai_ros_msgs/depthai_ros_msgs/msg/auto_focus_ctrl.hpp
[0.310s] -- Up-to-date: /home/leoni/oak_ws/install/depthai_ros_msgs/include/depthai_ros_msgs/depthai_ros_msgs/msg/track_detection2_d_array.hpp
[0.310s] -- Up-to-date: /home/leoni/oak_ws/install/depthai_ros_msgs/include/depthai_ros_msgs/depthai_ros_msgs/msg/tracked_features.hpp
[0.310s] -- Up-to-date: /home/leoni/oak_ws/install/depthai_ros_msgs/include/depthai_ros_msgs/depthai_ros_msgs/msg/detail
[0.311s] -- Up-to-date: /home/leoni/oak_ws/install/depthai_ros_msgs/include/depthai_ros_msgs/depthai_ros_msgs/msg/detail/hand_landmark_array__struct.hpp
[0.311s] -- Up-to-date: /home/leoni/oak_ws/install/depthai_ros_msgs/include/depthai_ros_msgs/depthai_ros_msgs/msg/detail/auto_focus_ctrl__type_support.hpp
[0.311s] -- Up-to-date: /home/leoni/oak_ws/install/depthai_ros_msgs/include/depthai_ros_msgs/depthai_ros_msgs/msg/detail/spatial_detection__builder.hpp
[0.311s] -- Up-to-date: /home/leoni/oak_ws/install/depthai_ros_msgs/include/depthai_ros_msgs/depthai_ros_msgs/msg/detail/track_detection2_d_array__type_support.hpp
[0.312s] -- Up-to-date: /home/leoni/oak_ws/install/depthai_ros_msgs/include/depthai_ros_msgs/depthai_ros_msgs/msg/detail/track_detection2_d_array__traits.hpp
[0.312s] -- Up-to-date: /home/leoni/oak_ws/install/depthai_ros_msgs/include/depthai_ros_msgs/depthai_ros_msgs/msg/detail/tracked_features__type_support.hpp
[0.312s] -- Up-to-date: /home/leoni/oak_ws/install/depthai_ros_msgs/include/depthai_ros_msgs/depthai_ros_msgs/msg/detail/hand_landmark_array__traits.hpp
[0.312s] -- Up-to-date: /home/leoni/oak_ws/install/depthai_ros_msgs/include/depthai_ros_msgs/depthai_ros_msgs/msg/detail/hand_landmark_array__builder.hpp
[0.312s] -- Up-to-date: /home/leoni/oak_ws/install/depthai_ros_msgs/include/depthai_ros_msgs/depthai_ros_msgs/msg/detail/tracked_feature__type_support.hpp
[0.312s] -- Up-to-date: /home/leoni/oak_ws/install/depthai_ros_msgs/include/depthai_ros_msgs/depthai_ros_msgs/msg/detail/spatial_detection_array__type_support.hpp
[0.312s] -- Up-to-date: /home/leoni/oak_ws/install/depthai_ros_msgs/include/depthai_ros_msgs/depthai_ros_msgs/msg/detail/imu_with_magnetic_field__struct.hpp
[0.312s] -- Up-to-date: /home/leoni/oak_ws/install/depthai_ros_msgs/include/depthai_ros_msgs/depthai_ros_msgs/msg/detail/tracked_features__builder.hpp
[0.312s] -- Up-to-date: /home/leoni/oak_ws/install/depthai_ros_msgs/include/depthai_ros_msgs/depthai_ros_msgs/msg/detail/auto_focus_ctrl__traits.hpp
[0.312s] -- Up-to-date: /home/leoni/oak_ws/install/depthai_ros_msgs/include/depthai_ros_msgs/depthai_ros_msgs/msg/detail/spatial_detection_array__builder.hpp
[0.312s] -- Up-to-date: /home/leoni/oak_ws/install/depthai_ros_msgs/include/depthai_ros_msgs/depthai_ros_msgs/msg/detail/track_detection2_d_array__struct.hpp
[0.312s] -- Up-to-date: /home/leoni/oak_ws/install/depthai_ros_msgs/include/depthai_ros_msgs/depthai_ros_msgs/msg/detail/track_detection2_d_array__builder.hpp
[0.312s] -- Up-to-date: /home/leoni/oak_ws/install/depthai_ros_msgs/include/depthai_ros_msgs/depthai_ros_msgs/msg/detail/spatial_detection_array__traits.hpp
[0.313s] -- Up-to-date: /home/leoni/oak_ws/install/depthai_ros_msgs/include/depthai_ros_msgs/depthai_ros_msgs/msg/detail/tracked_feature__builder.hpp
[0.313s] -- Up-to-date: /home/leoni/oak_ws/install/depthai_ros_msgs/include/depthai_ros_msgs/depthai_ros_msgs/msg/detail/tracked_feature__struct.hpp
[0.313s] -- Up-to-date: /home/leoni/oak_ws/install/depthai_ros_msgs/include/depthai_ros_msgs/depthai_ros_msgs/msg/detail/track_detection2_d__type_support.hpp
[0.313s] -- Up-to-date: /home/leoni/oak_ws/install/depthai_ros_msgs/include/depthai_ros_msgs/depthai_ros_msgs/msg/detail/tracked_feature__traits.hpp
[0.313s] -- Up-to-date: /home/leoni/oak_ws/install/depthai_ros_msgs/include/depthai_ros_msgs/depthai_ros_msgs/msg/detail/hand_landmark_array__type_support.hpp
[0.313s] -- Up-to-date: /home/leoni/oak_ws/install/depthai_ros_msgs/include/depthai_ros_msgs/depthai_ros_msgs/msg/detail/auto_focus_ctrl__builder.hpp
[0.313s] -- Up-to-date: /home/leoni/oak_ws/install/depthai_ros_msgs/include/depthai_ros_msgs/depthai_ros_msgs/msg/detail/imu_with_magnetic_field__traits.hpp
[0.313s] -- Up-to-date: /home/leoni/oak_ws/install/depthai_ros_msgs/include/depthai_ros_msgs/depthai_ros_msgs/msg/detail/track_detection2_d__struct.hpp
[0.313s] -- Up-to-date: /home/leoni/oak_ws/install/depthai_ros_msgs/include/depthai_ros_msgs/depthai_ros_msgs/msg/detail/hand_landmark__type_support.hpp
[0.313s] -- Up-to-date: /home/leoni/oak_ws/install/depthai_ros_msgs/include/depthai_ros_msgs/depthai_ros_msgs/msg/detail/tracked_features__struct.hpp
[0.314s] -- Up-to-date: /home/leoni/oak_ws/install/depthai_ros_msgs/include/depthai_ros_msgs/depthai_ros_msgs/msg/detail/imu_with_magnetic_field__type_support.hpp
[0.314s] -- Up-to-date: /home/leoni/oak_ws/install/depthai_ros_msgs/include/depthai_ros_msgs/depthai_ros_msgs/msg/detail/auto_focus_ctrl__struct.hpp
[0.314s] -- Up-to-date: /home/leoni/oak_ws/install/depthai_ros_msgs/include/depthai_ros_msgs/depthai_ros_msgs/msg/detail/spatial_detection__type_support.hpp
[0.314s] -- Up-to-date: /home/leoni/oak_ws/install/depthai_ros_msgs/include/depthai_ros_msgs/depthai_ros_msgs/msg/detail/tracked_features__traits.hpp
[0.315s] -- Up-to-date: /home/leoni/oak_ws/install/depthai_ros_msgs/include/depthai_ros_msgs/depthai_ros_msgs/msg/detail/spatial_detection_array__struct.hpp
[0.315s] -- Up-to-date: /home/leoni/oak_ws/install/depthai_ros_msgs/include/depthai_ros_msgs/depthai_ros_msgs/msg/detail/hand_landmark__struct.hpp
[0.315s] -- Up-to-date: /home/leoni/oak_ws/install/depthai_ros_msgs/include/depthai_ros_msgs/depthai_ros_msgs/msg/detail/hand_landmark__traits.hpp
[0.315s] -- Up-to-date: /home/leoni/oak_ws/install/depthai_ros_msgs/include/depthai_ros_msgs/depthai_ros_msgs/msg/detail/spatial_detection__struct.hpp
[0.315s] -- Up-to-date: /home/leoni/oak_ws/install/depthai_ros_msgs/include/depthai_ros_msgs/depthai_ros_msgs/msg/detail/spatial_detection__traits.hpp
[0.315s] -- Up-to-date: /home/leoni/oak_ws/install/depthai_ros_msgs/include/depthai_ros_msgs/depthai_ros_msgs/msg/detail/track_detection2_d__traits.hpp
[0.315s] -- Up-to-date: /home/leoni/oak_ws/install/depthai_ros_msgs/include/depthai_ros_msgs/depthai_ros_msgs/msg/detail/imu_with_magnetic_field__builder.hpp
[0.315s] -- Up-to-date: /home/leoni/oak_ws/install/depthai_ros_msgs/include/depthai_ros_msgs/depthai_ros_msgs/msg/detail/hand_landmark__builder.hpp
[0.315s] -- Up-to-date: /home/leoni/oak_ws/install/depthai_ros_msgs/include/depthai_ros_msgs/depthai_ros_msgs/msg/detail/track_detection2_d__builder.hpp
[0.315s] -- Up-to-date: /home/leoni/oak_ws/install/depthai_ros_msgs/include/depthai_ros_msgs/depthai_ros_msgs
[0.316s] -- Up-to-date: /home/leoni/oak_ws/install/depthai_ros_msgs/include/depthai_ros_msgs/depthai_ros_msgs/srv
[0.316s] -- Up-to-date: /home/leoni/oak_ws/install/depthai_ros_msgs/include/depthai_ros_msgs/depthai_ros_msgs/srv/detail
[0.316s] -- Up-to-date: /home/leoni/oak_ws/install/depthai_ros_msgs/include/depthai_ros_msgs/depthai_ros_msgs/srv/detail/trigger_named__rosidl_typesupport_fastrtps_cpp.hpp
[0.316s] -- Up-to-date: /home/leoni/oak_ws/install/depthai_ros_msgs/include/depthai_ros_msgs/depthai_ros_msgs/srv/detail/normalized_image_crop__rosidl_typesupport_fastrtps_cpp.hpp
[0.316s] -- Up-to-date: /home/leoni/oak_ws/install/depthai_ros_msgs/include/depthai_ros_msgs/depthai_ros_msgs/srv/detail/dds_fastrtps
[0.316s] -- Up-to-date: /home/leoni/oak_ws/install/depthai_ros_msgs/include/depthai_ros_msgs/depthai_ros_msgs/msg
[0.316s] -- Up-to-date: /home/leoni/oak_ws/install/depthai_ros_msgs/include/depthai_ros_msgs/depthai_ros_msgs/msg/rosidl_typesupport_fastrtps_cpp__visibility_control.h
[0.316s] -- Up-to-date: /home/leoni/oak_ws/install/depthai_ros_msgs/include/depthai_ros_msgs/depthai_ros_msgs/msg/detail
[0.316s] -- Up-to-date: /home/leoni/oak_ws/install/depthai_ros_msgs/include/depthai_ros_msgs/depthai_ros_msgs/msg/detail/track_detection2_d_array__rosidl_typesupport_fastrtps_cpp.hpp
[0.316s] -- Up-to-date: /home/leoni/oak_ws/install/depthai_ros_msgs/include/depthai_ros_msgs/depthai_ros_msgs/msg/detail/spatial_detection_array__rosidl_typesupport_fastrtps_cpp.hpp
[0.316s] -- Up-to-date: /home/leoni/oak_ws/install/depthai_ros_msgs/include/depthai_ros_msgs/depthai_ros_msgs/msg/detail/auto_focus_ctrl__rosidl_typesupport_fastrtps_cpp.hpp
[0.316s] -- Up-to-date: /home/leoni/oak_ws/install/depthai_ros_msgs/include/depthai_ros_msgs/depthai_ros_msgs/msg/detail/tracked_features__rosidl_typesupport_fastrtps_cpp.hpp
[0.316s] -- Up-to-date: /home/leoni/oak_ws/install/depthai_ros_msgs/include/depthai_ros_msgs/depthai_ros_msgs/msg/detail/tracked_feature__rosidl_typesupport_fastrtps_cpp.hpp
[0.316s] -- Up-to-date: /home/leoni/oak_ws/install/depthai_ros_msgs/include/depthai_ros_msgs/depthai_ros_msgs/msg/detail/imu_with_magnetic_field__rosidl_typesupport_fastrtps_cpp.hpp
[0.316s] -- Up-to-date: /home/leoni/oak_ws/install/depthai_ros_msgs/include/depthai_ros_msgs/depthai_ros_msgs/msg/detail/hand_landmark_array__rosidl_typesupport_fastrtps_cpp.hpp
[0.316s] -- Up-to-date: /home/leoni/oak_ws/install/depthai_ros_msgs/include/depthai_ros_msgs/depthai_ros_msgs/msg/detail/hand_landmark__rosidl_typesupport_fastrtps_cpp.hpp
[0.316s] -- Up-to-date: /home/leoni/oak_ws/install/depthai_ros_msgs/include/depthai_ros_msgs/depthai_ros_msgs/msg/detail/spatial_detection__rosidl_typesupport_fastrtps_cpp.hpp
[0.316s] -- Up-to-date: /home/leoni/oak_ws/install/depthai_ros_msgs/include/depthai_ros_msgs/depthai_ros_msgs/msg/detail/dds_fastrtps
[0.316s] -- Up-to-date: /home/leoni/oak_ws/install/depthai_ros_msgs/include/depthai_ros_msgs/depthai_ros_msgs/msg/detail/track_detection2_d__rosidl_typesupport_fastrtps_cpp.hpp
[0.317s] -- Up-to-date: /home/leoni/oak_ws/install/depthai_ros_msgs/lib/libdepthai_ros_msgs__rosidl_typesupport_fastrtps_cpp.so
[0.317s] -- Up-to-date: /home/leoni/oak_ws/install/depthai_ros_msgs/include/depthai_ros_msgs/depthai_ros_msgs
[0.317s] -- Up-to-date: /home/leoni/oak_ws/install/depthai_ros_msgs/include/depthai_ros_msgs/depthai_ros_msgs/srv
[0.317s] -- Up-to-date: /home/leoni/oak_ws/install/depthai_ros_msgs/include/depthai_ros_msgs/depthai_ros_msgs/srv/detail
[0.317s] -- Up-to-date: /home/leoni/oak_ws/install/depthai_ros_msgs/include/depthai_ros_msgs/depthai_ros_msgs/srv/detail/normalized_image_crop__type_support.c
[0.317s] -- Up-to-date: /home/leoni/oak_ws/install/depthai_ros_msgs/include/depthai_ros_msgs/depthai_ros_msgs/srv/detail/trigger_named__rosidl_typesupport_introspection_c.h
[0.317s] -- Up-to-date: /home/leoni/oak_ws/install/depthai_ros_msgs/include/depthai_ros_msgs/depthai_ros_msgs/srv/detail/trigger_named__type_support.c
[0.317s] -- Up-to-date: /home/leoni/oak_ws/install/depthai_ros_msgs/include/depthai_ros_msgs/depthai_ros_msgs/srv/detail/normalized_image_crop__rosidl_typesupport_introspection_c.h
[0.317s] -- Up-to-date: /home/leoni/oak_ws/install/depthai_ros_msgs/include/depthai_ros_msgs/depthai_ros_msgs/msg
[0.317s] -- Up-to-date: /home/leoni/oak_ws/install/depthai_ros_msgs/include/depthai_ros_msgs/depthai_ros_msgs/msg/rosidl_typesupport_introspection_c__visibility_control.h
[0.317s] -- Up-to-date: /home/leoni/oak_ws/install/depthai_ros_msgs/include/depthai_ros_msgs/depthai_ros_msgs/msg/detail
[0.317s] -- Up-to-date: /home/leoni/oak_ws/install/depthai_ros_msgs/include/depthai_ros_msgs/depthai_ros_msgs/msg/detail/track_detection2_d__type_support.c
[0.317s] -- Up-to-date: /home/leoni/oak_ws/install/depthai_ros_msgs/include/depthai_ros_msgs/depthai_ros_msgs/msg/detail/spatial_detection__rosidl_typesupport_introspection_c.h
[0.317s] -- Up-to-date: /home/leoni/oak_ws/install/depthai_ros_msgs/include/depthai_ros_msgs/depthai_ros_msgs/msg/detail/hand_landmark_array__type_support.c
[0.317s] -- Up-to-date: /home/leoni/oak_ws/install/depthai_ros_msgs/include/depthai_ros_msgs/depthai_ros_msgs/msg/detail/track_detection2_d__rosidl_typesupport_introspection_c.h
[0.317s] -- Up-to-date: /home/leoni/oak_ws/install/depthai_ros_msgs/include/depthai_ros_msgs/depthai_ros_msgs/msg/detail/tracked_feature__type_support.c
[0.317s] -- Up-to-date: /home/leoni/oak_ws/install/depthai_ros_msgs/include/depthai_ros_msgs/depthai_ros_msgs/msg/detail/track_detection2_d_array__rosidl_typesupport_introspection_c.h
[0.317s] -- Up-to-date: /home/leoni/oak_ws/install/depthai_ros_msgs/include/depthai_ros_msgs/depthai_ros_msgs/msg/detail/spatial_detection_array__type_support.c
[0.318s] -- Up-to-date: /home/leoni/oak_ws/install/depthai_ros_msgs/include/depthai_ros_msgs/depthai_ros_msgs/msg/detail/hand_landmark__rosidl_typesupport_introspection_c.h
[0.318s] -- Up-to-date: /home/leoni/oak_ws/install/depthai_ros_msgs/include/depthai_ros_msgs/depthai_ros_msgs/msg/detail/hand_landmark__type_support.c
[0.318s] -- Up-to-date: /home/leoni/oak_ws/install/depthai_ros_msgs/include/depthai_ros_msgs/depthai_ros_msgs/msg/detail/auto_focus_ctrl__rosidl_typesupport_introspection_c.h
[0.318s] -- Up-to-date: /home/leoni/oak_ws/install/depthai_ros_msgs/include/depthai_ros_msgs/depthai_ros_msgs/msg/detail/spatial_detection_array__rosidl_typesupport_introspection_c.h
[0.318s] -- Up-to-date: /home/leoni/oak_ws/install/depthai_ros_msgs/include/depthai_ros_msgs/depthai_ros_msgs/msg/detail/imu_with_magnetic_field__rosidl_typesupport_introspection_c.h
[0.318s] -- Up-to-date: /home/leoni/oak_ws/install/depthai_ros_msgs/include/depthai_ros_msgs/depthai_ros_msgs/msg/detail/auto_focus_ctrl__type_support.c
[0.318s] -- Up-to-date: /home/leoni/oak_ws/install/depthai_ros_msgs/include/depthai_ros_msgs/depthai_ros_msgs/msg/detail/track_detection2_d_array__type_support.c
[0.319s] -- Up-to-date: /home/leoni/oak_ws/install/depthai_ros_msgs/include/depthai_ros_msgs/depthai_ros_msgs/msg/detail/hand_landmark_array__rosidl_typesupport_introspection_c.h
[0.319s] -- Up-to-date: /home/leoni/oak_ws/install/depthai_ros_msgs/include/depthai_ros_msgs/depthai_ros_msgs/msg/detail/tracked_features__type_support.c
[0.319s] -- Up-to-date: /home/leoni/oak_ws/install/depthai_ros_msgs/include/depthai_ros_msgs/depthai_ros_msgs/msg/detail/imu_with_magnetic_field__type_support.c
[0.319s] -- Up-to-date: /home/leoni/oak_ws/install/depthai_ros_msgs/include/depthai_ros_msgs/depthai_ros_msgs/msg/detail/tracked_feature__rosidl_typesupport_introspection_c.h
[0.319s] -- Up-to-date: /home/leoni/oak_ws/install/depthai_ros_msgs/include/depthai_ros_msgs/depthai_ros_msgs/msg/detail/tracked_features__rosidl_typesupport_introspection_c.h
[0.319s] -- Up-to-date: /home/leoni/oak_ws/install/depthai_ros_msgs/include/depthai_ros_msgs/depthai_ros_msgs/msg/detail/spatial_detection__type_support.c
[0.319s] -- Up-to-date: /home/leoni/oak_ws/install/depthai_ros_msgs/lib/libdepthai_ros_msgs__rosidl_typesupport_introspection_c.so
[0.319s] -- Up-to-date: /home/leoni/oak_ws/install/depthai_ros_msgs/lib/libdepthai_ros_msgs__rosidl_typesupport_c.so
[0.319s] -- Up-to-date: /home/leoni/oak_ws/install/depthai_ros_msgs/include/depthai_ros_msgs/depthai_ros_msgs
[0.320s] -- Up-to-date: /home/leoni/oak_ws/install/depthai_ros_msgs/include/depthai_ros_msgs/depthai_ros_msgs/srv
[0.320s] -- Up-to-date: /home/leoni/oak_ws/install/depthai_ros_msgs/include/depthai_ros_msgs/depthai_ros_msgs/srv/detail
[0.320s] -- Up-to-date: /home/leoni/oak_ws/install/depthai_ros_msgs/include/depthai_ros_msgs/depthai_ros_msgs/srv/detail/normalized_image_crop__rosidl_typesupport_introspection_cpp.hpp
[0.320s] -- Up-to-date: /home/leoni/oak_ws/install/depthai_ros_msgs/include/depthai_ros_msgs/depthai_ros_msgs/srv/detail/normalized_image_crop__type_support.cpp
[0.320s] -- Up-to-date: /home/leoni/oak_ws/install/depthai_ros_msgs/include/depthai_ros_msgs/depthai_ros_msgs/srv/detail/trigger_named__type_support.cpp
[0.320s] -- Up-to-date: /home/leoni/oak_ws/install/depthai_ros_msgs/include/depthai_ros_msgs/depthai_ros_msgs/srv/detail/trigger_named__rosidl_typesupport_introspection_cpp.hpp
[0.320s] -- Up-to-date: /home/leoni/oak_ws/install/depthai_ros_msgs/include/depthai_ros_msgs/depthai_ros_msgs/msg
[0.320s] -- Up-to-date: /home/leoni/oak_ws/install/depthai_ros_msgs/include/depthai_ros_msgs/depthai_ros_msgs/msg/detail
[0.320s] -- Up-to-date: /home/leoni/oak_ws/install/depthai_ros_msgs/include/depthai_ros_msgs/depthai_ros_msgs/msg/detail/track_detection2_d__type_support.cpp
[0.320s] -- Up-to-date: /home/leoni/oak_ws/install/depthai_ros_msgs/include/depthai_ros_msgs/depthai_ros_msgs/msg/detail/tracked_features__rosidl_typesupport_introspection_cpp.hpp
[0.320s] -- Up-to-date: /home/leoni/oak_ws/install/depthai_ros_msgs/include/depthai_ros_msgs/depthai_ros_msgs/msg/detail/imu_with_magnetic_field__rosidl_typesupport_introspection_cpp.hpp
[0.320s] -- Up-to-date: /home/leoni/oak_ws/install/depthai_ros_msgs/include/depthai_ros_msgs/depthai_ros_msgs/msg/detail/spatial_detection_array__type_support.cpp
[0.320s] -- Up-to-date: /home/leoni/oak_ws/install/depthai_ros_msgs/include/depthai_ros_msgs/depthai_ros_msgs/msg/detail/auto_focus_ctrl__type_support.cpp
[0.320s] -- Up-to-date: /home/leoni/oak_ws/install/depthai_ros_msgs/include/depthai_ros_msgs/depthai_ros_msgs/msg/detail/hand_landmark_array__rosidl_typesupport_introspection_cpp.hpp
[0.320s] -- Up-to-date: /home/leoni/oak_ws/install/depthai_ros_msgs/include/depthai_ros_msgs/depthai_ros_msgs/msg/detail/spatial_detection__type_support.cpp
[0.320s] -- Up-to-date: /home/leoni/oak_ws/install/depthai_ros_msgs/include/depthai_ros_msgs/depthai_ros_msgs/msg/detail/track_detection2_d_array__rosidl_typesupport_introspection_cpp.hpp
[0.320s] -- Up-to-date: /home/leoni/oak_ws/install/depthai_ros_msgs/include/depthai_ros_msgs/depthai_ros_msgs/msg/detail/auto_focus_ctrl__rosidl_typesupport_introspection_cpp.hpp
[0.320s] -- Up-to-date: /home/leoni/oak_ws/install/depthai_ros_msgs/include/depthai_ros_msgs/depthai_ros_msgs/msg/detail/track_detection2_d_array__type_support.cpp
[0.320s] -- Up-to-date: /home/leoni/oak_ws/install/depthai_ros_msgs/include/depthai_ros_msgs/depthai_ros_msgs/msg/detail/hand_landmark__type_support.cpp
[0.320s] -- Up-to-date: /home/leoni/oak_ws/install/depthai_ros_msgs/include/depthai_ros_msgs/depthai_ros_msgs/msg/detail/hand_landmark__rosidl_typesupport_introspection_cpp.hpp
[0.320s] -- Up-to-date: /home/leoni/oak_ws/install/depthai_ros_msgs/include/depthai_ros_msgs/depthai_ros_msgs/msg/detail/tracked_feature__rosidl_typesupport_introspection_cpp.hpp
[0.320s] -- Up-to-date: /home/leoni/oak_ws/install/depthai_ros_msgs/include/depthai_ros_msgs/depthai_ros_msgs/msg/detail/hand_landmark_array__type_support.cpp
[0.321s] -- Up-to-date: /home/leoni/oak_ws/install/depthai_ros_msgs/include/depthai_ros_msgs/depthai_ros_msgs/msg/detail/tracked_features__type_support.cpp
[0.321s] -- Up-to-date: /home/leoni/oak_ws/install/depthai_ros_msgs/include/depthai_ros_msgs/depthai_ros_msgs/msg/detail/track_detection2_d__rosidl_typesupport_introspection_cpp.hpp
[0.321s] -- Up-to-date: /home/leoni/oak_ws/install/depthai_ros_msgs/include/depthai_ros_msgs/depthai_ros_msgs/msg/detail/spatial_detection_array__rosidl_typesupport_introspection_cpp.hpp
[0.321s] -- Up-to-date: /home/leoni/oak_ws/install/depthai_ros_msgs/include/depthai_ros_msgs/depthai_ros_msgs/msg/detail/imu_with_magnetic_field__type_support.cpp
[0.321s] -- Up-to-date: /home/leoni/oak_ws/install/depthai_ros_msgs/include/depthai_ros_msgs/depthai_ros_msgs/msg/detail/spatial_detection__rosidl_typesupport_introspection_cpp.hpp
[0.321s] -- Up-to-date: /home/leoni/oak_ws/install/depthai_ros_msgs/include/depthai_ros_msgs/depthai_ros_msgs/msg/detail/tracked_feature__type_support.cpp
[0.321s] -- Up-to-date: /home/leoni/oak_ws/install/depthai_ros_msgs/lib/libdepthai_ros_msgs__rosidl_typesupport_introspection_cpp.so
[0.321s] -- Up-to-date: /home/leoni/oak_ws/install/depthai_ros_msgs/lib/libdepthai_ros_msgs__rosidl_typesupport_cpp.so
[0.321s] -- Up-to-date: /home/leoni/oak_ws/install/depthai_ros_msgs/share/depthai_ros_msgs/environment/pythonpath.sh
[0.321s] -- Up-to-date: /home/leoni/oak_ws/install/depthai_ros_msgs/share/depthai_ros_msgs/environment/pythonpath.dsv
[0.321s] -- Up-to-date: /home/leoni/oak_ws/install/depthai_ros_msgs/local/lib/python3.10/dist-packages/depthai_ros_msgs-2.11.2-py3.10.egg-info
[0.322s] -- Installing: /home/leoni/oak_ws/install/depthai_ros_msgs/local/lib/python3.10/dist-packages/depthai_ros_msgs-2.11.2-py3.10.egg-info/top_level.txt
[0.322s] -- Installing: /home/leoni/oak_ws/install/depthai_ros_msgs/local/lib/python3.10/dist-packages/depthai_ros_msgs-2.11.2-py3.10.egg-info/PKG-INFO
[0.322s] -- Installing: /home/leoni/oak_ws/install/depthai_ros_msgs/local/lib/python3.10/dist-packages/depthai_ros_msgs-2.11.2-py3.10.egg-info/dependency_links.txt
[0.322s] -- Installing: /home/leoni/oak_ws/install/depthai_ros_msgs/local/lib/python3.10/dist-packages/depthai_ros_msgs-2.11.2-py3.10.egg-info/SOURCES.txt
[0.322s] -- Up-to-date: /home/leoni/oak_ws/install/depthai_ros_msgs/local/lib/python3.10/dist-packages/depthai_ros_msgs
[0.322s] -- Up-to-date: /home/leoni/oak_ws/install/depthai_ros_msgs/local/lib/python3.10/dist-packages/depthai_ros_msgs/libdepthai_ros_msgs__rosidl_generator_py.so
[0.322s] -- Up-to-date: /home/leoni/oak_ws/install/depthai_ros_msgs/local/lib/python3.10/dist-packages/depthai_ros_msgs/depthai_ros_msgs_s__rosidl_typesupport_introspection_c.cpython-310-x86_64-linux-gnu.so
[0.322s] -- Up-to-date: /home/leoni/oak_ws/install/depthai_ros_msgs/local/lib/python3.10/dist-packages/depthai_ros_msgs/depthai_ros_msgs_s__rosidl_typesupport_fastrtps_c.cpython-310-x86_64-linux-gnu.so
[0.322s] -- Up-to-date: /home/leoni/oak_ws/install/depthai_ros_msgs/local/lib/python3.10/dist-packages/depthai_ros_msgs/_depthai_ros_msgs_s.ep.rosidl_typesupport_introspection_c.c
[0.322s] -- Up-to-date: /home/leoni/oak_ws/install/depthai_ros_msgs/local/lib/python3.10/dist-packages/depthai_ros_msgs/srv
[0.322s] -- Up-to-date: /home/leoni/oak_ws/install/depthai_ros_msgs/local/lib/python3.10/dist-packages/depthai_ros_msgs/srv/_normalized_image_crop.py
[0.323s] -- Up-to-date: /home/leoni/oak_ws/install/depthai_ros_msgs/local/lib/python3.10/dist-packages/depthai_ros_msgs/srv/_normalized_image_crop_s.c
[0.323s] -- Up-to-date: /home/leoni/oak_ws/install/depthai_ros_msgs/local/lib/python3.10/dist-packages/depthai_ros_msgs/srv/__init__.py
[0.323s] -- Up-to-date: /home/leoni/oak_ws/install/depthai_ros_msgs/local/lib/python3.10/dist-packages/depthai_ros_msgs/srv/_trigger_named_s.c
[0.323s] -- Up-to-date: /home/leoni/oak_ws/install/depthai_ros_msgs/local/lib/python3.10/dist-packages/depthai_ros_msgs/srv/_trigger_named.py
[0.323s] -- Up-to-date: /home/leoni/oak_ws/install/depthai_ros_msgs/local/lib/python3.10/dist-packages/depthai_ros_msgs/msg
[0.323s] -- Up-to-date: /home/leoni/oak_ws/install/depthai_ros_msgs/local/lib/python3.10/dist-packages/depthai_ros_msgs/msg/_track_detection2_d.py
[0.323s] -- Up-to-date: /home/leoni/oak_ws/install/depthai_ros_msgs/local/lib/python3.10/dist-packages/depthai_ros_msgs/msg/_tracked_features_s.c
[0.323s] -- Up-to-date: /home/leoni/oak_ws/install/depthai_ros_msgs/local/lib/python3.10/dist-packages/depthai_ros_msgs/msg/_spatial_detection_array.py
[0.323s] -- Up-to-date: /home/leoni/oak_ws/install/depthai_ros_msgs/local/lib/python3.10/dist-packages/depthai_ros_msgs/msg/_hand_landmark_array.py
[0.323s] -- Up-to-date: /home/leoni/oak_ws/install/depthai_ros_msgs/local/lib/python3.10/dist-packages/depthai_ros_msgs/msg/_hand_landmark_array_s.c
[0.323s] -- Up-to-date: /home/leoni/oak_ws/install/depthai_ros_msgs/local/lib/python3.10/dist-packages/depthai_ros_msgs/msg/_tracked_feature_s.c
[0.323s] -- Up-to-date: /home/leoni/oak_ws/install/depthai_ros_msgs/local/lib/python3.10/dist-packages/depthai_ros_msgs/msg/_spatial_detection_s.c
[0.323s] -- Up-to-date: /home/leoni/oak_ws/install/depthai_ros_msgs/local/lib/python3.10/dist-packages/depthai_ros_msgs/msg/_imu_with_magnetic_field.py
[0.323s] -- Up-to-date: /home/leoni/oak_ws/install/depthai_ros_msgs/local/lib/python3.10/dist-packages/depthai_ros_msgs/msg/_auto_focus_ctrl_s.c
[0.323s] -- Up-to-date: /home/leoni/oak_ws/install/depthai_ros_msgs/local/lib/python3.10/dist-packages/depthai_ros_msgs/msg/_track_detection2_d_s.c
[0.323s] -- Up-to-date: /home/leoni/oak_ws/install/depthai_ros_msgs/local/lib/python3.10/dist-packages/depthai_ros_msgs/msg/_track_detection2_d_array.py
[0.324s] -- Up-to-date: /home/leoni/oak_ws/install/depthai_ros_msgs/local/lib/python3.10/dist-packages/depthai_ros_msgs/msg/__init__.py
[0.324s] -- Up-to-date: /home/leoni/oak_ws/install/depthai_ros_msgs/local/lib/python3.10/dist-packages/depthai_ros_msgs/msg/_spatial_detection.py
[0.324s] -- Up-to-date: /home/leoni/oak_ws/install/depthai_ros_msgs/local/lib/python3.10/dist-packages/depthai_ros_msgs/msg/_tracked_feature.py
[0.324s] -- Up-to-date: /home/leoni/oak_ws/install/depthai_ros_msgs/local/lib/python3.10/dist-packages/depthai_ros_msgs/msg/_hand_landmark_s.c
[0.324s] -- Up-to-date: /home/leoni/oak_ws/install/depthai_ros_msgs/local/lib/python3.10/dist-packages/depthai_ros_msgs/msg/_auto_focus_ctrl.py
[0.324s] -- Up-to-date: /home/leoni/oak_ws/install/depthai_ros_msgs/local/lib/python3.10/dist-packages/depthai_ros_msgs/msg/_hand_landmark.py
[0.324s] -- Up-to-date: /home/leoni/oak_ws/install/depthai_ros_msgs/local/lib/python3.10/dist-packages/depthai_ros_msgs/msg/_imu_with_magnetic_field_s.c
[0.324s] -- Up-to-date: /home/leoni/oak_ws/install/depthai_ros_msgs/local/lib/python3.10/dist-packages/depthai_ros_msgs/msg/_spatial_detection_array_s.c
[0.324s] -- Up-to-date: /home/leoni/oak_ws/install/depthai_ros_msgs/local/lib/python3.10/dist-packages/depthai_ros_msgs/msg/_tracked_features.py
[0.324s] -- Up-to-date: /home/leoni/oak_ws/install/depthai_ros_msgs/local/lib/python3.10/dist-packages/depthai_ros_msgs/msg/_track_detection2_d_array_s.c
[0.324s] -- Up-to-date: /home/leoni/oak_ws/install/depthai_ros_msgs/local/lib/python3.10/dist-packages/depthai_ros_msgs/__init__.py
[0.324s] -- Up-to-date: /home/leoni/oak_ws/install/depthai_ros_msgs/local/lib/python3.10/dist-packages/depthai_ros_msgs/depthai_ros_msgs_s__rosidl_typesupport_c.cpython-310-x86_64-linux-gnu.so
[0.324s] -- Up-to-date: /home/leoni/oak_ws/install/depthai_ros_msgs/local/lib/python3.10/dist-packages/depthai_ros_msgs/_depthai_ros_msgs_s.ep.rosidl_typesupport_c.c
[0.324s] -- Up-to-date: /home/leoni/oak_ws/install/depthai_ros_msgs/local/lib/python3.10/dist-packages/depthai_ros_msgs/_depthai_ros_msgs_s.ep.rosidl_typesupport_fastrtps_c.c
[0.346s] Listing '/home/leoni/oak_ws/install/depthai_ros_msgs/local/lib/python3.10/dist-packages/depthai_ros_msgs'...
[0.346s] Listing '/home/leoni/oak_ws/install/depthai_ros_msgs/local/lib/python3.10/dist-packages/depthai_ros_msgs/msg'...
[0.346s] Listing '/home/leoni/oak_ws/install/depthai_ros_msgs/local/lib/python3.10/dist-packages/depthai_ros_msgs/srv'...
[0.349s] -- Up-to-date: /home/leoni/oak_ws/install/depthai_ros_msgs/local/lib/python3.10/dist-packages/depthai_ros_msgs/depthai_ros_msgs_s__rosidl_typesupport_fastrtps_c.cpython-310-x86_64-linux-gnu.so
[0.350s] -- Up-to-date: /home/leoni/oak_ws/install/depthai_ros_msgs/local/lib/python3.10/dist-packages/depthai_ros_msgs/depthai_ros_msgs_s__rosidl_typesupport_introspection_c.cpython-310-x86_64-linux-gnu.so
[0.351s] -- Up-to-date: /home/leoni/oak_ws/install/depthai_ros_msgs/local/lib/python3.10/dist-packages/depthai_ros_msgs/depthai_ros_msgs_s__rosidl_typesupport_c.cpython-310-x86_64-linux-gnu.so
[0.352s] -- Up-to-date: /home/leoni/oak_ws/install/depthai_ros_msgs/lib/libdepthai_ros_msgs__rosidl_generator_py.so
[0.352s] -- Up-to-date: /home/leoni/oak_ws/install/depthai_ros_msgs/share/depthai_ros_msgs/msg/AutoFocusCtrl.idl
[0.352s] -- Up-to-date: /home/leoni/oak_ws/install/depthai_ros_msgs/share/depthai_ros_msgs/msg/HandLandmark.idl
[0.352s] -- Up-to-date: /home/leoni/oak_ws/install/depthai_ros_msgs/share/depthai_ros_msgs/msg/HandLandmarkArray.idl
[0.352s] -- Up-to-date: /home/leoni/oak_ws/install/depthai_ros_msgs/share/depthai_ros_msgs/msg/ImuWithMagneticField.idl
[0.352s] -- Up-to-date: /home/leoni/oak_ws/install/depthai_ros_msgs/share/depthai_ros_msgs/msg/TrackedFeature.idl
[0.352s] -- Up-to-date: /home/leoni/oak_ws/install/depthai_ros_msgs/share/depthai_ros_msgs/msg/TrackedFeatures.idl
[0.352s] -- Up-to-date: /home/leoni/oak_ws/install/depthai_ros_msgs/share/depthai_ros_msgs/msg/SpatialDetection.idl
[0.353s] -- Up-to-date: /home/leoni/oak_ws/install/depthai_ros_msgs/share/depthai_ros_msgs/msg/SpatialDetectionArray.idl
[0.353s] -- Up-to-date: /home/leoni/oak_ws/install/depthai_ros_msgs/share/depthai_ros_msgs/msg/TrackDetection2D.idl
[0.353s] -- Up-to-date: /home/leoni/oak_ws/install/depthai_ros_msgs/share/depthai_ros_msgs/msg/TrackDetection2DArray.idl
[0.353s] -- Up-to-date: /home/leoni/oak_ws/install/depthai_ros_msgs/share/depthai_ros_msgs/srv/TriggerNamed.idl
[0.353s] -- Up-to-date: /home/leoni/oak_ws/install/depthai_ros_msgs/share/depthai_ros_msgs/srv/NormalizedImageCrop.idl
[0.353s] -- Up-to-date: /home/leoni/oak_ws/install/depthai_ros_msgs/share/depthai_ros_msgs/msg/AutoFocusCtrl.msg
[0.353s] -- Up-to-date: /home/leoni/oak_ws/install/depthai_ros_msgs/share/depthai_ros_msgs/msg/HandLandmark.msg
[0.353s] -- Up-to-date: /home/leoni/oak_ws/install/depthai_ros_msgs/share/depthai_ros_msgs/msg/HandLandmarkArray.msg
[0.353s] -- Up-to-date: /home/leoni/oak_ws/install/depthai_ros_msgs/share/depthai_ros_msgs/msg/ImuWithMagneticField.msg
[0.353s] -- Up-to-date: /home/leoni/oak_ws/install/depthai_ros_msgs/share/depthai_ros_msgs/msg/TrackedFeature.msg
[0.353s] -- Up-to-date: /home/leoni/oak_ws/install/depthai_ros_msgs/share/depthai_ros_msgs/msg/TrackedFeatures.msg
[0.353s] -- Up-to-date: /home/leoni/oak_ws/install/depthai_ros_msgs/share/depthai_ros_msgs/msg/SpatialDetection.msg
[0.353s] -- Up-to-date: /home/leoni/oak_ws/install/depthai_ros_msgs/share/depthai_ros_msgs/msg/SpatialDetectionArray.msg
[0.353s] -- Up-to-date: /home/leoni/oak_ws/install/depthai_ros_msgs/share/depthai_ros_msgs/msg/TrackDetection2D.msg
[0.354s] -- Up-to-date: /home/leoni/oak_ws/install/depthai_ros_msgs/share/depthai_ros_msgs/msg/TrackDetection2DArray.msg
[0.354s] -- Up-to-date: /home/leoni/oak_ws/install/depthai_ros_msgs/share/depthai_ros_msgs/srv/TriggerNamed.srv
[0.354s] -- Up-to-date: /home/leoni/oak_ws/install/depthai_ros_msgs/share/depthai_ros_msgs/srv/TriggerNamed_Request.msg
[0.354s] -- Up-to-date: /home/leoni/oak_ws/install/depthai_ros_msgs/share/depthai_ros_msgs/srv/TriggerNamed_Response.msg
[0.354s] -- Up-to-date: /home/leoni/oak_ws/install/depthai_ros_msgs/share/depthai_ros_msgs/srv/NormalizedImageCrop.srv
[0.354s] -- Up-to-date: /home/leoni/oak_ws/install/depthai_ros_msgs/share/depthai_ros_msgs/srv/NormalizedImageCrop_Request.msg
[0.354s] -- Up-to-date: /home/leoni/oak_ws/install/depthai_ros_msgs/share/depthai_ros_msgs/srv/NormalizedImageCrop_Response.msg
[0.354s] -- Up-to-date: /home/leoni/oak_ws/install/depthai_ros_msgs/share/ament_index/resource_index/package_run_dependencies/depthai_ros_msgs
[0.354s] -- Up-to-date: /home/leoni/oak_ws/install/depthai_ros_msgs/share/ament_index/resource_index/parent_prefix_path/depthai_ros_msgs
[0.354s] -- Up-to-date: /home/leoni/oak_ws/install/depthai_ros_msgs/share/depthai_ros_msgs/environment/ament_prefix_path.sh
[0.354s] -- Up-to-date: /home/leoni/oak_ws/install/depthai_ros_msgs/share/depthai_ros_msgs/environment/ament_prefix_path.dsv
[0.354s] -- Up-to-date: /home/leoni/oak_ws/install/depthai_ros_msgs/share/depthai_ros_msgs/environment/path.sh
[0.354s] -- Up-to-date: /home/leoni/oak_ws/install/depthai_ros_msgs/share/depthai_ros_msgs/environment/path.dsv
[0.354s] -- Up-to-date: /home/leoni/oak_ws/install/depthai_ros_msgs/share/depthai_ros_msgs/local_setup.bash
[0.355s] -- Up-to-date: /home/leoni/oak_ws/install/depthai_ros_msgs/share/depthai_ros_msgs/local_setup.sh
[0.355s] -- Up-to-date: /home/leoni/oak_ws/install/depthai_ros_msgs/share/depthai_ros_msgs/local_setup.zsh
[0.355s] -- Up-to-date: /home/leoni/oak_ws/install/depthai_ros_msgs/share/depthai_ros_msgs/local_setup.dsv
[0.355s] -- Installing: /home/leoni/oak_ws/install/depthai_ros_msgs/share/depthai_ros_msgs/package.dsv
[0.355s] -- Up-to-date: /home/leoni/oak_ws/install/depthai_ros_msgs/share/ament_index/resource_index/packages/depthai_ros_msgs
[0.355s] -- Up-to-date: /home/leoni/oak_ws/install/depthai_ros_msgs/share/depthai_ros_msgs/cmake/export_depthai_ros_msgs__rosidl_generator_cExport.cmake
[0.355s] -- Up-to-date: /home/leoni/oak_ws/install/depthai_ros_msgs/share/depthai_ros_msgs/cmake/export_depthai_ros_msgs__rosidl_generator_cExport-noconfig.cmake
[0.356s] -- Up-to-date: /home/leoni/oak_ws/install/depthai_ros_msgs/share/depthai_ros_msgs/cmake/export_depthai_ros_msgs__rosidl_typesupport_fastrtps_cExport.cmake
[0.356s] -- Up-to-date: /home/leoni/oak_ws/install/depthai_ros_msgs/share/depthai_ros_msgs/cmake/export_depthai_ros_msgs__rosidl_typesupport_fastrtps_cExport-noconfig.cmake
[0.356s] -- Up-to-date: /home/leoni/oak_ws/install/depthai_ros_msgs/share/depthai_ros_msgs/cmake/export_depthai_ros_msgs__rosidl_generator_cppExport.cmake
[0.357s] -- Up-to-date: /home/leoni/oak_ws/install/depthai_ros_msgs/share/depthai_ros_msgs/cmake/export_depthai_ros_msgs__rosidl_typesupport_fastrtps_cppExport.cmake
[0.357s] -- Up-to-date: /home/leoni/oak_ws/install/depthai_ros_msgs/share/depthai_ros_msgs/cmake/export_depthai_ros_msgs__rosidl_typesupport_fastrtps_cppExport-noconfig.cmake
[0.357s] -- Up-to-date: /home/leoni/oak_ws/install/depthai_ros_msgs/share/depthai_ros_msgs/cmake/depthai_ros_msgs__rosidl_typesupport_introspection_cExport.cmake
[0.357s] -- Up-to-date: /home/leoni/oak_ws/install/depthai_ros_msgs/share/depthai_ros_msgs/cmake/depthai_ros_msgs__rosidl_typesupport_introspection_cExport-noconfig.cmake
[0.358s] -- Up-to-date: /home/leoni/oak_ws/install/depthai_ros_msgs/share/depthai_ros_msgs/cmake/depthai_ros_msgs__rosidl_typesupport_cExport.cmake
[0.358s] -- Up-to-date: /home/leoni/oak_ws/install/depthai_ros_msgs/share/depthai_ros_msgs/cmake/depthai_ros_msgs__rosidl_typesupport_cExport-noconfig.cmake
[0.358s] -- Up-to-date: /home/leoni/oak_ws/install/depthai_ros_msgs/share/depthai_ros_msgs/cmake/depthai_ros_msgs__rosidl_typesupport_introspection_cppExport.cmake
[0.358s] -- Up-to-date: /home/leoni/oak_ws/install/depthai_ros_msgs/share/depthai_ros_msgs/cmake/depthai_ros_msgs__rosidl_typesupport_introspection_cppExport-noconfig.cmake
[0.359s] -- Up-to-date: /home/leoni/oak_ws/install/depthai_ros_msgs/share/depthai_ros_msgs/cmake/depthai_ros_msgs__rosidl_typesupport_cppExport.cmake
[0.359s] -- Up-to-date: /home/leoni/oak_ws/install/depthai_ros_msgs/share/depthai_ros_msgs/cmake/depthai_ros_msgs__rosidl_typesupport_cppExport-noconfig.cmake
[0.359s] -- Up-to-date: /home/leoni/oak_ws/install/depthai_ros_msgs/share/depthai_ros_msgs/cmake/export_depthai_ros_msgs__rosidl_generator_pyExport.cmake
[0.359s] -- Up-to-date: /home/leoni/oak_ws/install/depthai_ros_msgs/share/depthai_ros_msgs/cmake/export_depthai_ros_msgs__rosidl_generator_pyExport-noconfig.cmake
[0.360s] -- Up-to-date: /home/leoni/oak_ws/install/depthai_ros_msgs/share/depthai_ros_msgs/cmake/rosidl_cmake-extras.cmake
[0.360s] -- Up-to-date: /home/leoni/oak_ws/install/depthai_ros_msgs/share/depthai_ros_msgs/cmake/ament_cmake_export_dependencies-extras.cmake
[0.360s] -- Up-to-date: /home/leoni/oak_ws/install/depthai_ros_msgs/share/depthai_ros_msgs/cmake/ament_cmake_export_include_directories-extras.cmake
[0.360s] -- Up-to-date: /home/leoni/oak_ws/install/depthai_ros_msgs/share/depthai_ros_msgs/cmake/ament_cmake_export_libraries-extras.cmake
[0.360s] -- Up-to-date: /home/leoni/oak_ws/install/depthai_ros_msgs/share/depthai_ros_msgs/cmake/ament_cmake_export_targets-extras.cmake
[0.360s] -- Up-to-date: /home/leoni/oak_ws/install/depthai_ros_msgs/share/depthai_ros_msgs/cmake/rosidl_cmake_export_typesupport_targets-extras.cmake
[0.360s] -- Up-to-date: /home/leoni/oak_ws/install/depthai_ros_msgs/share/depthai_ros_msgs/cmake/rosidl_cmake_export_typesupport_libraries-extras.cmake
[0.360s] -- Up-to-date: /home/leoni/oak_ws/install/depthai_ros_msgs/share/depthai_ros_msgs/cmake/depthai_ros_msgsConfig.cmake
[0.360s] -- Up-to-date: /home/leoni/oak_ws/install/depthai_ros_msgs/share/depthai_ros_msgs/cmake/depthai_ros_msgsConfig-version.cmake
[0.360s] -- Up-to-date: /home/leoni/oak_ws/install/depthai_ros_msgs/share/depthai_ros_msgs/package.xml
[0.362s] Invoked command in '/home/leoni/oak_ws/build/depthai_ros_msgs' returned '0': CMAKE_PREFIX_PATH=/opt/ros/humble /usr/bin/cmake --install /home/leoni/oak_ws/build/depthai_ros_msgs
