[0.065s] DEBUG:colcon:Command line arguments: ['/usr/bin/colcon', 'build']
[0.065s] DEBUG:colcon:Parsed command line arguments: Namespace(log_base=None, log_level=None, verb_name='build', build_base='build', install_base='install', merge_install=False, symlink_install=False, test_result_base=None, continue_on_error=False, executor='parallel', parallel_workers=16, event_handlers=None, ignore_user_meta=False, metas=['./colcon.meta'], base_paths=['.'], packages_ignore=None, packages_ignore_regex=None, paths=None, packages_up_to=None, packages_up_to_regex=None, packages_above=None, packages_above_and_dependencies=None, packages_above_depth=None, packages_select_by_dep=None, packages_skip_by_dep=None, packages_skip_up_to=None, packages_select_build_failed=False, packages_skip_build_finished=False, packages_select_test_failures=False, packages_skip_test_passed=False, packages_select=None, packages_skip=None, packages_select_regex=None, packages_skip_regex=None, packages_start=None, packages_end=None, allow_overriding=[], cmake_args=None, cmake_target=None, cmake_target_skip_unavailable=False, cmake_clean_cache=False, cmake_clean_first=False, cmake_force_configure=False, ament_cmake_args=None, catkin_cmake_args=None, catkin_skip_building_tests=False, verb_parser=<colcon_defaults.argument_parser.defaults.DefaultArgumentsDecorator object at 0x734809f30dc0>, verb_extension=<colcon_core.verb.build.BuildVerb object at 0x73480a06e260>, main=<bound method BuildVerb.main of <colcon_core.verb.build.BuildVerb object at 0x73480a06e260>>)
[0.165s] Level 1:colcon.colcon_core.package_discovery:discover_packages(colcon_meta) check parameters
[0.165s] Level 1:colcon.colcon_core.package_discovery:discover_packages(recursive) check parameters
[0.165s] Level 1:colcon.colcon_core.package_discovery:discover_packages(ignore) check parameters
[0.165s] Level 1:colcon.colcon_core.package_discovery:discover_packages(path) check parameters
[0.165s] Level 1:colcon.colcon_core.package_discovery:discover_packages(colcon_meta) discover
[0.165s] Level 1:colcon.colcon_core.package_discovery:discover_packages(recursive) discover
[0.165s] INFO:colcon.colcon_core.package_discovery:Crawling recursively for packages in '/home/leoni/oak_ws'
[0.165s] Level 1:colcon.colcon_core.package_identification:_identify(.) by extensions ['ignore', 'ignore_ament_install']
[0.165s] Level 1:colcon.colcon_core.package_identification:_identify(.) by extension 'ignore'
[0.165s] Level 1:colcon.colcon_core.package_identification:_identify(.) by extension 'ignore_ament_install'
[0.165s] Level 1:colcon.colcon_core.package_identification:_identify(.) by extensions ['colcon_pkg']
[0.165s] Level 1:colcon.colcon_core.package_identification:_identify(.) by extension 'colcon_pkg'
[0.165s] Level 1:colcon.colcon_core.package_identification:_identify(.) by extensions ['colcon_meta']
[0.165s] Level 1:colcon.colcon_core.package_identification:_identify(.) by extension 'colcon_meta'
[0.165s] Level 1:colcon.colcon_core.package_identification:_identify(.) by extensions ['ros']
[0.165s] Level 1:colcon.colcon_core.package_identification:_identify(.) by extension 'ros'
[0.172s] Level 1:colcon.colcon_core.package_identification:_identify(.) by extensions ['cmake', 'python']
[0.172s] Level 1:colcon.colcon_core.package_identification:_identify(.) by extension 'cmake'
[0.172s] Level 1:colcon.colcon_core.package_identification:_identify(.) by extension 'python'
[0.172s] Level 1:colcon.colcon_core.package_identification:_identify(.) by extensions ['python_setup_py']
[0.172s] Level 1:colcon.colcon_core.package_identification:_identify(.) by extension 'python_setup_py'
[0.172s] Level 1:colcon.colcon_core.package_identification:_identify(build) by extensions ['ignore', 'ignore_ament_install']
[0.172s] Level 1:colcon.colcon_core.package_identification:_identify(build) by extension 'ignore'
[0.172s] Level 1:colcon.colcon_core.package_identification:_identify(build) ignored
[0.172s] Level 1:colcon.colcon_core.package_identification:_identify(install) by extensions ['ignore', 'ignore_ament_install']
[0.172s] Level 1:colcon.colcon_core.package_identification:_identify(install) by extension 'ignore'
[0.173s] Level 1:colcon.colcon_core.package_identification:_identify(install) ignored
[0.173s] Level 1:colcon.colcon_core.package_identification:_identify(log) by extensions ['ignore', 'ignore_ament_install']
[0.173s] Level 1:colcon.colcon_core.package_identification:_identify(log) by extension 'ignore'
[0.173s] Level 1:colcon.colcon_core.package_identification:_identify(log) ignored
[0.173s] Level 1:colcon.colcon_core.package_identification:_identify(src) by extensions ['ignore', 'ignore_ament_install']
[0.173s] Level 1:colcon.colcon_core.package_identification:_identify(src) by extension 'ignore'
[0.173s] Level 1:colcon.colcon_core.package_identification:_identify(src) by extension 'ignore_ament_install'
[0.173s] Level 1:colcon.colcon_core.package_identification:_identify(src) by extensions ['colcon_pkg']
[0.173s] Level 1:colcon.colcon_core.package_identification:_identify(src) by extension 'colcon_pkg'
[0.173s] Level 1:colcon.colcon_core.package_identification:_identify(src) by extensions ['colcon_meta']
[0.173s] Level 1:colcon.colcon_core.package_identification:_identify(src) by extension 'colcon_meta'
[0.173s] Level 1:colcon.colcon_core.package_identification:_identify(src) by extensions ['ros']
[0.173s] Level 1:colcon.colcon_core.package_identification:_identify(src) by extension 'ros'
[0.173s] Level 1:colcon.colcon_core.package_identification:_identify(src) by extensions ['cmake', 'python']
[0.173s] Level 1:colcon.colcon_core.package_identification:_identify(src) by extension 'cmake'
[0.173s] Level 1:colcon.colcon_core.package_identification:_identify(src) by extension 'python'
[0.173s] Level 1:colcon.colcon_core.package_identification:_identify(src) by extensions ['python_setup_py']
[0.173s] Level 1:colcon.colcon_core.package_identification:_identify(src) by extension 'python_setup_py'
[0.173s] Level 1:colcon.colcon_core.package_identification:_identify(src/depthai-ros) by extensions ['ignore', 'ignore_ament_install']
[0.173s] Level 1:colcon.colcon_core.package_identification:_identify(src/depthai-ros) by extension 'ignore'
[0.173s] Level 1:colcon.colcon_core.package_identification:_identify(src/depthai-ros) by extension 'ignore_ament_install'
[0.173s] Level 1:colcon.colcon_core.package_identification:_identify(src/depthai-ros) by extensions ['colcon_pkg']
[0.173s] Level 1:colcon.colcon_core.package_identification:_identify(src/depthai-ros) by extension 'colcon_pkg'
[0.173s] Level 1:colcon.colcon_core.package_identification:_identify(src/depthai-ros) by extensions ['colcon_meta']
[0.173s] Level 1:colcon.colcon_core.package_identification:_identify(src/depthai-ros) by extension 'colcon_meta'
[0.173s] Level 1:colcon.colcon_core.package_identification:_identify(src/depthai-ros) by extensions ['ros']
[0.173s] Level 1:colcon.colcon_core.package_identification:_identify(src/depthai-ros) by extension 'ros'
[0.173s] Level 1:colcon.colcon_core.package_identification:_identify(src/depthai-ros) by extensions ['cmake', 'python']
[0.173s] Level 1:colcon.colcon_core.package_identification:_identify(src/depthai-ros) by extension 'cmake'
[0.173s] Level 1:colcon.colcon_core.package_identification:_identify(src/depthai-ros) by extension 'python'
[0.173s] Level 1:colcon.colcon_core.package_identification:_identify(src/depthai-ros) by extensions ['python_setup_py']
[0.173s] Level 1:colcon.colcon_core.package_identification:_identify(src/depthai-ros) by extension 'python_setup_py'
[0.173s] Level 1:colcon.colcon_core.package_identification:_identify(src/depthai-ros/depthai-ros) by extensions ['ignore', 'ignore_ament_install']
[0.174s] Level 1:colcon.colcon_core.package_identification:_identify(src/depthai-ros/depthai-ros) by extension 'ignore'
[0.174s] Level 1:colcon.colcon_core.package_identification:_identify(src/depthai-ros/depthai-ros) by extension 'ignore_ament_install'
[0.174s] Level 1:colcon.colcon_core.package_identification:_identify(src/depthai-ros/depthai-ros) by extensions ['colcon_pkg']
[0.174s] Level 1:colcon.colcon_core.package_identification:_identify(src/depthai-ros/depthai-ros) by extension 'colcon_pkg'
[0.174s] Level 1:colcon.colcon_core.package_identification:_identify(src/depthai-ros/depthai-ros) by extensions ['colcon_meta']
[0.174s] Level 1:colcon.colcon_core.package_identification:_identify(src/depthai-ros/depthai-ros) by extension 'colcon_meta'
[0.174s] Level 1:colcon.colcon_core.package_identification:_identify(src/depthai-ros/depthai-ros) by extensions ['ros']
[0.174s] Level 1:colcon.colcon_core.package_identification:_identify(src/depthai-ros/depthai-ros) by extension 'ros'
[0.175s] DEBUG:colcon.colcon_core.package_identification:Package 'src/depthai-ros/depthai-ros' with type 'ros.ament_cmake' and name 'depthai-ros'
[0.175s] Level 1:colcon.colcon_core.package_identification:_identify(src/depthai-ros/depthai_bridge) by extensions ['ignore', 'ignore_ament_install']
[0.175s] Level 1:colcon.colcon_core.package_identification:_identify(src/depthai-ros/depthai_bridge) by extension 'ignore'
[0.175s] Level 1:colcon.colcon_core.package_identification:_identify(src/depthai-ros/depthai_bridge) by extension 'ignore_ament_install'
[0.175s] Level 1:colcon.colcon_core.package_identification:_identify(src/depthai-ros/depthai_bridge) by extensions ['colcon_pkg']
[0.175s] Level 1:colcon.colcon_core.package_identification:_identify(src/depthai-ros/depthai_bridge) by extension 'colcon_pkg'
[0.175s] Level 1:colcon.colcon_core.package_identification:_identify(src/depthai-ros/depthai_bridge) by extensions ['colcon_meta']
[0.175s] Level 1:colcon.colcon_core.package_identification:_identify(src/depthai-ros/depthai_bridge) by extension 'colcon_meta'
[0.175s] Level 1:colcon.colcon_core.package_identification:_identify(src/depthai-ros/depthai_bridge) by extensions ['ros']
[0.175s] Level 1:colcon.colcon_core.package_identification:_identify(src/depthai-ros/depthai_bridge) by extension 'ros'
[0.177s] DEBUG:colcon.colcon_core.package_identification:Package 'src/depthai-ros/depthai_bridge' with type 'ros.ament_cmake' and name 'depthai_bridge'
[0.177s] Level 1:colcon.colcon_core.package_identification:_identify(src/depthai-ros/depthai_descriptions) by extensions ['ignore', 'ignore_ament_install']
[0.177s] Level 1:colcon.colcon_core.package_identification:_identify(src/depthai-ros/depthai_descriptions) by extension 'ignore'
[0.177s] Level 1:colcon.colcon_core.package_identification:_identify(src/depthai-ros/depthai_descriptions) by extension 'ignore_ament_install'
[0.177s] Level 1:colcon.colcon_core.package_identification:_identify(src/depthai-ros/depthai_descriptions) by extensions ['colcon_pkg']
[0.177s] Level 1:colcon.colcon_core.package_identification:_identify(src/depthai-ros/depthai_descriptions) by extension 'colcon_pkg'
[0.177s] Level 1:colcon.colcon_core.package_identification:_identify(src/depthai-ros/depthai_descriptions) by extensions ['colcon_meta']
[0.177s] Level 1:colcon.colcon_core.package_identification:_identify(src/depthai-ros/depthai_descriptions) by extension 'colcon_meta'
[0.177s] Level 1:colcon.colcon_core.package_identification:_identify(src/depthai-ros/depthai_descriptions) by extensions ['ros']
[0.177s] Level 1:colcon.colcon_core.package_identification:_identify(src/depthai-ros/depthai_descriptions) by extension 'ros'
[0.177s] DEBUG:colcon.colcon_core.package_identification:Package 'src/depthai-ros/depthai_descriptions' with type 'ros.ament_cmake' and name 'depthai_descriptions'
[0.177s] Level 1:colcon.colcon_core.package_identification:_identify(src/depthai-ros/depthai_filters) by extensions ['ignore', 'ignore_ament_install']
[0.177s] Level 1:colcon.colcon_core.package_identification:_identify(src/depthai-ros/depthai_filters) by extension 'ignore'
[0.177s] Level 1:colcon.colcon_core.package_identification:_identify(src/depthai-ros/depthai_filters) by extension 'ignore_ament_install'
[0.178s] Level 1:colcon.colcon_core.package_identification:_identify(src/depthai-ros/depthai_filters) by extensions ['colcon_pkg']
[0.178s] Level 1:colcon.colcon_core.package_identification:_identify(src/depthai-ros/depthai_filters) by extension 'colcon_pkg'
[0.178s] Level 1:colcon.colcon_core.package_identification:_identify(src/depthai-ros/depthai_filters) by extensions ['colcon_meta']
[0.178s] Level 1:colcon.colcon_core.package_identification:_identify(src/depthai-ros/depthai_filters) by extension 'colcon_meta'
[0.178s] Level 1:colcon.colcon_core.package_identification:_identify(src/depthai-ros/depthai_filters) by extensions ['ros']
[0.178s] Level 1:colcon.colcon_core.package_identification:_identify(src/depthai-ros/depthai_filters) by extension 'ros'
[0.178s] DEBUG:colcon.colcon_core.package_identification:Package 'src/depthai-ros/depthai_filters' with type 'ros.ament_cmake' and name 'depthai_filters'
[0.178s] Level 1:colcon.colcon_core.package_identification:_identify(src/depthai-ros/depthai_ros_driver) by extensions ['ignore', 'ignore_ament_install']
[0.178s] Level 1:colcon.colcon_core.package_identification:_identify(src/depthai-ros/depthai_ros_driver) by extension 'ignore'
[0.178s] Level 1:colcon.colcon_core.package_identification:_identify(src/depthai-ros/depthai_ros_driver) by extension 'ignore_ament_install'
[0.178s] Level 1:colcon.colcon_core.package_identification:_identify(src/depthai-ros/depthai_ros_driver) by extensions ['colcon_pkg']
[0.179s] Level 1:colcon.colcon_core.package_identification:_identify(src/depthai-ros/depthai_ros_driver) by extension 'colcon_pkg'
[0.179s] Level 1:colcon.colcon_core.package_identification:_identify(src/depthai-ros/depthai_ros_driver) by extensions ['colcon_meta']
[0.179s] Level 1:colcon.colcon_core.package_identification:_identify(src/depthai-ros/depthai_ros_driver) by extension 'colcon_meta'
[0.179s] Level 1:colcon.colcon_core.package_identification:_identify(src/depthai-ros/depthai_ros_driver) by extensions ['ros']
[0.179s] Level 1:colcon.colcon_core.package_identification:_identify(src/depthai-ros/depthai_ros_driver) by extension 'ros'
[0.180s] DEBUG:colcon.colcon_core.package_identification:Package 'src/depthai-ros/depthai_ros_driver' with type 'ros.ament_cmake' and name 'depthai_ros_driver'
[0.180s] Level 1:colcon.colcon_core.package_identification:_identify(src/depthai-ros/depthai_ros_msgs) by extensions ['ignore', 'ignore_ament_install']
[0.180s] Level 1:colcon.colcon_core.package_identification:_identify(src/depthai-ros/depthai_ros_msgs) by extension 'ignore'
[0.180s] Level 1:colcon.colcon_core.package_identification:_identify(src/depthai-ros/depthai_ros_msgs) by extension 'ignore_ament_install'
[0.180s] Level 1:colcon.colcon_core.package_identification:_identify(src/depthai-ros/depthai_ros_msgs) by extensions ['colcon_pkg']
[0.180s] Level 1:colcon.colcon_core.package_identification:_identify(src/depthai-ros/depthai_ros_msgs) by extension 'colcon_pkg'
[0.180s] Level 1:colcon.colcon_core.package_identification:_identify(src/depthai-ros/depthai_ros_msgs) by extensions ['colcon_meta']
[0.180s] Level 1:colcon.colcon_core.package_identification:_identify(src/depthai-ros/depthai_ros_msgs) by extension 'colcon_meta'
[0.180s] Level 1:colcon.colcon_core.package_identification:_identify(src/depthai-ros/depthai_ros_msgs) by extensions ['ros']
[0.180s] Level 1:colcon.colcon_core.package_identification:_identify(src/depthai-ros/depthai_ros_msgs) by extension 'ros'
[0.181s] DEBUG:colcon.colcon_core.package_identification:Package 'src/depthai-ros/depthai_ros_msgs' with type 'ros.ament_cmake' and name 'depthai_ros_msgs'
[0.181s] Level 1:colcon.colcon_core.package_identification:_identify(src/leoni) by extensions ['ignore', 'ignore_ament_install']
[0.181s] Level 1:colcon.colcon_core.package_identification:_identify(src/leoni) by extension 'ignore'
[0.181s] Level 1:colcon.colcon_core.package_identification:_identify(src/leoni) by extension 'ignore_ament_install'
[0.181s] Level 1:colcon.colcon_core.package_identification:_identify(src/leoni) by extensions ['colcon_pkg']
[0.181s] Level 1:colcon.colcon_core.package_identification:_identify(src/leoni) by extension 'colcon_pkg'
[0.181s] Level 1:colcon.colcon_core.package_identification:_identify(src/leoni) by extensions ['colcon_meta']
[0.181s] Level 1:colcon.colcon_core.package_identification:_identify(src/leoni) by extension 'colcon_meta'
[0.181s] Level 1:colcon.colcon_core.package_identification:_identify(src/leoni) by extensions ['ros']
[0.181s] Level 1:colcon.colcon_core.package_identification:_identify(src/leoni) by extension 'ros'
[0.181s] DEBUG:colcon.colcon_core.package_identification:Package 'src/leoni' with type 'ros.ament_python' and name 'leoni'
[0.181s] Level 1:colcon.colcon_core.package_discovery:discover_packages(recursive) using defaults
[0.181s] Level 1:colcon.colcon_core.package_discovery:discover_packages(ignore) discover
[0.181s] Level 1:colcon.colcon_core.package_discovery:discover_packages(ignore) using defaults
[0.181s] Level 1:colcon.colcon_core.package_discovery:discover_packages(path) discover
[0.181s] Level 1:colcon.colcon_core.package_discovery:discover_packages(path) using defaults
[0.200s] Level 1:colcon.colcon_core.package_discovery:discover_packages(prefix_path) check parameters
[0.200s] Level 1:colcon.colcon_core.package_discovery:discover_packages(prefix_path) discover
[0.201s] DEBUG:colcon.colcon_installed_package_information.package_discovery:Found 7 installed packages in /home/leoni/oak_ws/install
[0.202s] DEBUG:colcon.colcon_installed_package_information.package_discovery:Found 365 installed packages in /opt/ros/humble
[0.203s] Level 1:colcon.colcon_core.package_discovery:discover_packages(prefix_path) using defaults
[0.230s] Level 5:colcon.colcon_core.verb:set package 'depthai_descriptions' build argument 'cmake_args' from command line to 'None'
[0.230s] Level 5:colcon.colcon_core.verb:set package 'depthai_descriptions' build argument 'cmake_target' from command line to 'None'
[0.230s] Level 5:colcon.colcon_core.verb:set package 'depthai_descriptions' build argument 'cmake_target_skip_unavailable' from command line to 'False'
[0.230s] Level 5:colcon.colcon_core.verb:set package 'depthai_descriptions' build argument 'cmake_clean_cache' from command line to 'False'
[0.230s] Level 5:colcon.colcon_core.verb:set package 'depthai_descriptions' build argument 'cmake_clean_first' from command line to 'False'
[0.230s] Level 5:colcon.colcon_core.verb:set package 'depthai_descriptions' build argument 'cmake_force_configure' from command line to 'False'
[0.230s] Level 5:colcon.colcon_core.verb:set package 'depthai_descriptions' build argument 'ament_cmake_args' from command line to 'None'
[0.230s] Level 5:colcon.colcon_core.verb:set package 'depthai_descriptions' build argument 'catkin_cmake_args' from command line to 'None'
[0.230s] Level 5:colcon.colcon_core.verb:set package 'depthai_descriptions' build argument 'catkin_skip_building_tests' from command line to 'False'
[0.230s] DEBUG:colcon.colcon_core.verb:Building package 'depthai_descriptions' with the following arguments: {'ament_cmake_args': None, 'build_base': '/home/leoni/oak_ws/build/depthai_descriptions', 'catkin_cmake_args': None, 'catkin_skip_building_tests': False, 'cmake_args': None, 'cmake_clean_cache': False, 'cmake_clean_first': False, 'cmake_force_configure': False, 'cmake_target': None, 'cmake_target_skip_unavailable': False, 'install_base': '/home/leoni/oak_ws/install/depthai_descriptions', 'merge_install': False, 'path': '/home/leoni/oak_ws/src/depthai-ros/depthai_descriptions', 'symlink_install': False, 'test_result_base': None}
[0.231s] Level 5:colcon.colcon_core.verb:set package 'depthai_ros_msgs' build argument 'cmake_args' from command line to 'None'
[0.231s] Level 5:colcon.colcon_core.verb:set package 'depthai_ros_msgs' build argument 'cmake_target' from command line to 'None'
[0.231s] Level 5:colcon.colcon_core.verb:set package 'depthai_ros_msgs' build argument 'cmake_target_skip_unavailable' from command line to 'False'
[0.231s] Level 5:colcon.colcon_core.verb:set package 'depthai_ros_msgs' build argument 'cmake_clean_cache' from command line to 'False'
[0.231s] Level 5:colcon.colcon_core.verb:set package 'depthai_ros_msgs' build argument 'cmake_clean_first' from command line to 'False'
[0.231s] Level 5:colcon.colcon_core.verb:set package 'depthai_ros_msgs' build argument 'cmake_force_configure' from command line to 'False'
[0.231s] Level 5:colcon.colcon_core.verb:set package 'depthai_ros_msgs' build argument 'ament_cmake_args' from command line to 'None'
[0.231s] Level 5:colcon.colcon_core.verb:set package 'depthai_ros_msgs' build argument 'catkin_cmake_args' from command line to 'None'
[0.231s] Level 5:colcon.colcon_core.verb:set package 'depthai_ros_msgs' build argument 'catkin_skip_building_tests' from command line to 'False'
[0.231s] DEBUG:colcon.colcon_core.verb:Building package 'depthai_ros_msgs' with the following arguments: {'ament_cmake_args': None, 'build_base': '/home/leoni/oak_ws/build/depthai_ros_msgs', 'catkin_cmake_args': None, 'catkin_skip_building_tests': False, 'cmake_args': None, 'cmake_clean_cache': False, 'cmake_clean_first': False, 'cmake_force_configure': False, 'cmake_target': None, 'cmake_target_skip_unavailable': False, 'install_base': '/home/leoni/oak_ws/install/depthai_ros_msgs', 'merge_install': False, 'path': '/home/leoni/oak_ws/src/depthai-ros/depthai_ros_msgs', 'symlink_install': False, 'test_result_base': None}
[0.231s] Level 5:colcon.colcon_core.verb:set package 'leoni' build argument 'cmake_args' from command line to 'None'
[0.231s] Level 5:colcon.colcon_core.verb:set package 'leoni' build argument 'cmake_target' from command line to 'None'
[0.231s] Level 5:colcon.colcon_core.verb:set package 'leoni' build argument 'cmake_target_skip_unavailable' from command line to 'False'
[0.231s] Level 5:colcon.colcon_core.verb:set package 'leoni' build argument 'cmake_clean_cache' from command line to 'False'
[0.231s] Level 5:colcon.colcon_core.verb:set package 'leoni' build argument 'cmake_clean_first' from command line to 'False'
[0.231s] Level 5:colcon.colcon_core.verb:set package 'leoni' build argument 'cmake_force_configure' from command line to 'False'
[0.231s] Level 5:colcon.colcon_core.verb:set package 'leoni' build argument 'ament_cmake_args' from command line to 'None'
[0.231s] Level 5:colcon.colcon_core.verb:set package 'leoni' build argument 'catkin_cmake_args' from command line to 'None'
[0.231s] Level 5:colcon.colcon_core.verb:set package 'leoni' build argument 'catkin_skip_building_tests' from command line to 'False'
[0.231s] DEBUG:colcon.colcon_core.verb:Building package 'leoni' with the following arguments: {'ament_cmake_args': None, 'build_base': '/home/leoni/oak_ws/build/leoni', 'catkin_cmake_args': None, 'catkin_skip_building_tests': False, 'cmake_args': None, 'cmake_clean_cache': False, 'cmake_clean_first': False, 'cmake_force_configure': False, 'cmake_target': None, 'cmake_target_skip_unavailable': False, 'install_base': '/home/leoni/oak_ws/install/leoni', 'merge_install': False, 'path': '/home/leoni/oak_ws/src/leoni', 'symlink_install': False, 'test_result_base': None}
[0.231s] Level 5:colcon.colcon_core.verb:set package 'depthai_bridge' build argument 'cmake_args' from command line to 'None'
[0.231s] Level 5:colcon.colcon_core.verb:set package 'depthai_bridge' build argument 'cmake_target' from command line to 'None'
[0.231s] Level 5:colcon.colcon_core.verb:set package 'depthai_bridge' build argument 'cmake_target_skip_unavailable' from command line to 'False'
[0.231s] Level 5:colcon.colcon_core.verb:set package 'depthai_bridge' build argument 'cmake_clean_cache' from command line to 'False'
[0.231s] Level 5:colcon.colcon_core.verb:set package 'depthai_bridge' build argument 'cmake_clean_first' from command line to 'False'
[0.231s] Level 5:colcon.colcon_core.verb:set package 'depthai_bridge' build argument 'cmake_force_configure' from command line to 'False'
[0.231s] Level 5:colcon.colcon_core.verb:set package 'depthai_bridge' build argument 'ament_cmake_args' from command line to 'None'
[0.231s] Level 5:colcon.colcon_core.verb:set package 'depthai_bridge' build argument 'catkin_cmake_args' from command line to 'None'
[0.231s] Level 5:colcon.colcon_core.verb:set package 'depthai_bridge' build argument 'catkin_skip_building_tests' from command line to 'False'
[0.231s] DEBUG:colcon.colcon_core.verb:Building package 'depthai_bridge' with the following arguments: {'ament_cmake_args': None, 'build_base': '/home/leoni/oak_ws/build/depthai_bridge', 'catkin_cmake_args': None, 'catkin_skip_building_tests': False, 'cmake_args': None, 'cmake_clean_cache': False, 'cmake_clean_first': False, 'cmake_force_configure': False, 'cmake_target': None, 'cmake_target_skip_unavailable': False, 'install_base': '/home/leoni/oak_ws/install/depthai_bridge', 'merge_install': False, 'path': '/home/leoni/oak_ws/src/depthai-ros/depthai_bridge', 'symlink_install': False, 'test_result_base': None}
[0.232s] Level 5:colcon.colcon_core.verb:set package 'depthai_filters' build argument 'cmake_args' from command line to 'None'
[0.232s] Level 5:colcon.colcon_core.verb:set package 'depthai_filters' build argument 'cmake_target' from command line to 'None'
[0.232s] Level 5:colcon.colcon_core.verb:set package 'depthai_filters' build argument 'cmake_target_skip_unavailable' from command line to 'False'
[0.232s] Level 5:colcon.colcon_core.verb:set package 'depthai_filters' build argument 'cmake_clean_cache' from command line to 'False'
[0.232s] Level 5:colcon.colcon_core.verb:set package 'depthai_filters' build argument 'cmake_clean_first' from command line to 'False'
[0.232s] Level 5:colcon.colcon_core.verb:set package 'depthai_filters' build argument 'cmake_force_configure' from command line to 'False'
[0.232s] Level 5:colcon.colcon_core.verb:set package 'depthai_filters' build argument 'ament_cmake_args' from command line to 'None'
[0.232s] Level 5:colcon.colcon_core.verb:set package 'depthai_filters' build argument 'catkin_cmake_args' from command line to 'None'
[0.232s] Level 5:colcon.colcon_core.verb:set package 'depthai_filters' build argument 'catkin_skip_building_tests' from command line to 'False'
[0.232s] DEBUG:colcon.colcon_core.verb:Building package 'depthai_filters' with the following arguments: {'ament_cmake_args': None, 'build_base': '/home/leoni/oak_ws/build/depthai_filters', 'catkin_cmake_args': None, 'catkin_skip_building_tests': False, 'cmake_args': None, 'cmake_clean_cache': False, 'cmake_clean_first': False, 'cmake_force_configure': False, 'cmake_target': None, 'cmake_target_skip_unavailable': False, 'install_base': '/home/leoni/oak_ws/install/depthai_filters', 'merge_install': False, 'path': '/home/leoni/oak_ws/src/depthai-ros/depthai_filters', 'symlink_install': False, 'test_result_base': None}
[0.232s] Level 5:colcon.colcon_core.verb:set package 'depthai_ros_driver' build argument 'cmake_args' from command line to 'None'
[0.232s] Level 5:colcon.colcon_core.verb:set package 'depthai_ros_driver' build argument 'cmake_target' from command line to 'None'
[0.232s] Level 5:colcon.colcon_core.verb:set package 'depthai_ros_driver' build argument 'cmake_target_skip_unavailable' from command line to 'False'
[0.232s] Level 5:colcon.colcon_core.verb:set package 'depthai_ros_driver' build argument 'cmake_clean_cache' from command line to 'False'
[0.232s] Level 5:colcon.colcon_core.verb:set package 'depthai_ros_driver' build argument 'cmake_clean_first' from command line to 'False'
[0.232s] Level 5:colcon.colcon_core.verb:set package 'depthai_ros_driver' build argument 'cmake_force_configure' from command line to 'False'
[0.232s] Level 5:colcon.colcon_core.verb:set package 'depthai_ros_driver' build argument 'ament_cmake_args' from command line to 'None'
[0.232s] Level 5:colcon.colcon_core.verb:set package 'depthai_ros_driver' build argument 'catkin_cmake_args' from command line to 'None'
[0.232s] Level 5:colcon.colcon_core.verb:set package 'depthai_ros_driver' build argument 'catkin_skip_building_tests' from command line to 'False'
[0.232s] DEBUG:colcon.colcon_core.verb:Building package 'depthai_ros_driver' with the following arguments: {'ament_cmake_args': None, 'build_base': '/home/leoni/oak_ws/build/depthai_ros_driver', 'catkin_cmake_args': None, 'catkin_skip_building_tests': False, 'cmake_args': None, 'cmake_clean_cache': False, 'cmake_clean_first': False, 'cmake_force_configure': False, 'cmake_target': None, 'cmake_target_skip_unavailable': False, 'install_base': '/home/leoni/oak_ws/install/depthai_ros_driver', 'merge_install': False, 'path': '/home/leoni/oak_ws/src/depthai-ros/depthai_ros_driver', 'symlink_install': False, 'test_result_base': None}
[0.232s] Level 5:colcon.colcon_core.verb:set package 'depthai-ros' build argument 'cmake_args' from command line to 'None'
[0.232s] Level 5:colcon.colcon_core.verb:set package 'depthai-ros' build argument 'cmake_target' from command line to 'None'
[0.232s] Level 5:colcon.colcon_core.verb:set package 'depthai-ros' build argument 'cmake_target_skip_unavailable' from command line to 'False'
[0.232s] Level 5:colcon.colcon_core.verb:set package 'depthai-ros' build argument 'cmake_clean_cache' from command line to 'False'
[0.232s] Level 5:colcon.colcon_core.verb:set package 'depthai-ros' build argument 'cmake_clean_first' from command line to 'False'
[0.232s] Level 5:colcon.colcon_core.verb:set package 'depthai-ros' build argument 'cmake_force_configure' from command line to 'False'
[0.233s] Level 5:colcon.colcon_core.verb:set package 'depthai-ros' build argument 'ament_cmake_args' from command line to 'None'
[0.233s] Level 5:colcon.colcon_core.verb:set package 'depthai-ros' build argument 'catkin_cmake_args' from command line to 'None'
[0.233s] Level 5:colcon.colcon_core.verb:set package 'depthai-ros' build argument 'catkin_skip_building_tests' from command line to 'False'
[0.233s] DEBUG:colcon.colcon_core.verb:Building package 'depthai-ros' with the following arguments: {'ament_cmake_args': None, 'build_base': '/home/leoni/oak_ws/build/depthai-ros', 'catkin_cmake_args': None, 'catkin_skip_building_tests': False, 'cmake_args': None, 'cmake_clean_cache': False, 'cmake_clean_first': False, 'cmake_force_configure': False, 'cmake_target': None, 'cmake_target_skip_unavailable': False, 'install_base': '/home/leoni/oak_ws/install/depthai-ros', 'merge_install': False, 'path': '/home/leoni/oak_ws/src/depthai-ros/depthai-ros', 'symlink_install': False, 'test_result_base': None}
[0.233s] INFO:colcon.colcon_core.executor:Executing jobs using 'parallel' executor
[0.233s] DEBUG:colcon.colcon_parallel_executor.executor.parallel:run_until_complete
[0.233s] INFO:colcon.colcon_ros.task.ament_cmake.build:Building ROS package in '/home/leoni/oak_ws/src/depthai-ros/depthai_ros_msgs' with build type 'ament_cmake'
[0.233s] INFO:colcon.colcon_cmake.task.cmake.build:Building CMake package in '/home/leoni/oak_ws/src/depthai-ros/depthai_ros_msgs'
[0.235s] INFO:colcon.colcon_core.plugin_system:Skipping extension 'colcon_core.shell.bat': Not used on non-Windows systems
[0.235s] INFO:colcon.colcon_core.shell:Skip shell extension 'powershell' for command environment: Not usable outside of PowerShell
[0.235s] DEBUG:colcon.colcon_core.shell:Skip shell extension 'dsv' for command environment
[0.237s] INFO:colcon.colcon_ros.task.ament_cmake.build:Building ROS package in '/home/leoni/oak_ws/src/depthai-ros/depthai_descriptions' with build type 'ament_cmake'
[0.238s] INFO:colcon.colcon_cmake.task.cmake.build:Building CMake package in '/home/leoni/oak_ws/src/depthai-ros/depthai_descriptions'
[0.238s] INFO:colcon.colcon_core.shell:Skip shell extension 'powershell' for command environment: Not usable outside of PowerShell
[0.238s] DEBUG:colcon.colcon_core.shell:Skip shell extension 'dsv' for command environment
[0.240s] INFO:colcon.colcon_ros.task.ament_python.build:Building ROS package in '/home/leoni/oak_ws/src/leoni' with build type 'ament_python'
[0.240s] Level 1:colcon.colcon_core.shell:create_environment_hook('leoni', 'ament_prefix_path')
[0.240s] INFO:colcon.colcon_core.shell:Creating environment hook '/home/leoni/oak_ws/install/leoni/share/leoni/hook/ament_prefix_path.ps1'
[0.241s] INFO:colcon.colcon_core.shell:Creating environment descriptor '/home/leoni/oak_ws/install/leoni/share/leoni/hook/ament_prefix_path.dsv'
[0.241s] INFO:colcon.colcon_core.shell:Creating environment hook '/home/leoni/oak_ws/install/leoni/share/leoni/hook/ament_prefix_path.sh'
[0.241s] INFO:colcon.colcon_core.shell:Skip shell extension 'powershell' for command environment: Not usable outside of PowerShell
[0.242s] DEBUG:colcon.colcon_core.shell:Skip shell extension 'dsv' for command environment
[0.248s] DEBUG:colcon.colcon_core.event_handler.log_command:Invoking command in '/home/leoni/oak_ws/build/depthai_ros_msgs': CMAKE_PREFIX_PATH=${CMAKE_PREFIX_PATH}:/home/leoni/oak_ws/install/leoni:/opt/ros/humble /usr/bin/cmake --build /home/leoni/oak_ws/build/depthai_ros_msgs -- -j16 -l16
[0.253s] DEBUG:colcon.colcon_core.event_handler.log_command:Invoking command in '/home/leoni/oak_ws/build/depthai_descriptions': CMAKE_PREFIX_PATH=${CMAKE_PREFIX_PATH}:/home/leoni/oak_ws/install/leoni:/opt/ros/humble /usr/bin/cmake --build /home/leoni/oak_ws/build/depthai_descriptions -- -j16 -l16
[0.438s] INFO:colcon.colcon_core.task.python.build:Building Python package in '/home/leoni/oak_ws/src/leoni'
[0.438s] INFO:colcon.colcon_core.shell:Skip shell extension 'powershell' for command environment: Not usable outside of PowerShell
[0.438s] DEBUG:colcon.colcon_core.shell:Skip shell extension 'dsv' for command environment
[0.442s] DEBUG:colcon.colcon_core.event_handler.log_command:Invoked command in '/home/leoni/oak_ws/build/depthai_descriptions' returned '0': CMAKE_PREFIX_PATH=${CMAKE_PREFIX_PATH}:/home/leoni/oak_ws/install/leoni:/opt/ros/humble /usr/bin/cmake --build /home/leoni/oak_ws/build/depthai_descriptions -- -j16 -l16
[0.453s] DEBUG:colcon.colcon_core.event_handler.log_command:Invoking command in '/home/leoni/oak_ws/build/depthai_descriptions': CMAKE_PREFIX_PATH=${CMAKE_PREFIX_PATH}:/home/leoni/oak_ws/install/leoni:/opt/ros/humble /usr/bin/cmake --install /home/leoni/oak_ws/build/depthai_descriptions
[0.460s] Level 1:colcon.colcon_core.environment:create_environment_scripts_only(depthai_descriptions)
[0.460s] DEBUG:colcon.colcon_core.event_handler.log_command:Invoked command in '/home/leoni/oak_ws/build/depthai_descriptions' returned '0': CMAKE_PREFIX_PATH=${CMAKE_PREFIX_PATH}:/home/leoni/oak_ws/install/leoni:/opt/ros/humble /usr/bin/cmake --install /home/leoni/oak_ws/build/depthai_descriptions
[0.462s] Level 1:colcon.colcon_core.environment:checking '/home/leoni/oak_ws/install/depthai_descriptions' for CMake module files
[0.463s] Level 1:colcon.colcon_core.environment:checking '/home/leoni/oak_ws/install/depthai_descriptions' for CMake config files
[0.463s] Level 1:colcon.colcon_core.shell:create_environment_hook('depthai_descriptions', 'cmake_prefix_path')
[0.463s] INFO:colcon.colcon_core.shell:Creating environment hook '/home/leoni/oak_ws/install/depthai_descriptions/share/depthai_descriptions/hook/cmake_prefix_path.ps1'
[0.464s] INFO:colcon.colcon_core.shell:Creating environment descriptor '/home/leoni/oak_ws/install/depthai_descriptions/share/depthai_descriptions/hook/cmake_prefix_path.dsv'
[0.464s] INFO:colcon.colcon_core.shell:Creating environment hook '/home/leoni/oak_ws/install/depthai_descriptions/share/depthai_descriptions/hook/cmake_prefix_path.sh'
[0.465s] Level 1:colcon.colcon_core.environment:checking '/home/leoni/oak_ws/install/depthai_descriptions/bin'
[0.465s] Level 1:colcon.colcon_core.environment:checking '/home/leoni/oak_ws/install/depthai_descriptions/lib/pkgconfig/depthai_descriptions.pc'
[0.465s] Level 1:colcon.colcon_core.environment:checking '/home/leoni/oak_ws/install/depthai_descriptions/lib/python3.10/site-packages'
[0.465s] Level 1:colcon.colcon_core.environment:checking '/home/leoni/oak_ws/install/depthai_descriptions/bin'
[0.465s] INFO:colcon.colcon_core.shell:Creating package script '/home/leoni/oak_ws/install/depthai_descriptions/share/depthai_descriptions/package.ps1'
[0.466s] INFO:colcon.colcon_core.shell:Creating package descriptor '/home/leoni/oak_ws/install/depthai_descriptions/share/depthai_descriptions/package.dsv'
[0.467s] INFO:colcon.colcon_core.shell:Creating package script '/home/leoni/oak_ws/install/depthai_descriptions/share/depthai_descriptions/package.sh'
[0.467s] INFO:colcon.colcon_core.shell:Creating package script '/home/leoni/oak_ws/install/depthai_descriptions/share/depthai_descriptions/package.bash'
[0.468s] INFO:colcon.colcon_core.shell:Creating package script '/home/leoni/oak_ws/install/depthai_descriptions/share/depthai_descriptions/package.zsh'
[0.469s] Level 1:colcon.colcon_core.environment:create_file_with_runtime_dependencies(/home/leoni/oak_ws/install/depthai_descriptions/share/colcon-core/packages/depthai_descriptions)
[0.470s] Level 1:colcon.colcon_core.environment:create_environment_scripts_only(depthai_descriptions)
[0.470s] Level 1:colcon.colcon_core.environment:checking '/home/leoni/oak_ws/install/depthai_descriptions' for CMake module files
[0.470s] Level 1:colcon.colcon_core.environment:checking '/home/leoni/oak_ws/install/depthai_descriptions' for CMake config files
[0.470s] Level 1:colcon.colcon_core.shell:create_environment_hook('depthai_descriptions', 'cmake_prefix_path')
[0.471s] INFO:colcon.colcon_core.shell:Creating environment hook '/home/leoni/oak_ws/install/depthai_descriptions/share/depthai_descriptions/hook/cmake_prefix_path.ps1'
[0.471s] INFO:colcon.colcon_core.shell:Creating environment descriptor '/home/leoni/oak_ws/install/depthai_descriptions/share/depthai_descriptions/hook/cmake_prefix_path.dsv'
[0.471s] INFO:colcon.colcon_core.shell:Creating environment hook '/home/leoni/oak_ws/install/depthai_descriptions/share/depthai_descriptions/hook/cmake_prefix_path.sh'
[0.472s] Level 1:colcon.colcon_core.environment:checking '/home/leoni/oak_ws/install/depthai_descriptions/bin'
[0.472s] Level 1:colcon.colcon_core.environment:checking '/home/leoni/oak_ws/install/depthai_descriptions/lib/pkgconfig/depthai_descriptions.pc'
[0.472s] Level 1:colcon.colcon_core.environment:checking '/home/leoni/oak_ws/install/depthai_descriptions/lib/python3.10/site-packages'
[0.472s] Level 1:colcon.colcon_core.environment:checking '/home/leoni/oak_ws/install/depthai_descriptions/bin'
[0.472s] INFO:colcon.colcon_core.shell:Creating package script '/home/leoni/oak_ws/install/depthai_descriptions/share/depthai_descriptions/package.ps1'
[0.473s] INFO:colcon.colcon_core.shell:Creating package descriptor '/home/leoni/oak_ws/install/depthai_descriptions/share/depthai_descriptions/package.dsv'
[0.473s] INFO:colcon.colcon_core.shell:Creating package script '/home/leoni/oak_ws/install/depthai_descriptions/share/depthai_descriptions/package.sh'
[0.473s] INFO:colcon.colcon_core.shell:Creating package script '/home/leoni/oak_ws/install/depthai_descriptions/share/depthai_descriptions/package.bash'
[0.474s] INFO:colcon.colcon_core.shell:Creating package script '/home/leoni/oak_ws/install/depthai_descriptions/share/depthai_descriptions/package.zsh'
[0.474s] Level 1:colcon.colcon_core.environment:create_file_with_runtime_dependencies(/home/leoni/oak_ws/install/depthai_descriptions/share/colcon-core/packages/depthai_descriptions)
[0.512s] DEBUG:colcon.colcon_core.event_handler.log_command:Invoked command in '/home/leoni/oak_ws/build/depthai_ros_msgs' returned '0': CMAKE_PREFIX_PATH=${CMAKE_PREFIX_PATH}:/home/leoni/oak_ws/install/leoni:/opt/ros/humble /usr/bin/cmake --build /home/leoni/oak_ws/build/depthai_ros_msgs -- -j16 -l16
[0.514s] DEBUG:colcon.colcon_core.event_handler.log_command:Invoking command in '/home/leoni/oak_ws/build/depthai_ros_msgs': CMAKE_PREFIX_PATH=${CMAKE_PREFIX_PATH}:/home/leoni/oak_ws/install/leoni:/opt/ros/humble /usr/bin/cmake --install /home/leoni/oak_ws/build/depthai_ros_msgs
[0.562s] Level 1:colcon.colcon_core.environment:create_environment_scripts_only(depthai_ros_msgs)
[0.562s] Level 1:colcon.colcon_core.environment:checking '/home/leoni/oak_ws/install/depthai_ros_msgs' for CMake module files
[0.563s] DEBUG:colcon.colcon_core.event_handler.log_command:Invoked command in '/home/leoni/oak_ws/build/depthai_ros_msgs' returned '0': CMAKE_PREFIX_PATH=${CMAKE_PREFIX_PATH}:/home/leoni/oak_ws/install/leoni:/opt/ros/humble /usr/bin/cmake --install /home/leoni/oak_ws/build/depthai_ros_msgs
[0.563s] Level 1:colcon.colcon_core.environment:checking '/home/leoni/oak_ws/install/depthai_ros_msgs' for CMake config files
[0.564s] Level 1:colcon.colcon_core.shell:create_environment_hook('depthai_ros_msgs', 'cmake_prefix_path')
[0.564s] INFO:colcon.colcon_core.shell:Creating environment hook '/home/leoni/oak_ws/install/depthai_ros_msgs/share/depthai_ros_msgs/hook/cmake_prefix_path.ps1'
[0.564s] INFO:colcon.colcon_core.shell:Creating environment descriptor '/home/leoni/oak_ws/install/depthai_ros_msgs/share/depthai_ros_msgs/hook/cmake_prefix_path.dsv'
[0.564s] INFO:colcon.colcon_core.shell:Creating environment hook '/home/leoni/oak_ws/install/depthai_ros_msgs/share/depthai_ros_msgs/hook/cmake_prefix_path.sh'
[0.565s] Level 1:colcon.colcon_core.environment:checking '/home/leoni/oak_ws/install/depthai_ros_msgs/lib'
[0.565s] Level 1:colcon.colcon_core.shell:create_environment_hook('depthai_ros_msgs', 'ld_library_path_lib')
[0.565s] INFO:colcon.colcon_core.shell:Creating environment hook '/home/leoni/oak_ws/install/depthai_ros_msgs/share/depthai_ros_msgs/hook/ld_library_path_lib.ps1'
[0.565s] INFO:colcon.colcon_core.shell:Creating environment descriptor '/home/leoni/oak_ws/install/depthai_ros_msgs/share/depthai_ros_msgs/hook/ld_library_path_lib.dsv'
[0.566s] INFO:colcon.colcon_core.shell:Creating environment hook '/home/leoni/oak_ws/install/depthai_ros_msgs/share/depthai_ros_msgs/hook/ld_library_path_lib.sh'
[0.566s] Level 1:colcon.colcon_core.environment:checking '/home/leoni/oak_ws/install/depthai_ros_msgs/bin'
[0.566s] Level 1:colcon.colcon_core.environment:checking '/home/leoni/oak_ws/install/depthai_ros_msgs/lib/pkgconfig/depthai_ros_msgs.pc'
[0.566s] Level 1:colcon.colcon_core.environment:checking '/home/leoni/oak_ws/install/depthai_ros_msgs/lib/python3.10/site-packages'
[0.566s] Level 1:colcon.colcon_core.environment:checking '/home/leoni/oak_ws/install/depthai_ros_msgs/bin'
[0.566s] INFO:colcon.colcon_core.shell:Creating package script '/home/leoni/oak_ws/install/depthai_ros_msgs/share/depthai_ros_msgs/package.ps1'
[0.567s] INFO:colcon.colcon_core.shell:Creating package descriptor '/home/leoni/oak_ws/install/depthai_ros_msgs/share/depthai_ros_msgs/package.dsv'
[0.567s] INFO:colcon.colcon_core.shell:Creating package script '/home/leoni/oak_ws/install/depthai_ros_msgs/share/depthai_ros_msgs/package.sh'
[0.567s] INFO:colcon.colcon_core.shell:Creating package script '/home/leoni/oak_ws/install/depthai_ros_msgs/share/depthai_ros_msgs/package.bash'
[0.567s] INFO:colcon.colcon_core.shell:Creating package script '/home/leoni/oak_ws/install/depthai_ros_msgs/share/depthai_ros_msgs/package.zsh'
[0.568s] Level 1:colcon.colcon_core.environment:create_file_with_runtime_dependencies(/home/leoni/oak_ws/install/depthai_ros_msgs/share/colcon-core/packages/depthai_ros_msgs)
[0.568s] Level 1:colcon.colcon_core.environment:create_environment_scripts_only(depthai_ros_msgs)
[0.568s] Level 1:colcon.colcon_core.environment:checking '/home/leoni/oak_ws/install/depthai_ros_msgs' for CMake module files
[0.568s] Level 1:colcon.colcon_core.environment:checking '/home/leoni/oak_ws/install/depthai_ros_msgs' for CMake config files
[0.569s] Level 1:colcon.colcon_core.shell:create_environment_hook('depthai_ros_msgs', 'cmake_prefix_path')
[0.569s] INFO:colcon.colcon_core.shell:Creating environment hook '/home/leoni/oak_ws/install/depthai_ros_msgs/share/depthai_ros_msgs/hook/cmake_prefix_path.ps1'
[0.569s] INFO:colcon.colcon_core.shell:Creating environment descriptor '/home/leoni/oak_ws/install/depthai_ros_msgs/share/depthai_ros_msgs/hook/cmake_prefix_path.dsv'
[0.569s] INFO:colcon.colcon_core.shell:Creating environment hook '/home/leoni/oak_ws/install/depthai_ros_msgs/share/depthai_ros_msgs/hook/cmake_prefix_path.sh'
[0.570s] Level 1:colcon.colcon_core.environment:checking '/home/leoni/oak_ws/install/depthai_ros_msgs/lib'
[0.570s] Level 1:colcon.colcon_core.shell:create_environment_hook('depthai_ros_msgs', 'ld_library_path_lib')
[0.570s] INFO:colcon.colcon_core.shell:Creating environment hook '/home/leoni/oak_ws/install/depthai_ros_msgs/share/depthai_ros_msgs/hook/ld_library_path_lib.ps1'
[0.570s] INFO:colcon.colcon_core.shell:Creating environment descriptor '/home/leoni/oak_ws/install/depthai_ros_msgs/share/depthai_ros_msgs/hook/ld_library_path_lib.dsv'
[0.570s] INFO:colcon.colcon_core.shell:Creating environment hook '/home/leoni/oak_ws/install/depthai_ros_msgs/share/depthai_ros_msgs/hook/ld_library_path_lib.sh'
[0.571s] Level 1:colcon.colcon_core.environment:checking '/home/leoni/oak_ws/install/depthai_ros_msgs/bin'
[0.571s] Level 1:colcon.colcon_core.environment:checking '/home/leoni/oak_ws/install/depthai_ros_msgs/lib/pkgconfig/depthai_ros_msgs.pc'
[0.571s] Level 1:colcon.colcon_core.environment:checking '/home/leoni/oak_ws/install/depthai_ros_msgs/lib/python3.10/site-packages'
[0.571s] Level 1:colcon.colcon_core.environment:checking '/home/leoni/oak_ws/install/depthai_ros_msgs/bin'
[0.571s] INFO:colcon.colcon_core.shell:Creating package script '/home/leoni/oak_ws/install/depthai_ros_msgs/share/depthai_ros_msgs/package.ps1'
[0.571s] INFO:colcon.colcon_core.shell:Creating package descriptor '/home/leoni/oak_ws/install/depthai_ros_msgs/share/depthai_ros_msgs/package.dsv'
[0.572s] INFO:colcon.colcon_core.shell:Creating package script '/home/leoni/oak_ws/install/depthai_ros_msgs/share/depthai_ros_msgs/package.sh'
[0.572s] INFO:colcon.colcon_core.shell:Creating package script '/home/leoni/oak_ws/install/depthai_ros_msgs/share/depthai_ros_msgs/package.bash'
[0.572s] INFO:colcon.colcon_core.shell:Creating package script '/home/leoni/oak_ws/install/depthai_ros_msgs/share/depthai_ros_msgs/package.zsh'
[0.572s] Level 1:colcon.colcon_core.environment:create_file_with_runtime_dependencies(/home/leoni/oak_ws/install/depthai_ros_msgs/share/colcon-core/packages/depthai_ros_msgs)
[0.573s] INFO:colcon.colcon_ros.task.ament_cmake.build:Building ROS package in '/home/leoni/oak_ws/src/depthai-ros/depthai_bridge' with build type 'ament_cmake'
[0.573s] INFO:colcon.colcon_cmake.task.cmake.build:Building CMake package in '/home/leoni/oak_ws/src/depthai-ros/depthai_bridge'
[0.573s] INFO:colcon.colcon_core.shell:Skip shell extension 'powershell' for command environment: Not usable outside of PowerShell
[0.573s] DEBUG:colcon.colcon_core.shell:Skip shell extension 'dsv' for command environment
[0.576s] INFO:colcon.colcon_ros.task.ament_cmake.build:Building ROS package in '/home/leoni/oak_ws/src/depthai-ros/depthai_filters' with build type 'ament_cmake'
[0.576s] INFO:colcon.colcon_cmake.task.cmake.build:Building CMake package in '/home/leoni/oak_ws/src/depthai-ros/depthai_filters'
[0.576s] INFO:colcon.colcon_core.shell:Skip shell extension 'powershell' for command environment: Not usable outside of PowerShell
[0.576s] DEBUG:colcon.colcon_core.shell:Skip shell extension 'dsv' for command environment
[0.581s] DEBUG:colcon.colcon_core.event_handler.log_command:Invoking command in '/home/leoni/oak_ws/build/depthai_bridge': CMAKE_PREFIX_PATH=/home/leoni/oak_ws/install/depthai_ros_msgs:/home/leoni/oak_ws/install/depthai-ros:/home/leoni/oak_ws/install/depthai_ros_driver:/home/leoni/oak_ws/install/depthai_filters:/home/leoni/oak_ws/install/depthai_bridge:/home/leoni/oak_ws/install/depthai_descriptions:/home/leoni/oak_ws/install/leoni:/opt/ros/humble LD_LIBRARY_PATH=/home/leoni/oak_ws/install/depthai_ros_msgs/lib:/home/leoni/oak_ws/install/depthai_ros_driver/lib:/home/leoni/oak_ws/install/depthai_filters/lib:/home/leoni/oak_ws/install/depthai_bridge/lib:/opt/ros/humble/opt/rviz_ogre_vendor/lib:/opt/ros/humble/lib/x86_64-linux-gnu:/opt/ros/humble/lib /usr/bin/cmake --build /home/leoni/oak_ws/build/depthai_bridge -- -j16 -l16
[0.584s] DEBUG:colcon.colcon_core.event_handler.log_command:Invoking command in '/home/leoni/oak_ws/build/depthai_filters': CMAKE_PREFIX_PATH=/home/leoni/oak_ws/install/depthai_ros_msgs:/home/leoni/oak_ws/install/depthai-ros:/home/leoni/oak_ws/install/depthai_ros_driver:/home/leoni/oak_ws/install/depthai_filters:/home/leoni/oak_ws/install/depthai_bridge:/home/leoni/oak_ws/install/depthai_descriptions:/home/leoni/oak_ws/install/leoni:/opt/ros/humble LD_LIBRARY_PATH=/home/leoni/oak_ws/install/depthai_ros_msgs/lib:/home/leoni/oak_ws/install/depthai_ros_driver/lib:/home/leoni/oak_ws/install/depthai_filters/lib:/home/leoni/oak_ws/install/depthai_bridge/lib:/opt/ros/humble/opt/rviz_ogre_vendor/lib:/opt/ros/humble/lib/x86_64-linux-gnu:/opt/ros/humble/lib /usr/bin/cmake --build /home/leoni/oak_ws/build/depthai_filters -- -j16 -l16
[0.641s] DEBUG:colcon.colcon_core.event_handler.log_command:Invoked command in '/home/leoni/oak_ws/build/depthai_bridge' returned '0': CMAKE_PREFIX_PATH=/home/leoni/oak_ws/install/depthai_ros_msgs:/home/leoni/oak_ws/install/depthai-ros:/home/leoni/oak_ws/install/depthai_ros_driver:/home/leoni/oak_ws/install/depthai_filters:/home/leoni/oak_ws/install/depthai_bridge:/home/leoni/oak_ws/install/depthai_descriptions:/home/leoni/oak_ws/install/leoni:/opt/ros/humble LD_LIBRARY_PATH=/home/leoni/oak_ws/install/depthai_ros_msgs/lib:/home/leoni/oak_ws/install/depthai_ros_driver/lib:/home/leoni/oak_ws/install/depthai_filters/lib:/home/leoni/oak_ws/install/depthai_bridge/lib:/opt/ros/humble/opt/rviz_ogre_vendor/lib:/opt/ros/humble/lib/x86_64-linux-gnu:/opt/ros/humble/lib /usr/bin/cmake --build /home/leoni/oak_ws/build/depthai_bridge -- -j16 -l16
[0.643s] DEBUG:colcon.colcon_core.event_handler.log_command:Invoking command in '/home/leoni/oak_ws/build/depthai_bridge': CMAKE_PREFIX_PATH=/home/leoni/oak_ws/install/depthai_ros_msgs:/home/leoni/oak_ws/install/depthai-ros:/home/leoni/oak_ws/install/depthai_ros_driver:/home/leoni/oak_ws/install/depthai_filters:/home/leoni/oak_ws/install/depthai_bridge:/home/leoni/oak_ws/install/depthai_descriptions:/home/leoni/oak_ws/install/leoni:/opt/ros/humble LD_LIBRARY_PATH=/home/leoni/oak_ws/install/depthai_ros_msgs/lib:/home/leoni/oak_ws/install/depthai_ros_driver/lib:/home/leoni/oak_ws/install/depthai_filters/lib:/home/leoni/oak_ws/install/depthai_bridge/lib:/opt/ros/humble/opt/rviz_ogre_vendor/lib:/opt/ros/humble/lib/x86_64-linux-gnu:/opt/ros/humble/lib /usr/bin/cmake --install /home/leoni/oak_ws/build/depthai_bridge
[0.643s] DEBUG:colcon.colcon_core.event_handler.log_command:Invoked command in '/home/leoni/oak_ws/build/depthai_filters' returned '0': CMAKE_PREFIX_PATH=/home/leoni/oak_ws/install/depthai_ros_msgs:/home/leoni/oak_ws/install/depthai-ros:/home/leoni/oak_ws/install/depthai_ros_driver:/home/leoni/oak_ws/install/depthai_filters:/home/leoni/oak_ws/install/depthai_bridge:/home/leoni/oak_ws/install/depthai_descriptions:/home/leoni/oak_ws/install/leoni:/opt/ros/humble LD_LIBRARY_PATH=/home/leoni/oak_ws/install/depthai_ros_msgs/lib:/home/leoni/oak_ws/install/depthai_ros_driver/lib:/home/leoni/oak_ws/install/depthai_filters/lib:/home/leoni/oak_ws/install/depthai_bridge/lib:/opt/ros/humble/opt/rviz_ogre_vendor/lib:/opt/ros/humble/lib/x86_64-linux-gnu:/opt/ros/humble/lib /usr/bin/cmake --build /home/leoni/oak_ws/build/depthai_filters -- -j16 -l16
[0.644s] DEBUG:colcon.colcon_core.event_handler.log_command:Invoking command in '/home/leoni/oak_ws/build/depthai_filters': CMAKE_PREFIX_PATH=/home/leoni/oak_ws/install/depthai_ros_msgs:/home/leoni/oak_ws/install/depthai-ros:/home/leoni/oak_ws/install/depthai_ros_driver:/home/leoni/oak_ws/install/depthai_filters:/home/leoni/oak_ws/install/depthai_bridge:/home/leoni/oak_ws/install/depthai_descriptions:/home/leoni/oak_ws/install/leoni:/opt/ros/humble LD_LIBRARY_PATH=/home/leoni/oak_ws/install/depthai_ros_msgs/lib:/home/leoni/oak_ws/install/depthai_ros_driver/lib:/home/leoni/oak_ws/install/depthai_filters/lib:/home/leoni/oak_ws/install/depthai_bridge/lib:/opt/ros/humble/opt/rviz_ogre_vendor/lib:/opt/ros/humble/lib/x86_64-linux-gnu:/opt/ros/humble/lib /usr/bin/cmake --install /home/leoni/oak_ws/build/depthai_filters
[0.657s] Level 1:colcon.colcon_core.environment:create_environment_scripts_only(depthai_bridge)
[0.658s] Level 1:colcon.colcon_core.environment:checking '/home/leoni/oak_ws/install/depthai_bridge' for CMake module files
[0.659s] DEBUG:colcon.colcon_core.event_handler.log_command:Invoked command in '/home/leoni/oak_ws/build/depthai_bridge' returned '0': CMAKE_PREFIX_PATH=/home/leoni/oak_ws/install/depthai_ros_msgs:/home/leoni/oak_ws/install/depthai-ros:/home/leoni/oak_ws/install/depthai_ros_driver:/home/leoni/oak_ws/install/depthai_filters:/home/leoni/oak_ws/install/depthai_bridge:/home/leoni/oak_ws/install/depthai_descriptions:/home/leoni/oak_ws/install/leoni:/opt/ros/humble LD_LIBRARY_PATH=/home/leoni/oak_ws/install/depthai_ros_msgs/lib:/home/leoni/oak_ws/install/depthai_ros_driver/lib:/home/leoni/oak_ws/install/depthai_filters/lib:/home/leoni/oak_ws/install/depthai_bridge/lib:/opt/ros/humble/opt/rviz_ogre_vendor/lib:/opt/ros/humble/lib/x86_64-linux-gnu:/opt/ros/humble/lib /usr/bin/cmake --install /home/leoni/oak_ws/build/depthai_bridge
[0.659s] Level 1:colcon.colcon_core.environment:checking '/home/leoni/oak_ws/install/depthai_bridge' for CMake config files
[0.660s] Level 1:colcon.colcon_core.shell:create_environment_hook('depthai_bridge', 'cmake_prefix_path')
[0.660s] INFO:colcon.colcon_core.shell:Creating environment hook '/home/leoni/oak_ws/install/depthai_bridge/share/depthai_bridge/hook/cmake_prefix_path.ps1'
[0.660s] INFO:colcon.colcon_core.shell:Creating environment descriptor '/home/leoni/oak_ws/install/depthai_bridge/share/depthai_bridge/hook/cmake_prefix_path.dsv'
[0.661s] INFO:colcon.colcon_core.shell:Creating environment hook '/home/leoni/oak_ws/install/depthai_bridge/share/depthai_bridge/hook/cmake_prefix_path.sh'
[0.661s] Level 1:colcon.colcon_core.environment:checking '/home/leoni/oak_ws/install/depthai_bridge/lib'
[0.661s] Level 1:colcon.colcon_core.shell:create_environment_hook('depthai_bridge', 'ld_library_path_lib')
[0.662s] INFO:colcon.colcon_core.shell:Creating environment hook '/home/leoni/oak_ws/install/depthai_bridge/share/depthai_bridge/hook/ld_library_path_lib.ps1'
[0.662s] INFO:colcon.colcon_core.shell:Creating environment descriptor '/home/leoni/oak_ws/install/depthai_bridge/share/depthai_bridge/hook/ld_library_path_lib.dsv'
[0.662s] INFO:colcon.colcon_core.shell:Creating environment hook '/home/leoni/oak_ws/install/depthai_bridge/share/depthai_bridge/hook/ld_library_path_lib.sh'
[0.663s] Level 1:colcon.colcon_core.environment:checking '/home/leoni/oak_ws/install/depthai_bridge/bin'
[0.663s] Level 1:colcon.colcon_core.environment:checking '/home/leoni/oak_ws/install/depthai_bridge/lib/pkgconfig/depthai_bridge.pc'
[0.663s] Level 1:colcon.colcon_core.environment:checking '/home/leoni/oak_ws/install/depthai_bridge/lib/python3.10/site-packages'
[0.664s] Level 1:colcon.colcon_core.environment:checking '/home/leoni/oak_ws/install/depthai_bridge/bin'
[0.664s] INFO:colcon.colcon_core.shell:Creating package script '/home/leoni/oak_ws/install/depthai_bridge/share/depthai_bridge/package.ps1'
[0.665s] INFO:colcon.colcon_core.shell:Creating package descriptor '/home/leoni/oak_ws/install/depthai_bridge/share/depthai_bridge/package.dsv'
[0.665s] INFO:colcon.colcon_core.shell:Creating package script '/home/leoni/oak_ws/install/depthai_bridge/share/depthai_bridge/package.sh'
[0.665s] INFO:colcon.colcon_core.shell:Creating package script '/home/leoni/oak_ws/install/depthai_bridge/share/depthai_bridge/package.bash'
[0.666s] INFO:colcon.colcon_core.shell:Creating package script '/home/leoni/oak_ws/install/depthai_bridge/share/depthai_bridge/package.zsh'
[0.666s] Level 1:colcon.colcon_core.environment:create_file_with_runtime_dependencies(/home/leoni/oak_ws/install/depthai_bridge/share/colcon-core/packages/depthai_bridge)
[0.666s] Level 1:colcon.colcon_core.environment:create_environment_scripts_only(depthai_bridge)
[0.667s] Level 1:colcon.colcon_core.environment:checking '/home/leoni/oak_ws/install/depthai_bridge' for CMake module files
[0.667s] Level 1:colcon.colcon_core.environment:checking '/home/leoni/oak_ws/install/depthai_bridge' for CMake config files
[0.667s] Level 1:colcon.colcon_core.shell:create_environment_hook('depthai_bridge', 'cmake_prefix_path')
[0.668s] INFO:colcon.colcon_core.shell:Creating environment hook '/home/leoni/oak_ws/install/depthai_bridge/share/depthai_bridge/hook/cmake_prefix_path.ps1'
[0.668s] INFO:colcon.colcon_core.shell:Creating environment descriptor '/home/leoni/oak_ws/install/depthai_bridge/share/depthai_bridge/hook/cmake_prefix_path.dsv'
[0.668s] INFO:colcon.colcon_core.shell:Creating environment hook '/home/leoni/oak_ws/install/depthai_bridge/share/depthai_bridge/hook/cmake_prefix_path.sh'
[0.669s] Level 1:colcon.colcon_core.environment:checking '/home/leoni/oak_ws/install/depthai_bridge/lib'
[0.669s] Level 1:colcon.colcon_core.shell:create_environment_hook('depthai_bridge', 'ld_library_path_lib')
[0.669s] INFO:colcon.colcon_core.shell:Creating environment hook '/home/leoni/oak_ws/install/depthai_bridge/share/depthai_bridge/hook/ld_library_path_lib.ps1'
[0.669s] INFO:colcon.colcon_core.shell:Creating environment descriptor '/home/leoni/oak_ws/install/depthai_bridge/share/depthai_bridge/hook/ld_library_path_lib.dsv'
[0.670s] INFO:colcon.colcon_core.shell:Creating environment hook '/home/leoni/oak_ws/install/depthai_bridge/share/depthai_bridge/hook/ld_library_path_lib.sh'
[0.670s] Level 1:colcon.colcon_core.environment:checking '/home/leoni/oak_ws/install/depthai_bridge/bin'
[0.670s] Level 1:colcon.colcon_core.environment:checking '/home/leoni/oak_ws/install/depthai_bridge/lib/pkgconfig/depthai_bridge.pc'
[0.670s] Level 1:colcon.colcon_core.environment:checking '/home/leoni/oak_ws/install/depthai_bridge/lib/python3.10/site-packages'
[0.671s] Level 1:colcon.colcon_core.environment:checking '/home/leoni/oak_ws/install/depthai_bridge/bin'
[0.671s] INFO:colcon.colcon_core.shell:Creating package script '/home/leoni/oak_ws/install/depthai_bridge/share/depthai_bridge/package.ps1'
[0.671s] INFO:colcon.colcon_core.shell:Creating package descriptor '/home/leoni/oak_ws/install/depthai_bridge/share/depthai_bridge/package.dsv'
[0.672s] INFO:colcon.colcon_core.shell:Creating package script '/home/leoni/oak_ws/install/depthai_bridge/share/depthai_bridge/package.sh'
[0.672s] INFO:colcon.colcon_core.shell:Creating package script '/home/leoni/oak_ws/install/depthai_bridge/share/depthai_bridge/package.bash'
[0.673s] INFO:colcon.colcon_core.shell:Creating package script '/home/leoni/oak_ws/install/depthai_bridge/share/depthai_bridge/package.zsh'
[0.673s] Level 1:colcon.colcon_core.environment:create_file_with_runtime_dependencies(/home/leoni/oak_ws/install/depthai_bridge/share/colcon-core/packages/depthai_bridge)
[0.674s] INFO:colcon.colcon_ros.task.ament_cmake.build:Building ROS package in '/home/leoni/oak_ws/src/depthai-ros/depthai_ros_driver' with build type 'ament_cmake'
[0.674s] INFO:colcon.colcon_cmake.task.cmake.build:Building CMake package in '/home/leoni/oak_ws/src/depthai-ros/depthai_ros_driver'
[0.674s] INFO:colcon.colcon_core.shell:Skip shell extension 'powershell' for command environment: Not usable outside of PowerShell
[0.674s] DEBUG:colcon.colcon_core.shell:Skip shell extension 'dsv' for command environment
[0.679s] Level 1:colcon.colcon_core.environment:create_environment_scripts_only(depthai_filters)
[0.680s] Level 1:colcon.colcon_core.environment:checking '/home/leoni/oak_ws/install/depthai_filters' for CMake module files
[0.680s] DEBUG:colcon.colcon_core.event_handler.log_command:Invoked command in '/home/leoni/oak_ws/build/depthai_filters' returned '0': CMAKE_PREFIX_PATH=/home/leoni/oak_ws/install/depthai_ros_msgs:/home/leoni/oak_ws/install/depthai-ros:/home/leoni/oak_ws/install/depthai_ros_driver:/home/leoni/oak_ws/install/depthai_filters:/home/leoni/oak_ws/install/depthai_bridge:/home/leoni/oak_ws/install/depthai_descriptions:/home/leoni/oak_ws/install/leoni:/opt/ros/humble LD_LIBRARY_PATH=/home/leoni/oak_ws/install/depthai_ros_msgs/lib:/home/leoni/oak_ws/install/depthai_ros_driver/lib:/home/leoni/oak_ws/install/depthai_filters/lib:/home/leoni/oak_ws/install/depthai_bridge/lib:/opt/ros/humble/opt/rviz_ogre_vendor/lib:/opt/ros/humble/lib/x86_64-linux-gnu:/opt/ros/humble/lib /usr/bin/cmake --install /home/leoni/oak_ws/build/depthai_filters
[0.680s] Level 1:colcon.colcon_core.environment:checking '/home/leoni/oak_ws/install/depthai_filters' for CMake config files
[0.681s] Level 1:colcon.colcon_core.shell:create_environment_hook('depthai_filters', 'cmake_prefix_path')
[0.681s] INFO:colcon.colcon_core.shell:Creating environment hook '/home/leoni/oak_ws/install/depthai_filters/share/depthai_filters/hook/cmake_prefix_path.ps1'
[0.681s] INFO:colcon.colcon_core.shell:Creating environment descriptor '/home/leoni/oak_ws/install/depthai_filters/share/depthai_filters/hook/cmake_prefix_path.dsv'
[0.682s] INFO:colcon.colcon_core.shell:Creating environment hook '/home/leoni/oak_ws/install/depthai_filters/share/depthai_filters/hook/cmake_prefix_path.sh'
[0.683s] Level 1:colcon.colcon_core.environment:checking '/home/leoni/oak_ws/install/depthai_filters/lib'
[0.683s] Level 1:colcon.colcon_core.shell:create_environment_hook('depthai_filters', 'ld_library_path_lib')
[0.683s] INFO:colcon.colcon_core.shell:Creating environment hook '/home/leoni/oak_ws/install/depthai_filters/share/depthai_filters/hook/ld_library_path_lib.ps1'
[0.683s] INFO:colcon.colcon_core.shell:Creating environment descriptor '/home/leoni/oak_ws/install/depthai_filters/share/depthai_filters/hook/ld_library_path_lib.dsv'
[0.684s] INFO:colcon.colcon_core.shell:Creating environment hook '/home/leoni/oak_ws/install/depthai_filters/share/depthai_filters/hook/ld_library_path_lib.sh'
[0.684s] Level 1:colcon.colcon_core.environment:checking '/home/leoni/oak_ws/install/depthai_filters/bin'
[0.684s] Level 1:colcon.colcon_core.environment:checking '/home/leoni/oak_ws/install/depthai_filters/lib/pkgconfig/depthai_filters.pc'
[0.684s] Level 1:colcon.colcon_core.environment:checking '/home/leoni/oak_ws/install/depthai_filters/lib/python3.10/site-packages'
[0.685s] Level 1:colcon.colcon_core.environment:checking '/home/leoni/oak_ws/install/depthai_filters/bin'
[0.685s] INFO:colcon.colcon_core.shell:Creating package script '/home/leoni/oak_ws/install/depthai_filters/share/depthai_filters/package.ps1'
[0.686s] INFO:colcon.colcon_core.shell:Creating package descriptor '/home/leoni/oak_ws/install/depthai_filters/share/depthai_filters/package.dsv'
[0.686s] INFO:colcon.colcon_core.shell:Creating package script '/home/leoni/oak_ws/install/depthai_filters/share/depthai_filters/package.sh'
[0.686s] INFO:colcon.colcon_core.shell:Creating package script '/home/leoni/oak_ws/install/depthai_filters/share/depthai_filters/package.bash'
[0.687s] INFO:colcon.colcon_core.shell:Creating package script '/home/leoni/oak_ws/install/depthai_filters/share/depthai_filters/package.zsh'
[0.687s] Level 1:colcon.colcon_core.environment:create_file_with_runtime_dependencies(/home/leoni/oak_ws/install/depthai_filters/share/colcon-core/packages/depthai_filters)
[0.687s] Level 1:colcon.colcon_core.environment:create_environment_scripts_only(depthai_filters)
[0.688s] Level 1:colcon.colcon_core.environment:checking '/home/leoni/oak_ws/install/depthai_filters' for CMake module files
[0.688s] Level 1:colcon.colcon_core.environment:checking '/home/leoni/oak_ws/install/depthai_filters' for CMake config files
[0.689s] Level 1:colcon.colcon_core.shell:create_environment_hook('depthai_filters', 'cmake_prefix_path')
[0.689s] INFO:colcon.colcon_core.shell:Creating environment hook '/home/leoni/oak_ws/install/depthai_filters/share/depthai_filters/hook/cmake_prefix_path.ps1'
[0.689s] INFO:colcon.colcon_core.shell:Creating environment descriptor '/home/leoni/oak_ws/install/depthai_filters/share/depthai_filters/hook/cmake_prefix_path.dsv'
[0.689s] INFO:colcon.colcon_core.shell:Creating environment hook '/home/leoni/oak_ws/install/depthai_filters/share/depthai_filters/hook/cmake_prefix_path.sh'
[0.690s] Level 1:colcon.colcon_core.environment:checking '/home/leoni/oak_ws/install/depthai_filters/lib'
[0.690s] Level 1:colcon.colcon_core.shell:create_environment_hook('depthai_filters', 'ld_library_path_lib')
[0.690s] INFO:colcon.colcon_core.shell:Creating environment hook '/home/leoni/oak_ws/install/depthai_filters/share/depthai_filters/hook/ld_library_path_lib.ps1'
[0.690s] INFO:colcon.colcon_core.shell:Creating environment descriptor '/home/leoni/oak_ws/install/depthai_filters/share/depthai_filters/hook/ld_library_path_lib.dsv'
[0.691s] INFO:colcon.colcon_core.shell:Creating environment hook '/home/leoni/oak_ws/install/depthai_filters/share/depthai_filters/hook/ld_library_path_lib.sh'
[0.691s] Level 1:colcon.colcon_core.environment:checking '/home/leoni/oak_ws/install/depthai_filters/bin'
[0.691s] Level 1:colcon.colcon_core.environment:checking '/home/leoni/oak_ws/install/depthai_filters/lib/pkgconfig/depthai_filters.pc'
[0.691s] Level 1:colcon.colcon_core.environment:checking '/home/leoni/oak_ws/install/depthai_filters/lib/python3.10/site-packages'
[0.691s] Level 1:colcon.colcon_core.environment:checking '/home/leoni/oak_ws/install/depthai_filters/bin'
[0.692s] INFO:colcon.colcon_core.shell:Creating package script '/home/leoni/oak_ws/install/depthai_filters/share/depthai_filters/package.ps1'
[0.692s] INFO:colcon.colcon_core.shell:Creating package descriptor '/home/leoni/oak_ws/install/depthai_filters/share/depthai_filters/package.dsv'
[0.692s] INFO:colcon.colcon_core.shell:Creating package script '/home/leoni/oak_ws/install/depthai_filters/share/depthai_filters/package.sh'
[0.693s] INFO:colcon.colcon_core.shell:Creating package script '/home/leoni/oak_ws/install/depthai_filters/share/depthai_filters/package.bash'
[0.693s] INFO:colcon.colcon_core.shell:Creating package script '/home/leoni/oak_ws/install/depthai_filters/share/depthai_filters/package.zsh'
[0.693s] Level 1:colcon.colcon_core.environment:create_file_with_runtime_dependencies(/home/leoni/oak_ws/install/depthai_filters/share/colcon-core/packages/depthai_filters)
[0.697s] DEBUG:colcon.colcon_core.event_handler.log_command:Invoking command in '/home/leoni/oak_ws/build/depthai_ros_driver': CMAKE_PREFIX_PATH=/home/leoni/oak_ws/install/depthai_bridge:/home/leoni/oak_ws/install/depthai_ros_msgs:/home/leoni/oak_ws/install/depthai_descriptions:/home/leoni/oak_ws/install/depthai-ros:/home/leoni/oak_ws/install/depthai_ros_driver:/home/leoni/oak_ws/install/depthai_filters:/home/leoni/oak_ws/install/leoni:/opt/ros/humble GAZEBO_MODEL_PATH=/home/leoni/oak_ws/install/depthai_descriptions:${GAZEBO_MODEL_PATH} GAZEBO_RESOURCE_PATH=/home/leoni/oak_ws/install/depthai_descriptions:${GAZEBO_RESOURCE_PATH} IGN_GAZEBO_MODEL_PATH=/home/leoni/oak_ws/install/depthai_descriptions:${IGN_GAZEBO_MODEL_PATH} IGN_GAZEBO_RESOURCE_PATH=/home/leoni/oak_ws/install/depthai_descriptions:${IGN_GAZEBO_RESOURCE_PATH} LD_LIBRARY_PATH=/home/leoni/oak_ws/install/depthai_bridge/lib:/home/leoni/oak_ws/install/depthai_ros_msgs/lib:/home/leoni/oak_ws/install/depthai_ros_driver/lib:/home/leoni/oak_ws/install/depthai_filters/lib:/opt/ros/humble/opt/rviz_ogre_vendor/lib:/opt/ros/humble/lib/x86_64-linux-gnu:/opt/ros/humble/lib /usr/bin/cmake --build /home/leoni/oak_ws/build/depthai_ros_driver -- -j16 -l16
[0.736s] DEBUG:colcon.colcon_core.event_handler.log_command:Invoking command in '/home/leoni/oak_ws/src/leoni': PYTHONPATH=/home/leoni/oak_ws/build/leoni/prefix_override:/usr/lib/python3/dist-packages/colcon_core/task/python/colcon_distutils_commands:/home/leoni/oak_ws/install/leoni/lib/python3.10/site-packages:${PYTHONPATH} /usr/bin/python3 -W ignore:setup.py install is deprecated -W ignore:easy_install command is deprecated setup.py egg_info --egg-base ../../build/leoni build --build-base /home/leoni/oak_ws/build/leoni/build install --record /home/leoni/oak_ws/build/leoni/install.log --single-version-externally-managed install_data
[0.940s] Level 1:colcon.colcon_core.environment:checking '/home/leoni/oak_ws/install/leoni' for CMake module files
[0.940s] DEBUG:colcon.colcon_core.event_handler.log_command:Invoked command in '/home/leoni/oak_ws/src/leoni' returned '0': PYTHONPATH=/home/leoni/oak_ws/build/leoni/prefix_override:/usr/lib/python3/dist-packages/colcon_core/task/python/colcon_distutils_commands:/home/leoni/oak_ws/install/leoni/lib/python3.10/site-packages:${PYTHONPATH} /usr/bin/python3 -W ignore:setup.py install is deprecated -W ignore:easy_install command is deprecated setup.py egg_info --egg-base ../../build/leoni build --build-base /home/leoni/oak_ws/build/leoni/build install --record /home/leoni/oak_ws/build/leoni/install.log --single-version-externally-managed install_data
[0.941s] Level 1:colcon.colcon_core.environment:checking '/home/leoni/oak_ws/install/leoni' for CMake config files
[0.941s] Level 1:colcon.colcon_core.environment:checking '/home/leoni/oak_ws/install/leoni/lib'
[0.941s] Level 1:colcon.colcon_core.environment:checking '/home/leoni/oak_ws/install/leoni/bin'
[0.941s] Level 1:colcon.colcon_core.environment:checking '/home/leoni/oak_ws/install/leoni/lib/pkgconfig/leoni.pc'
[0.941s] Level 1:colcon.colcon_core.environment:checking '/home/leoni/oak_ws/install/leoni/lib/python3.10/site-packages'
[0.941s] Level 1:colcon.colcon_core.shell:create_environment_hook('leoni', 'pythonpath')
[0.942s] INFO:colcon.colcon_core.shell:Creating environment hook '/home/leoni/oak_ws/install/leoni/share/leoni/hook/pythonpath.ps1'
[0.942s] INFO:colcon.colcon_core.shell:Creating environment descriptor '/home/leoni/oak_ws/install/leoni/share/leoni/hook/pythonpath.dsv'
[0.942s] INFO:colcon.colcon_core.shell:Creating environment hook '/home/leoni/oak_ws/install/leoni/share/leoni/hook/pythonpath.sh'
[0.943s] Level 1:colcon.colcon_core.environment:checking '/home/leoni/oak_ws/install/leoni/bin'
[0.943s] Level 1:colcon.colcon_core.environment:create_environment_scripts_only(leoni)
[0.943s] INFO:colcon.colcon_core.shell:Creating package script '/home/leoni/oak_ws/install/leoni/share/leoni/package.ps1'
[0.944s] INFO:colcon.colcon_core.shell:Creating package descriptor '/home/leoni/oak_ws/install/leoni/share/leoni/package.dsv'
[0.944s] INFO:colcon.colcon_core.shell:Creating package script '/home/leoni/oak_ws/install/leoni/share/leoni/package.sh'
[0.944s] INFO:colcon.colcon_core.shell:Creating package script '/home/leoni/oak_ws/install/leoni/share/leoni/package.bash'
[0.945s] INFO:colcon.colcon_core.shell:Creating package script '/home/leoni/oak_ws/install/leoni/share/leoni/package.zsh'
[0.945s] Level 1:colcon.colcon_core.environment:create_file_with_runtime_dependencies(/home/leoni/oak_ws/install/leoni/share/colcon-core/packages/leoni)
[0.952s] DEBUG:colcon.colcon_core.event_handler.log_command:Invoked command in '/home/leoni/oak_ws/build/depthai_ros_driver' returned '0': CMAKE_PREFIX_PATH=/home/leoni/oak_ws/install/depthai_bridge:/home/leoni/oak_ws/install/depthai_ros_msgs:/home/leoni/oak_ws/install/depthai_descriptions:/home/leoni/oak_ws/install/depthai-ros:/home/leoni/oak_ws/install/depthai_ros_driver:/home/leoni/oak_ws/install/depthai_filters:/home/leoni/oak_ws/install/leoni:/opt/ros/humble GAZEBO_MODEL_PATH=/home/leoni/oak_ws/install/depthai_descriptions:${GAZEBO_MODEL_PATH} GAZEBO_RESOURCE_PATH=/home/leoni/oak_ws/install/depthai_descriptions:${GAZEBO_RESOURCE_PATH} IGN_GAZEBO_MODEL_PATH=/home/leoni/oak_ws/install/depthai_descriptions:${IGN_GAZEBO_MODEL_PATH} IGN_GAZEBO_RESOURCE_PATH=/home/leoni/oak_ws/install/depthai_descriptions:${IGN_GAZEBO_RESOURCE_PATH} LD_LIBRARY_PATH=/home/leoni/oak_ws/install/depthai_bridge/lib:/home/leoni/oak_ws/install/depthai_ros_msgs/lib:/home/leoni/oak_ws/install/depthai_ros_driver/lib:/home/leoni/oak_ws/install/depthai_filters/lib:/opt/ros/humble/opt/rviz_ogre_vendor/lib:/opt/ros/humble/lib/x86_64-linux-gnu:/opt/ros/humble/lib /usr/bin/cmake --build /home/leoni/oak_ws/build/depthai_ros_driver -- -j16 -l16
[0.953s] DEBUG:colcon.colcon_core.event_handler.log_command:Invoking command in '/home/leoni/oak_ws/build/depthai_ros_driver': CMAKE_PREFIX_PATH=/home/leoni/oak_ws/install/depthai_bridge:/home/leoni/oak_ws/install/depthai_ros_msgs:/home/leoni/oak_ws/install/depthai_descriptions:/home/leoni/oak_ws/install/depthai-ros:/home/leoni/oak_ws/install/depthai_ros_driver:/home/leoni/oak_ws/install/depthai_filters:/home/leoni/oak_ws/install/leoni:/opt/ros/humble GAZEBO_MODEL_PATH=/home/leoni/oak_ws/install/depthai_descriptions:${GAZEBO_MODEL_PATH} GAZEBO_RESOURCE_PATH=/home/leoni/oak_ws/install/depthai_descriptions:${GAZEBO_RESOURCE_PATH} IGN_GAZEBO_MODEL_PATH=/home/leoni/oak_ws/install/depthai_descriptions:${IGN_GAZEBO_MODEL_PATH} IGN_GAZEBO_RESOURCE_PATH=/home/leoni/oak_ws/install/depthai_descriptions:${IGN_GAZEBO_RESOURCE_PATH} LD_LIBRARY_PATH=/home/leoni/oak_ws/install/depthai_bridge/lib:/home/leoni/oak_ws/install/depthai_ros_msgs/lib:/home/leoni/oak_ws/install/depthai_ros_driver/lib:/home/leoni/oak_ws/install/depthai_filters/lib:/opt/ros/humble/opt/rviz_ogre_vendor/lib:/opt/ros/humble/lib/x86_64-linux-gnu:/opt/ros/humble/lib /usr/bin/cmake --install /home/leoni/oak_ws/build/depthai_ros_driver
[0.993s] Level 1:colcon.colcon_core.environment:create_environment_scripts_only(depthai_ros_driver)
[0.993s] Level 1:colcon.colcon_core.environment:checking '/home/leoni/oak_ws/install/depthai_ros_driver' for CMake module files
[0.994s] DEBUG:colcon.colcon_core.event_handler.log_command:Invoked command in '/home/leoni/oak_ws/build/depthai_ros_driver' returned '0': CMAKE_PREFIX_PATH=/home/leoni/oak_ws/install/depthai_bridge:/home/leoni/oak_ws/install/depthai_ros_msgs:/home/leoni/oak_ws/install/depthai_descriptions:/home/leoni/oak_ws/install/depthai-ros:/home/leoni/oak_ws/install/depthai_ros_driver:/home/leoni/oak_ws/install/depthai_filters:/home/leoni/oak_ws/install/leoni:/opt/ros/humble GAZEBO_MODEL_PATH=/home/leoni/oak_ws/install/depthai_descriptions:${GAZEBO_MODEL_PATH} GAZEBO_RESOURCE_PATH=/home/leoni/oak_ws/install/depthai_descriptions:${GAZEBO_RESOURCE_PATH} IGN_GAZEBO_MODEL_PATH=/home/leoni/oak_ws/install/depthai_descriptions:${IGN_GAZEBO_MODEL_PATH} IGN_GAZEBO_RESOURCE_PATH=/home/leoni/oak_ws/install/depthai_descriptions:${IGN_GAZEBO_RESOURCE_PATH} LD_LIBRARY_PATH=/home/leoni/oak_ws/install/depthai_bridge/lib:/home/leoni/oak_ws/install/depthai_ros_msgs/lib:/home/leoni/oak_ws/install/depthai_ros_driver/lib:/home/leoni/oak_ws/install/depthai_filters/lib:/opt/ros/humble/opt/rviz_ogre_vendor/lib:/opt/ros/humble/lib/x86_64-linux-gnu:/opt/ros/humble/lib /usr/bin/cmake --install /home/leoni/oak_ws/build/depthai_ros_driver
[0.994s] Level 1:colcon.colcon_core.environment:checking '/home/leoni/oak_ws/install/depthai_ros_driver' for CMake config files
[0.994s] Level 1:colcon.colcon_core.shell:create_environment_hook('depthai_ros_driver', 'cmake_prefix_path')
[0.995s] INFO:colcon.colcon_core.shell:Creating environment hook '/home/leoni/oak_ws/install/depthai_ros_driver/share/depthai_ros_driver/hook/cmake_prefix_path.ps1'
[0.995s] INFO:colcon.colcon_core.shell:Creating environment descriptor '/home/leoni/oak_ws/install/depthai_ros_driver/share/depthai_ros_driver/hook/cmake_prefix_path.dsv'
[0.995s] INFO:colcon.colcon_core.shell:Creating environment hook '/home/leoni/oak_ws/install/depthai_ros_driver/share/depthai_ros_driver/hook/cmake_prefix_path.sh'
[0.995s] Level 1:colcon.colcon_core.environment:checking '/home/leoni/oak_ws/install/depthai_ros_driver/lib'
[0.995s] Level 1:colcon.colcon_core.shell:create_environment_hook('depthai_ros_driver', 'ld_library_path_lib')
[0.996s] INFO:colcon.colcon_core.shell:Creating environment hook '/home/leoni/oak_ws/install/depthai_ros_driver/share/depthai_ros_driver/hook/ld_library_path_lib.ps1'
[0.996s] INFO:colcon.colcon_core.shell:Creating environment descriptor '/home/leoni/oak_ws/install/depthai_ros_driver/share/depthai_ros_driver/hook/ld_library_path_lib.dsv'
[0.996s] INFO:colcon.colcon_core.shell:Creating environment hook '/home/leoni/oak_ws/install/depthai_ros_driver/share/depthai_ros_driver/hook/ld_library_path_lib.sh'
[0.996s] Level 1:colcon.colcon_core.environment:checking '/home/leoni/oak_ws/install/depthai_ros_driver/bin'
[0.996s] Level 1:colcon.colcon_core.environment:checking '/home/leoni/oak_ws/install/depthai_ros_driver/lib/pkgconfig/depthai_ros_driver.pc'
[0.996s] Level 1:colcon.colcon_core.environment:checking '/home/leoni/oak_ws/install/depthai_ros_driver/lib/python3.10/site-packages'
[0.997s] Level 1:colcon.colcon_core.environment:checking '/home/leoni/oak_ws/install/depthai_ros_driver/bin'
[0.997s] INFO:colcon.colcon_core.shell:Creating package script '/home/leoni/oak_ws/install/depthai_ros_driver/share/depthai_ros_driver/package.ps1'
[0.997s] INFO:colcon.colcon_core.shell:Creating package descriptor '/home/leoni/oak_ws/install/depthai_ros_driver/share/depthai_ros_driver/package.dsv'
[0.997s] INFO:colcon.colcon_core.shell:Creating package script '/home/leoni/oak_ws/install/depthai_ros_driver/share/depthai_ros_driver/package.sh'
[0.997s] INFO:colcon.colcon_core.shell:Creating package script '/home/leoni/oak_ws/install/depthai_ros_driver/share/depthai_ros_driver/package.bash'
[0.998s] INFO:colcon.colcon_core.shell:Creating package script '/home/leoni/oak_ws/install/depthai_ros_driver/share/depthai_ros_driver/package.zsh'
[0.998s] Level 1:colcon.colcon_core.environment:create_file_with_runtime_dependencies(/home/leoni/oak_ws/install/depthai_ros_driver/share/colcon-core/packages/depthai_ros_driver)
[0.998s] Level 1:colcon.colcon_core.environment:create_environment_scripts_only(depthai_ros_driver)
[0.998s] Level 1:colcon.colcon_core.environment:checking '/home/leoni/oak_ws/install/depthai_ros_driver' for CMake module files
[0.999s] Level 1:colcon.colcon_core.environment:checking '/home/leoni/oak_ws/install/depthai_ros_driver' for CMake config files
[0.999s] Level 1:colcon.colcon_core.shell:create_environment_hook('depthai_ros_driver', 'cmake_prefix_path')
[0.999s] INFO:colcon.colcon_core.shell:Creating environment hook '/home/leoni/oak_ws/install/depthai_ros_driver/share/depthai_ros_driver/hook/cmake_prefix_path.ps1'
[0.999s] INFO:colcon.colcon_core.shell:Creating environment descriptor '/home/leoni/oak_ws/install/depthai_ros_driver/share/depthai_ros_driver/hook/cmake_prefix_path.dsv'
[0.999s] INFO:colcon.colcon_core.shell:Creating environment hook '/home/leoni/oak_ws/install/depthai_ros_driver/share/depthai_ros_driver/hook/cmake_prefix_path.sh'
[1.000s] Level 1:colcon.colcon_core.environment:checking '/home/leoni/oak_ws/install/depthai_ros_driver/lib'
[1.000s] Level 1:colcon.colcon_core.shell:create_environment_hook('depthai_ros_driver', 'ld_library_path_lib')
[1.000s] INFO:colcon.colcon_core.shell:Creating environment hook '/home/leoni/oak_ws/install/depthai_ros_driver/share/depthai_ros_driver/hook/ld_library_path_lib.ps1'
[1.000s] INFO:colcon.colcon_core.shell:Creating environment descriptor '/home/leoni/oak_ws/install/depthai_ros_driver/share/depthai_ros_driver/hook/ld_library_path_lib.dsv'
[1.000s] INFO:colcon.colcon_core.shell:Creating environment hook '/home/leoni/oak_ws/install/depthai_ros_driver/share/depthai_ros_driver/hook/ld_library_path_lib.sh'
[1.000s] Level 1:colcon.colcon_core.environment:checking '/home/leoni/oak_ws/install/depthai_ros_driver/bin'
[1.001s] Level 1:colcon.colcon_core.environment:checking '/home/leoni/oak_ws/install/depthai_ros_driver/lib/pkgconfig/depthai_ros_driver.pc'
[1.001s] Level 1:colcon.colcon_core.environment:checking '/home/leoni/oak_ws/install/depthai_ros_driver/lib/python3.10/site-packages'
[1.001s] Level 1:colcon.colcon_core.environment:checking '/home/leoni/oak_ws/install/depthai_ros_driver/bin'
[1.001s] INFO:colcon.colcon_core.shell:Creating package script '/home/leoni/oak_ws/install/depthai_ros_driver/share/depthai_ros_driver/package.ps1'
[1.001s] INFO:colcon.colcon_core.shell:Creating package descriptor '/home/leoni/oak_ws/install/depthai_ros_driver/share/depthai_ros_driver/package.dsv'
[1.002s] INFO:colcon.colcon_core.shell:Creating package script '/home/leoni/oak_ws/install/depthai_ros_driver/share/depthai_ros_driver/package.sh'
[1.002s] INFO:colcon.colcon_core.shell:Creating package script '/home/leoni/oak_ws/install/depthai_ros_driver/share/depthai_ros_driver/package.bash'
[1.002s] INFO:colcon.colcon_core.shell:Creating package script '/home/leoni/oak_ws/install/depthai_ros_driver/share/depthai_ros_driver/package.zsh'
[1.002s] Level 1:colcon.colcon_core.environment:create_file_with_runtime_dependencies(/home/leoni/oak_ws/install/depthai_ros_driver/share/colcon-core/packages/depthai_ros_driver)
[1.002s] INFO:colcon.colcon_ros.task.ament_cmake.build:Building ROS package in '/home/leoni/oak_ws/src/depthai-ros/depthai-ros' with build type 'ament_cmake'
[1.002s] INFO:colcon.colcon_cmake.task.cmake.build:Building CMake package in '/home/leoni/oak_ws/src/depthai-ros/depthai-ros'
[1.003s] INFO:colcon.colcon_core.shell:Skip shell extension 'powershell' for command environment: Not usable outside of PowerShell
[1.003s] DEBUG:colcon.colcon_core.shell:Skip shell extension 'dsv' for command environment
[1.014s] DEBUG:colcon.colcon_core.event_handler.log_command:Invoking command in '/home/leoni/oak_ws/build/depthai-ros': CMAKE_PREFIX_PATH=/home/leoni/oak_ws/install/depthai_ros_driver:/home/leoni/oak_ws/install/depthai_filters:/home/leoni/oak_ws/install/depthai_bridge:/home/leoni/oak_ws/install/depthai_ros_msgs:/home/leoni/oak_ws/install/depthai_descriptions:/home/leoni/oak_ws/install/depthai-ros:/home/leoni/oak_ws/install/leoni:/opt/ros/humble GAZEBO_MODEL_PATH=/home/leoni/oak_ws/install/depthai_descriptions:${GAZEBO_MODEL_PATH} GAZEBO_RESOURCE_PATH=/home/leoni/oak_ws/install/depthai_descriptions:${GAZEBO_RESOURCE_PATH} IGN_GAZEBO_MODEL_PATH=/home/leoni/oak_ws/install/depthai_descriptions:${IGN_GAZEBO_MODEL_PATH} IGN_GAZEBO_RESOURCE_PATH=/home/leoni/oak_ws/install/depthai_descriptions:${IGN_GAZEBO_RESOURCE_PATH} /usr/bin/cmake --build /home/leoni/oak_ws/build/depthai-ros -- -j16 -l16
[1.041s] DEBUG:colcon.colcon_core.event_handler.log_command:Invoked command in '/home/leoni/oak_ws/build/depthai-ros' returned '0': CMAKE_PREFIX_PATH=/home/leoni/oak_ws/install/depthai_ros_driver:/home/leoni/oak_ws/install/depthai_filters:/home/leoni/oak_ws/install/depthai_bridge:/home/leoni/oak_ws/install/depthai_ros_msgs:/home/leoni/oak_ws/install/depthai_descriptions:/home/leoni/oak_ws/install/depthai-ros:/home/leoni/oak_ws/install/leoni:/opt/ros/humble GAZEBO_MODEL_PATH=/home/leoni/oak_ws/install/depthai_descriptions:${GAZEBO_MODEL_PATH} GAZEBO_RESOURCE_PATH=/home/leoni/oak_ws/install/depthai_descriptions:${GAZEBO_RESOURCE_PATH} IGN_GAZEBO_MODEL_PATH=/home/leoni/oak_ws/install/depthai_descriptions:${IGN_GAZEBO_MODEL_PATH} IGN_GAZEBO_RESOURCE_PATH=/home/leoni/oak_ws/install/depthai_descriptions:${IGN_GAZEBO_RESOURCE_PATH} /usr/bin/cmake --build /home/leoni/oak_ws/build/depthai-ros -- -j16 -l16
[1.042s] DEBUG:colcon.colcon_core.event_handler.log_command:Invoking command in '/home/leoni/oak_ws/build/depthai-ros': CMAKE_PREFIX_PATH=/home/leoni/oak_ws/install/depthai_ros_driver:/home/leoni/oak_ws/install/depthai_filters:/home/leoni/oak_ws/install/depthai_bridge:/home/leoni/oak_ws/install/depthai_ros_msgs:/home/leoni/oak_ws/install/depthai_descriptions:/home/leoni/oak_ws/install/depthai-ros:/home/leoni/oak_ws/install/leoni:/opt/ros/humble GAZEBO_MODEL_PATH=/home/leoni/oak_ws/install/depthai_descriptions:${GAZEBO_MODEL_PATH} GAZEBO_RESOURCE_PATH=/home/leoni/oak_ws/install/depthai_descriptions:${GAZEBO_RESOURCE_PATH} IGN_GAZEBO_MODEL_PATH=/home/leoni/oak_ws/install/depthai_descriptions:${IGN_GAZEBO_MODEL_PATH} IGN_GAZEBO_RESOURCE_PATH=/home/leoni/oak_ws/install/depthai_descriptions:${IGN_GAZEBO_RESOURCE_PATH} /usr/bin/cmake --install /home/leoni/oak_ws/build/depthai-ros
[1.050s] Level 1:colcon.colcon_core.environment:create_environment_scripts_only(depthai-ros)
[1.051s] DEBUG:colcon.colcon_core.event_handler.log_command:Invoked command in '/home/leoni/oak_ws/build/depthai-ros' returned '0': CMAKE_PREFIX_PATH=/home/leoni/oak_ws/install/depthai_ros_driver:/home/leoni/oak_ws/install/depthai_filters:/home/leoni/oak_ws/install/depthai_bridge:/home/leoni/oak_ws/install/depthai_ros_msgs:/home/leoni/oak_ws/install/depthai_descriptions:/home/leoni/oak_ws/install/depthai-ros:/home/leoni/oak_ws/install/leoni:/opt/ros/humble GAZEBO_MODEL_PATH=/home/leoni/oak_ws/install/depthai_descriptions:${GAZEBO_MODEL_PATH} GAZEBO_RESOURCE_PATH=/home/leoni/oak_ws/install/depthai_descriptions:${GAZEBO_RESOURCE_PATH} IGN_GAZEBO_MODEL_PATH=/home/leoni/oak_ws/install/depthai_descriptions:${IGN_GAZEBO_MODEL_PATH} IGN_GAZEBO_RESOURCE_PATH=/home/leoni/oak_ws/install/depthai_descriptions:${IGN_GAZEBO_RESOURCE_PATH} /usr/bin/cmake --install /home/leoni/oak_ws/build/depthai-ros
[1.051s] Level 1:colcon.colcon_core.environment:checking '/home/leoni/oak_ws/install/depthai-ros' for CMake module files
[1.051s] Level 1:colcon.colcon_core.environment:checking '/home/leoni/oak_ws/install/depthai-ros' for CMake config files
[1.052s] Level 1:colcon.colcon_core.shell:create_environment_hook('depthai-ros', 'cmake_prefix_path')
[1.052s] INFO:colcon.colcon_core.shell:Creating environment hook '/home/leoni/oak_ws/install/depthai-ros/share/depthai-ros/hook/cmake_prefix_path.ps1'
[1.052s] INFO:colcon.colcon_core.shell:Creating environment descriptor '/home/leoni/oak_ws/install/depthai-ros/share/depthai-ros/hook/cmake_prefix_path.dsv'
[1.053s] INFO:colcon.colcon_core.shell:Creating environment hook '/home/leoni/oak_ws/install/depthai-ros/share/depthai-ros/hook/cmake_prefix_path.sh'
[1.053s] Level 1:colcon.colcon_core.environment:checking '/home/leoni/oak_ws/install/depthai-ros/bin'
[1.053s] Level 1:colcon.colcon_core.environment:checking '/home/leoni/oak_ws/install/depthai-ros/lib/pkgconfig/depthai-ros.pc'
[1.053s] Level 1:colcon.colcon_core.environment:checking '/home/leoni/oak_ws/install/depthai-ros/lib/python3.10/site-packages'
[1.053s] Level 1:colcon.colcon_core.environment:checking '/home/leoni/oak_ws/install/depthai-ros/bin'
[1.053s] INFO:colcon.colcon_core.shell:Creating package script '/home/leoni/oak_ws/install/depthai-ros/share/depthai-ros/package.ps1'
[1.054s] INFO:colcon.colcon_core.shell:Creating package descriptor '/home/leoni/oak_ws/install/depthai-ros/share/depthai-ros/package.dsv'
[1.054s] INFO:colcon.colcon_core.shell:Creating package script '/home/leoni/oak_ws/install/depthai-ros/share/depthai-ros/package.sh'
[1.054s] INFO:colcon.colcon_core.shell:Creating package script '/home/leoni/oak_ws/install/depthai-ros/share/depthai-ros/package.bash'
[1.054s] INFO:colcon.colcon_core.shell:Creating package script '/home/leoni/oak_ws/install/depthai-ros/share/depthai-ros/package.zsh'
[1.055s] Level 1:colcon.colcon_core.environment:create_file_with_runtime_dependencies(/home/leoni/oak_ws/install/depthai-ros/share/colcon-core/packages/depthai-ros)
[1.055s] Level 1:colcon.colcon_core.environment:create_environment_scripts_only(depthai-ros)
[1.055s] Level 1:colcon.colcon_core.environment:checking '/home/leoni/oak_ws/install/depthai-ros' for CMake module files
[1.056s] Level 1:colcon.colcon_core.environment:checking '/home/leoni/oak_ws/install/depthai-ros' for CMake config files
[1.056s] Level 1:colcon.colcon_core.shell:create_environment_hook('depthai-ros', 'cmake_prefix_path')
[1.056s] INFO:colcon.colcon_core.shell:Creating environment hook '/home/leoni/oak_ws/install/depthai-ros/share/depthai-ros/hook/cmake_prefix_path.ps1'
[1.056s] INFO:colcon.colcon_core.shell:Creating environment descriptor '/home/leoni/oak_ws/install/depthai-ros/share/depthai-ros/hook/cmake_prefix_path.dsv'
[1.057s] INFO:colcon.colcon_core.shell:Creating environment hook '/home/leoni/oak_ws/install/depthai-ros/share/depthai-ros/hook/cmake_prefix_path.sh'
[1.057s] Level 1:colcon.colcon_core.environment:checking '/home/leoni/oak_ws/install/depthai-ros/bin'
[1.057s] Level 1:colcon.colcon_core.environment:checking '/home/leoni/oak_ws/install/depthai-ros/lib/pkgconfig/depthai-ros.pc'
[1.057s] Level 1:colcon.colcon_core.environment:checking '/home/leoni/oak_ws/install/depthai-ros/lib/python3.10/site-packages'
[1.057s] Level 1:colcon.colcon_core.environment:checking '/home/leoni/oak_ws/install/depthai-ros/bin'
[1.058s] INFO:colcon.colcon_core.shell:Creating package script '/home/leoni/oak_ws/install/depthai-ros/share/depthai-ros/package.ps1'
[1.058s] INFO:colcon.colcon_core.shell:Creating package descriptor '/home/leoni/oak_ws/install/depthai-ros/share/depthai-ros/package.dsv'
[1.058s] INFO:colcon.colcon_core.shell:Creating package script '/home/leoni/oak_ws/install/depthai-ros/share/depthai-ros/package.sh'
[1.058s] INFO:colcon.colcon_core.shell:Creating package script '/home/leoni/oak_ws/install/depthai-ros/share/depthai-ros/package.bash'
[1.059s] INFO:colcon.colcon_core.shell:Creating package script '/home/leoni/oak_ws/install/depthai-ros/share/depthai-ros/package.zsh'
[1.059s] Level 1:colcon.colcon_core.environment:create_file_with_runtime_dependencies(/home/leoni/oak_ws/install/depthai-ros/share/colcon-core/packages/depthai-ros)
[1.059s] DEBUG:colcon.colcon_parallel_executor.executor.parallel:closing loop
[1.059s] DEBUG:colcon.colcon_parallel_executor.executor.parallel:loop closed
[1.059s] DEBUG:colcon.colcon_parallel_executor.executor.parallel:run_until_complete finished with '0'
[1.059s] DEBUG:colcon.colcon_core.event_reactor:joining thread
[1.063s] INFO:colcon.colcon_core.plugin_system:Skipping extension 'colcon_notification.desktop_notification.terminal_notifier': Not used on non-Darwin systems
[1.063s] INFO:colcon.colcon_core.plugin_system:Skipping extension 'colcon_notification.desktop_notification.win32': Not used on non-Windows systems
[1.063s] INFO:colcon.colcon_notification.desktop_notification:Sending desktop notification using 'notify2'
[1.073s] DEBUG:colcon.colcon_core.event_reactor:joined thread
[1.073s] INFO:colcon.colcon_core.shell:Creating prefix script '/home/leoni/oak_ws/install/local_setup.ps1'
[1.075s] INFO:colcon.colcon_core.shell:Creating prefix util module '/home/leoni/oak_ws/install/_local_setup_util_ps1.py'
[1.077s] INFO:colcon.colcon_core.shell:Creating prefix chain script '/home/leoni/oak_ws/install/setup.ps1'
[1.078s] INFO:colcon.colcon_core.shell:Creating prefix script '/home/leoni/oak_ws/install/local_setup.sh'
[1.078s] INFO:colcon.colcon_core.shell:Creating prefix util module '/home/leoni/oak_ws/install/_local_setup_util_sh.py'
[1.079s] INFO:colcon.colcon_core.shell:Creating prefix chain script '/home/leoni/oak_ws/install/setup.sh'
[1.079s] INFO:colcon.colcon_core.shell:Creating prefix script '/home/leoni/oak_ws/install/local_setup.bash'
[1.080s] INFO:colcon.colcon_core.shell:Creating prefix chain script '/home/leoni/oak_ws/install/setup.bash'
[1.080s] INFO:colcon.colcon_core.shell:Creating prefix script '/home/leoni/oak_ws/install/local_setup.zsh'
[1.081s] INFO:colcon.colcon_core.shell:Creating prefix chain script '/home/leoni/oak_ws/install/setup.zsh'
