[0.005s] Invoking command in '/home/leoni/oak_ws/build/depthai_bridge': AMENT_PREFIX_PATH=/home/leoni/oak_ws/install/depthai_ros_msgs:${AMENT_PREFIX_PATH} CMAKE_PREFIX_PATH=/home/leoni/oak_ws/install/depthai_ros_msgs:/opt/ros/humble LD_LIBRARY_PATH=/home/leoni/oak_ws/install/depthai_ros_msgs/lib:${LD_LIBRARY_PATH} PYTHONPATH=/home/leoni/oak_ws/install/depthai_ros_msgs/local/lib/python3.10/dist-packages:${PYTHONPATH} /usr/bin/cmake /home/leoni/oak_ws/src/depthai-ros/depthai_bridge -DCMAKE_INSTALL_PREFIX=/home/leoni/oak_ws/install/depthai_bridge
[0.044s] -- The CXX compiler identification is GNU 11.4.0
[0.070s] -- The C compiler identification is GNU 11.4.0
[0.075s] -- Detecting CXX compiler ABI info
[0.122s] -- Detecting CXX compiler ABI info - done
[0.126s] -- Check for working CXX compiler: /usr/bin/c++ - skipped
[0.126s] -- Detecting CXX compile features
[0.127s] -- Detecting CXX compile features - done
[0.128s] -- Detecting C compiler ABI info
[0.168s] -- Detecting C compiler ABI info - done
[0.172s] -- Check for working C compiler: /usr/bin/cc - skipped
[0.173s] -- Detecting C compile features
[0.173s] -- Detecting C compile features - done
[0.177s] -- ------------------------------------------
[0.177s] -- Depthai Bridge is being built using AMENT.
[0.177s] -- ------------------------------------------
[0.177s] -- Found ament_index_cpp: 1.4.0 (/opt/ros/humble/share/ament_index_cpp/cmake)
[0.178s] -- Found camera_info_manager: 3.1.11 (/opt/ros/humble/share/camera_info_manager/cmake)
[0.266s] -- Found Python3: /usr/bin/python3 (found version "3.10.12") found components: Interpreter 
[0.339s] -- Found rosidl_generator_c: 3.1.6 (/opt/ros/humble/share/rosidl_generator_c/cmake)
[0.342s] -- Found rosidl_adapter: 3.1.6 (/opt/ros/humble/share/rosidl_adapter/cmake)
[0.346s] -- Found rosidl_generator_cpp: 3.1.6 (/opt/ros/humble/share/rosidl_generator_cpp/cmake)
[0.353s] -- Using all available rosidl_typesupport_c: rosidl_typesupport_fastrtps_c;rosidl_typesupport_introspection_c
[0.362s] -- Using all available rosidl_typesupport_cpp: rosidl_typesupport_fastrtps_cpp;rosidl_typesupport_introspection_cpp
[0.386s] -- Found rmw_implementation_cmake: 6.1.2 (/opt/ros/humble/share/rmw_implementation_cmake/cmake)
[0.387s] -- Found rmw_fastrtps_cpp: 6.2.7 (/opt/ros/humble/share/rmw_fastrtps_cpp/cmake)
[0.433s] -- Found OpenSSL: /usr/lib/x86_64-linux-gnu/libcrypto.so (found version "3.0.2")  
[0.447s] -- Found FastRTPS: /opt/ros/humble/include  
[0.468s] -- Using RMW implementation 'rmw_fastrtps_cpp' as default
[0.472s] -- Looking for pthread.h
[0.514s] -- Looking for pthread.h - found
[0.514s] -- Performing Test CMAKE_HAVE_LIBC_PTHREAD
[0.557s] -- Performing Test CMAKE_HAVE_LIBC_PTHREAD - Success
[0.558s] -- Found Threads: TRUE  
[0.613s] -- Found cv_bridge: 3.2.1 (/opt/ros/humble/share/cv_bridge/cmake)
[0.614s] -- Found depthai_ros_msgs: 2.11.2 (/home/leoni/oak_ws/install/depthai_ros_msgs/share/depthai_ros_msgs/cmake)
[0.643s] -- Found image_transport: 3.1.11 (/opt/ros/humble/share/image_transport/cmake)
[0.660s] -- Found stereo_msgs: 4.8.0 (/opt/ros/humble/share/stereo_msgs/cmake)
[0.669s] -- Found tf2_ros: 0.25.13 (/opt/ros/humble/share/tf2_ros/cmake)
[0.719s] -- Found tf2_geometry_msgs: 0.25.13 (/opt/ros/humble/share/tf2_geometry_msgs/cmake)
[0.726s] -- Found eigen3_cmake_module: 0.1.1 (/opt/ros/humble/share/eigen3_cmake_module/cmake)
[0.727s] -- Found Eigen3: TRUE (found version "3.4.0") 
[0.727s] -- Ensuring Eigen3 include directory is part of orocos-kdl CMake target
[0.728s] -- Found ffmpeg_image_transport_msgs: 1.1.2 (/opt/ros/humble/share/ffmpeg_image_transport_msgs/cmake)
[0.738s] -- --------------------------humble ---
[0.738s] -- humble
[0.791s] -- Configuring done
[0.815s] -- Generating done
[0.822s] -- Build files have been written to: /home/leoni/oak_ws/build/depthai_bridge
[0.835s] Invoked command in '/home/leoni/oak_ws/build/depthai_bridge' returned '0': AMENT_PREFIX_PATH=/home/leoni/oak_ws/install/depthai_ros_msgs:${AMENT_PREFIX_PATH} CMAKE_PREFIX_PATH=/home/leoni/oak_ws/install/depthai_ros_msgs:/opt/ros/humble LD_LIBRARY_PATH=/home/leoni/oak_ws/install/depthai_ros_msgs/lib:${LD_LIBRARY_PATH} PYTHONPATH=/home/leoni/oak_ws/install/depthai_ros_msgs/local/lib/python3.10/dist-packages:${PYTHONPATH} /usr/bin/cmake /home/leoni/oak_ws/src/depthai-ros/depthai_bridge -DCMAKE_INSTALL_PREFIX=/home/leoni/oak_ws/install/depthai_bridge
[0.837s] Invoking command in '/home/leoni/oak_ws/build/depthai_bridge': AMENT_PREFIX_PATH=/home/leoni/oak_ws/install/depthai_ros_msgs:${AMENT_PREFIX_PATH} CMAKE_PREFIX_PATH=/home/leoni/oak_ws/install/depthai_ros_msgs:/opt/ros/humble LD_LIBRARY_PATH=/home/leoni/oak_ws/install/depthai_ros_msgs/lib:${LD_LIBRARY_PATH} PYTHONPATH=/home/leoni/oak_ws/install/depthai_ros_msgs/local/lib/python3.10/dist-packages:${PYTHONPATH} /usr/bin/cmake --build /home/leoni/oak_ws/build/depthai_bridge -- -j16 -l16
[0.881s] [ 10%] [32mBuilding CXX object CMakeFiles/depthai_bridge.dir/src/DisparityConverter.cpp.o[0m
[0.881s] [ 20%] [32mBuilding CXX object CMakeFiles/depthai_bridge.dir/src/ImgDetectionConverter.cpp.o[0m
[0.882s] [ 40%] [32mBuilding CXX object CMakeFiles/depthai_bridge.dir/src/SpatialDetectionConverter.cpp.o[0m
[0.882s] [ 40%] [32mBuilding CXX object CMakeFiles/depthai_bridge.dir/src/ImuConverter.cpp.o[0m
[0.882s] [ 70%] [32mBuilding CXX object CMakeFiles/depthai_bridge.dir/src/ImageConverter.cpp.o[0m
[0.883s] [ 50%] [32mBuilding CXX object CMakeFiles/depthai_bridge.dir/src/TFPublisher.cpp.o[0m
[0.883s] [ 60%] [32mBuilding CXX object CMakeFiles/depthai_bridge.dir/src/TrackDetectionConverter.cpp.o[0m
[0.885s] [ 80%] [32mBuilding CXX object CMakeFiles/depthai_bridge.dir/src/TrackSpatialDetectionConverter.cpp.o[0m
[0.893s] [ 90%] [32mBuilding CXX object CMakeFiles/depthai_bridge.dir/src/TrackedFeaturesConverter.cpp.o[0m
[2.176s] gmake[2]: *** [CMakeFiles/depthai_bridge.dir/build.make:90: CMakeFiles/depthai_bridge.dir/src/ImageConverter.cpp.o] Interrupción
[2.176s] gmake[2]: *** [CMakeFiles/depthai_bridge.dir/build.make:76: CMakeFiles/depthai_bridge.dir/src/DisparityConverter.cpp.o] Interrupción
[2.176s] gmake[2]: *** [CMakeFiles/depthai_bridge.dir/build.make:104: CMakeFiles/depthai_bridge.dir/src/ImgDetectionConverter.cpp.o] Interrupción
[2.176s] gmake[2]: *** [CMakeFiles/depthai_bridge.dir/build.make:132: CMakeFiles/depthai_bridge.dir/src/SpatialDetectionConverter.cpp.o] Interrupción
[2.176s] gmake[2]: *** [CMakeFiles/depthai_bridge.dir/build.make:146: CMakeFiles/depthai_bridge.dir/src/TFPublisher.cpp.o] Interrupción
[2.176s] gmake[2]: *** [CMakeFiles/depthai_bridge.dir/build.make:174: CMakeFiles/depthai_bridge.dir/src/TrackSpatialDetectionConverter.cpp.o] Interrupción
[2.176s] gmake[2]: *** [CMakeFiles/depthai_bridge.dir/build.make:188: CMakeFiles/depthai_bridge.dir/src/TrackedFeaturesConverter.cpp.o] Interrupción
[2.184s] gmake[2]: *** [CMakeFiles/depthai_bridge.dir/build.make:118: CMakeFiles/depthai_bridge.dir/src/ImuConverter.cpp.o] Interrupción
[2.184s] gmake[2]: *** [CMakeFiles/depthai_bridge.dir/build.make:160: CMakeFiles/depthai_bridge.dir/src/TrackDetectionConverter.cpp.o] Interrupción
[2.185s] gmake[1]: *** [CMakeFiles/Makefile2:137: CMakeFiles/depthai_bridge.dir/all] Interrupción
[2.185s] gmake: *** [Makefile:146: all] Interrupción
