[0.778s] Invoking command in '/home/leoni/oak_ws/src/arldu': PYTHONPATH=/home/leoni/oak_ws/build/arldu/prefix_override:/usr/lib/python3/dist-packages/colcon_core/task/python/colcon_distutils_commands:/home/leoni/oak_ws/install/arldu/lib/python3.10/site-packages:${PYTHONPATH} /usr/bin/python3 -W ignore:setup.py install is deprecated -W ignore:easy_install command is deprecated setup.py egg_info --egg-base ../../build/arldu build --build-base /home/leoni/oak_ws/build/arldu/build install --record /home/leoni/oak_ws/build/arldu/install.log --single-version-externally-managed install_data
[0.994s] running egg_info
[0.994s] writing ../../build/arldu/arldu.egg-info/PKG-INFO
[0.995s] writing dependency_links to ../../build/arldu/arldu.egg-info/dependency_links.txt
[0.995s] writing entry points to ../../build/arldu/arldu.egg-info/entry_points.txt
[0.995s] writing requirements to ../../build/arldu/arldu.egg-info/requires.txt
[0.995s] writing top-level names to ../../build/arldu/arldu.egg-info/top_level.txt
[0.997s] reading manifest file '../../build/arldu/arldu.egg-info/SOURCES.txt'
[0.998s] writing manifest file '../../build/arldu/arldu.egg-info/SOURCES.txt'
[0.998s] running build
[0.998s] running build_py
[0.998s] running install
[0.999s] running install_lib
[1.000s] running install_data
[1.001s] running install_egg_info
[1.002s] removing '/home/leoni/oak_ws/install/arldu/lib/python3.10/site-packages/arldu-0.0.0-py3.10.egg-info' (and everything under it)
[1.003s] Copying ../../build/arldu/arldu.egg-info to /home/leoni/oak_ws/install/arldu/lib/python3.10/site-packages/arldu-0.0.0-py3.10.egg-info
[1.004s] running install_scripts
[1.031s] Installing node script to /home/leoni/oak_ws/install/arldu/lib/arldu
[1.031s] writing list of installed files to '/home/leoni/oak_ws/build/arldu/install.log'
[1.059s] Invoked command in '/home/leoni/oak_ws/src/arldu' returned '0': PYTHONPATH=/home/leoni/oak_ws/build/arldu/prefix_override:/usr/lib/python3/dist-packages/colcon_core/task/python/colcon_distutils_commands:/home/leoni/oak_ws/install/arldu/lib/python3.10/site-packages:${PYTHONPATH} /usr/bin/python3 -W ignore:setup.py install is deprecated -W ignore:easy_install command is deprecated setup.py egg_info --egg-base ../../build/arldu build --build-base /home/leoni/oak_ws/build/arldu/build install --record /home/leoni/oak_ws/build/arldu/install.log --single-version-externally-managed install_data
