[0.063s] DEBUG:colcon:Command line arguments: ['/usr/bin/colcon', 'build']
[0.063s] DEBUG:colcon:Parsed command line arguments: Namespace(log_base=None, log_level=None, verb_name='build', build_base='build', install_base='install', merge_install=False, symlink_install=False, test_result_base=None, continue_on_error=False, executor='parallel', parallel_workers=16, event_handlers=None, ignore_user_meta=False, metas=['./colcon.meta'], base_paths=['.'], packages_ignore=None, packages_ignore_regex=None, paths=None, packages_up_to=None, packages_up_to_regex=None, packages_above=None, packages_above_and_dependencies=None, packages_above_depth=None, packages_select_by_dep=None, packages_skip_by_dep=None, packages_skip_up_to=None, packages_select_build_failed=False, packages_skip_build_finished=False, packages_select_test_failures=False, packages_skip_test_passed=False, packages_select=None, packages_skip=None, packages_select_regex=None, packages_skip_regex=None, packages_start=None, packages_end=None, allow_overriding=[], cmake_args=None, cmake_target=None, cmake_target_skip_unavailable=False, cmake_clean_cache=False, cmake_clean_first=False, cmake_force_configure=False, ament_cmake_args=None, catkin_cmake_args=None, catkin_skip_building_tests=False, verb_parser=<colcon_defaults.argument_parser.defaults.DefaultArgumentsDecorator object at 0x74c2eacd8c10>, verb_extension=<colcon_core.verb.build.BuildVerb object at 0x74c2eae620b0>, main=<bound method BuildVerb.main of <colcon_core.verb.build.BuildVerb object at 0x74c2eae620b0>>)
[0.170s] Level 1:colcon.colcon_core.package_discovery:discover_packages(colcon_meta) check parameters
[0.171s] Level 1:colcon.colcon_core.package_discovery:discover_packages(recursive) check parameters
[0.171s] Level 1:colcon.colcon_core.package_discovery:discover_packages(ignore) check parameters
[0.171s] Level 1:colcon.colcon_core.package_discovery:discover_packages(path) check parameters
[0.171s] Level 1:colcon.colcon_core.package_discovery:discover_packages(colcon_meta) discover
[0.171s] Level 1:colcon.colcon_core.package_discovery:discover_packages(recursive) discover
[0.171s] INFO:colcon.colcon_core.package_discovery:Crawling recursively for packages in '/home/leoni/oak_ws'
[0.171s] Level 1:colcon.colcon_core.package_identification:_identify(.) by extensions ['ignore', 'ignore_ament_install']
[0.171s] Level 1:colcon.colcon_core.package_identification:_identify(.) by extension 'ignore'
[0.171s] Level 1:colcon.colcon_core.package_identification:_identify(.) by extension 'ignore_ament_install'
[0.171s] Level 1:colcon.colcon_core.package_identification:_identify(.) by extensions ['colcon_pkg']
[0.171s] Level 1:colcon.colcon_core.package_identification:_identify(.) by extension 'colcon_pkg'
[0.171s] Level 1:colcon.colcon_core.package_identification:_identify(.) by extensions ['colcon_meta']
[0.171s] Level 1:colcon.colcon_core.package_identification:_identify(.) by extension 'colcon_meta'
[0.171s] Level 1:colcon.colcon_core.package_identification:_identify(.) by extensions ['ros']
[0.171s] Level 1:colcon.colcon_core.package_identification:_identify(.) by extension 'ros'
[0.178s] Level 1:colcon.colcon_core.package_identification:_identify(.) by extensions ['cmake', 'python']
[0.178s] Level 1:colcon.colcon_core.package_identification:_identify(.) by extension 'cmake'
[0.178s] Level 1:colcon.colcon_core.package_identification:_identify(.) by extension 'python'
[0.178s] Level 1:colcon.colcon_core.package_identification:_identify(.) by extensions ['python_setup_py']
[0.178s] Level 1:colcon.colcon_core.package_identification:_identify(.) by extension 'python_setup_py'
[0.178s] Level 1:colcon.colcon_core.package_identification:_identify(build) by extensions ['ignore', 'ignore_ament_install']
[0.178s] Level 1:colcon.colcon_core.package_identification:_identify(build) by extension 'ignore'
[0.178s] Level 1:colcon.colcon_core.package_identification:_identify(build) ignored
[0.178s] Level 1:colcon.colcon_core.package_identification:_identify(install) by extensions ['ignore', 'ignore_ament_install']
[0.178s] Level 1:colcon.colcon_core.package_identification:_identify(install) by extension 'ignore'
[0.178s] Level 1:colcon.colcon_core.package_identification:_identify(install) ignored
[0.178s] Level 1:colcon.colcon_core.package_identification:_identify(log) by extensions ['ignore', 'ignore_ament_install']
[0.178s] Level 1:colcon.colcon_core.package_identification:_identify(log) by extension 'ignore'
[0.178s] Level 1:colcon.colcon_core.package_identification:_identify(log) ignored
[0.178s] Level 1:colcon.colcon_core.package_identification:_identify(src) by extensions ['ignore', 'ignore_ament_install']
[0.178s] Level 1:colcon.colcon_core.package_identification:_identify(src) by extension 'ignore'
[0.178s] Level 1:colcon.colcon_core.package_identification:_identify(src) by extension 'ignore_ament_install'
[0.178s] Level 1:colcon.colcon_core.package_identification:_identify(src) by extensions ['colcon_pkg']
[0.178s] Level 1:colcon.colcon_core.package_identification:_identify(src) by extension 'colcon_pkg'
[0.178s] Level 1:colcon.colcon_core.package_identification:_identify(src) by extensions ['colcon_meta']
[0.178s] Level 1:colcon.colcon_core.package_identification:_identify(src) by extension 'colcon_meta'
[0.178s] Level 1:colcon.colcon_core.package_identification:_identify(src) by extensions ['ros']
[0.178s] Level 1:colcon.colcon_core.package_identification:_identify(src) by extension 'ros'
[0.178s] Level 1:colcon.colcon_core.package_identification:_identify(src) by extensions ['cmake', 'python']
[0.178s] Level 1:colcon.colcon_core.package_identification:_identify(src) by extension 'cmake'
[0.178s] Level 1:colcon.colcon_core.package_identification:_identify(src) by extension 'python'
[0.178s] Level 1:colcon.colcon_core.package_identification:_identify(src) by extensions ['python_setup_py']
[0.179s] Level 1:colcon.colcon_core.package_identification:_identify(src) by extension 'python_setup_py'
[0.179s] Level 1:colcon.colcon_core.package_identification:_identify(src/arldu) by extensions ['ignore', 'ignore_ament_install']
[0.179s] Level 1:colcon.colcon_core.package_identification:_identify(src/arldu) by extension 'ignore'
[0.179s] Level 1:colcon.colcon_core.package_identification:_identify(src/arldu) by extension 'ignore_ament_install'
[0.179s] Level 1:colcon.colcon_core.package_identification:_identify(src/arldu) by extensions ['colcon_pkg']
[0.179s] Level 1:colcon.colcon_core.package_identification:_identify(src/arldu) by extension 'colcon_pkg'
[0.179s] Level 1:colcon.colcon_core.package_identification:_identify(src/arldu) by extensions ['colcon_meta']
[0.179s] Level 1:colcon.colcon_core.package_identification:_identify(src/arldu) by extension 'colcon_meta'
[0.179s] Level 1:colcon.colcon_core.package_identification:_identify(src/arldu) by extensions ['ros']
[0.179s] Level 1:colcon.colcon_core.package_identification:_identify(src/arldu) by extension 'ros'
[0.180s] DEBUG:colcon.colcon_core.package_identification:Package 'src/arldu' with type 'ros.ament_python' and name 'arldu'
[0.180s] Level 1:colcon.colcon_core.package_identification:_identify(src/depthai-ros) by extensions ['ignore', 'ignore_ament_install']
[0.180s] Level 1:colcon.colcon_core.package_identification:_identify(src/depthai-ros) by extension 'ignore'
[0.180s] Level 1:colcon.colcon_core.package_identification:_identify(src/depthai-ros) by extension 'ignore_ament_install'
[0.180s] Level 1:colcon.colcon_core.package_identification:_identify(src/depthai-ros) by extensions ['colcon_pkg']
[0.180s] Level 1:colcon.colcon_core.package_identification:_identify(src/depthai-ros) by extension 'colcon_pkg'
[0.180s] Level 1:colcon.colcon_core.package_identification:_identify(src/depthai-ros) by extensions ['colcon_meta']
[0.180s] Level 1:colcon.colcon_core.package_identification:_identify(src/depthai-ros) by extension 'colcon_meta'
[0.180s] Level 1:colcon.colcon_core.package_identification:_identify(src/depthai-ros) by extensions ['ros']
[0.180s] Level 1:colcon.colcon_core.package_identification:_identify(src/depthai-ros) by extension 'ros'
[0.180s] Level 1:colcon.colcon_core.package_identification:_identify(src/depthai-ros) by extensions ['cmake', 'python']
[0.180s] Level 1:colcon.colcon_core.package_identification:_identify(src/depthai-ros) by extension 'cmake'
[0.180s] Level 1:colcon.colcon_core.package_identification:_identify(src/depthai-ros) by extension 'python'
[0.181s] Level 1:colcon.colcon_core.package_identification:_identify(src/depthai-ros) by extensions ['python_setup_py']
[0.181s] Level 1:colcon.colcon_core.package_identification:_identify(src/depthai-ros) by extension 'python_setup_py'
[0.181s] Level 1:colcon.colcon_core.package_identification:_identify(src/depthai-ros/depthai-ros) by extensions ['ignore', 'ignore_ament_install']
[0.181s] Level 1:colcon.colcon_core.package_identification:_identify(src/depthai-ros/depthai-ros) by extension 'ignore'
[0.181s] Level 1:colcon.colcon_core.package_identification:_identify(src/depthai-ros/depthai-ros) by extension 'ignore_ament_install'
[0.181s] Level 1:colcon.colcon_core.package_identification:_identify(src/depthai-ros/depthai-ros) by extensions ['colcon_pkg']
[0.181s] Level 1:colcon.colcon_core.package_identification:_identify(src/depthai-ros/depthai-ros) by extension 'colcon_pkg'
[0.181s] Level 1:colcon.colcon_core.package_identification:_identify(src/depthai-ros/depthai-ros) by extensions ['colcon_meta']
[0.181s] Level 1:colcon.colcon_core.package_identification:_identify(src/depthai-ros/depthai-ros) by extension 'colcon_meta'
[0.181s] Level 1:colcon.colcon_core.package_identification:_identify(src/depthai-ros/depthai-ros) by extensions ['ros']
[0.181s] Level 1:colcon.colcon_core.package_identification:_identify(src/depthai-ros/depthai-ros) by extension 'ros'
[0.181s] DEBUG:colcon.colcon_core.package_identification:Package 'src/depthai-ros/depthai-ros' with type 'ros.ament_cmake' and name 'depthai-ros'
[0.181s] Level 1:colcon.colcon_core.package_identification:_identify(src/depthai-ros/depthai_bridge) by extensions ['ignore', 'ignore_ament_install']
[0.181s] Level 1:colcon.colcon_core.package_identification:_identify(src/depthai-ros/depthai_bridge) by extension 'ignore'
[0.181s] Level 1:colcon.colcon_core.package_identification:_identify(src/depthai-ros/depthai_bridge) by extension 'ignore_ament_install'
[0.181s] Level 1:colcon.colcon_core.package_identification:_identify(src/depthai-ros/depthai_bridge) by extensions ['colcon_pkg']
[0.181s] Level 1:colcon.colcon_core.package_identification:_identify(src/depthai-ros/depthai_bridge) by extension 'colcon_pkg'
[0.181s] Level 1:colcon.colcon_core.package_identification:_identify(src/depthai-ros/depthai_bridge) by extensions ['colcon_meta']
[0.181s] Level 1:colcon.colcon_core.package_identification:_identify(src/depthai-ros/depthai_bridge) by extension 'colcon_meta'
[0.181s] Level 1:colcon.colcon_core.package_identification:_identify(src/depthai-ros/depthai_bridge) by extensions ['ros']
[0.181s] Level 1:colcon.colcon_core.package_identification:_identify(src/depthai-ros/depthai_bridge) by extension 'ros'
[0.183s] DEBUG:colcon.colcon_core.package_identification:Package 'src/depthai-ros/depthai_bridge' with type 'ros.ament_cmake' and name 'depthai_bridge'
[0.183s] Level 1:colcon.colcon_core.package_identification:_identify(src/depthai-ros/depthai_descriptions) by extensions ['ignore', 'ignore_ament_install']
[0.183s] Level 1:colcon.colcon_core.package_identification:_identify(src/depthai-ros/depthai_descriptions) by extension 'ignore'
[0.183s] Level 1:colcon.colcon_core.package_identification:_identify(src/depthai-ros/depthai_descriptions) by extension 'ignore_ament_install'
[0.183s] Level 1:colcon.colcon_core.package_identification:_identify(src/depthai-ros/depthai_descriptions) by extensions ['colcon_pkg']
[0.183s] Level 1:colcon.colcon_core.package_identification:_identify(src/depthai-ros/depthai_descriptions) by extension 'colcon_pkg'
[0.183s] Level 1:colcon.colcon_core.package_identification:_identify(src/depthai-ros/depthai_descriptions) by extensions ['colcon_meta']
[0.183s] Level 1:colcon.colcon_core.package_identification:_identify(src/depthai-ros/depthai_descriptions) by extension 'colcon_meta'
[0.183s] Level 1:colcon.colcon_core.package_identification:_identify(src/depthai-ros/depthai_descriptions) by extensions ['ros']
[0.183s] Level 1:colcon.colcon_core.package_identification:_identify(src/depthai-ros/depthai_descriptions) by extension 'ros'
[0.183s] DEBUG:colcon.colcon_core.package_identification:Package 'src/depthai-ros/depthai_descriptions' with type 'ros.ament_cmake' and name 'depthai_descriptions'
[0.183s] Level 1:colcon.colcon_core.package_identification:_identify(src/depthai-ros/depthai_filters) by extensions ['ignore', 'ignore_ament_install']
[0.183s] Level 1:colcon.colcon_core.package_identification:_identify(src/depthai-ros/depthai_filters) by extension 'ignore'
[0.183s] Level 1:colcon.colcon_core.package_identification:_identify(src/depthai-ros/depthai_filters) by extension 'ignore_ament_install'
[0.183s] Level 1:colcon.colcon_core.package_identification:_identify(src/depthai-ros/depthai_filters) by extensions ['colcon_pkg']
[0.183s] Level 1:colcon.colcon_core.package_identification:_identify(src/depthai-ros/depthai_filters) by extension 'colcon_pkg'
[0.183s] Level 1:colcon.colcon_core.package_identification:_identify(src/depthai-ros/depthai_filters) by extensions ['colcon_meta']
[0.183s] Level 1:colcon.colcon_core.package_identification:_identify(src/depthai-ros/depthai_filters) by extension 'colcon_meta'
[0.183s] Level 1:colcon.colcon_core.package_identification:_identify(src/depthai-ros/depthai_filters) by extensions ['ros']
[0.183s] Level 1:colcon.colcon_core.package_identification:_identify(src/depthai-ros/depthai_filters) by extension 'ros'
[0.184s] DEBUG:colcon.colcon_core.package_identification:Package 'src/depthai-ros/depthai_filters' with type 'ros.ament_cmake' and name 'depthai_filters'
[0.184s] Level 1:colcon.colcon_core.package_identification:_identify(src/depthai-ros/depthai_ros_driver) by extensions ['ignore', 'ignore_ament_install']
[0.184s] Level 1:colcon.colcon_core.package_identification:_identify(src/depthai-ros/depthai_ros_driver) by extension 'ignore'
[0.184s] Level 1:colcon.colcon_core.package_identification:_identify(src/depthai-ros/depthai_ros_driver) by extension 'ignore_ament_install'
[0.184s] Level 1:colcon.colcon_core.package_identification:_identify(src/depthai-ros/depthai_ros_driver) by extensions ['colcon_pkg']
[0.184s] Level 1:colcon.colcon_core.package_identification:_identify(src/depthai-ros/depthai_ros_driver) by extension 'colcon_pkg'
[0.184s] Level 1:colcon.colcon_core.package_identification:_identify(src/depthai-ros/depthai_ros_driver) by extensions ['colcon_meta']
[0.184s] Level 1:colcon.colcon_core.package_identification:_identify(src/depthai-ros/depthai_ros_driver) by extension 'colcon_meta'
[0.184s] Level 1:colcon.colcon_core.package_identification:_identify(src/depthai-ros/depthai_ros_driver) by extensions ['ros']
[0.184s] Level 1:colcon.colcon_core.package_identification:_identify(src/depthai-ros/depthai_ros_driver) by extension 'ros'
[0.186s] DEBUG:colcon.colcon_core.package_identification:Package 'src/depthai-ros/depthai_ros_driver' with type 'ros.ament_cmake' and name 'depthai_ros_driver'
[0.186s] Level 1:colcon.colcon_core.package_identification:_identify(src/depthai-ros/depthai_ros_msgs) by extensions ['ignore', 'ignore_ament_install']
[0.186s] Level 1:colcon.colcon_core.package_identification:_identify(src/depthai-ros/depthai_ros_msgs) by extension 'ignore'
[0.186s] Level 1:colcon.colcon_core.package_identification:_identify(src/depthai-ros/depthai_ros_msgs) by extension 'ignore_ament_install'
[0.186s] Level 1:colcon.colcon_core.package_identification:_identify(src/depthai-ros/depthai_ros_msgs) by extensions ['colcon_pkg']
[0.186s] Level 1:colcon.colcon_core.package_identification:_identify(src/depthai-ros/depthai_ros_msgs) by extension 'colcon_pkg'
[0.186s] Level 1:colcon.colcon_core.package_identification:_identify(src/depthai-ros/depthai_ros_msgs) by extensions ['colcon_meta']
[0.186s] Level 1:colcon.colcon_core.package_identification:_identify(src/depthai-ros/depthai_ros_msgs) by extension 'colcon_meta'
[0.186s] Level 1:colcon.colcon_core.package_identification:_identify(src/depthai-ros/depthai_ros_msgs) by extensions ['ros']
[0.186s] Level 1:colcon.colcon_core.package_identification:_identify(src/depthai-ros/depthai_ros_msgs) by extension 'ros'
[0.186s] DEBUG:colcon.colcon_core.package_identification:Package 'src/depthai-ros/depthai_ros_msgs' with type 'ros.ament_cmake' and name 'depthai_ros_msgs'
[0.187s] Level 1:colcon.colcon_core.package_identification:_identify(src/leoni) by extensions ['ignore', 'ignore_ament_install']
[0.187s] Level 1:colcon.colcon_core.package_identification:_identify(src/leoni) by extension 'ignore'
[0.187s] Level 1:colcon.colcon_core.package_identification:_identify(src/leoni) by extension 'ignore_ament_install'
[0.187s] Level 1:colcon.colcon_core.package_identification:_identify(src/leoni) by extensions ['colcon_pkg']
[0.187s] Level 1:colcon.colcon_core.package_identification:_identify(src/leoni) by extension 'colcon_pkg'
[0.187s] Level 1:colcon.colcon_core.package_identification:_identify(src/leoni) by extensions ['colcon_meta']
[0.187s] Level 1:colcon.colcon_core.package_identification:_identify(src/leoni) by extension 'colcon_meta'
[0.187s] Level 1:colcon.colcon_core.package_identification:_identify(src/leoni) by extensions ['ros']
[0.187s] Level 1:colcon.colcon_core.package_identification:_identify(src/leoni) by extension 'ros'
[0.187s] DEBUG:colcon.colcon_core.package_identification:Package 'src/leoni' with type 'ros.ament_python' and name 'leoni'
[0.187s] Level 1:colcon.colcon_core.package_discovery:discover_packages(recursive) using defaults
[0.187s] Level 1:colcon.colcon_core.package_discovery:discover_packages(ignore) discover
[0.187s] Level 1:colcon.colcon_core.package_discovery:discover_packages(ignore) using defaults
[0.187s] Level 1:colcon.colcon_core.package_discovery:discover_packages(path) discover
[0.187s] Level 1:colcon.colcon_core.package_discovery:discover_packages(path) using defaults
[0.206s] Level 1:colcon.colcon_core.package_discovery:discover_packages(prefix_path) check parameters
[0.206s] Level 1:colcon.colcon_core.package_discovery:discover_packages(prefix_path) discover
[0.207s] DEBUG:colcon.colcon_installed_package_information.package_discovery:Found 365 installed packages in /opt/ros/humble
[0.208s] Level 1:colcon.colcon_core.package_discovery:discover_packages(prefix_path) using defaults
[0.234s] Level 5:colcon.colcon_core.verb:set package 'arldu' build argument 'cmake_args' from command line to 'None'
[0.234s] Level 5:colcon.colcon_core.verb:set package 'arldu' build argument 'cmake_target' from command line to 'None'
[0.234s] Level 5:colcon.colcon_core.verb:set package 'arldu' build argument 'cmake_target_skip_unavailable' from command line to 'False'
[0.234s] Level 5:colcon.colcon_core.verb:set package 'arldu' build argument 'cmake_clean_cache' from command line to 'False'
[0.234s] Level 5:colcon.colcon_core.verb:set package 'arldu' build argument 'cmake_clean_first' from command line to 'False'
[0.234s] Level 5:colcon.colcon_core.verb:set package 'arldu' build argument 'cmake_force_configure' from command line to 'False'
[0.234s] Level 5:colcon.colcon_core.verb:set package 'arldu' build argument 'ament_cmake_args' from command line to 'None'
[0.234s] Level 5:colcon.colcon_core.verb:set package 'arldu' build argument 'catkin_cmake_args' from command line to 'None'
[0.234s] Level 5:colcon.colcon_core.verb:set package 'arldu' build argument 'catkin_skip_building_tests' from command line to 'False'
[0.234s] DEBUG:colcon.colcon_core.verb:Building package 'arldu' with the following arguments: {'ament_cmake_args': None, 'build_base': '/home/leoni/oak_ws/build/arldu', 'catkin_cmake_args': None, 'catkin_skip_building_tests': False, 'cmake_args': None, 'cmake_clean_cache': False, 'cmake_clean_first': False, 'cmake_force_configure': False, 'cmake_target': None, 'cmake_target_skip_unavailable': False, 'install_base': '/home/leoni/oak_ws/install/arldu', 'merge_install': False, 'path': '/home/leoni/oak_ws/src/arldu', 'symlink_install': False, 'test_result_base': None}
[0.234s] Level 5:colcon.colcon_core.verb:set package 'depthai_descriptions' build argument 'cmake_args' from command line to 'None'
[0.235s] Level 5:colcon.colcon_core.verb:set package 'depthai_descriptions' build argument 'cmake_target' from command line to 'None'
[0.235s] Level 5:colcon.colcon_core.verb:set package 'depthai_descriptions' build argument 'cmake_target_skip_unavailable' from command line to 'False'
[0.235s] Level 5:colcon.colcon_core.verb:set package 'depthai_descriptions' build argument 'cmake_clean_cache' from command line to 'False'
[0.235s] Level 5:colcon.colcon_core.verb:set package 'depthai_descriptions' build argument 'cmake_clean_first' from command line to 'False'
[0.235s] Level 5:colcon.colcon_core.verb:set package 'depthai_descriptions' build argument 'cmake_force_configure' from command line to 'False'
[0.235s] Level 5:colcon.colcon_core.verb:set package 'depthai_descriptions' build argument 'ament_cmake_args' from command line to 'None'
[0.235s] Level 5:colcon.colcon_core.verb:set package 'depthai_descriptions' build argument 'catkin_cmake_args' from command line to 'None'
[0.235s] Level 5:colcon.colcon_core.verb:set package 'depthai_descriptions' build argument 'catkin_skip_building_tests' from command line to 'False'
[0.235s] DEBUG:colcon.colcon_core.verb:Building package 'depthai_descriptions' with the following arguments: {'ament_cmake_args': None, 'build_base': '/home/leoni/oak_ws/build/depthai_descriptions', 'catkin_cmake_args': None, 'catkin_skip_building_tests': False, 'cmake_args': None, 'cmake_clean_cache': False, 'cmake_clean_first': False, 'cmake_force_configure': False, 'cmake_target': None, 'cmake_target_skip_unavailable': False, 'install_base': '/home/leoni/oak_ws/install/depthai_descriptions', 'merge_install': False, 'path': '/home/leoni/oak_ws/src/depthai-ros/depthai_descriptions', 'symlink_install': False, 'test_result_base': None}
[0.235s] Level 5:colcon.colcon_core.verb:set package 'depthai_ros_msgs' build argument 'cmake_args' from command line to 'None'
[0.235s] Level 5:colcon.colcon_core.verb:set package 'depthai_ros_msgs' build argument 'cmake_target' from command line to 'None'
[0.235s] Level 5:colcon.colcon_core.verb:set package 'depthai_ros_msgs' build argument 'cmake_target_skip_unavailable' from command line to 'False'
[0.235s] Level 5:colcon.colcon_core.verb:set package 'depthai_ros_msgs' build argument 'cmake_clean_cache' from command line to 'False'
[0.235s] Level 5:colcon.colcon_core.verb:set package 'depthai_ros_msgs' build argument 'cmake_clean_first' from command line to 'False'
[0.235s] Level 5:colcon.colcon_core.verb:set package 'depthai_ros_msgs' build argument 'cmake_force_configure' from command line to 'False'
[0.235s] Level 5:colcon.colcon_core.verb:set package 'depthai_ros_msgs' build argument 'ament_cmake_args' from command line to 'None'
[0.235s] Level 5:colcon.colcon_core.verb:set package 'depthai_ros_msgs' build argument 'catkin_cmake_args' from command line to 'None'
[0.235s] Level 5:colcon.colcon_core.verb:set package 'depthai_ros_msgs' build argument 'catkin_skip_building_tests' from command line to 'False'
[0.235s] DEBUG:colcon.colcon_core.verb:Building package 'depthai_ros_msgs' with the following arguments: {'ament_cmake_args': None, 'build_base': '/home/leoni/oak_ws/build/depthai_ros_msgs', 'catkin_cmake_args': None, 'catkin_skip_building_tests': False, 'cmake_args': None, 'cmake_clean_cache': False, 'cmake_clean_first': False, 'cmake_force_configure': False, 'cmake_target': None, 'cmake_target_skip_unavailable': False, 'install_base': '/home/leoni/oak_ws/install/depthai_ros_msgs', 'merge_install': False, 'path': '/home/leoni/oak_ws/src/depthai-ros/depthai_ros_msgs', 'symlink_install': False, 'test_result_base': None}
[0.235s] Level 5:colcon.colcon_core.verb:set package 'leoni' build argument 'cmake_args' from command line to 'None'
[0.235s] Level 5:colcon.colcon_core.verb:set package 'leoni' build argument 'cmake_target' from command line to 'None'
[0.235s] Level 5:colcon.colcon_core.verb:set package 'leoni' build argument 'cmake_target_skip_unavailable' from command line to 'False'
[0.235s] Level 5:colcon.colcon_core.verb:set package 'leoni' build argument 'cmake_clean_cache' from command line to 'False'
[0.235s] Level 5:colcon.colcon_core.verb:set package 'leoni' build argument 'cmake_clean_first' from command line to 'False'
[0.235s] Level 5:colcon.colcon_core.verb:set package 'leoni' build argument 'cmake_force_configure' from command line to 'False'
[0.235s] Level 5:colcon.colcon_core.verb:set package 'leoni' build argument 'ament_cmake_args' from command line to 'None'
[0.235s] Level 5:colcon.colcon_core.verb:set package 'leoni' build argument 'catkin_cmake_args' from command line to 'None'
[0.235s] Level 5:colcon.colcon_core.verb:set package 'leoni' build argument 'catkin_skip_building_tests' from command line to 'False'
[0.235s] DEBUG:colcon.colcon_core.verb:Building package 'leoni' with the following arguments: {'ament_cmake_args': None, 'build_base': '/home/leoni/oak_ws/build/leoni', 'catkin_cmake_args': None, 'catkin_skip_building_tests': False, 'cmake_args': None, 'cmake_clean_cache': False, 'cmake_clean_first': False, 'cmake_force_configure': False, 'cmake_target': None, 'cmake_target_skip_unavailable': False, 'install_base': '/home/leoni/oak_ws/install/leoni', 'merge_install': False, 'path': '/home/leoni/oak_ws/src/leoni', 'symlink_install': False, 'test_result_base': None}
[0.235s] Level 5:colcon.colcon_core.verb:set package 'depthai_bridge' build argument 'cmake_args' from command line to 'None'
[0.235s] Level 5:colcon.colcon_core.verb:set package 'depthai_bridge' build argument 'cmake_target' from command line to 'None'
[0.235s] Level 5:colcon.colcon_core.verb:set package 'depthai_bridge' build argument 'cmake_target_skip_unavailable' from command line to 'False'
[0.235s] Level 5:colcon.colcon_core.verb:set package 'depthai_bridge' build argument 'cmake_clean_cache' from command line to 'False'
[0.235s] Level 5:colcon.colcon_core.verb:set package 'depthai_bridge' build argument 'cmake_clean_first' from command line to 'False'
[0.235s] Level 5:colcon.colcon_core.verb:set package 'depthai_bridge' build argument 'cmake_force_configure' from command line to 'False'
[0.235s] Level 5:colcon.colcon_core.verb:set package 'depthai_bridge' build argument 'ament_cmake_args' from command line to 'None'
[0.236s] Level 5:colcon.colcon_core.verb:set package 'depthai_bridge' build argument 'catkin_cmake_args' from command line to 'None'
[0.236s] Level 5:colcon.colcon_core.verb:set package 'depthai_bridge' build argument 'catkin_skip_building_tests' from command line to 'False'
[0.236s] DEBUG:colcon.colcon_core.verb:Building package 'depthai_bridge' with the following arguments: {'ament_cmake_args': None, 'build_base': '/home/leoni/oak_ws/build/depthai_bridge', 'catkin_cmake_args': None, 'catkin_skip_building_tests': False, 'cmake_args': None, 'cmake_clean_cache': False, 'cmake_clean_first': False, 'cmake_force_configure': False, 'cmake_target': None, 'cmake_target_skip_unavailable': False, 'install_base': '/home/leoni/oak_ws/install/depthai_bridge', 'merge_install': False, 'path': '/home/leoni/oak_ws/src/depthai-ros/depthai_bridge', 'symlink_install': False, 'test_result_base': None}
[0.236s] Level 5:colcon.colcon_core.verb:set package 'depthai_filters' build argument 'cmake_args' from command line to 'None'
[0.236s] Level 5:colcon.colcon_core.verb:set package 'depthai_filters' build argument 'cmake_target' from command line to 'None'
[0.236s] Level 5:colcon.colcon_core.verb:set package 'depthai_filters' build argument 'cmake_target_skip_unavailable' from command line to 'False'
[0.236s] Level 5:colcon.colcon_core.verb:set package 'depthai_filters' build argument 'cmake_clean_cache' from command line to 'False'
[0.236s] Level 5:colcon.colcon_core.verb:set package 'depthai_filters' build argument 'cmake_clean_first' from command line to 'False'
[0.236s] Level 5:colcon.colcon_core.verb:set package 'depthai_filters' build argument 'cmake_force_configure' from command line to 'False'
[0.236s] Level 5:colcon.colcon_core.verb:set package 'depthai_filters' build argument 'ament_cmake_args' from command line to 'None'
[0.236s] Level 5:colcon.colcon_core.verb:set package 'depthai_filters' build argument 'catkin_cmake_args' from command line to 'None'
[0.236s] Level 5:colcon.colcon_core.verb:set package 'depthai_filters' build argument 'catkin_skip_building_tests' from command line to 'False'
[0.236s] DEBUG:colcon.colcon_core.verb:Building package 'depthai_filters' with the following arguments: {'ament_cmake_args': None, 'build_base': '/home/leoni/oak_ws/build/depthai_filters', 'catkin_cmake_args': None, 'catkin_skip_building_tests': False, 'cmake_args': None, 'cmake_clean_cache': False, 'cmake_clean_first': False, 'cmake_force_configure': False, 'cmake_target': None, 'cmake_target_skip_unavailable': False, 'install_base': '/home/leoni/oak_ws/install/depthai_filters', 'merge_install': False, 'path': '/home/leoni/oak_ws/src/depthai-ros/depthai_filters', 'symlink_install': False, 'test_result_base': None}
[0.236s] Level 5:colcon.colcon_core.verb:set package 'depthai_ros_driver' build argument 'cmake_args' from command line to 'None'
[0.236s] Level 5:colcon.colcon_core.verb:set package 'depthai_ros_driver' build argument 'cmake_target' from command line to 'None'
[0.236s] Level 5:colcon.colcon_core.verb:set package 'depthai_ros_driver' build argument 'cmake_target_skip_unavailable' from command line to 'False'
[0.236s] Level 5:colcon.colcon_core.verb:set package 'depthai_ros_driver' build argument 'cmake_clean_cache' from command line to 'False'
[0.236s] Level 5:colcon.colcon_core.verb:set package 'depthai_ros_driver' build argument 'cmake_clean_first' from command line to 'False'
[0.236s] Level 5:colcon.colcon_core.verb:set package 'depthai_ros_driver' build argument 'cmake_force_configure' from command line to 'False'
[0.236s] Level 5:colcon.colcon_core.verb:set package 'depthai_ros_driver' build argument 'ament_cmake_args' from command line to 'None'
[0.236s] Level 5:colcon.colcon_core.verb:set package 'depthai_ros_driver' build argument 'catkin_cmake_args' from command line to 'None'
[0.236s] Level 5:colcon.colcon_core.verb:set package 'depthai_ros_driver' build argument 'catkin_skip_building_tests' from command line to 'False'
[0.236s] DEBUG:colcon.colcon_core.verb:Building package 'depthai_ros_driver' with the following arguments: {'ament_cmake_args': None, 'build_base': '/home/leoni/oak_ws/build/depthai_ros_driver', 'catkin_cmake_args': None, 'catkin_skip_building_tests': False, 'cmake_args': None, 'cmake_clean_cache': False, 'cmake_clean_first': False, 'cmake_force_configure': False, 'cmake_target': None, 'cmake_target_skip_unavailable': False, 'install_base': '/home/leoni/oak_ws/install/depthai_ros_driver', 'merge_install': False, 'path': '/home/leoni/oak_ws/src/depthai-ros/depthai_ros_driver', 'symlink_install': False, 'test_result_base': None}
[0.236s] Level 5:colcon.colcon_core.verb:set package 'depthai-ros' build argument 'cmake_args' from command line to 'None'
[0.236s] Level 5:colcon.colcon_core.verb:set package 'depthai-ros' build argument 'cmake_target' from command line to 'None'
[0.236s] Level 5:colcon.colcon_core.verb:set package 'depthai-ros' build argument 'cmake_target_skip_unavailable' from command line to 'False'
[0.236s] Level 5:colcon.colcon_core.verb:set package 'depthai-ros' build argument 'cmake_clean_cache' from command line to 'False'
[0.236s] Level 5:colcon.colcon_core.verb:set package 'depthai-ros' build argument 'cmake_clean_first' from command line to 'False'
[0.236s] Level 5:colcon.colcon_core.verb:set package 'depthai-ros' build argument 'cmake_force_configure' from command line to 'False'
[0.236s] Level 5:colcon.colcon_core.verb:set package 'depthai-ros' build argument 'ament_cmake_args' from command line to 'None'
[0.236s] Level 5:colcon.colcon_core.verb:set package 'depthai-ros' build argument 'catkin_cmake_args' from command line to 'None'
[0.236s] Level 5:colcon.colcon_core.verb:set package 'depthai-ros' build argument 'catkin_skip_building_tests' from command line to 'False'
[0.236s] DEBUG:colcon.colcon_core.verb:Building package 'depthai-ros' with the following arguments: {'ament_cmake_args': None, 'build_base': '/home/leoni/oak_ws/build/depthai-ros', 'catkin_cmake_args': None, 'catkin_skip_building_tests': False, 'cmake_args': None, 'cmake_clean_cache': False, 'cmake_clean_first': False, 'cmake_force_configure': False, 'cmake_target': None, 'cmake_target_skip_unavailable': False, 'install_base': '/home/leoni/oak_ws/install/depthai-ros', 'merge_install': False, 'path': '/home/leoni/oak_ws/src/depthai-ros/depthai-ros', 'symlink_install': False, 'test_result_base': None}
[0.237s] INFO:colcon.colcon_core.executor:Executing jobs using 'parallel' executor
[0.237s] DEBUG:colcon.colcon_parallel_executor.executor.parallel:run_until_complete
[0.238s] INFO:colcon.colcon_ros.task.ament_cmake.build:Building ROS package in '/home/leoni/oak_ws/src/depthai-ros/depthai_ros_msgs' with build type 'ament_cmake'
[0.238s] INFO:colcon.colcon_cmake.task.cmake.build:Building CMake package in '/home/leoni/oak_ws/src/depthai-ros/depthai_ros_msgs'
[0.239s] INFO:colcon.colcon_core.plugin_system:Skipping extension 'colcon_core.shell.bat': Not used on non-Windows systems
[0.239s] INFO:colcon.colcon_core.shell:Skip shell extension 'powershell' for command environment: Not usable outside of PowerShell
[0.239s] DEBUG:colcon.colcon_core.shell:Skip shell extension 'dsv' for command environment
[0.241s] INFO:colcon.colcon_ros.task.ament_cmake.build:Building ROS package in '/home/leoni/oak_ws/src/depthai-ros/depthai_descriptions' with build type 'ament_cmake'
[0.241s] INFO:colcon.colcon_cmake.task.cmake.build:Building CMake package in '/home/leoni/oak_ws/src/depthai-ros/depthai_descriptions'
[0.241s] INFO:colcon.colcon_core.shell:Skip shell extension 'powershell' for command environment: Not usable outside of PowerShell
[0.241s] DEBUG:colcon.colcon_core.shell:Skip shell extension 'dsv' for command environment
[0.243s] INFO:colcon.colcon_ros.task.ament_python.build:Building ROS package in '/home/leoni/oak_ws/src/arldu' with build type 'ament_python'
[0.243s] Level 1:colcon.colcon_core.shell:create_environment_hook('arldu', 'ament_prefix_path')
[0.243s] INFO:colcon.colcon_core.shell:Creating environment hook '/home/leoni/oak_ws/install/arldu/share/arldu/hook/ament_prefix_path.ps1'
[0.244s] INFO:colcon.colcon_core.shell:Creating environment descriptor '/home/leoni/oak_ws/install/arldu/share/arldu/hook/ament_prefix_path.dsv'
[0.244s] INFO:colcon.colcon_core.shell:Creating environment hook '/home/leoni/oak_ws/install/arldu/share/arldu/hook/ament_prefix_path.sh'
[0.245s] INFO:colcon.colcon_core.shell:Skip shell extension 'powershell' for command environment: Not usable outside of PowerShell
[0.245s] DEBUG:colcon.colcon_core.shell:Skip shell extension 'dsv' for command environment
[0.246s] INFO:colcon.colcon_ros.task.ament_python.build:Building ROS package in '/home/leoni/oak_ws/src/leoni' with build type 'ament_python'
[0.246s] Level 1:colcon.colcon_core.shell:create_environment_hook('leoni', 'ament_prefix_path')
[0.247s] INFO:colcon.colcon_core.shell:Creating environment hook '/home/leoni/oak_ws/install/leoni/share/leoni/hook/ament_prefix_path.ps1'
[0.247s] INFO:colcon.colcon_core.shell:Creating environment descriptor '/home/leoni/oak_ws/install/leoni/share/leoni/hook/ament_prefix_path.dsv'
[0.247s] INFO:colcon.colcon_core.shell:Creating environment hook '/home/leoni/oak_ws/install/leoni/share/leoni/hook/ament_prefix_path.sh'
[0.247s] INFO:colcon.colcon_core.shell:Skip shell extension 'powershell' for command environment: Not usable outside of PowerShell
[0.247s] DEBUG:colcon.colcon_core.shell:Skip shell extension 'dsv' for command environment
[0.255s] DEBUG:colcon.colcon_core.event_handler.log_command:Invoking command in '/home/leoni/oak_ws/build/depthai_ros_msgs': CMAKE_PREFIX_PATH=/opt/ros/humble /usr/bin/cmake --build /home/leoni/oak_ws/build/depthai_ros_msgs -- -j16 -l16
[0.260s] DEBUG:colcon.colcon_core.event_handler.log_command:Invoking command in '/home/leoni/oak_ws/build/depthai_descriptions': CMAKE_PREFIX_PATH=/opt/ros/humble /usr/bin/cmake --build /home/leoni/oak_ws/build/depthai_descriptions -- -j16 -l16
[0.465s] INFO:colcon.colcon_core.task.python.build:Building Python package in '/home/leoni/oak_ws/src/arldu'
[0.465s] INFO:colcon.colcon_core.shell:Skip shell extension 'powershell' for command environment: Not usable outside of PowerShell
[0.465s] DEBUG:colcon.colcon_core.shell:Skip shell extension 'dsv' for command environment
[0.643s] INFO:colcon.colcon_core.task.python.build:Building Python package in '/home/leoni/oak_ws/src/leoni'
[0.643s] INFO:colcon.colcon_core.shell:Skip shell extension 'powershell' for command environment: Not usable outside of PowerShell
[0.643s] DEBUG:colcon.colcon_core.shell:Skip shell extension 'dsv' for command environment
[0.647s] DEBUG:colcon.colcon_core.event_handler.log_command:Invoked command in '/home/leoni/oak_ws/build/depthai_descriptions' returned '0': CMAKE_PREFIX_PATH=/opt/ros/humble /usr/bin/cmake --build /home/leoni/oak_ws/build/depthai_descriptions -- -j16 -l16
[0.660s] DEBUG:colcon.colcon_core.event_handler.log_command:Invoking command in '/home/leoni/oak_ws/build/depthai_descriptions': CMAKE_PREFIX_PATH=/opt/ros/humble /usr/bin/cmake --install /home/leoni/oak_ws/build/depthai_descriptions
[0.666s] DEBUG:colcon.colcon_core.event_handler.log_command:Invoked command in '/home/leoni/oak_ws/build/depthai_ros_msgs' returned '0': CMAKE_PREFIX_PATH=/opt/ros/humble /usr/bin/cmake --build /home/leoni/oak_ws/build/depthai_ros_msgs -- -j16 -l16
[0.667s] DEBUG:colcon.colcon_core.event_handler.log_command:Invoking command in '/home/leoni/oak_ws/build/depthai_ros_msgs': CMAKE_PREFIX_PATH=/opt/ros/humble /usr/bin/cmake --install /home/leoni/oak_ws/build/depthai_ros_msgs
[0.675s] Level 1:colcon.colcon_core.environment:create_environment_scripts_only(depthai_descriptions)
[0.678s] DEBUG:colcon.colcon_core.event_handler.log_command:Invoked command in '/home/leoni/oak_ws/build/depthai_descriptions' returned '0': CMAKE_PREFIX_PATH=/opt/ros/humble /usr/bin/cmake --install /home/leoni/oak_ws/build/depthai_descriptions
[0.692s] Level 1:colcon.colcon_core.environment:checking '/home/leoni/oak_ws/install/depthai_descriptions' for CMake module files
[0.692s] Level 1:colcon.colcon_core.environment:checking '/home/leoni/oak_ws/install/depthai_descriptions' for CMake config files
[0.693s] Level 1:colcon.colcon_core.shell:create_environment_hook('depthai_descriptions', 'cmake_prefix_path')
[0.693s] INFO:colcon.colcon_core.shell:Creating environment hook '/home/leoni/oak_ws/install/depthai_descriptions/share/depthai_descriptions/hook/cmake_prefix_path.ps1'
[0.693s] INFO:colcon.colcon_core.shell:Creating environment descriptor '/home/leoni/oak_ws/install/depthai_descriptions/share/depthai_descriptions/hook/cmake_prefix_path.dsv'
[0.694s] INFO:colcon.colcon_core.shell:Creating environment hook '/home/leoni/oak_ws/install/depthai_descriptions/share/depthai_descriptions/hook/cmake_prefix_path.sh'
[0.694s] Level 1:colcon.colcon_core.environment:checking '/home/leoni/oak_ws/install/depthai_descriptions/bin'
[0.695s] Level 1:colcon.colcon_core.environment:checking '/home/leoni/oak_ws/install/depthai_descriptions/lib/pkgconfig/depthai_descriptions.pc'
[0.695s] Level 1:colcon.colcon_core.environment:checking '/home/leoni/oak_ws/install/depthai_descriptions/lib/python3.10/site-packages'
[0.695s] Level 1:colcon.colcon_core.environment:checking '/home/leoni/oak_ws/install/depthai_descriptions/bin'
[0.695s] INFO:colcon.colcon_core.shell:Creating package script '/home/leoni/oak_ws/install/depthai_descriptions/share/depthai_descriptions/package.ps1'
[0.696s] INFO:colcon.colcon_core.shell:Creating package descriptor '/home/leoni/oak_ws/install/depthai_descriptions/share/depthai_descriptions/package.dsv'
[0.697s] INFO:colcon.colcon_core.shell:Creating package script '/home/leoni/oak_ws/install/depthai_descriptions/share/depthai_descriptions/package.sh'
[0.698s] INFO:colcon.colcon_core.shell:Creating package script '/home/leoni/oak_ws/install/depthai_descriptions/share/depthai_descriptions/package.bash'
[0.699s] INFO:colcon.colcon_core.shell:Creating package script '/home/leoni/oak_ws/install/depthai_descriptions/share/depthai_descriptions/package.zsh'
[0.699s] Level 1:colcon.colcon_core.environment:create_file_with_runtime_dependencies(/home/leoni/oak_ws/install/depthai_descriptions/share/colcon-core/packages/depthai_descriptions)
[0.700s] Level 1:colcon.colcon_core.environment:create_environment_scripts_only(depthai_descriptions)
[0.700s] Level 1:colcon.colcon_core.environment:checking '/home/leoni/oak_ws/install/depthai_descriptions' for CMake module files
[0.701s] Level 1:colcon.colcon_core.environment:checking '/home/leoni/oak_ws/install/depthai_descriptions' for CMake config files
[0.701s] Level 1:colcon.colcon_core.shell:create_environment_hook('depthai_descriptions', 'cmake_prefix_path')
[0.701s] INFO:colcon.colcon_core.shell:Creating environment hook '/home/leoni/oak_ws/install/depthai_descriptions/share/depthai_descriptions/hook/cmake_prefix_path.ps1'
[0.701s] INFO:colcon.colcon_core.shell:Creating environment descriptor '/home/leoni/oak_ws/install/depthai_descriptions/share/depthai_descriptions/hook/cmake_prefix_path.dsv'
[0.702s] INFO:colcon.colcon_core.shell:Creating environment hook '/home/leoni/oak_ws/install/depthai_descriptions/share/depthai_descriptions/hook/cmake_prefix_path.sh'
[0.702s] Level 1:colcon.colcon_core.environment:checking '/home/leoni/oak_ws/install/depthai_descriptions/bin'
[0.702s] Level 1:colcon.colcon_core.environment:checking '/home/leoni/oak_ws/install/depthai_descriptions/lib/pkgconfig/depthai_descriptions.pc'
[0.703s] Level 1:colcon.colcon_core.environment:checking '/home/leoni/oak_ws/install/depthai_descriptions/lib/python3.10/site-packages'
[0.703s] Level 1:colcon.colcon_core.environment:checking '/home/leoni/oak_ws/install/depthai_descriptions/bin'
[0.703s] INFO:colcon.colcon_core.shell:Creating package script '/home/leoni/oak_ws/install/depthai_descriptions/share/depthai_descriptions/package.ps1'
[0.704s] INFO:colcon.colcon_core.shell:Creating package descriptor '/home/leoni/oak_ws/install/depthai_descriptions/share/depthai_descriptions/package.dsv'
[0.704s] INFO:colcon.colcon_core.shell:Creating package script '/home/leoni/oak_ws/install/depthai_descriptions/share/depthai_descriptions/package.sh'
[0.705s] INFO:colcon.colcon_core.shell:Creating package script '/home/leoni/oak_ws/install/depthai_descriptions/share/depthai_descriptions/package.bash'
[0.705s] INFO:colcon.colcon_core.shell:Creating package script '/home/leoni/oak_ws/install/depthai_descriptions/share/depthai_descriptions/package.zsh'
[0.706s] Level 1:colcon.colcon_core.environment:create_file_with_runtime_dependencies(/home/leoni/oak_ws/install/depthai_descriptions/share/colcon-core/packages/depthai_descriptions)
[0.718s] Level 1:colcon.colcon_core.environment:create_environment_scripts_only(depthai_ros_msgs)
[0.719s] Level 1:colcon.colcon_core.environment:checking '/home/leoni/oak_ws/install/depthai_ros_msgs' for CMake module files
[0.719s] DEBUG:colcon.colcon_core.event_handler.log_command:Invoked command in '/home/leoni/oak_ws/build/depthai_ros_msgs' returned '0': CMAKE_PREFIX_PATH=/opt/ros/humble /usr/bin/cmake --install /home/leoni/oak_ws/build/depthai_ros_msgs
[0.720s] Level 1:colcon.colcon_core.environment:checking '/home/leoni/oak_ws/install/depthai_ros_msgs' for CMake config files
[0.721s] Level 1:colcon.colcon_core.shell:create_environment_hook('depthai_ros_msgs', 'cmake_prefix_path')
[0.721s] INFO:colcon.colcon_core.shell:Creating environment hook '/home/leoni/oak_ws/install/depthai_ros_msgs/share/depthai_ros_msgs/hook/cmake_prefix_path.ps1'
[0.722s] INFO:colcon.colcon_core.shell:Creating environment descriptor '/home/leoni/oak_ws/install/depthai_ros_msgs/share/depthai_ros_msgs/hook/cmake_prefix_path.dsv'
[0.722s] INFO:colcon.colcon_core.shell:Creating environment hook '/home/leoni/oak_ws/install/depthai_ros_msgs/share/depthai_ros_msgs/hook/cmake_prefix_path.sh'
[0.723s] Level 1:colcon.colcon_core.environment:checking '/home/leoni/oak_ws/install/depthai_ros_msgs/lib'
[0.723s] Level 1:colcon.colcon_core.shell:create_environment_hook('depthai_ros_msgs', 'ld_library_path_lib')
[0.724s] INFO:colcon.colcon_core.shell:Creating environment hook '/home/leoni/oak_ws/install/depthai_ros_msgs/share/depthai_ros_msgs/hook/ld_library_path_lib.ps1'
[0.724s] INFO:colcon.colcon_core.shell:Creating environment descriptor '/home/leoni/oak_ws/install/depthai_ros_msgs/share/depthai_ros_msgs/hook/ld_library_path_lib.dsv'
[0.724s] INFO:colcon.colcon_core.shell:Creating environment hook '/home/leoni/oak_ws/install/depthai_ros_msgs/share/depthai_ros_msgs/hook/ld_library_path_lib.sh'
[0.725s] Level 1:colcon.colcon_core.environment:checking '/home/leoni/oak_ws/install/depthai_ros_msgs/bin'
[0.725s] Level 1:colcon.colcon_core.environment:checking '/home/leoni/oak_ws/install/depthai_ros_msgs/lib/pkgconfig/depthai_ros_msgs.pc'
[0.725s] Level 1:colcon.colcon_core.environment:checking '/home/leoni/oak_ws/install/depthai_ros_msgs/lib/python3.10/site-packages'
[0.725s] Level 1:colcon.colcon_core.environment:checking '/home/leoni/oak_ws/install/depthai_ros_msgs/bin'
[0.726s] INFO:colcon.colcon_core.shell:Creating package script '/home/leoni/oak_ws/install/depthai_ros_msgs/share/depthai_ros_msgs/package.ps1'
[0.727s] INFO:colcon.colcon_core.shell:Creating package descriptor '/home/leoni/oak_ws/install/depthai_ros_msgs/share/depthai_ros_msgs/package.dsv'
[0.727s] INFO:colcon.colcon_core.shell:Creating package script '/home/leoni/oak_ws/install/depthai_ros_msgs/share/depthai_ros_msgs/package.sh'
[0.728s] INFO:colcon.colcon_core.shell:Creating package script '/home/leoni/oak_ws/install/depthai_ros_msgs/share/depthai_ros_msgs/package.bash'
[0.728s] INFO:colcon.colcon_core.shell:Creating package script '/home/leoni/oak_ws/install/depthai_ros_msgs/share/depthai_ros_msgs/package.zsh'
[0.729s] Level 1:colcon.colcon_core.environment:create_file_with_runtime_dependencies(/home/leoni/oak_ws/install/depthai_ros_msgs/share/colcon-core/packages/depthai_ros_msgs)
[0.730s] Level 1:colcon.colcon_core.environment:create_environment_scripts_only(depthai_ros_msgs)
[0.730s] Level 1:colcon.colcon_core.environment:checking '/home/leoni/oak_ws/install/depthai_ros_msgs' for CMake module files
[0.731s] Level 1:colcon.colcon_core.environment:checking '/home/leoni/oak_ws/install/depthai_ros_msgs' for CMake config files
[0.731s] Level 1:colcon.colcon_core.shell:create_environment_hook('depthai_ros_msgs', 'cmake_prefix_path')
[0.732s] INFO:colcon.colcon_core.shell:Creating environment hook '/home/leoni/oak_ws/install/depthai_ros_msgs/share/depthai_ros_msgs/hook/cmake_prefix_path.ps1'
[0.732s] INFO:colcon.colcon_core.shell:Creating environment descriptor '/home/leoni/oak_ws/install/depthai_ros_msgs/share/depthai_ros_msgs/hook/cmake_prefix_path.dsv'
[0.733s] INFO:colcon.colcon_core.shell:Creating environment hook '/home/leoni/oak_ws/install/depthai_ros_msgs/share/depthai_ros_msgs/hook/cmake_prefix_path.sh'
[0.734s] Level 1:colcon.colcon_core.environment:checking '/home/leoni/oak_ws/install/depthai_ros_msgs/lib'
[0.734s] Level 1:colcon.colcon_core.shell:create_environment_hook('depthai_ros_msgs', 'ld_library_path_lib')
[0.734s] INFO:colcon.colcon_core.shell:Creating environment hook '/home/leoni/oak_ws/install/depthai_ros_msgs/share/depthai_ros_msgs/hook/ld_library_path_lib.ps1'
[0.734s] INFO:colcon.colcon_core.shell:Creating environment descriptor '/home/leoni/oak_ws/install/depthai_ros_msgs/share/depthai_ros_msgs/hook/ld_library_path_lib.dsv'
[0.735s] INFO:colcon.colcon_core.shell:Creating environment hook '/home/leoni/oak_ws/install/depthai_ros_msgs/share/depthai_ros_msgs/hook/ld_library_path_lib.sh'
[0.735s] Level 1:colcon.colcon_core.environment:checking '/home/leoni/oak_ws/install/depthai_ros_msgs/bin'
[0.735s] Level 1:colcon.colcon_core.environment:checking '/home/leoni/oak_ws/install/depthai_ros_msgs/lib/pkgconfig/depthai_ros_msgs.pc'
[0.736s] Level 1:colcon.colcon_core.environment:checking '/home/leoni/oak_ws/install/depthai_ros_msgs/lib/python3.10/site-packages'
[0.736s] Level 1:colcon.colcon_core.environment:checking '/home/leoni/oak_ws/install/depthai_ros_msgs/bin'
[0.737s] INFO:colcon.colcon_core.shell:Creating package script '/home/leoni/oak_ws/install/depthai_ros_msgs/share/depthai_ros_msgs/package.ps1'
[0.737s] INFO:colcon.colcon_core.shell:Creating package descriptor '/home/leoni/oak_ws/install/depthai_ros_msgs/share/depthai_ros_msgs/package.dsv'
[0.738s] INFO:colcon.colcon_core.shell:Creating package script '/home/leoni/oak_ws/install/depthai_ros_msgs/share/depthai_ros_msgs/package.sh'
[0.739s] INFO:colcon.colcon_core.shell:Creating package script '/home/leoni/oak_ws/install/depthai_ros_msgs/share/depthai_ros_msgs/package.bash'
[0.739s] INFO:colcon.colcon_core.shell:Creating package script '/home/leoni/oak_ws/install/depthai_ros_msgs/share/depthai_ros_msgs/package.zsh'
[0.740s] Level 1:colcon.colcon_core.environment:create_file_with_runtime_dependencies(/home/leoni/oak_ws/install/depthai_ros_msgs/share/colcon-core/packages/depthai_ros_msgs)
[0.740s] INFO:colcon.colcon_ros.task.ament_cmake.build:Building ROS package in '/home/leoni/oak_ws/src/depthai-ros/depthai_bridge' with build type 'ament_cmake'
[0.740s] INFO:colcon.colcon_cmake.task.cmake.build:Building CMake package in '/home/leoni/oak_ws/src/depthai-ros/depthai_bridge'
[0.741s] INFO:colcon.colcon_core.shell:Skip shell extension 'powershell' for command environment: Not usable outside of PowerShell
[0.741s] DEBUG:colcon.colcon_core.shell:Skip shell extension 'dsv' for command environment
[0.745s] INFO:colcon.colcon_ros.task.ament_cmake.build:Building ROS package in '/home/leoni/oak_ws/src/depthai-ros/depthai_filters' with build type 'ament_cmake'
[0.746s] INFO:colcon.colcon_cmake.task.cmake.build:Building CMake package in '/home/leoni/oak_ws/src/depthai-ros/depthai_filters'
[0.746s] INFO:colcon.colcon_core.shell:Skip shell extension 'powershell' for command environment: Not usable outside of PowerShell
[0.746s] DEBUG:colcon.colcon_core.shell:Skip shell extension 'dsv' for command environment
[0.764s] DEBUG:colcon.colcon_core.event_handler.log_command:Invoking command in '/home/leoni/oak_ws/build/depthai_bridge': AMENT_PREFIX_PATH=/home/leoni/oak_ws/install/depthai_ros_msgs:${AMENT_PREFIX_PATH} CMAKE_PREFIX_PATH=/home/leoni/oak_ws/install/depthai_ros_msgs:/opt/ros/humble LD_LIBRARY_PATH=/home/leoni/oak_ws/install/depthai_ros_msgs/lib:${LD_LIBRARY_PATH} PYTHONPATH=/home/leoni/oak_ws/install/depthai_ros_msgs/local/lib/python3.10/dist-packages:${PYTHONPATH} /usr/bin/cmake --build /home/leoni/oak_ws/build/depthai_bridge -- -j16 -l16
[0.765s] DEBUG:colcon.colcon_core.event_handler.log_command:Invoking command in '/home/leoni/oak_ws/build/depthai_filters': AMENT_PREFIX_PATH=/home/leoni/oak_ws/install/depthai_ros_msgs:${AMENT_PREFIX_PATH} CMAKE_PREFIX_PATH=/home/leoni/oak_ws/install/depthai_ros_msgs:/opt/ros/humble LD_LIBRARY_PATH=/home/leoni/oak_ws/install/depthai_ros_msgs/lib:${LD_LIBRARY_PATH} PYTHONPATH=/home/leoni/oak_ws/install/depthai_ros_msgs/local/lib/python3.10/dist-packages:${PYTHONPATH} /usr/bin/cmake --build /home/leoni/oak_ws/build/depthai_filters -- -j16 -l16
[0.856s] DEBUG:colcon.colcon_core.event_handler.log_command:Invoked command in '/home/leoni/oak_ws/build/depthai_bridge' returned '0': AMENT_PREFIX_PATH=/home/leoni/oak_ws/install/depthai_ros_msgs:${AMENT_PREFIX_PATH} CMAKE_PREFIX_PATH=/home/leoni/oak_ws/install/depthai_ros_msgs:/opt/ros/humble LD_LIBRARY_PATH=/home/leoni/oak_ws/install/depthai_ros_msgs/lib:${LD_LIBRARY_PATH} PYTHONPATH=/home/leoni/oak_ws/install/depthai_ros_msgs/local/lib/python3.10/dist-packages:${PYTHONPATH} /usr/bin/cmake --build /home/leoni/oak_ws/build/depthai_bridge -- -j16 -l16
[0.857s] DEBUG:colcon.colcon_core.event_handler.log_command:Invoking command in '/home/leoni/oak_ws/build/depthai_bridge': AMENT_PREFIX_PATH=/home/leoni/oak_ws/install/depthai_ros_msgs:${AMENT_PREFIX_PATH} CMAKE_PREFIX_PATH=/home/leoni/oak_ws/install/depthai_ros_msgs:/opt/ros/humble LD_LIBRARY_PATH=/home/leoni/oak_ws/install/depthai_ros_msgs/lib:${LD_LIBRARY_PATH} PYTHONPATH=/home/leoni/oak_ws/install/depthai_ros_msgs/local/lib/python3.10/dist-packages:${PYTHONPATH} /usr/bin/cmake --install /home/leoni/oak_ws/build/depthai_bridge
[0.859s] DEBUG:colcon.colcon_core.event_handler.log_command:Invoked command in '/home/leoni/oak_ws/build/depthai_filters' returned '0': AMENT_PREFIX_PATH=/home/leoni/oak_ws/install/depthai_ros_msgs:${AMENT_PREFIX_PATH} CMAKE_PREFIX_PATH=/home/leoni/oak_ws/install/depthai_ros_msgs:/opt/ros/humble LD_LIBRARY_PATH=/home/leoni/oak_ws/install/depthai_ros_msgs/lib:${LD_LIBRARY_PATH} PYTHONPATH=/home/leoni/oak_ws/install/depthai_ros_msgs/local/lib/python3.10/dist-packages:${PYTHONPATH} /usr/bin/cmake --build /home/leoni/oak_ws/build/depthai_filters -- -j16 -l16
[0.860s] DEBUG:colcon.colcon_core.event_handler.log_command:Invoking command in '/home/leoni/oak_ws/build/depthai_filters': AMENT_PREFIX_PATH=/home/leoni/oak_ws/install/depthai_ros_msgs:${AMENT_PREFIX_PATH} CMAKE_PREFIX_PATH=/home/leoni/oak_ws/install/depthai_ros_msgs:/opt/ros/humble LD_LIBRARY_PATH=/home/leoni/oak_ws/install/depthai_ros_msgs/lib:${LD_LIBRARY_PATH} PYTHONPATH=/home/leoni/oak_ws/install/depthai_ros_msgs/local/lib/python3.10/dist-packages:${PYTHONPATH} /usr/bin/cmake --install /home/leoni/oak_ws/build/depthai_filters
[0.875s] Level 1:colcon.colcon_core.environment:create_environment_scripts_only(depthai_bridge)
[0.875s] Level 1:colcon.colcon_core.environment:checking '/home/leoni/oak_ws/install/depthai_bridge' for CMake module files
[0.876s] DEBUG:colcon.colcon_core.event_handler.log_command:Invoked command in '/home/leoni/oak_ws/build/depthai_bridge' returned '0': AMENT_PREFIX_PATH=/home/leoni/oak_ws/install/depthai_ros_msgs:${AMENT_PREFIX_PATH} CMAKE_PREFIX_PATH=/home/leoni/oak_ws/install/depthai_ros_msgs:/opt/ros/humble LD_LIBRARY_PATH=/home/leoni/oak_ws/install/depthai_ros_msgs/lib:${LD_LIBRARY_PATH} PYTHONPATH=/home/leoni/oak_ws/install/depthai_ros_msgs/local/lib/python3.10/dist-packages:${PYTHONPATH} /usr/bin/cmake --install /home/leoni/oak_ws/build/depthai_bridge
[0.877s] Level 1:colcon.colcon_core.environment:checking '/home/leoni/oak_ws/install/depthai_bridge' for CMake config files
[0.877s] Level 1:colcon.colcon_core.shell:create_environment_hook('depthai_bridge', 'cmake_prefix_path')
[0.878s] INFO:colcon.colcon_core.shell:Creating environment hook '/home/leoni/oak_ws/install/depthai_bridge/share/depthai_bridge/hook/cmake_prefix_path.ps1'
[0.878s] INFO:colcon.colcon_core.shell:Creating environment descriptor '/home/leoni/oak_ws/install/depthai_bridge/share/depthai_bridge/hook/cmake_prefix_path.dsv'
[0.878s] INFO:colcon.colcon_core.shell:Creating environment hook '/home/leoni/oak_ws/install/depthai_bridge/share/depthai_bridge/hook/cmake_prefix_path.sh'
[0.879s] Level 1:colcon.colcon_core.environment:checking '/home/leoni/oak_ws/install/depthai_bridge/lib'
[0.879s] Level 1:colcon.colcon_core.shell:create_environment_hook('depthai_bridge', 'ld_library_path_lib')
[0.880s] INFO:colcon.colcon_core.shell:Creating environment hook '/home/leoni/oak_ws/install/depthai_bridge/share/depthai_bridge/hook/ld_library_path_lib.ps1'
[0.880s] INFO:colcon.colcon_core.shell:Creating environment descriptor '/home/leoni/oak_ws/install/depthai_bridge/share/depthai_bridge/hook/ld_library_path_lib.dsv'
[0.880s] INFO:colcon.colcon_core.shell:Creating environment hook '/home/leoni/oak_ws/install/depthai_bridge/share/depthai_bridge/hook/ld_library_path_lib.sh'
[0.881s] Level 1:colcon.colcon_core.environment:checking '/home/leoni/oak_ws/install/depthai_bridge/bin'
[0.881s] Level 1:colcon.colcon_core.environment:checking '/home/leoni/oak_ws/install/depthai_bridge/lib/pkgconfig/depthai_bridge.pc'
[0.881s] Level 1:colcon.colcon_core.environment:checking '/home/leoni/oak_ws/install/depthai_bridge/lib/python3.10/site-packages'
[0.881s] Level 1:colcon.colcon_core.environment:checking '/home/leoni/oak_ws/install/depthai_bridge/bin'
[0.881s] INFO:colcon.colcon_core.shell:Creating package script '/home/leoni/oak_ws/install/depthai_bridge/share/depthai_bridge/package.ps1'
[0.881s] INFO:colcon.colcon_core.shell:Creating package descriptor '/home/leoni/oak_ws/install/depthai_bridge/share/depthai_bridge/package.dsv'
[0.882s] INFO:colcon.colcon_core.shell:Creating package script '/home/leoni/oak_ws/install/depthai_bridge/share/depthai_bridge/package.sh'
[0.882s] INFO:colcon.colcon_core.shell:Creating package script '/home/leoni/oak_ws/install/depthai_bridge/share/depthai_bridge/package.bash'
[0.882s] INFO:colcon.colcon_core.shell:Creating package script '/home/leoni/oak_ws/install/depthai_bridge/share/depthai_bridge/package.zsh'
[0.882s] Level 1:colcon.colcon_core.environment:create_file_with_runtime_dependencies(/home/leoni/oak_ws/install/depthai_bridge/share/colcon-core/packages/depthai_bridge)
[0.883s] Level 1:colcon.colcon_core.environment:create_environment_scripts_only(depthai_bridge)
[0.883s] Level 1:colcon.colcon_core.environment:checking '/home/leoni/oak_ws/install/depthai_bridge' for CMake module files
[0.884s] Level 1:colcon.colcon_core.environment:checking '/home/leoni/oak_ws/install/depthai_bridge' for CMake config files
[0.884s] Level 1:colcon.colcon_core.shell:create_environment_hook('depthai_bridge', 'cmake_prefix_path')
[0.884s] INFO:colcon.colcon_core.shell:Creating environment hook '/home/leoni/oak_ws/install/depthai_bridge/share/depthai_bridge/hook/cmake_prefix_path.ps1'
[0.884s] INFO:colcon.colcon_core.shell:Creating environment descriptor '/home/leoni/oak_ws/install/depthai_bridge/share/depthai_bridge/hook/cmake_prefix_path.dsv'
[0.884s] INFO:colcon.colcon_core.shell:Creating environment hook '/home/leoni/oak_ws/install/depthai_bridge/share/depthai_bridge/hook/cmake_prefix_path.sh'
[0.885s] Level 1:colcon.colcon_core.environment:checking '/home/leoni/oak_ws/install/depthai_bridge/lib'
[0.885s] Level 1:colcon.colcon_core.shell:create_environment_hook('depthai_bridge', 'ld_library_path_lib')
[0.885s] INFO:colcon.colcon_core.shell:Creating environment hook '/home/leoni/oak_ws/install/depthai_bridge/share/depthai_bridge/hook/ld_library_path_lib.ps1'
[0.885s] INFO:colcon.colcon_core.shell:Creating environment descriptor '/home/leoni/oak_ws/install/depthai_bridge/share/depthai_bridge/hook/ld_library_path_lib.dsv'
[0.886s] INFO:colcon.colcon_core.shell:Creating environment hook '/home/leoni/oak_ws/install/depthai_bridge/share/depthai_bridge/hook/ld_library_path_lib.sh'
[0.886s] Level 1:colcon.colcon_core.environment:checking '/home/leoni/oak_ws/install/depthai_bridge/bin'
[0.886s] Level 1:colcon.colcon_core.environment:checking '/home/leoni/oak_ws/install/depthai_bridge/lib/pkgconfig/depthai_bridge.pc'
[0.886s] Level 1:colcon.colcon_core.environment:checking '/home/leoni/oak_ws/install/depthai_bridge/lib/python3.10/site-packages'
[0.886s] Level 1:colcon.colcon_core.environment:checking '/home/leoni/oak_ws/install/depthai_bridge/bin'
[0.886s] INFO:colcon.colcon_core.shell:Creating package script '/home/leoni/oak_ws/install/depthai_bridge/share/depthai_bridge/package.ps1'
[0.887s] INFO:colcon.colcon_core.shell:Creating package descriptor '/home/leoni/oak_ws/install/depthai_bridge/share/depthai_bridge/package.dsv'
[0.887s] INFO:colcon.colcon_core.shell:Creating package script '/home/leoni/oak_ws/install/depthai_bridge/share/depthai_bridge/package.sh'
[0.887s] INFO:colcon.colcon_core.shell:Creating package script '/home/leoni/oak_ws/install/depthai_bridge/share/depthai_bridge/package.bash'
[0.888s] INFO:colcon.colcon_core.shell:Creating package script '/home/leoni/oak_ws/install/depthai_bridge/share/depthai_bridge/package.zsh'
[0.888s] Level 1:colcon.colcon_core.environment:create_file_with_runtime_dependencies(/home/leoni/oak_ws/install/depthai_bridge/share/colcon-core/packages/depthai_bridge)
[0.888s] Level 1:colcon.colcon_core.environment:create_environment_scripts_only(depthai_filters)
[0.888s] Level 1:colcon.colcon_core.environment:checking '/home/leoni/oak_ws/install/depthai_filters' for CMake module files
[0.889s] DEBUG:colcon.colcon_core.event_handler.log_command:Invoked command in '/home/leoni/oak_ws/build/depthai_filters' returned '0': AMENT_PREFIX_PATH=/home/leoni/oak_ws/install/depthai_ros_msgs:${AMENT_PREFIX_PATH} CMAKE_PREFIX_PATH=/home/leoni/oak_ws/install/depthai_ros_msgs:/opt/ros/humble LD_LIBRARY_PATH=/home/leoni/oak_ws/install/depthai_ros_msgs/lib:${LD_LIBRARY_PATH} PYTHONPATH=/home/leoni/oak_ws/install/depthai_ros_msgs/local/lib/python3.10/dist-packages:${PYTHONPATH} /usr/bin/cmake --install /home/leoni/oak_ws/build/depthai_filters
[0.889s] Level 1:colcon.colcon_core.environment:checking '/home/leoni/oak_ws/install/depthai_filters' for CMake config files
[0.889s] Level 1:colcon.colcon_core.shell:create_environment_hook('depthai_filters', 'cmake_prefix_path')
[0.890s] INFO:colcon.colcon_core.shell:Creating environment hook '/home/leoni/oak_ws/install/depthai_filters/share/depthai_filters/hook/cmake_prefix_path.ps1'
[0.890s] INFO:colcon.colcon_core.shell:Creating environment descriptor '/home/leoni/oak_ws/install/depthai_filters/share/depthai_filters/hook/cmake_prefix_path.dsv'
[0.890s] INFO:colcon.colcon_core.shell:Creating environment hook '/home/leoni/oak_ws/install/depthai_filters/share/depthai_filters/hook/cmake_prefix_path.sh'
[0.890s] Level 1:colcon.colcon_core.environment:checking '/home/leoni/oak_ws/install/depthai_filters/lib'
[0.891s] Level 1:colcon.colcon_core.shell:create_environment_hook('depthai_filters', 'ld_library_path_lib')
[0.891s] INFO:colcon.colcon_core.shell:Creating environment hook '/home/leoni/oak_ws/install/depthai_filters/share/depthai_filters/hook/ld_library_path_lib.ps1'
[0.891s] INFO:colcon.colcon_core.shell:Creating environment descriptor '/home/leoni/oak_ws/install/depthai_filters/share/depthai_filters/hook/ld_library_path_lib.dsv'
[0.891s] INFO:colcon.colcon_core.shell:Creating environment hook '/home/leoni/oak_ws/install/depthai_filters/share/depthai_filters/hook/ld_library_path_lib.sh'
[0.891s] Level 1:colcon.colcon_core.environment:checking '/home/leoni/oak_ws/install/depthai_filters/bin'
[0.891s] Level 1:colcon.colcon_core.environment:checking '/home/leoni/oak_ws/install/depthai_filters/lib/pkgconfig/depthai_filters.pc'
[0.891s] Level 1:colcon.colcon_core.environment:checking '/home/leoni/oak_ws/install/depthai_filters/lib/python3.10/site-packages'
[0.892s] Level 1:colcon.colcon_core.environment:checking '/home/leoni/oak_ws/install/depthai_filters/bin'
[0.892s] INFO:colcon.colcon_core.shell:Creating package script '/home/leoni/oak_ws/install/depthai_filters/share/depthai_filters/package.ps1'
[0.892s] INFO:colcon.colcon_core.shell:Creating package descriptor '/home/leoni/oak_ws/install/depthai_filters/share/depthai_filters/package.dsv'
[0.892s] INFO:colcon.colcon_core.shell:Creating package script '/home/leoni/oak_ws/install/depthai_filters/share/depthai_filters/package.sh'
[0.893s] INFO:colcon.colcon_core.shell:Creating package script '/home/leoni/oak_ws/install/depthai_filters/share/depthai_filters/package.bash'
[0.893s] INFO:colcon.colcon_core.shell:Creating package script '/home/leoni/oak_ws/install/depthai_filters/share/depthai_filters/package.zsh'
[0.893s] Level 1:colcon.colcon_core.environment:create_file_with_runtime_dependencies(/home/leoni/oak_ws/install/depthai_filters/share/colcon-core/packages/depthai_filters)
[0.894s] Level 1:colcon.colcon_core.environment:create_environment_scripts_only(depthai_filters)
[0.894s] Level 1:colcon.colcon_core.environment:checking '/home/leoni/oak_ws/install/depthai_filters' for CMake module files
[0.894s] Level 1:colcon.colcon_core.environment:checking '/home/leoni/oak_ws/install/depthai_filters' for CMake config files
[0.894s] Level 1:colcon.colcon_core.shell:create_environment_hook('depthai_filters', 'cmake_prefix_path')
[0.895s] INFO:colcon.colcon_core.shell:Creating environment hook '/home/leoni/oak_ws/install/depthai_filters/share/depthai_filters/hook/cmake_prefix_path.ps1'
[0.895s] INFO:colcon.colcon_core.shell:Creating environment descriptor '/home/leoni/oak_ws/install/depthai_filters/share/depthai_filters/hook/cmake_prefix_path.dsv'
[0.895s] INFO:colcon.colcon_core.shell:Creating environment hook '/home/leoni/oak_ws/install/depthai_filters/share/depthai_filters/hook/cmake_prefix_path.sh'
[0.896s] Level 1:colcon.colcon_core.environment:checking '/home/leoni/oak_ws/install/depthai_filters/lib'
[0.896s] Level 1:colcon.colcon_core.shell:create_environment_hook('depthai_filters', 'ld_library_path_lib')
[0.896s] INFO:colcon.colcon_core.shell:Creating environment hook '/home/leoni/oak_ws/install/depthai_filters/share/depthai_filters/hook/ld_library_path_lib.ps1'
[0.896s] INFO:colcon.colcon_core.shell:Creating environment descriptor '/home/leoni/oak_ws/install/depthai_filters/share/depthai_filters/hook/ld_library_path_lib.dsv'
[0.897s] INFO:colcon.colcon_core.shell:Creating environment hook '/home/leoni/oak_ws/install/depthai_filters/share/depthai_filters/hook/ld_library_path_lib.sh'
[0.897s] Level 1:colcon.colcon_core.environment:checking '/home/leoni/oak_ws/install/depthai_filters/bin'
[0.897s] Level 1:colcon.colcon_core.environment:checking '/home/leoni/oak_ws/install/depthai_filters/lib/pkgconfig/depthai_filters.pc'
[0.897s] Level 1:colcon.colcon_core.environment:checking '/home/leoni/oak_ws/install/depthai_filters/lib/python3.10/site-packages'
[0.897s] Level 1:colcon.colcon_core.environment:checking '/home/leoni/oak_ws/install/depthai_filters/bin'
[0.897s] INFO:colcon.colcon_core.shell:Creating package script '/home/leoni/oak_ws/install/depthai_filters/share/depthai_filters/package.ps1'
[0.898s] INFO:colcon.colcon_core.shell:Creating package descriptor '/home/leoni/oak_ws/install/depthai_filters/share/depthai_filters/package.dsv'
[0.898s] INFO:colcon.colcon_core.shell:Creating package script '/home/leoni/oak_ws/install/depthai_filters/share/depthai_filters/package.sh'
[0.898s] INFO:colcon.colcon_core.shell:Creating package script '/home/leoni/oak_ws/install/depthai_filters/share/depthai_filters/package.bash'
[0.899s] INFO:colcon.colcon_core.shell:Creating package script '/home/leoni/oak_ws/install/depthai_filters/share/depthai_filters/package.zsh'
[0.899s] Level 1:colcon.colcon_core.environment:create_file_with_runtime_dependencies(/home/leoni/oak_ws/install/depthai_filters/share/colcon-core/packages/depthai_filters)
[0.899s] INFO:colcon.colcon_ros.task.ament_cmake.build:Building ROS package in '/home/leoni/oak_ws/src/depthai-ros/depthai_ros_driver' with build type 'ament_cmake'
[0.899s] INFO:colcon.colcon_cmake.task.cmake.build:Building CMake package in '/home/leoni/oak_ws/src/depthai-ros/depthai_ros_driver'
[0.900s] INFO:colcon.colcon_core.shell:Skip shell extension 'powershell' for command environment: Not usable outside of PowerShell
[0.900s] DEBUG:colcon.colcon_core.shell:Skip shell extension 'dsv' for command environment
[0.915s] DEBUG:colcon.colcon_core.event_handler.log_command:Invoking command in '/home/leoni/oak_ws/build/depthai_ros_driver': AMENT_PREFIX_PATH=/home/leoni/oak_ws/install/depthai_bridge:/home/leoni/oak_ws/install/depthai_ros_msgs:/home/leoni/oak_ws/install/depthai_descriptions:${AMENT_PREFIX_PATH} CMAKE_PREFIX_PATH=/home/leoni/oak_ws/install/depthai_bridge:/home/leoni/oak_ws/install/depthai_ros_msgs:/home/leoni/oak_ws/install/depthai_descriptions:/opt/ros/humble GAZEBO_MODEL_PATH=/home/leoni/oak_ws/install/depthai_descriptions GAZEBO_RESOURCE_PATH=/home/leoni/oak_ws/install/depthai_descriptions IGN_GAZEBO_MODEL_PATH=/home/leoni/oak_ws/install/depthai_descriptions IGN_GAZEBO_RESOURCE_PATH=/home/leoni/oak_ws/install/depthai_descriptions LD_LIBRARY_PATH=/home/leoni/oak_ws/install/depthai_bridge/lib:/home/leoni/oak_ws/install/depthai_ros_msgs/lib:${LD_LIBRARY_PATH} PYTHONPATH=/home/leoni/oak_ws/install/depthai_ros_msgs/local/lib/python3.10/dist-packages:${PYTHONPATH} /usr/bin/cmake --build /home/leoni/oak_ws/build/depthai_ros_driver -- -j16 -l16
[1.008s] DEBUG:colcon.colcon_core.event_handler.log_command:Invoking command in '/home/leoni/oak_ws/src/arldu': PYTHONPATH=/home/leoni/oak_ws/build/arldu/prefix_override:/usr/lib/python3/dist-packages/colcon_core/task/python/colcon_distutils_commands:/home/leoni/oak_ws/install/arldu/lib/python3.10/site-packages:${PYTHONPATH} /usr/bin/python3 -W ignore:setup.py install is deprecated -W ignore:easy_install command is deprecated setup.py egg_info --egg-base ../../build/arldu build --build-base /home/leoni/oak_ws/build/arldu/build install --record /home/leoni/oak_ws/build/arldu/install.log --single-version-externally-managed install_data
[1.013s] DEBUG:colcon.colcon_core.event_handler.log_command:Invoking command in '/home/leoni/oak_ws/src/leoni': PYTHONPATH=/home/leoni/oak_ws/build/leoni/prefix_override:/usr/lib/python3/dist-packages/colcon_core/task/python/colcon_distutils_commands:/home/leoni/oak_ws/install/leoni/lib/python3.10/site-packages:${PYTHONPATH} /usr/bin/python3 -W ignore:setup.py install is deprecated -W ignore:easy_install command is deprecated setup.py egg_info --egg-base ../../build/leoni build --build-base /home/leoni/oak_ws/build/leoni/build install --record /home/leoni/oak_ws/build/leoni/install.log --single-version-externally-managed install_data
[1.189s] DEBUG:colcon.colcon_core.event_handler.log_command:Invoked command in '/home/leoni/oak_ws/build/depthai_ros_driver' returned '0': AMENT_PREFIX_PATH=/home/leoni/oak_ws/install/depthai_bridge:/home/leoni/oak_ws/install/depthai_ros_msgs:/home/leoni/oak_ws/install/depthai_descriptions:${AMENT_PREFIX_PATH} CMAKE_PREFIX_PATH=/home/leoni/oak_ws/install/depthai_bridge:/home/leoni/oak_ws/install/depthai_ros_msgs:/home/leoni/oak_ws/install/depthai_descriptions:/opt/ros/humble GAZEBO_MODEL_PATH=/home/leoni/oak_ws/install/depthai_descriptions GAZEBO_RESOURCE_PATH=/home/leoni/oak_ws/install/depthai_descriptions IGN_GAZEBO_MODEL_PATH=/home/leoni/oak_ws/install/depthai_descriptions IGN_GAZEBO_RESOURCE_PATH=/home/leoni/oak_ws/install/depthai_descriptions LD_LIBRARY_PATH=/home/leoni/oak_ws/install/depthai_bridge/lib:/home/leoni/oak_ws/install/depthai_ros_msgs/lib:${LD_LIBRARY_PATH} PYTHONPATH=/home/leoni/oak_ws/install/depthai_ros_msgs/local/lib/python3.10/dist-packages:${PYTHONPATH} /usr/bin/cmake --build /home/leoni/oak_ws/build/depthai_ros_driver -- -j16 -l16
[1.191s] DEBUG:colcon.colcon_core.event_handler.log_command:Invoking command in '/home/leoni/oak_ws/build/depthai_ros_driver': AMENT_PREFIX_PATH=/home/leoni/oak_ws/install/depthai_bridge:/home/leoni/oak_ws/install/depthai_ros_msgs:/home/leoni/oak_ws/install/depthai_descriptions:${AMENT_PREFIX_PATH} CMAKE_PREFIX_PATH=/home/leoni/oak_ws/install/depthai_bridge:/home/leoni/oak_ws/install/depthai_ros_msgs:/home/leoni/oak_ws/install/depthai_descriptions:/opt/ros/humble GAZEBO_MODEL_PATH=/home/leoni/oak_ws/install/depthai_descriptions GAZEBO_RESOURCE_PATH=/home/leoni/oak_ws/install/depthai_descriptions IGN_GAZEBO_MODEL_PATH=/home/leoni/oak_ws/install/depthai_descriptions IGN_GAZEBO_RESOURCE_PATH=/home/leoni/oak_ws/install/depthai_descriptions LD_LIBRARY_PATH=/home/leoni/oak_ws/install/depthai_bridge/lib:/home/leoni/oak_ws/install/depthai_ros_msgs/lib:${LD_LIBRARY_PATH} PYTHONPATH=/home/leoni/oak_ws/install/depthai_ros_msgs/local/lib/python3.10/dist-packages:${PYTHONPATH} /usr/bin/cmake --install /home/leoni/oak_ws/build/depthai_ros_driver
[1.252s] Level 1:colcon.colcon_core.environment:checking '/home/leoni/oak_ws/install/arldu' for CMake module files
[1.253s] Level 1:colcon.colcon_core.environment:checking '/home/leoni/oak_ws/install/arldu' for CMake config files
[1.254s] Level 1:colcon.colcon_core.environment:checking '/home/leoni/oak_ws/install/arldu/lib'
[1.254s] Level 1:colcon.colcon_core.environment:checking '/home/leoni/oak_ws/install/arldu/bin'
[1.254s] Level 1:colcon.colcon_core.environment:checking '/home/leoni/oak_ws/install/arldu/lib/pkgconfig/arldu.pc'
[1.254s] Level 1:colcon.colcon_core.environment:checking '/home/leoni/oak_ws/install/arldu/lib/python3.10/site-packages'
[1.254s] Level 1:colcon.colcon_core.shell:create_environment_hook('arldu', 'pythonpath')
[1.255s] INFO:colcon.colcon_core.shell:Creating environment hook '/home/leoni/oak_ws/install/arldu/share/arldu/hook/pythonpath.ps1'
[1.255s] DEBUG:colcon.colcon_core.event_handler.log_command:Invoked command in '/home/leoni/oak_ws/src/arldu' returned '0': PYTHONPATH=/home/leoni/oak_ws/build/arldu/prefix_override:/usr/lib/python3/dist-packages/colcon_core/task/python/colcon_distutils_commands:/home/leoni/oak_ws/install/arldu/lib/python3.10/site-packages:${PYTHONPATH} /usr/bin/python3 -W ignore:setup.py install is deprecated -W ignore:easy_install command is deprecated setup.py egg_info --egg-base ../../build/arldu build --build-base /home/leoni/oak_ws/build/arldu/build install --record /home/leoni/oak_ws/build/arldu/install.log --single-version-externally-managed install_data
[1.257s] INFO:colcon.colcon_core.shell:Creating environment descriptor '/home/leoni/oak_ws/install/arldu/share/arldu/hook/pythonpath.dsv'
[1.258s] INFO:colcon.colcon_core.shell:Creating environment hook '/home/leoni/oak_ws/install/arldu/share/arldu/hook/pythonpath.sh'
[1.259s] Level 1:colcon.colcon_core.environment:checking '/home/leoni/oak_ws/install/arldu/bin'
[1.264s] Level 1:colcon.colcon_core.environment:create_environment_scripts_only(arldu)
[1.264s] INFO:colcon.colcon_core.shell:Creating package script '/home/leoni/oak_ws/install/arldu/share/arldu/package.ps1'
[1.265s] INFO:colcon.colcon_core.shell:Creating package descriptor '/home/leoni/oak_ws/install/arldu/share/arldu/package.dsv'
[1.265s] INFO:colcon.colcon_core.shell:Creating package script '/home/leoni/oak_ws/install/arldu/share/arldu/package.sh'
[1.266s] INFO:colcon.colcon_core.shell:Creating package script '/home/leoni/oak_ws/install/arldu/share/arldu/package.bash'
[1.266s] INFO:colcon.colcon_core.shell:Creating package script '/home/leoni/oak_ws/install/arldu/share/arldu/package.zsh'
[1.266s] Level 1:colcon.colcon_core.environment:create_file_with_runtime_dependencies(/home/leoni/oak_ws/install/arldu/share/colcon-core/packages/arldu)
[1.267s] Level 1:colcon.colcon_core.environment:create_environment_scripts_only(depthai_ros_driver)
[1.267s] Level 1:colcon.colcon_core.environment:checking '/home/leoni/oak_ws/install/depthai_ros_driver' for CMake module files
[1.268s] DEBUG:colcon.colcon_core.event_handler.log_command:Invoked command in '/home/leoni/oak_ws/build/depthai_ros_driver' returned '0': AMENT_PREFIX_PATH=/home/leoni/oak_ws/install/depthai_bridge:/home/leoni/oak_ws/install/depthai_ros_msgs:/home/leoni/oak_ws/install/depthai_descriptions:${AMENT_PREFIX_PATH} CMAKE_PREFIX_PATH=/home/leoni/oak_ws/install/depthai_bridge:/home/leoni/oak_ws/install/depthai_ros_msgs:/home/leoni/oak_ws/install/depthai_descriptions:/opt/ros/humble GAZEBO_MODEL_PATH=/home/leoni/oak_ws/install/depthai_descriptions GAZEBO_RESOURCE_PATH=/home/leoni/oak_ws/install/depthai_descriptions IGN_GAZEBO_MODEL_PATH=/home/leoni/oak_ws/install/depthai_descriptions IGN_GAZEBO_RESOURCE_PATH=/home/leoni/oak_ws/install/depthai_descriptions LD_LIBRARY_PATH=/home/leoni/oak_ws/install/depthai_bridge/lib:/home/leoni/oak_ws/install/depthai_ros_msgs/lib:${LD_LIBRARY_PATH} PYTHONPATH=/home/leoni/oak_ws/install/depthai_ros_msgs/local/lib/python3.10/dist-packages:${PYTHONPATH} /usr/bin/cmake --install /home/leoni/oak_ws/build/depthai_ros_driver
[1.268s] Level 1:colcon.colcon_core.environment:checking '/home/leoni/oak_ws/install/depthai_ros_driver' for CMake config files
[1.269s] Level 1:colcon.colcon_core.shell:create_environment_hook('depthai_ros_driver', 'cmake_prefix_path')
[1.269s] INFO:colcon.colcon_core.shell:Creating environment hook '/home/leoni/oak_ws/install/depthai_ros_driver/share/depthai_ros_driver/hook/cmake_prefix_path.ps1'
[1.269s] INFO:colcon.colcon_core.shell:Creating environment descriptor '/home/leoni/oak_ws/install/depthai_ros_driver/share/depthai_ros_driver/hook/cmake_prefix_path.dsv'
[1.270s] INFO:colcon.colcon_core.shell:Creating environment hook '/home/leoni/oak_ws/install/depthai_ros_driver/share/depthai_ros_driver/hook/cmake_prefix_path.sh'
[1.270s] Level 1:colcon.colcon_core.environment:checking '/home/leoni/oak_ws/install/depthai_ros_driver/lib'
[1.270s] Level 1:colcon.colcon_core.shell:create_environment_hook('depthai_ros_driver', 'ld_library_path_lib')
[1.270s] INFO:colcon.colcon_core.shell:Creating environment hook '/home/leoni/oak_ws/install/depthai_ros_driver/share/depthai_ros_driver/hook/ld_library_path_lib.ps1'
[1.271s] INFO:colcon.colcon_core.shell:Creating environment descriptor '/home/leoni/oak_ws/install/depthai_ros_driver/share/depthai_ros_driver/hook/ld_library_path_lib.dsv'
[1.271s] INFO:colcon.colcon_core.shell:Creating environment hook '/home/leoni/oak_ws/install/depthai_ros_driver/share/depthai_ros_driver/hook/ld_library_path_lib.sh'
[1.271s] Level 1:colcon.colcon_core.environment:checking '/home/leoni/oak_ws/install/depthai_ros_driver/bin'
[1.271s] Level 1:colcon.colcon_core.environment:checking '/home/leoni/oak_ws/install/depthai_ros_driver/lib/pkgconfig/depthai_ros_driver.pc'
[1.271s] Level 1:colcon.colcon_core.environment:checking '/home/leoni/oak_ws/install/depthai_ros_driver/lib/python3.10/site-packages'
[1.271s] Level 1:colcon.colcon_core.environment:checking '/home/leoni/oak_ws/install/depthai_ros_driver/bin'
[1.272s] INFO:colcon.colcon_core.shell:Creating package script '/home/leoni/oak_ws/install/depthai_ros_driver/share/depthai_ros_driver/package.ps1'
[1.272s] INFO:colcon.colcon_core.shell:Creating package descriptor '/home/leoni/oak_ws/install/depthai_ros_driver/share/depthai_ros_driver/package.dsv'
[1.272s] INFO:colcon.colcon_core.shell:Creating package script '/home/leoni/oak_ws/install/depthai_ros_driver/share/depthai_ros_driver/package.sh'
[1.273s] INFO:colcon.colcon_core.shell:Creating package script '/home/leoni/oak_ws/install/depthai_ros_driver/share/depthai_ros_driver/package.bash'
[1.273s] INFO:colcon.colcon_core.shell:Creating package script '/home/leoni/oak_ws/install/depthai_ros_driver/share/depthai_ros_driver/package.zsh'
[1.273s] Level 1:colcon.colcon_core.environment:create_file_with_runtime_dependencies(/home/leoni/oak_ws/install/depthai_ros_driver/share/colcon-core/packages/depthai_ros_driver)
[1.273s] Level 1:colcon.colcon_core.environment:create_environment_scripts_only(depthai_ros_driver)
[1.274s] Level 1:colcon.colcon_core.environment:checking '/home/leoni/oak_ws/install/depthai_ros_driver' for CMake module files
[1.274s] Level 1:colcon.colcon_core.environment:checking '/home/leoni/oak_ws/install/depthai_ros_driver' for CMake config files
[1.274s] Level 1:colcon.colcon_core.shell:create_environment_hook('depthai_ros_driver', 'cmake_prefix_path')
[1.275s] INFO:colcon.colcon_core.shell:Creating environment hook '/home/leoni/oak_ws/install/depthai_ros_driver/share/depthai_ros_driver/hook/cmake_prefix_path.ps1'
[1.275s] INFO:colcon.colcon_core.shell:Creating environment descriptor '/home/leoni/oak_ws/install/depthai_ros_driver/share/depthai_ros_driver/hook/cmake_prefix_path.dsv'
[1.275s] INFO:colcon.colcon_core.shell:Creating environment hook '/home/leoni/oak_ws/install/depthai_ros_driver/share/depthai_ros_driver/hook/cmake_prefix_path.sh'
[1.276s] Level 1:colcon.colcon_core.environment:checking '/home/leoni/oak_ws/install/depthai_ros_driver/lib'
[1.276s] Level 1:colcon.colcon_core.shell:create_environment_hook('depthai_ros_driver', 'ld_library_path_lib')
[1.276s] INFO:colcon.colcon_core.shell:Creating environment hook '/home/leoni/oak_ws/install/depthai_ros_driver/share/depthai_ros_driver/hook/ld_library_path_lib.ps1'
[1.276s] INFO:colcon.colcon_core.shell:Creating environment descriptor '/home/leoni/oak_ws/install/depthai_ros_driver/share/depthai_ros_driver/hook/ld_library_path_lib.dsv'
[1.276s] INFO:colcon.colcon_core.shell:Creating environment hook '/home/leoni/oak_ws/install/depthai_ros_driver/share/depthai_ros_driver/hook/ld_library_path_lib.sh'
[1.277s] Level 1:colcon.colcon_core.environment:checking '/home/leoni/oak_ws/install/depthai_ros_driver/bin'
[1.277s] Level 1:colcon.colcon_core.environment:checking '/home/leoni/oak_ws/install/depthai_ros_driver/lib/pkgconfig/depthai_ros_driver.pc'
[1.277s] Level 1:colcon.colcon_core.environment:checking '/home/leoni/oak_ws/install/depthai_ros_driver/lib/python3.10/site-packages'
[1.277s] Level 1:colcon.colcon_core.environment:checking '/home/leoni/oak_ws/install/depthai_ros_driver/bin'
[1.277s] INFO:colcon.colcon_core.shell:Creating package script '/home/leoni/oak_ws/install/depthai_ros_driver/share/depthai_ros_driver/package.ps1'
[1.278s] INFO:colcon.colcon_core.shell:Creating package descriptor '/home/leoni/oak_ws/install/depthai_ros_driver/share/depthai_ros_driver/package.dsv'
[1.279s] INFO:colcon.colcon_core.shell:Creating package script '/home/leoni/oak_ws/install/depthai_ros_driver/share/depthai_ros_driver/package.sh'
[1.279s] INFO:colcon.colcon_core.shell:Creating package script '/home/leoni/oak_ws/install/depthai_ros_driver/share/depthai_ros_driver/package.bash'
[1.280s] INFO:colcon.colcon_core.shell:Creating package script '/home/leoni/oak_ws/install/depthai_ros_driver/share/depthai_ros_driver/package.zsh'
[1.280s] Level 1:colcon.colcon_core.environment:create_file_with_runtime_dependencies(/home/leoni/oak_ws/install/depthai_ros_driver/share/colcon-core/packages/depthai_ros_driver)
[1.280s] INFO:colcon.colcon_ros.task.ament_cmake.build:Building ROS package in '/home/leoni/oak_ws/src/depthai-ros/depthai-ros' with build type 'ament_cmake'
[1.280s] INFO:colcon.colcon_cmake.task.cmake.build:Building CMake package in '/home/leoni/oak_ws/src/depthai-ros/depthai-ros'
[1.281s] INFO:colcon.colcon_core.shell:Skip shell extension 'powershell' for command environment: Not usable outside of PowerShell
[1.281s] DEBUG:colcon.colcon_core.shell:Skip shell extension 'dsv' for command environment
[1.287s] Level 1:colcon.colcon_core.environment:checking '/home/leoni/oak_ws/install/leoni' for CMake module files
[1.288s] Level 1:colcon.colcon_core.environment:checking '/home/leoni/oak_ws/install/leoni' for CMake config files
[1.288s] DEBUG:colcon.colcon_core.event_handler.log_command:Invoked command in '/home/leoni/oak_ws/src/leoni' returned '0': PYTHONPATH=/home/leoni/oak_ws/build/leoni/prefix_override:/usr/lib/python3/dist-packages/colcon_core/task/python/colcon_distutils_commands:/home/leoni/oak_ws/install/leoni/lib/python3.10/site-packages:${PYTHONPATH} /usr/bin/python3 -W ignore:setup.py install is deprecated -W ignore:easy_install command is deprecated setup.py egg_info --egg-base ../../build/leoni build --build-base /home/leoni/oak_ws/build/leoni/build install --record /home/leoni/oak_ws/build/leoni/install.log --single-version-externally-managed install_data
[1.289s] Level 1:colcon.colcon_core.environment:checking '/home/leoni/oak_ws/install/leoni/lib'
[1.289s] Level 1:colcon.colcon_core.environment:checking '/home/leoni/oak_ws/install/leoni/bin'
[1.289s] Level 1:colcon.colcon_core.environment:checking '/home/leoni/oak_ws/install/leoni/lib/pkgconfig/leoni.pc'
[1.289s] Level 1:colcon.colcon_core.environment:checking '/home/leoni/oak_ws/install/leoni/lib/python3.10/site-packages'
[1.289s] Level 1:colcon.colcon_core.shell:create_environment_hook('leoni', 'pythonpath')
[1.290s] INFO:colcon.colcon_core.shell:Creating environment hook '/home/leoni/oak_ws/install/leoni/share/leoni/hook/pythonpath.ps1'
[1.290s] INFO:colcon.colcon_core.shell:Creating environment descriptor '/home/leoni/oak_ws/install/leoni/share/leoni/hook/pythonpath.dsv'
[1.291s] INFO:colcon.colcon_core.shell:Creating environment hook '/home/leoni/oak_ws/install/leoni/share/leoni/hook/pythonpath.sh'
[1.291s] Level 1:colcon.colcon_core.environment:checking '/home/leoni/oak_ws/install/leoni/bin'
[1.291s] Level 1:colcon.colcon_core.environment:create_environment_scripts_only(leoni)
[1.292s] INFO:colcon.colcon_core.shell:Creating package script '/home/leoni/oak_ws/install/leoni/share/leoni/package.ps1'
[1.292s] INFO:colcon.colcon_core.shell:Creating package descriptor '/home/leoni/oak_ws/install/leoni/share/leoni/package.dsv'
[1.292s] INFO:colcon.colcon_core.shell:Creating package script '/home/leoni/oak_ws/install/leoni/share/leoni/package.sh'
[1.293s] INFO:colcon.colcon_core.shell:Creating package script '/home/leoni/oak_ws/install/leoni/share/leoni/package.bash'
[1.293s] INFO:colcon.colcon_core.shell:Creating package script '/home/leoni/oak_ws/install/leoni/share/leoni/package.zsh'
[1.294s] Level 1:colcon.colcon_core.environment:create_file_with_runtime_dependencies(/home/leoni/oak_ws/install/leoni/share/colcon-core/packages/leoni)
[1.300s] DEBUG:colcon.colcon_core.event_handler.log_command:Invoking command in '/home/leoni/oak_ws/build/depthai-ros': AMENT_PREFIX_PATH=/home/leoni/oak_ws/install/depthai_ros_driver:/home/leoni/oak_ws/install/depthai_filters:/home/leoni/oak_ws/install/depthai_bridge:/home/leoni/oak_ws/install/depthai_ros_msgs:/home/leoni/oak_ws/install/depthai_descriptions:${AMENT_PREFIX_PATH} CMAKE_PREFIX_PATH=/home/leoni/oak_ws/install/depthai_ros_driver:/home/leoni/oak_ws/install/depthai_filters:/home/leoni/oak_ws/install/depthai_bridge:/home/leoni/oak_ws/install/depthai_ros_msgs:/home/leoni/oak_ws/install/depthai_descriptions:/opt/ros/humble GAZEBO_MODEL_PATH=/home/leoni/oak_ws/install/depthai_descriptions GAZEBO_RESOURCE_PATH=/home/leoni/oak_ws/install/depthai_descriptions IGN_GAZEBO_MODEL_PATH=/home/leoni/oak_ws/install/depthai_descriptions IGN_GAZEBO_RESOURCE_PATH=/home/leoni/oak_ws/install/depthai_descriptions LD_LIBRARY_PATH=/home/leoni/oak_ws/install/depthai_ros_driver/lib:/home/leoni/oak_ws/install/depthai_filters/lib:/home/leoni/oak_ws/install/depthai_bridge/lib:/home/leoni/oak_ws/install/depthai_ros_msgs/lib:${LD_LIBRARY_PATH} PYTHONPATH=/home/leoni/oak_ws/install/depthai_ros_driver/local/lib/python3.10/dist-packages:/home/leoni/oak_ws/install/depthai_ros_msgs/local/lib/python3.10/dist-packages:${PYTHONPATH} /usr/bin/cmake --build /home/leoni/oak_ws/build/depthai-ros -- -j16 -l16
[1.333s] DEBUG:colcon.colcon_core.event_handler.log_command:Invoked command in '/home/leoni/oak_ws/build/depthai-ros' returned '0': AMENT_PREFIX_PATH=/home/leoni/oak_ws/install/depthai_ros_driver:/home/leoni/oak_ws/install/depthai_filters:/home/leoni/oak_ws/install/depthai_bridge:/home/leoni/oak_ws/install/depthai_ros_msgs:/home/leoni/oak_ws/install/depthai_descriptions:${AMENT_PREFIX_PATH} CMAKE_PREFIX_PATH=/home/leoni/oak_ws/install/depthai_ros_driver:/home/leoni/oak_ws/install/depthai_filters:/home/leoni/oak_ws/install/depthai_bridge:/home/leoni/oak_ws/install/depthai_ros_msgs:/home/leoni/oak_ws/install/depthai_descriptions:/opt/ros/humble GAZEBO_MODEL_PATH=/home/leoni/oak_ws/install/depthai_descriptions GAZEBO_RESOURCE_PATH=/home/leoni/oak_ws/install/depthai_descriptions IGN_GAZEBO_MODEL_PATH=/home/leoni/oak_ws/install/depthai_descriptions IGN_GAZEBO_RESOURCE_PATH=/home/leoni/oak_ws/install/depthai_descriptions LD_LIBRARY_PATH=/home/leoni/oak_ws/install/depthai_ros_driver/lib:/home/leoni/oak_ws/install/depthai_filters/lib:/home/leoni/oak_ws/install/depthai_bridge/lib:/home/leoni/oak_ws/install/depthai_ros_msgs/lib:${LD_LIBRARY_PATH} PYTHONPATH=/home/leoni/oak_ws/install/depthai_ros_driver/local/lib/python3.10/dist-packages:/home/leoni/oak_ws/install/depthai_ros_msgs/local/lib/python3.10/dist-packages:${PYTHONPATH} /usr/bin/cmake --build /home/leoni/oak_ws/build/depthai-ros -- -j16 -l16
[1.334s] DEBUG:colcon.colcon_core.event_handler.log_command:Invoking command in '/home/leoni/oak_ws/build/depthai-ros': AMENT_PREFIX_PATH=/home/leoni/oak_ws/install/depthai_ros_driver:/home/leoni/oak_ws/install/depthai_filters:/home/leoni/oak_ws/install/depthai_bridge:/home/leoni/oak_ws/install/depthai_ros_msgs:/home/leoni/oak_ws/install/depthai_descriptions:${AMENT_PREFIX_PATH} CMAKE_PREFIX_PATH=/home/leoni/oak_ws/install/depthai_ros_driver:/home/leoni/oak_ws/install/depthai_filters:/home/leoni/oak_ws/install/depthai_bridge:/home/leoni/oak_ws/install/depthai_ros_msgs:/home/leoni/oak_ws/install/depthai_descriptions:/opt/ros/humble GAZEBO_MODEL_PATH=/home/leoni/oak_ws/install/depthai_descriptions GAZEBO_RESOURCE_PATH=/home/leoni/oak_ws/install/depthai_descriptions IGN_GAZEBO_MODEL_PATH=/home/leoni/oak_ws/install/depthai_descriptions IGN_GAZEBO_RESOURCE_PATH=/home/leoni/oak_ws/install/depthai_descriptions LD_LIBRARY_PATH=/home/leoni/oak_ws/install/depthai_ros_driver/lib:/home/leoni/oak_ws/install/depthai_filters/lib:/home/leoni/oak_ws/install/depthai_bridge/lib:/home/leoni/oak_ws/install/depthai_ros_msgs/lib:${LD_LIBRARY_PATH} PYTHONPATH=/home/leoni/oak_ws/install/depthai_ros_driver/local/lib/python3.10/dist-packages:/home/leoni/oak_ws/install/depthai_ros_msgs/local/lib/python3.10/dist-packages:${PYTHONPATH} /usr/bin/cmake --install /home/leoni/oak_ws/build/depthai-ros
[1.342s] Level 1:colcon.colcon_core.environment:create_environment_scripts_only(depthai-ros)
[1.342s] Level 1:colcon.colcon_core.environment:checking '/home/leoni/oak_ws/install/depthai-ros' for CMake module files
[1.342s] DEBUG:colcon.colcon_core.event_handler.log_command:Invoked command in '/home/leoni/oak_ws/build/depthai-ros' returned '0': AMENT_PREFIX_PATH=/home/leoni/oak_ws/install/depthai_ros_driver:/home/leoni/oak_ws/install/depthai_filters:/home/leoni/oak_ws/install/depthai_bridge:/home/leoni/oak_ws/install/depthai_ros_msgs:/home/leoni/oak_ws/install/depthai_descriptions:${AMENT_PREFIX_PATH} CMAKE_PREFIX_PATH=/home/leoni/oak_ws/install/depthai_ros_driver:/home/leoni/oak_ws/install/depthai_filters:/home/leoni/oak_ws/install/depthai_bridge:/home/leoni/oak_ws/install/depthai_ros_msgs:/home/leoni/oak_ws/install/depthai_descriptions:/opt/ros/humble GAZEBO_MODEL_PATH=/home/leoni/oak_ws/install/depthai_descriptions GAZEBO_RESOURCE_PATH=/home/leoni/oak_ws/install/depthai_descriptions IGN_GAZEBO_MODEL_PATH=/home/leoni/oak_ws/install/depthai_descriptions IGN_GAZEBO_RESOURCE_PATH=/home/leoni/oak_ws/install/depthai_descriptions LD_LIBRARY_PATH=/home/leoni/oak_ws/install/depthai_ros_driver/lib:/home/leoni/oak_ws/install/depthai_filters/lib:/home/leoni/oak_ws/install/depthai_bridge/lib:/home/leoni/oak_ws/install/depthai_ros_msgs/lib:${LD_LIBRARY_PATH} PYTHONPATH=/home/leoni/oak_ws/install/depthai_ros_driver/local/lib/python3.10/dist-packages:/home/leoni/oak_ws/install/depthai_ros_msgs/local/lib/python3.10/dist-packages:${PYTHONPATH} /usr/bin/cmake --install /home/leoni/oak_ws/build/depthai-ros
[1.342s] Level 1:colcon.colcon_core.environment:checking '/home/leoni/oak_ws/install/depthai-ros' for CMake config files
[1.343s] Level 1:colcon.colcon_core.shell:create_environment_hook('depthai-ros', 'cmake_prefix_path')
[1.343s] INFO:colcon.colcon_core.shell:Creating environment hook '/home/leoni/oak_ws/install/depthai-ros/share/depthai-ros/hook/cmake_prefix_path.ps1'
[1.343s] INFO:colcon.colcon_core.shell:Creating environment descriptor '/home/leoni/oak_ws/install/depthai-ros/share/depthai-ros/hook/cmake_prefix_path.dsv'
[1.343s] INFO:colcon.colcon_core.shell:Creating environment hook '/home/leoni/oak_ws/install/depthai-ros/share/depthai-ros/hook/cmake_prefix_path.sh'
[1.344s] Level 1:colcon.colcon_core.environment:checking '/home/leoni/oak_ws/install/depthai-ros/bin'
[1.344s] Level 1:colcon.colcon_core.environment:checking '/home/leoni/oak_ws/install/depthai-ros/lib/pkgconfig/depthai-ros.pc'
[1.344s] Level 1:colcon.colcon_core.environment:checking '/home/leoni/oak_ws/install/depthai-ros/lib/python3.10/site-packages'
[1.344s] Level 1:colcon.colcon_core.environment:checking '/home/leoni/oak_ws/install/depthai-ros/bin'
[1.344s] INFO:colcon.colcon_core.shell:Creating package script '/home/leoni/oak_ws/install/depthai-ros/share/depthai-ros/package.ps1'
[1.344s] INFO:colcon.colcon_core.shell:Creating package descriptor '/home/leoni/oak_ws/install/depthai-ros/share/depthai-ros/package.dsv'
[1.345s] INFO:colcon.colcon_core.shell:Creating package script '/home/leoni/oak_ws/install/depthai-ros/share/depthai-ros/package.sh'
[1.345s] INFO:colcon.colcon_core.shell:Creating package script '/home/leoni/oak_ws/install/depthai-ros/share/depthai-ros/package.bash'
[1.345s] INFO:colcon.colcon_core.shell:Creating package script '/home/leoni/oak_ws/install/depthai-ros/share/depthai-ros/package.zsh'
[1.345s] Level 1:colcon.colcon_core.environment:create_file_with_runtime_dependencies(/home/leoni/oak_ws/install/depthai-ros/share/colcon-core/packages/depthai-ros)
[1.346s] Level 1:colcon.colcon_core.environment:create_environment_scripts_only(depthai-ros)
[1.346s] Level 1:colcon.colcon_core.environment:checking '/home/leoni/oak_ws/install/depthai-ros' for CMake module files
[1.346s] Level 1:colcon.colcon_core.environment:checking '/home/leoni/oak_ws/install/depthai-ros' for CMake config files
[1.346s] Level 1:colcon.colcon_core.shell:create_environment_hook('depthai-ros', 'cmake_prefix_path')
[1.346s] INFO:colcon.colcon_core.shell:Creating environment hook '/home/leoni/oak_ws/install/depthai-ros/share/depthai-ros/hook/cmake_prefix_path.ps1'
[1.347s] INFO:colcon.colcon_core.shell:Creating environment descriptor '/home/leoni/oak_ws/install/depthai-ros/share/depthai-ros/hook/cmake_prefix_path.dsv'
[1.347s] INFO:colcon.colcon_core.shell:Creating environment hook '/home/leoni/oak_ws/install/depthai-ros/share/depthai-ros/hook/cmake_prefix_path.sh'
[1.347s] Level 1:colcon.colcon_core.environment:checking '/home/leoni/oak_ws/install/depthai-ros/bin'
[1.347s] Level 1:colcon.colcon_core.environment:checking '/home/leoni/oak_ws/install/depthai-ros/lib/pkgconfig/depthai-ros.pc'
[1.348s] Level 1:colcon.colcon_core.environment:checking '/home/leoni/oak_ws/install/depthai-ros/lib/python3.10/site-packages'
[1.348s] Level 1:colcon.colcon_core.environment:checking '/home/leoni/oak_ws/install/depthai-ros/bin'
[1.348s] INFO:colcon.colcon_core.shell:Creating package script '/home/leoni/oak_ws/install/depthai-ros/share/depthai-ros/package.ps1'
[1.348s] INFO:colcon.colcon_core.shell:Creating package descriptor '/home/leoni/oak_ws/install/depthai-ros/share/depthai-ros/package.dsv'
[1.349s] INFO:colcon.colcon_core.shell:Creating package script '/home/leoni/oak_ws/install/depthai-ros/share/depthai-ros/package.sh'
[1.350s] INFO:colcon.colcon_core.shell:Creating package script '/home/leoni/oak_ws/install/depthai-ros/share/depthai-ros/package.bash'
[1.351s] INFO:colcon.colcon_core.shell:Creating package script '/home/leoni/oak_ws/install/depthai-ros/share/depthai-ros/package.zsh'
[1.351s] Level 1:colcon.colcon_core.environment:create_file_with_runtime_dependencies(/home/leoni/oak_ws/install/depthai-ros/share/colcon-core/packages/depthai-ros)
[1.351s] DEBUG:colcon.colcon_parallel_executor.executor.parallel:closing loop
[1.351s] DEBUG:colcon.colcon_parallel_executor.executor.parallel:loop closed
[1.352s] DEBUG:colcon.colcon_parallel_executor.executor.parallel:run_until_complete finished with '0'
[1.352s] DEBUG:colcon.colcon_core.event_reactor:joining thread
[1.358s] INFO:colcon.colcon_core.plugin_system:Skipping extension 'colcon_notification.desktop_notification.terminal_notifier': Not used on non-Darwin systems
[1.359s] INFO:colcon.colcon_core.plugin_system:Skipping extension 'colcon_notification.desktop_notification.win32': Not used on non-Windows systems
[1.359s] INFO:colcon.colcon_notification.desktop_notification:Sending desktop notification using 'notify2'
[1.368s] DEBUG:colcon.colcon_core.event_reactor:joined thread
[1.369s] INFO:colcon.colcon_core.shell:Creating prefix script '/home/leoni/oak_ws/install/local_setup.ps1'
[1.370s] INFO:colcon.colcon_core.shell:Creating prefix util module '/home/leoni/oak_ws/install/_local_setup_util_ps1.py'
[1.372s] INFO:colcon.colcon_core.shell:Creating prefix chain script '/home/leoni/oak_ws/install/setup.ps1'
[1.373s] INFO:colcon.colcon_core.shell:Creating prefix script '/home/leoni/oak_ws/install/local_setup.sh'
[1.373s] INFO:colcon.colcon_core.shell:Creating prefix util module '/home/leoni/oak_ws/install/_local_setup_util_sh.py'
[1.374s] INFO:colcon.colcon_core.shell:Creating prefix chain script '/home/leoni/oak_ws/install/setup.sh'
[1.375s] INFO:colcon.colcon_core.shell:Creating prefix script '/home/leoni/oak_ws/install/local_setup.bash'
[1.375s] INFO:colcon.colcon_core.shell:Creating prefix chain script '/home/leoni/oak_ws/install/setup.bash'
[1.376s] INFO:colcon.colcon_core.shell:Creating prefix script '/home/leoni/oak_ws/install/local_setup.zsh'
[1.376s] INFO:colcon.colcon_core.shell:Creating prefix chain script '/home/leoni/oak_ws/install/setup.zsh'
