[0.731s] Invoking command in '/home/leoni/oak_ws/src/arldu': PYTHONPATH=/home/leoni/oak_ws/build/arldu/prefix_override:/usr/lib/python3/dist-packages/colcon_core/task/python/colcon_distutils_commands:/home/leoni/oak_ws/install/arldu/lib/python3.10/site-packages:${PYTHONPATH} /usr/bin/python3 -W ignore:setup.py install is deprecated -W ignore:easy_install command is deprecated setup.py egg_info --egg-base ../../build/arldu build --build-base /home/leoni/oak_ws/build/arldu/build install --record /home/leoni/oak_ws/build/arldu/install.log --single-version-externally-managed install_data
[0.941s] running egg_info
[0.941s] writing ../../build/arldu/arldu.egg-info/PKG-INFO
[0.941s] writing dependency_links to ../../build/arldu/arldu.egg-info/dependency_links.txt
[0.942s] writing entry points to ../../build/arldu/arldu.egg-info/entry_points.txt
[0.942s] writing requirements to ../../build/arldu/arldu.egg-info/requires.txt
[0.942s] writing top-level names to ../../build/arldu/arldu.egg-info/top_level.txt
[0.943s] reading manifest file '../../build/arldu/arldu.egg-info/SOURCES.txt'
[0.944s] writing manifest file '../../build/arldu/arldu.egg-info/SOURCES.txt'
[0.944s] running build
[0.944s] running build_py
[0.944s] running install
[0.944s] running install_lib
[0.945s] running install_data
[0.945s] running install_egg_info
[0.947s] removing '/home/leoni/oak_ws/install/arldu/lib/python3.10/site-packages/arldu-0.0.0-py3.10.egg-info' (and everything under it)
[0.947s] Copying ../../build/arldu/arldu.egg-info to /home/leoni/oak_ws/install/arldu/lib/python3.10/site-packages/arldu-0.0.0-py3.10.egg-info
[0.948s] running install_scripts
[0.972s] Installing node script to /home/leoni/oak_ws/install/arldu/lib/arldu
[0.972s] writing list of installed files to '/home/leoni/oak_ws/build/arldu/install.log'
[1.001s] Invoked command in '/home/leoni/oak_ws/src/arldu' returned '0': PYTHONPATH=/home/leoni/oak_ws/build/arldu/prefix_override:/usr/lib/python3/dist-packages/colcon_core/task/python/colcon_distutils_commands:/home/leoni/oak_ws/install/arldu/lib/python3.10/site-packages:${PYTHONPATH} /usr/bin/python3 -W ignore:setup.py install is deprecated -W ignore:easy_install command is deprecated setup.py egg_info --egg-base ../../build/arldu build --build-base /home/leoni/oak_ws/build/arldu/build install --record /home/leoni/oak_ws/build/arldu/install.log --single-version-externally-managed install_data
