[0.677s] Invoking command in '/home/leoni/oak_ws/src/arldu': PYTHONPATH=/home/leoni/oak_ws/build/arldu/prefix_override:/usr/lib/python3/dist-packages/colcon_core/task/python/colcon_distutils_commands:/home/leoni/oak_ws/install/arldu/lib/python3.10/site-packages:${PYTHONPATH} /usr/bin/python3 -W ignore:setup.py install is deprecated -W ignore:easy_install command is deprecated setup.py egg_info --egg-base ../../build/arldu build --build-base /home/leoni/oak_ws/build/arldu/build install --record /home/leoni/oak_ws/build/arldu/install.log --single-version-externally-managed install_data
[0.861s] running egg_info
[0.862s] writing ../../build/arldu/arldu.egg-info/PKG-INFO
[0.862s] writing dependency_links to ../../build/arldu/arldu.egg-info/dependency_links.txt
[0.862s] writing entry points to ../../build/arldu/arldu.egg-info/entry_points.txt
[0.862s] writing requirements to ../../build/arldu/arldu.egg-info/requires.txt
[0.862s] writing top-level names to ../../build/arldu/arldu.egg-info/top_level.txt
[0.863s] reading manifest file '../../build/arldu/arldu.egg-info/SOURCES.txt'
[0.864s] writing manifest file '../../build/arldu/arldu.egg-info/SOURCES.txt'
[0.864s] running build
[0.864s] running build_py
[0.864s] copying arldu/comu.py -> /home/leoni/oak_ws/build/arldu/build/lib/arldu
[0.864s] running install
[0.865s] running install_lib
[0.865s] copying /home/leoni/oak_ws/build/arldu/build/lib/arldu/comu.py -> /home/leoni/oak_ws/install/arldu/lib/python3.10/site-packages/arldu
[0.866s] byte-compiling /home/leoni/oak_ws/install/arldu/lib/python3.10/site-packages/arldu/comu.py to comu.cpython-310.pyc
[0.867s] running install_data
[0.867s] running install_egg_info
[0.869s] removing '/home/leoni/oak_ws/install/arldu/lib/python3.10/site-packages/arldu-0.0.0-py3.10.egg-info' (and everything under it)
[0.869s] Copying ../../build/arldu/arldu.egg-info to /home/leoni/oak_ws/install/arldu/lib/python3.10/site-packages/arldu-0.0.0-py3.10.egg-info
[0.870s] running install_scripts
[0.888s] Installing node script to /home/leoni/oak_ws/install/arldu/lib/arldu
[0.888s] writing list of installed files to '/home/leoni/oak_ws/build/arldu/install.log'
[0.917s] Invoked command in '/home/leoni/oak_ws/src/arldu' returned '0': PYTHONPATH=/home/leoni/oak_ws/build/arldu/prefix_override:/usr/lib/python3/dist-packages/colcon_core/task/python/colcon_distutils_commands:/home/leoni/oak_ws/install/arldu/lib/python3.10/site-packages:${PYTHONPATH} /usr/bin/python3 -W ignore:setup.py install is deprecated -W ignore:easy_install command is deprecated setup.py egg_info --egg-base ../../build/arldu build --build-base /home/leoni/oak_ws/build/arldu/build install --record /home/leoni/oak_ws/build/arldu/install.log --single-version-externally-managed install_data
