[0.765s] Invoking command in '/home/leoni/oak_ws/src/arldu': PYTHONPATH=/home/leoni/oak_ws/build/arldu/prefix_override:/usr/lib/python3/dist-packages/colcon_core/task/python/colcon_distutils_commands:/home/leoni/oak_ws/install/arldu/lib/python3.10/site-packages:${PYTHONPATH} /usr/bin/python3 -W ignore:setup.py install is deprecated -W ignore:easy_install command is deprecated setup.py egg_info --egg-base ../../build/arldu build --build-base /home/leoni/oak_ws/build/arldu/build install --record /home/leoni/oak_ws/build/arldu/install.log --single-version-externally-managed install_data
[0.953s] running egg_info
[0.954s] writing ../../build/arldu/arldu.egg-info/PKG-INFO
[0.954s] writing dependency_links to ../../build/arldu/arldu.egg-info/dependency_links.txt
[0.954s] writing entry points to ../../build/arldu/arldu.egg-info/entry_points.txt
[0.954s] writing requirements to ../../build/arldu/arldu.egg-info/requires.txt
[0.954s] writing top-level names to ../../build/arldu/arldu.egg-info/top_level.txt
[0.959s] reading manifest file '../../build/arldu/arldu.egg-info/SOURCES.txt'
[0.959s] writing manifest file '../../build/arldu/arldu.egg-info/SOURCES.txt'
[0.959s] running build
[0.959s] running build_py
[0.959s] running install
[0.960s] running install_lib
[0.960s] running install_data
[0.960s] running install_egg_info
[0.962s] removing '/home/leoni/oak_ws/install/arldu/lib/python3.10/site-packages/arldu-0.0.0-py3.10.egg-info' (and everything under it)
[0.962s] Copying ../../build/arldu/arldu.egg-info to /home/leoni/oak_ws/install/arldu/lib/python3.10/site-packages/arldu-0.0.0-py3.10.egg-info
[0.963s] running install_scripts
[0.985s] Installing node script to /home/leoni/oak_ws/install/arldu/lib/arldu
[0.985s] writing list of installed files to '/home/leoni/oak_ws/build/arldu/install.log'
[1.011s] Invoked command in '/home/leoni/oak_ws/src/arldu' returned '0': PYTHONPATH=/home/leoni/oak_ws/build/arldu/prefix_override:/usr/lib/python3/dist-packages/colcon_core/task/python/colcon_distutils_commands:/home/leoni/oak_ws/install/arldu/lib/python3.10/site-packages:${PYTHONPATH} /usr/bin/python3 -W ignore:setup.py install is deprecated -W ignore:easy_install command is deprecated setup.py egg_info --egg-base ../../build/arldu build --build-base /home/leoni/oak_ws/build/arldu/build install --record /home/leoni/oak_ws/build/arldu/install.log --single-version-externally-managed install_data
