[0.794s] Invoking command in '/home/leoni/oak_ws/src/leoni': PYTHONPATH=/home/leoni/oak_ws/build/leoni/prefix_override:/usr/lib/python3/dist-packages/colcon_core/task/python/colcon_distutils_commands:/home/leoni/oak_ws/install/leoni/lib/python3.10/site-packages:${PYTHONPATH} /usr/bin/python3 -W ignore:setup.py install is deprecated -W ignore:easy_install command is deprecated setup.py egg_info --egg-base ../../build/leoni build --build-base /home/leoni/oak_ws/build/leoni/build install --record /home/leoni/oak_ws/build/leoni/install.log --single-version-externally-managed install_data
[1.026s] running egg_info
[1.027s] writing ../../build/leoni/leoni.egg-info/PKG-INFO
[1.027s] writing dependency_links to ../../build/leoni/leoni.egg-info/dependency_links.txt
[1.027s] writing entry points to ../../build/leoni/leoni.egg-info/entry_points.txt
[1.027s] writing requirements to ../../build/leoni/leoni.egg-info/requires.txt
[1.027s] writing top-level names to ../../build/leoni/leoni.egg-info/top_level.txt
[1.029s] reading manifest file '../../build/leoni/leoni.egg-info/SOURCES.txt'
[1.030s] writing manifest file '../../build/leoni/leoni.egg-info/SOURCES.txt'
[1.030s] running build
[1.030s] running build_py
[1.030s] running install
[1.030s] running install_lib
[1.032s] running install_data
[1.032s] running install_egg_info
[1.034s] removing '/home/leoni/oak_ws/install/leoni/lib/python3.10/site-packages/leoni-0.0.0-py3.10.egg-info' (and everything under it)
[1.034s] Copying ../../build/leoni/leoni.egg-info to /home/leoni/oak_ws/install/leoni/lib/python3.10/site-packages/leoni-0.0.0-py3.10.egg-info
[1.035s] running install_scripts
[1.058s] Installing cam script to /home/leoni/oak_ws/install/leoni/lib/leoni
[1.059s] Installing duo1 script to /home/leoni/oak_ws/install/leoni/lib/leoni
[1.059s] Installing fu script to /home/leoni/oak_ws/install/leoni/lib/leoni
[1.059s] Installing imu script to /home/leoni/oak_ws/install/leoni/lib/leoni
[1.059s] Installing oakd script to /home/leoni/oak_ws/install/leoni/lib/leoni
[1.059s] Installing point script to /home/leoni/oak_ws/install/leoni/lib/leoni
[1.059s] Installing vi script to /home/leoni/oak_ws/install/leoni/lib/leoni
[1.060s] writing list of installed files to '/home/leoni/oak_ws/build/leoni/install.log'
[1.096s] Invoked command in '/home/leoni/oak_ws/src/leoni' returned '0': PYTHONPATH=/home/leoni/oak_ws/build/leoni/prefix_override:/usr/lib/python3/dist-packages/colcon_core/task/python/colcon_distutils_commands:/home/leoni/oak_ws/install/leoni/lib/python3.10/site-packages:${PYTHONPATH} /usr/bin/python3 -W ignore:setup.py install is deprecated -W ignore:easy_install command is deprecated setup.py egg_info --egg-base ../../build/leoni build --build-base /home/leoni/oak_ws/build/leoni/build install --record /home/leoni/oak_ws/build/leoni/install.log --single-version-externally-managed install_data
