[0.092s] DEBUG:colcon:Command line arguments: ['/usr/bin/colcon', 'build']
[0.092s] DEBUG:colcon:Parsed command line arguments: Namespace(log_base=None, log_level=None, verb_name='build', build_base='build', install_base='install', merge_install=False, symlink_install=False, test_result_base=None, continue_on_error=False, executor='parallel', parallel_workers=16, event_handlers=None, ignore_user_meta=False, metas=['./colcon.meta'], base_paths=['.'], packages_ignore=None, packages_ignore_regex=None, paths=None, packages_up_to=None, packages_up_to_regex=None, packages_above=None, packages_above_and_dependencies=None, packages_above_depth=None, packages_select_by_dep=None, packages_skip_by_dep=None, packages_skip_up_to=None, packages_select_build_failed=False, packages_skip_build_finished=False, packages_select_test_failures=False, packages_skip_test_passed=False, packages_select=None, packages_skip=None, packages_select_regex=None, packages_skip_regex=None, packages_start=None, packages_end=None, allow_overriding=[], cmake_args=None, cmake_target=None, cmake_target_skip_unavailable=False, cmake_clean_cache=False, cmake_clean_first=False, cmake_force_configure=False, ament_cmake_args=None, catkin_cmake_args=None, catkin_skip_building_tests=False, verb_parser=<colcon_defaults.argument_parser.defaults.DefaultArgumentsDecorator object at 0x72e8abf70bb0>, verb_extension=<colcon_core.verb.build.BuildVerb object at 0x72e8ac07a050>, main=<bound method BuildVerb.main of <colcon_core.verb.build.BuildVerb object at 0x72e8ac07a050>>)
[0.265s] Level 1:colcon.colcon_core.package_discovery:discover_packages(colcon_meta) check parameters
[0.265s] Level 1:colcon.colcon_core.package_discovery:discover_packages(recursive) check parameters
[0.266s] Level 1:colcon.colcon_core.package_discovery:discover_packages(ignore) check parameters
[0.266s] Level 1:colcon.colcon_core.package_discovery:discover_packages(path) check parameters
[0.266s] Level 1:colcon.colcon_core.package_discovery:discover_packages(colcon_meta) discover
[0.266s] Level 1:colcon.colcon_core.package_discovery:discover_packages(recursive) discover
[0.266s] INFO:colcon.colcon_core.package_discovery:Crawling recursively for packages in '/home/leoni/oak_ws'
[0.266s] Level 1:colcon.colcon_core.package_identification:_identify(.) by extensions ['ignore', 'ignore_ament_install']
[0.266s] Level 1:colcon.colcon_core.package_identification:_identify(.) by extension 'ignore'
[0.266s] Level 1:colcon.colcon_core.package_identification:_identify(.) by extension 'ignore_ament_install'
[0.266s] Level 1:colcon.colcon_core.package_identification:_identify(.) by extensions ['colcon_pkg']
[0.266s] Level 1:colcon.colcon_core.package_identification:_identify(.) by extension 'colcon_pkg'
[0.266s] Level 1:colcon.colcon_core.package_identification:_identify(.) by extensions ['colcon_meta']
[0.266s] Level 1:colcon.colcon_core.package_identification:_identify(.) by extension 'colcon_meta'
[0.266s] Level 1:colcon.colcon_core.package_identification:_identify(.) by extensions ['ros']
[0.266s] Level 1:colcon.colcon_core.package_identification:_identify(.) by extension 'ros'
[0.275s] Level 1:colcon.colcon_core.package_identification:_identify(.) by extensions ['cmake', 'python']
[0.275s] Level 1:colcon.colcon_core.package_identification:_identify(.) by extension 'cmake'
[0.275s] Level 1:colcon.colcon_core.package_identification:_identify(.) by extension 'python'
[0.275s] Level 1:colcon.colcon_core.package_identification:_identify(.) by extensions ['python_setup_py']
[0.275s] Level 1:colcon.colcon_core.package_identification:_identify(.) by extension 'python_setup_py'
[0.275s] Level 1:colcon.colcon_core.package_identification:_identify(build) by extensions ['ignore', 'ignore_ament_install']
[0.276s] Level 1:colcon.colcon_core.package_identification:_identify(build) by extension 'ignore'
[0.276s] Level 1:colcon.colcon_core.package_identification:_identify(build) ignored
[0.276s] Level 1:colcon.colcon_core.package_identification:_identify(install) by extensions ['ignore', 'ignore_ament_install']
[0.276s] Level 1:colcon.colcon_core.package_identification:_identify(install) by extension 'ignore'
[0.276s] Level 1:colcon.colcon_core.package_identification:_identify(install) ignored
[0.276s] Level 1:colcon.colcon_core.package_identification:_identify(log) by extensions ['ignore', 'ignore_ament_install']
[0.276s] Level 1:colcon.colcon_core.package_identification:_identify(log) by extension 'ignore'
[0.276s] Level 1:colcon.colcon_core.package_identification:_identify(log) ignored
[0.276s] Level 1:colcon.colcon_core.package_identification:_identify(src) by extensions ['ignore', 'ignore_ament_install']
[0.276s] Level 1:colcon.colcon_core.package_identification:_identify(src) by extension 'ignore'
[0.276s] Level 1:colcon.colcon_core.package_identification:_identify(src) by extension 'ignore_ament_install'
[0.276s] Level 1:colcon.colcon_core.package_identification:_identify(src) by extensions ['colcon_pkg']
[0.276s] Level 1:colcon.colcon_core.package_identification:_identify(src) by extension 'colcon_pkg'
[0.276s] Level 1:colcon.colcon_core.package_identification:_identify(src) by extensions ['colcon_meta']
[0.276s] Level 1:colcon.colcon_core.package_identification:_identify(src) by extension 'colcon_meta'
[0.276s] Level 1:colcon.colcon_core.package_identification:_identify(src) by extensions ['ros']
[0.276s] Level 1:colcon.colcon_core.package_identification:_identify(src) by extension 'ros'
[0.276s] Level 1:colcon.colcon_core.package_identification:_identify(src) by extensions ['cmake', 'python']
[0.276s] Level 1:colcon.colcon_core.package_identification:_identify(src) by extension 'cmake'
[0.276s] Level 1:colcon.colcon_core.package_identification:_identify(src) by extension 'python'
[0.276s] Level 1:colcon.colcon_core.package_identification:_identify(src) by extensions ['python_setup_py']
[0.276s] Level 1:colcon.colcon_core.package_identification:_identify(src) by extension 'python_setup_py'
[0.276s] Level 1:colcon.colcon_core.package_identification:_identify(src/arldu) by extensions ['ignore', 'ignore_ament_install']
[0.276s] Level 1:colcon.colcon_core.package_identification:_identify(src/arldu) by extension 'ignore'
[0.276s] Level 1:colcon.colcon_core.package_identification:_identify(src/arldu) by extension 'ignore_ament_install'
[0.276s] Level 1:colcon.colcon_core.package_identification:_identify(src/arldu) by extensions ['colcon_pkg']
[0.276s] Level 1:colcon.colcon_core.package_identification:_identify(src/arldu) by extension 'colcon_pkg'
[0.276s] Level 1:colcon.colcon_core.package_identification:_identify(src/arldu) by extensions ['colcon_meta']
[0.276s] Level 1:colcon.colcon_core.package_identification:_identify(src/arldu) by extension 'colcon_meta'
[0.276s] Level 1:colcon.colcon_core.package_identification:_identify(src/arldu) by extensions ['ros']
[0.277s] Level 1:colcon.colcon_core.package_identification:_identify(src/arldu) by extension 'ros'
[0.279s] DEBUG:colcon.colcon_core.package_identification:Package 'src/arldu' with type 'ros.ament_python' and name 'arldu'
[0.279s] Level 1:colcon.colcon_core.package_identification:_identify(src/depthai-ros) by extensions ['ignore', 'ignore_ament_install']
[0.279s] Level 1:colcon.colcon_core.package_identification:_identify(src/depthai-ros) by extension 'ignore'
[0.279s] Level 1:colcon.colcon_core.package_identification:_identify(src/depthai-ros) by extension 'ignore_ament_install'
[0.279s] Level 1:colcon.colcon_core.package_identification:_identify(src/depthai-ros) by extensions ['colcon_pkg']
[0.279s] Level 1:colcon.colcon_core.package_identification:_identify(src/depthai-ros) by extension 'colcon_pkg'
[0.279s] Level 1:colcon.colcon_core.package_identification:_identify(src/depthai-ros) by extensions ['colcon_meta']
[0.279s] Level 1:colcon.colcon_core.package_identification:_identify(src/depthai-ros) by extension 'colcon_meta'
[0.279s] Level 1:colcon.colcon_core.package_identification:_identify(src/depthai-ros) by extensions ['ros']
[0.279s] Level 1:colcon.colcon_core.package_identification:_identify(src/depthai-ros) by extension 'ros'
[0.279s] Level 1:colcon.colcon_core.package_identification:_identify(src/depthai-ros) by extensions ['cmake', 'python']
[0.279s] Level 1:colcon.colcon_core.package_identification:_identify(src/depthai-ros) by extension 'cmake'
[0.279s] Level 1:colcon.colcon_core.package_identification:_identify(src/depthai-ros) by extension 'python'
[0.279s] Level 1:colcon.colcon_core.package_identification:_identify(src/depthai-ros) by extensions ['python_setup_py']
[0.279s] Level 1:colcon.colcon_core.package_identification:_identify(src/depthai-ros) by extension 'python_setup_py'
[0.279s] Level 1:colcon.colcon_core.package_identification:_identify(src/depthai-ros/depthai-ros) by extensions ['ignore', 'ignore_ament_install']
[0.279s] Level 1:colcon.colcon_core.package_identification:_identify(src/depthai-ros/depthai-ros) by extension 'ignore'
[0.279s] Level 1:colcon.colcon_core.package_identification:_identify(src/depthai-ros/depthai-ros) by extension 'ignore_ament_install'
[0.279s] Level 1:colcon.colcon_core.package_identification:_identify(src/depthai-ros/depthai-ros) by extensions ['colcon_pkg']
[0.279s] Level 1:colcon.colcon_core.package_identification:_identify(src/depthai-ros/depthai-ros) by extension 'colcon_pkg'
[0.279s] Level 1:colcon.colcon_core.package_identification:_identify(src/depthai-ros/depthai-ros) by extensions ['colcon_meta']
[0.279s] Level 1:colcon.colcon_core.package_identification:_identify(src/depthai-ros/depthai-ros) by extension 'colcon_meta'
[0.279s] Level 1:colcon.colcon_core.package_identification:_identify(src/depthai-ros/depthai-ros) by extensions ['ros']
[0.279s] Level 1:colcon.colcon_core.package_identification:_identify(src/depthai-ros/depthai-ros) by extension 'ros'
[0.280s] DEBUG:colcon.colcon_core.package_identification:Package 'src/depthai-ros/depthai-ros' with type 'ros.ament_cmake' and name 'depthai-ros'
[0.280s] Level 1:colcon.colcon_core.package_identification:_identify(src/depthai-ros/depthai_bridge) by extensions ['ignore', 'ignore_ament_install']
[0.280s] Level 1:colcon.colcon_core.package_identification:_identify(src/depthai-ros/depthai_bridge) by extension 'ignore'
[0.280s] Level 1:colcon.colcon_core.package_identification:_identify(src/depthai-ros/depthai_bridge) by extension 'ignore_ament_install'
[0.280s] Level 1:colcon.colcon_core.package_identification:_identify(src/depthai-ros/depthai_bridge) by extensions ['colcon_pkg']
[0.280s] Level 1:colcon.colcon_core.package_identification:_identify(src/depthai-ros/depthai_bridge) by extension 'colcon_pkg'
[0.280s] Level 1:colcon.colcon_core.package_identification:_identify(src/depthai-ros/depthai_bridge) by extensions ['colcon_meta']
[0.280s] Level 1:colcon.colcon_core.package_identification:_identify(src/depthai-ros/depthai_bridge) by extension 'colcon_meta'
[0.280s] Level 1:colcon.colcon_core.package_identification:_identify(src/depthai-ros/depthai_bridge) by extensions ['ros']
[0.280s] Level 1:colcon.colcon_core.package_identification:_identify(src/depthai-ros/depthai_bridge) by extension 'ros'
[0.282s] DEBUG:colcon.colcon_core.package_identification:Package 'src/depthai-ros/depthai_bridge' with type 'ros.ament_cmake' and name 'depthai_bridge'
[0.282s] Level 1:colcon.colcon_core.package_identification:_identify(src/depthai-ros/depthai_descriptions) by extensions ['ignore', 'ignore_ament_install']
[0.282s] Level 1:colcon.colcon_core.package_identification:_identify(src/depthai-ros/depthai_descriptions) by extension 'ignore'
[0.282s] Level 1:colcon.colcon_core.package_identification:_identify(src/depthai-ros/depthai_descriptions) by extension 'ignore_ament_install'
[0.282s] Level 1:colcon.colcon_core.package_identification:_identify(src/depthai-ros/depthai_descriptions) by extensions ['colcon_pkg']
[0.282s] Level 1:colcon.colcon_core.package_identification:_identify(src/depthai-ros/depthai_descriptions) by extension 'colcon_pkg'
[0.282s] Level 1:colcon.colcon_core.package_identification:_identify(src/depthai-ros/depthai_descriptions) by extensions ['colcon_meta']
[0.282s] Level 1:colcon.colcon_core.package_identification:_identify(src/depthai-ros/depthai_descriptions) by extension 'colcon_meta'
[0.282s] Level 1:colcon.colcon_core.package_identification:_identify(src/depthai-ros/depthai_descriptions) by extensions ['ros']
[0.282s] Level 1:colcon.colcon_core.package_identification:_identify(src/depthai-ros/depthai_descriptions) by extension 'ros'
[0.282s] DEBUG:colcon.colcon_core.package_identification:Package 'src/depthai-ros/depthai_descriptions' with type 'ros.ament_cmake' and name 'depthai_descriptions'
[0.282s] Level 1:colcon.colcon_core.package_identification:_identify(src/depthai-ros/depthai_filters) by extensions ['ignore', 'ignore_ament_install']
[0.283s] Level 1:colcon.colcon_core.package_identification:_identify(src/depthai-ros/depthai_filters) by extension 'ignore'
[0.283s] Level 1:colcon.colcon_core.package_identification:_identify(src/depthai-ros/depthai_filters) by extension 'ignore_ament_install'
[0.283s] Level 1:colcon.colcon_core.package_identification:_identify(src/depthai-ros/depthai_filters) by extensions ['colcon_pkg']
[0.283s] Level 1:colcon.colcon_core.package_identification:_identify(src/depthai-ros/depthai_filters) by extension 'colcon_pkg'
[0.283s] Level 1:colcon.colcon_core.package_identification:_identify(src/depthai-ros/depthai_filters) by extensions ['colcon_meta']
[0.283s] Level 1:colcon.colcon_core.package_identification:_identify(src/depthai-ros/depthai_filters) by extension 'colcon_meta'
[0.283s] Level 1:colcon.colcon_core.package_identification:_identify(src/depthai-ros/depthai_filters) by extensions ['ros']
[0.283s] Level 1:colcon.colcon_core.package_identification:_identify(src/depthai-ros/depthai_filters) by extension 'ros'
[0.284s] DEBUG:colcon.colcon_core.package_identification:Package 'src/depthai-ros/depthai_filters' with type 'ros.ament_cmake' and name 'depthai_filters'
[0.284s] Level 1:colcon.colcon_core.package_identification:_identify(src/depthai-ros/depthai_ros_driver) by extensions ['ignore', 'ignore_ament_install']
[0.284s] Level 1:colcon.colcon_core.package_identification:_identify(src/depthai-ros/depthai_ros_driver) by extension 'ignore'
[0.284s] Level 1:colcon.colcon_core.package_identification:_identify(src/depthai-ros/depthai_ros_driver) by extension 'ignore_ament_install'
[0.284s] Level 1:colcon.colcon_core.package_identification:_identify(src/depthai-ros/depthai_ros_driver) by extensions ['colcon_pkg']
[0.284s] Level 1:colcon.colcon_core.package_identification:_identify(src/depthai-ros/depthai_ros_driver) by extension 'colcon_pkg'
[0.284s] Level 1:colcon.colcon_core.package_identification:_identify(src/depthai-ros/depthai_ros_driver) by extensions ['colcon_meta']
[0.284s] Level 1:colcon.colcon_core.package_identification:_identify(src/depthai-ros/depthai_ros_driver) by extension 'colcon_meta'
[0.284s] Level 1:colcon.colcon_core.package_identification:_identify(src/depthai-ros/depthai_ros_driver) by extensions ['ros']
[0.284s] Level 1:colcon.colcon_core.package_identification:_identify(src/depthai-ros/depthai_ros_driver) by extension 'ros'
[0.285s] DEBUG:colcon.colcon_core.package_identification:Package 'src/depthai-ros/depthai_ros_driver' with type 'ros.ament_cmake' and name 'depthai_ros_driver'
[0.285s] Level 1:colcon.colcon_core.package_identification:_identify(src/depthai-ros/depthai_ros_msgs) by extensions ['ignore', 'ignore_ament_install']
[0.285s] Level 1:colcon.colcon_core.package_identification:_identify(src/depthai-ros/depthai_ros_msgs) by extension 'ignore'
[0.285s] Level 1:colcon.colcon_core.package_identification:_identify(src/depthai-ros/depthai_ros_msgs) by extension 'ignore_ament_install'
[0.285s] Level 1:colcon.colcon_core.package_identification:_identify(src/depthai-ros/depthai_ros_msgs) by extensions ['colcon_pkg']
[0.285s] Level 1:colcon.colcon_core.package_identification:_identify(src/depthai-ros/depthai_ros_msgs) by extension 'colcon_pkg'
[0.285s] Level 1:colcon.colcon_core.package_identification:_identify(src/depthai-ros/depthai_ros_msgs) by extensions ['colcon_meta']
[0.285s] Level 1:colcon.colcon_core.package_identification:_identify(src/depthai-ros/depthai_ros_msgs) by extension 'colcon_meta'
[0.285s] Level 1:colcon.colcon_core.package_identification:_identify(src/depthai-ros/depthai_ros_msgs) by extensions ['ros']
[0.285s] Level 1:colcon.colcon_core.package_identification:_identify(src/depthai-ros/depthai_ros_msgs) by extension 'ros'
[0.286s] DEBUG:colcon.colcon_core.package_identification:Package 'src/depthai-ros/depthai_ros_msgs' with type 'ros.ament_cmake' and name 'depthai_ros_msgs'
[0.286s] Level 1:colcon.colcon_core.package_identification:_identify(src/leoni) by extensions ['ignore', 'ignore_ament_install']
[0.286s] Level 1:colcon.colcon_core.package_identification:_identify(src/leoni) by extension 'ignore'
[0.286s] Level 1:colcon.colcon_core.package_identification:_identify(src/leoni) by extension 'ignore_ament_install'
[0.286s] Level 1:colcon.colcon_core.package_identification:_identify(src/leoni) by extensions ['colcon_pkg']
[0.286s] Level 1:colcon.colcon_core.package_identification:_identify(src/leoni) by extension 'colcon_pkg'
[0.286s] Level 1:colcon.colcon_core.package_identification:_identify(src/leoni) by extensions ['colcon_meta']
[0.286s] Level 1:colcon.colcon_core.package_identification:_identify(src/leoni) by extension 'colcon_meta'
[0.286s] Level 1:colcon.colcon_core.package_identification:_identify(src/leoni) by extensions ['ros']
[0.286s] Level 1:colcon.colcon_core.package_identification:_identify(src/leoni) by extension 'ros'
[0.287s] DEBUG:colcon.colcon_core.package_identification:Package 'src/leoni' with type 'ros.ament_python' and name 'leoni'
[0.287s] Level 1:colcon.colcon_core.package_discovery:discover_packages(recursive) using defaults
[0.287s] Level 1:colcon.colcon_core.package_discovery:discover_packages(ignore) discover
[0.287s] Level 1:colcon.colcon_core.package_discovery:discover_packages(ignore) using defaults
[0.287s] Level 1:colcon.colcon_core.package_discovery:discover_packages(path) discover
[0.287s] Level 1:colcon.colcon_core.package_discovery:discover_packages(path) using defaults
[0.311s] Level 1:colcon.colcon_core.package_discovery:discover_packages(prefix_path) check parameters
[0.311s] Level 1:colcon.colcon_core.package_discovery:discover_packages(prefix_path) discover
[0.314s] DEBUG:colcon.colcon_installed_package_information.package_discovery:Found 365 installed packages in /opt/ros/humble
[0.315s] Level 1:colcon.colcon_core.package_discovery:discover_packages(prefix_path) using defaults
[0.342s] Level 5:colcon.colcon_core.verb:set package 'arldu' build argument 'cmake_args' from command line to 'None'
[0.342s] Level 5:colcon.colcon_core.verb:set package 'arldu' build argument 'cmake_target' from command line to 'None'
[0.342s] Level 5:colcon.colcon_core.verb:set package 'arldu' build argument 'cmake_target_skip_unavailable' from command line to 'False'
[0.342s] Level 5:colcon.colcon_core.verb:set package 'arldu' build argument 'cmake_clean_cache' from command line to 'False'
[0.342s] Level 5:colcon.colcon_core.verb:set package 'arldu' build argument 'cmake_clean_first' from command line to 'False'
[0.342s] Level 5:colcon.colcon_core.verb:set package 'arldu' build argument 'cmake_force_configure' from command line to 'False'
[0.342s] Level 5:colcon.colcon_core.verb:set package 'arldu' build argument 'ament_cmake_args' from command line to 'None'
[0.342s] Level 5:colcon.colcon_core.verb:set package 'arldu' build argument 'catkin_cmake_args' from command line to 'None'
[0.342s] Level 5:colcon.colcon_core.verb:set package 'arldu' build argument 'catkin_skip_building_tests' from command line to 'False'
[0.342s] DEBUG:colcon.colcon_core.verb:Building package 'arldu' with the following arguments: {'ament_cmake_args': None, 'build_base': '/home/leoni/oak_ws/build/arldu', 'catkin_cmake_args': None, 'catkin_skip_building_tests': False, 'cmake_args': None, 'cmake_clean_cache': False, 'cmake_clean_first': False, 'cmake_force_configure': False, 'cmake_target': None, 'cmake_target_skip_unavailable': False, 'install_base': '/home/leoni/oak_ws/install/arldu', 'merge_install': False, 'path': '/home/leoni/oak_ws/src/arldu', 'symlink_install': False, 'test_result_base': None}
[0.342s] Level 5:colcon.colcon_core.verb:set package 'depthai_descriptions' build argument 'cmake_args' from command line to 'None'
[0.342s] Level 5:colcon.colcon_core.verb:set package 'depthai_descriptions' build argument 'cmake_target' from command line to 'None'
[0.342s] Level 5:colcon.colcon_core.verb:set package 'depthai_descriptions' build argument 'cmake_target_skip_unavailable' from command line to 'False'
[0.342s] Level 5:colcon.colcon_core.verb:set package 'depthai_descriptions' build argument 'cmake_clean_cache' from command line to 'False'
[0.342s] Level 5:colcon.colcon_core.verb:set package 'depthai_descriptions' build argument 'cmake_clean_first' from command line to 'False'
[0.342s] Level 5:colcon.colcon_core.verb:set package 'depthai_descriptions' build argument 'cmake_force_configure' from command line to 'False'
[0.342s] Level 5:colcon.colcon_core.verb:set package 'depthai_descriptions' build argument 'ament_cmake_args' from command line to 'None'
[0.342s] Level 5:colcon.colcon_core.verb:set package 'depthai_descriptions' build argument 'catkin_cmake_args' from command line to 'None'
[0.342s] Level 5:colcon.colcon_core.verb:set package 'depthai_descriptions' build argument 'catkin_skip_building_tests' from command line to 'False'
[0.342s] DEBUG:colcon.colcon_core.verb:Building package 'depthai_descriptions' with the following arguments: {'ament_cmake_args': None, 'build_base': '/home/leoni/oak_ws/build/depthai_descriptions', 'catkin_cmake_args': None, 'catkin_skip_building_tests': False, 'cmake_args': None, 'cmake_clean_cache': False, 'cmake_clean_first': False, 'cmake_force_configure': False, 'cmake_target': None, 'cmake_target_skip_unavailable': False, 'install_base': '/home/leoni/oak_ws/install/depthai_descriptions', 'merge_install': False, 'path': '/home/leoni/oak_ws/src/depthai-ros/depthai_descriptions', 'symlink_install': False, 'test_result_base': None}
[0.342s] Level 5:colcon.colcon_core.verb:set package 'depthai_ros_msgs' build argument 'cmake_args' from command line to 'None'
[0.343s] Level 5:colcon.colcon_core.verb:set package 'depthai_ros_msgs' build argument 'cmake_target' from command line to 'None'
[0.343s] Level 5:colcon.colcon_core.verb:set package 'depthai_ros_msgs' build argument 'cmake_target_skip_unavailable' from command line to 'False'
[0.343s] Level 5:colcon.colcon_core.verb:set package 'depthai_ros_msgs' build argument 'cmake_clean_cache' from command line to 'False'
[0.343s] Level 5:colcon.colcon_core.verb:set package 'depthai_ros_msgs' build argument 'cmake_clean_first' from command line to 'False'
[0.343s] Level 5:colcon.colcon_core.verb:set package 'depthai_ros_msgs' build argument 'cmake_force_configure' from command line to 'False'
[0.343s] Level 5:colcon.colcon_core.verb:set package 'depthai_ros_msgs' build argument 'ament_cmake_args' from command line to 'None'
[0.343s] Level 5:colcon.colcon_core.verb:set package 'depthai_ros_msgs' build argument 'catkin_cmake_args' from command line to 'None'
[0.343s] Level 5:colcon.colcon_core.verb:set package 'depthai_ros_msgs' build argument 'catkin_skip_building_tests' from command line to 'False'
[0.343s] DEBUG:colcon.colcon_core.verb:Building package 'depthai_ros_msgs' with the following arguments: {'ament_cmake_args': None, 'build_base': '/home/leoni/oak_ws/build/depthai_ros_msgs', 'catkin_cmake_args': None, 'catkin_skip_building_tests': False, 'cmake_args': None, 'cmake_clean_cache': False, 'cmake_clean_first': False, 'cmake_force_configure': False, 'cmake_target': None, 'cmake_target_skip_unavailable': False, 'install_base': '/home/leoni/oak_ws/install/depthai_ros_msgs', 'merge_install': False, 'path': '/home/leoni/oak_ws/src/depthai-ros/depthai_ros_msgs', 'symlink_install': False, 'test_result_base': None}
[0.343s] Level 5:colcon.colcon_core.verb:set package 'leoni' build argument 'cmake_args' from command line to 'None'
[0.343s] Level 5:colcon.colcon_core.verb:set package 'leoni' build argument 'cmake_target' from command line to 'None'
[0.343s] Level 5:colcon.colcon_core.verb:set package 'leoni' build argument 'cmake_target_skip_unavailable' from command line to 'False'
[0.343s] Level 5:colcon.colcon_core.verb:set package 'leoni' build argument 'cmake_clean_cache' from command line to 'False'
[0.343s] Level 5:colcon.colcon_core.verb:set package 'leoni' build argument 'cmake_clean_first' from command line to 'False'
[0.343s] Level 5:colcon.colcon_core.verb:set package 'leoni' build argument 'cmake_force_configure' from command line to 'False'
[0.343s] Level 5:colcon.colcon_core.verb:set package 'leoni' build argument 'ament_cmake_args' from command line to 'None'
[0.343s] Level 5:colcon.colcon_core.verb:set package 'leoni' build argument 'catkin_cmake_args' from command line to 'None'
[0.343s] Level 5:colcon.colcon_core.verb:set package 'leoni' build argument 'catkin_skip_building_tests' from command line to 'False'
[0.343s] DEBUG:colcon.colcon_core.verb:Building package 'leoni' with the following arguments: {'ament_cmake_args': None, 'build_base': '/home/leoni/oak_ws/build/leoni', 'catkin_cmake_args': None, 'catkin_skip_building_tests': False, 'cmake_args': None, 'cmake_clean_cache': False, 'cmake_clean_first': False, 'cmake_force_configure': False, 'cmake_target': None, 'cmake_target_skip_unavailable': False, 'install_base': '/home/leoni/oak_ws/install/leoni', 'merge_install': False, 'path': '/home/leoni/oak_ws/src/leoni', 'symlink_install': False, 'test_result_base': None}
[0.343s] Level 5:colcon.colcon_core.verb:set package 'depthai_bridge' build argument 'cmake_args' from command line to 'None'
[0.343s] Level 5:colcon.colcon_core.verb:set package 'depthai_bridge' build argument 'cmake_target' from command line to 'None'
[0.343s] Level 5:colcon.colcon_core.verb:set package 'depthai_bridge' build argument 'cmake_target_skip_unavailable' from command line to 'False'
[0.343s] Level 5:colcon.colcon_core.verb:set package 'depthai_bridge' build argument 'cmake_clean_cache' from command line to 'False'
[0.343s] Level 5:colcon.colcon_core.verb:set package 'depthai_bridge' build argument 'cmake_clean_first' from command line to 'False'
[0.343s] Level 5:colcon.colcon_core.verb:set package 'depthai_bridge' build argument 'cmake_force_configure' from command line to 'False'
[0.343s] Level 5:colcon.colcon_core.verb:set package 'depthai_bridge' build argument 'ament_cmake_args' from command line to 'None'
[0.343s] Level 5:colcon.colcon_core.verb:set package 'depthai_bridge' build argument 'catkin_cmake_args' from command line to 'None'
[0.343s] Level 5:colcon.colcon_core.verb:set package 'depthai_bridge' build argument 'catkin_skip_building_tests' from command line to 'False'
[0.343s] DEBUG:colcon.colcon_core.verb:Building package 'depthai_bridge' with the following arguments: {'ament_cmake_args': None, 'build_base': '/home/leoni/oak_ws/build/depthai_bridge', 'catkin_cmake_args': None, 'catkin_skip_building_tests': False, 'cmake_args': None, 'cmake_clean_cache': False, 'cmake_clean_first': False, 'cmake_force_configure': False, 'cmake_target': None, 'cmake_target_skip_unavailable': False, 'install_base': '/home/leoni/oak_ws/install/depthai_bridge', 'merge_install': False, 'path': '/home/leoni/oak_ws/src/depthai-ros/depthai_bridge', 'symlink_install': False, 'test_result_base': None}
[0.343s] Level 5:colcon.colcon_core.verb:set package 'depthai_filters' build argument 'cmake_args' from command line to 'None'
[0.343s] Level 5:colcon.colcon_core.verb:set package 'depthai_filters' build argument 'cmake_target' from command line to 'None'
[0.343s] Level 5:colcon.colcon_core.verb:set package 'depthai_filters' build argument 'cmake_target_skip_unavailable' from command line to 'False'
[0.343s] Level 5:colcon.colcon_core.verb:set package 'depthai_filters' build argument 'cmake_clean_cache' from command line to 'False'
[0.343s] Level 5:colcon.colcon_core.verb:set package 'depthai_filters' build argument 'cmake_clean_first' from command line to 'False'
[0.343s] Level 5:colcon.colcon_core.verb:set package 'depthai_filters' build argument 'cmake_force_configure' from command line to 'False'
[0.344s] Level 5:colcon.colcon_core.verb:set package 'depthai_filters' build argument 'ament_cmake_args' from command line to 'None'
[0.344s] Level 5:colcon.colcon_core.verb:set package 'depthai_filters' build argument 'catkin_cmake_args' from command line to 'None'
[0.344s] Level 5:colcon.colcon_core.verb:set package 'depthai_filters' build argument 'catkin_skip_building_tests' from command line to 'False'
[0.344s] DEBUG:colcon.colcon_core.verb:Building package 'depthai_filters' with the following arguments: {'ament_cmake_args': None, 'build_base': '/home/leoni/oak_ws/build/depthai_filters', 'catkin_cmake_args': None, 'catkin_skip_building_tests': False, 'cmake_args': None, 'cmake_clean_cache': False, 'cmake_clean_first': False, 'cmake_force_configure': False, 'cmake_target': None, 'cmake_target_skip_unavailable': False, 'install_base': '/home/leoni/oak_ws/install/depthai_filters', 'merge_install': False, 'path': '/home/leoni/oak_ws/src/depthai-ros/depthai_filters', 'symlink_install': False, 'test_result_base': None}
[0.344s] Level 5:colcon.colcon_core.verb:set package 'depthai_ros_driver' build argument 'cmake_args' from command line to 'None'
[0.344s] Level 5:colcon.colcon_core.verb:set package 'depthai_ros_driver' build argument 'cmake_target' from command line to 'None'
[0.344s] Level 5:colcon.colcon_core.verb:set package 'depthai_ros_driver' build argument 'cmake_target_skip_unavailable' from command line to 'False'
[0.344s] Level 5:colcon.colcon_core.verb:set package 'depthai_ros_driver' build argument 'cmake_clean_cache' from command line to 'False'
[0.344s] Level 5:colcon.colcon_core.verb:set package 'depthai_ros_driver' build argument 'cmake_clean_first' from command line to 'False'
[0.344s] Level 5:colcon.colcon_core.verb:set package 'depthai_ros_driver' build argument 'cmake_force_configure' from command line to 'False'
[0.344s] Level 5:colcon.colcon_core.verb:set package 'depthai_ros_driver' build argument 'ament_cmake_args' from command line to 'None'
[0.344s] Level 5:colcon.colcon_core.verb:set package 'depthai_ros_driver' build argument 'catkin_cmake_args' from command line to 'None'
[0.344s] Level 5:colcon.colcon_core.verb:set package 'depthai_ros_driver' build argument 'catkin_skip_building_tests' from command line to 'False'
[0.344s] DEBUG:colcon.colcon_core.verb:Building package 'depthai_ros_driver' with the following arguments: {'ament_cmake_args': None, 'build_base': '/home/leoni/oak_ws/build/depthai_ros_driver', 'catkin_cmake_args': None, 'catkin_skip_building_tests': False, 'cmake_args': None, 'cmake_clean_cache': False, 'cmake_clean_first': False, 'cmake_force_configure': False, 'cmake_target': None, 'cmake_target_skip_unavailable': False, 'install_base': '/home/leoni/oak_ws/install/depthai_ros_driver', 'merge_install': False, 'path': '/home/leoni/oak_ws/src/depthai-ros/depthai_ros_driver', 'symlink_install': False, 'test_result_base': None}
[0.344s] Level 5:colcon.colcon_core.verb:set package 'depthai-ros' build argument 'cmake_args' from command line to 'None'
[0.344s] Level 5:colcon.colcon_core.verb:set package 'depthai-ros' build argument 'cmake_target' from command line to 'None'
[0.344s] Level 5:colcon.colcon_core.verb:set package 'depthai-ros' build argument 'cmake_target_skip_unavailable' from command line to 'False'
[0.344s] Level 5:colcon.colcon_core.verb:set package 'depthai-ros' build argument 'cmake_clean_cache' from command line to 'False'
[0.344s] Level 5:colcon.colcon_core.verb:set package 'depthai-ros' build argument 'cmake_clean_first' from command line to 'False'
[0.344s] Level 5:colcon.colcon_core.verb:set package 'depthai-ros' build argument 'cmake_force_configure' from command line to 'False'
[0.344s] Level 5:colcon.colcon_core.verb:set package 'depthai-ros' build argument 'ament_cmake_args' from command line to 'None'
[0.344s] Level 5:colcon.colcon_core.verb:set package 'depthai-ros' build argument 'catkin_cmake_args' from command line to 'None'
[0.344s] Level 5:colcon.colcon_core.verb:set package 'depthai-ros' build argument 'catkin_skip_building_tests' from command line to 'False'
[0.344s] DEBUG:colcon.colcon_core.verb:Building package 'depthai-ros' with the following arguments: {'ament_cmake_args': None, 'build_base': '/home/leoni/oak_ws/build/depthai-ros', 'catkin_cmake_args': None, 'catkin_skip_building_tests': False, 'cmake_args': None, 'cmake_clean_cache': False, 'cmake_clean_first': False, 'cmake_force_configure': False, 'cmake_target': None, 'cmake_target_skip_unavailable': False, 'install_base': '/home/leoni/oak_ws/install/depthai-ros', 'merge_install': False, 'path': '/home/leoni/oak_ws/src/depthai-ros/depthai-ros', 'symlink_install': False, 'test_result_base': None}
[0.344s] INFO:colcon.colcon_core.executor:Executing jobs using 'parallel' executor
[0.345s] DEBUG:colcon.colcon_parallel_executor.executor.parallel:run_until_complete
[0.345s] INFO:colcon.colcon_ros.task.ament_cmake.build:Building ROS package in '/home/leoni/oak_ws/src/depthai-ros/depthai_ros_msgs' with build type 'ament_cmake'
[0.345s] INFO:colcon.colcon_cmake.task.cmake.build:Building CMake package in '/home/leoni/oak_ws/src/depthai-ros/depthai_ros_msgs'
[0.348s] INFO:colcon.colcon_core.plugin_system:Skipping extension 'colcon_core.shell.bat': Not used on non-Windows systems
[0.348s] INFO:colcon.colcon_core.shell:Skip shell extension 'powershell' for command environment: Not usable outside of PowerShell
[0.348s] DEBUG:colcon.colcon_core.shell:Skip shell extension 'dsv' for command environment
[0.350s] INFO:colcon.colcon_ros.task.ament_cmake.build:Building ROS package in '/home/leoni/oak_ws/src/depthai-ros/depthai_descriptions' with build type 'ament_cmake'
[0.350s] INFO:colcon.colcon_cmake.task.cmake.build:Building CMake package in '/home/leoni/oak_ws/src/depthai-ros/depthai_descriptions'
[0.350s] INFO:colcon.colcon_core.shell:Skip shell extension 'powershell' for command environment: Not usable outside of PowerShell
[0.350s] DEBUG:colcon.colcon_core.shell:Skip shell extension 'dsv' for command environment
[0.352s] INFO:colcon.colcon_ros.task.ament_python.build:Building ROS package in '/home/leoni/oak_ws/src/arldu' with build type 'ament_python'
[0.352s] Level 1:colcon.colcon_core.shell:create_environment_hook('arldu', 'ament_prefix_path')
[0.353s] INFO:colcon.colcon_core.shell:Creating environment hook '/home/leoni/oak_ws/install/arldu/share/arldu/hook/ament_prefix_path.ps1'
[0.353s] INFO:colcon.colcon_core.shell:Creating environment descriptor '/home/leoni/oak_ws/install/arldu/share/arldu/hook/ament_prefix_path.dsv'
[0.353s] INFO:colcon.colcon_core.shell:Creating environment hook '/home/leoni/oak_ws/install/arldu/share/arldu/hook/ament_prefix_path.sh'
[0.354s] INFO:colcon.colcon_core.shell:Skip shell extension 'powershell' for command environment: Not usable outside of PowerShell
[0.354s] DEBUG:colcon.colcon_core.shell:Skip shell extension 'dsv' for command environment
[0.356s] INFO:colcon.colcon_ros.task.ament_python.build:Building ROS package in '/home/leoni/oak_ws/src/leoni' with build type 'ament_python'
[0.356s] Level 1:colcon.colcon_core.shell:create_environment_hook('leoni', 'ament_prefix_path')
[0.356s] INFO:colcon.colcon_core.shell:Creating environment hook '/home/leoni/oak_ws/install/leoni/share/leoni/hook/ament_prefix_path.ps1'
[0.356s] INFO:colcon.colcon_core.shell:Creating environment descriptor '/home/leoni/oak_ws/install/leoni/share/leoni/hook/ament_prefix_path.dsv'
[0.357s] INFO:colcon.colcon_core.shell:Creating environment hook '/home/leoni/oak_ws/install/leoni/share/leoni/hook/ament_prefix_path.sh'
[0.357s] INFO:colcon.colcon_core.shell:Skip shell extension 'powershell' for command environment: Not usable outside of PowerShell
[0.357s] DEBUG:colcon.colcon_core.shell:Skip shell extension 'dsv' for command environment
[0.365s] DEBUG:colcon.colcon_core.event_handler.log_command:Invoking command in '/home/leoni/oak_ws/build/depthai_ros_msgs': CMAKE_PREFIX_PATH=/opt/ros/humble /usr/bin/cmake --build /home/leoni/oak_ws/build/depthai_ros_msgs -- -j16 -l16
[0.368s] DEBUG:colcon.colcon_core.event_handler.log_command:Invoking command in '/home/leoni/oak_ws/build/depthai_descriptions': CMAKE_PREFIX_PATH=/opt/ros/humble /usr/bin/cmake --build /home/leoni/oak_ws/build/depthai_descriptions -- -j16 -l16
[0.550s] INFO:colcon.colcon_core.task.python.build:Building Python package in '/home/leoni/oak_ws/src/arldu'
[0.550s] INFO:colcon.colcon_core.shell:Skip shell extension 'powershell' for command environment: Not usable outside of PowerShell
[0.550s] DEBUG:colcon.colcon_core.shell:Skip shell extension 'dsv' for command environment
[0.736s] INFO:colcon.colcon_core.task.python.build:Building Python package in '/home/leoni/oak_ws/src/leoni'
[0.736s] INFO:colcon.colcon_core.shell:Skip shell extension 'powershell' for command environment: Not usable outside of PowerShell
[0.736s] DEBUG:colcon.colcon_core.shell:Skip shell extension 'dsv' for command environment
[0.741s] DEBUG:colcon.colcon_core.event_handler.log_command:Invoked command in '/home/leoni/oak_ws/build/depthai_descriptions' returned '0': CMAKE_PREFIX_PATH=/opt/ros/humble /usr/bin/cmake --build /home/leoni/oak_ws/build/depthai_descriptions -- -j16 -l16
[0.749s] DEBUG:colcon.colcon_core.event_handler.log_command:Invoking command in '/home/leoni/oak_ws/build/depthai_descriptions': CMAKE_PREFIX_PATH=/opt/ros/humble /usr/bin/cmake --install /home/leoni/oak_ws/build/depthai_descriptions
[0.750s] DEBUG:colcon.colcon_core.event_handler.log_command:Invoked command in '/home/leoni/oak_ws/build/depthai_ros_msgs' returned '0': CMAKE_PREFIX_PATH=/opt/ros/humble /usr/bin/cmake --build /home/leoni/oak_ws/build/depthai_ros_msgs -- -j16 -l16
[0.752s] DEBUG:colcon.colcon_core.event_handler.log_command:Invoking command in '/home/leoni/oak_ws/build/depthai_ros_msgs': CMAKE_PREFIX_PATH=/opt/ros/humble /usr/bin/cmake --install /home/leoni/oak_ws/build/depthai_ros_msgs
[0.763s] Level 1:colcon.colcon_core.environment:create_environment_scripts_only(depthai_descriptions)
[0.764s] DEBUG:colcon.colcon_core.event_handler.log_command:Invoked command in '/home/leoni/oak_ws/build/depthai_descriptions' returned '0': CMAKE_PREFIX_PATH=/opt/ros/humble /usr/bin/cmake --install /home/leoni/oak_ws/build/depthai_descriptions
[0.785s] Level 1:colcon.colcon_core.environment:checking '/home/leoni/oak_ws/install/depthai_descriptions' for CMake module files
[0.786s] Level 1:colcon.colcon_core.environment:checking '/home/leoni/oak_ws/install/depthai_descriptions' for CMake config files
[0.786s] Level 1:colcon.colcon_core.shell:create_environment_hook('depthai_descriptions', 'cmake_prefix_path')
[0.786s] INFO:colcon.colcon_core.shell:Creating environment hook '/home/leoni/oak_ws/install/depthai_descriptions/share/depthai_descriptions/hook/cmake_prefix_path.ps1'
[0.787s] INFO:colcon.colcon_core.shell:Creating environment descriptor '/home/leoni/oak_ws/install/depthai_descriptions/share/depthai_descriptions/hook/cmake_prefix_path.dsv'
[0.787s] INFO:colcon.colcon_core.shell:Creating environment hook '/home/leoni/oak_ws/install/depthai_descriptions/share/depthai_descriptions/hook/cmake_prefix_path.sh'
[0.788s] Level 1:colcon.colcon_core.environment:checking '/home/leoni/oak_ws/install/depthai_descriptions/bin'
[0.788s] Level 1:colcon.colcon_core.environment:checking '/home/leoni/oak_ws/install/depthai_descriptions/lib/pkgconfig/depthai_descriptions.pc'
[0.788s] Level 1:colcon.colcon_core.environment:checking '/home/leoni/oak_ws/install/depthai_descriptions/lib/python3.10/site-packages'
[0.788s] Level 1:colcon.colcon_core.environment:checking '/home/leoni/oak_ws/install/depthai_descriptions/bin'
[0.788s] INFO:colcon.colcon_core.shell:Creating package script '/home/leoni/oak_ws/install/depthai_descriptions/share/depthai_descriptions/package.ps1'
[0.789s] INFO:colcon.colcon_core.shell:Creating package descriptor '/home/leoni/oak_ws/install/depthai_descriptions/share/depthai_descriptions/package.dsv'
[0.790s] INFO:colcon.colcon_core.shell:Creating package script '/home/leoni/oak_ws/install/depthai_descriptions/share/depthai_descriptions/package.sh'
[0.791s] INFO:colcon.colcon_core.shell:Creating package script '/home/leoni/oak_ws/install/depthai_descriptions/share/depthai_descriptions/package.bash'
[0.791s] INFO:colcon.colcon_core.shell:Creating package script '/home/leoni/oak_ws/install/depthai_descriptions/share/depthai_descriptions/package.zsh'
[0.792s] Level 1:colcon.colcon_core.environment:create_file_with_runtime_dependencies(/home/leoni/oak_ws/install/depthai_descriptions/share/colcon-core/packages/depthai_descriptions)
[0.793s] Level 1:colcon.colcon_core.environment:create_environment_scripts_only(depthai_descriptions)
[0.793s] Level 1:colcon.colcon_core.environment:checking '/home/leoni/oak_ws/install/depthai_descriptions' for CMake module files
[0.793s] Level 1:colcon.colcon_core.environment:checking '/home/leoni/oak_ws/install/depthai_descriptions' for CMake config files
[0.793s] Level 1:colcon.colcon_core.shell:create_environment_hook('depthai_descriptions', 'cmake_prefix_path')
[0.793s] INFO:colcon.colcon_core.shell:Creating environment hook '/home/leoni/oak_ws/install/depthai_descriptions/share/depthai_descriptions/hook/cmake_prefix_path.ps1'
[0.794s] INFO:colcon.colcon_core.shell:Creating environment descriptor '/home/leoni/oak_ws/install/depthai_descriptions/share/depthai_descriptions/hook/cmake_prefix_path.dsv'
[0.794s] INFO:colcon.colcon_core.shell:Creating environment hook '/home/leoni/oak_ws/install/depthai_descriptions/share/depthai_descriptions/hook/cmake_prefix_path.sh'
[0.794s] Level 1:colcon.colcon_core.environment:checking '/home/leoni/oak_ws/install/depthai_descriptions/bin'
[0.794s] Level 1:colcon.colcon_core.environment:checking '/home/leoni/oak_ws/install/depthai_descriptions/lib/pkgconfig/depthai_descriptions.pc'
[0.795s] Level 1:colcon.colcon_core.environment:checking '/home/leoni/oak_ws/install/depthai_descriptions/lib/python3.10/site-packages'
[0.795s] Level 1:colcon.colcon_core.environment:checking '/home/leoni/oak_ws/install/depthai_descriptions/bin'
[0.795s] INFO:colcon.colcon_core.shell:Creating package script '/home/leoni/oak_ws/install/depthai_descriptions/share/depthai_descriptions/package.ps1'
[0.796s] INFO:colcon.colcon_core.shell:Creating package descriptor '/home/leoni/oak_ws/install/depthai_descriptions/share/depthai_descriptions/package.dsv'
[0.796s] INFO:colcon.colcon_core.shell:Creating package script '/home/leoni/oak_ws/install/depthai_descriptions/share/depthai_descriptions/package.sh'
[0.797s] INFO:colcon.colcon_core.shell:Creating package script '/home/leoni/oak_ws/install/depthai_descriptions/share/depthai_descriptions/package.bash'
[0.797s] INFO:colcon.colcon_core.shell:Creating package script '/home/leoni/oak_ws/install/depthai_descriptions/share/depthai_descriptions/package.zsh'
[0.797s] Level 1:colcon.colcon_core.environment:create_file_with_runtime_dependencies(/home/leoni/oak_ws/install/depthai_descriptions/share/colcon-core/packages/depthai_descriptions)
[0.834s] Level 1:colcon.colcon_core.environment:create_environment_scripts_only(depthai_ros_msgs)
[0.834s] Level 1:colcon.colcon_core.environment:checking '/home/leoni/oak_ws/install/depthai_ros_msgs' for CMake module files
[0.835s] DEBUG:colcon.colcon_core.event_handler.log_command:Invoked command in '/home/leoni/oak_ws/build/depthai_ros_msgs' returned '0': CMAKE_PREFIX_PATH=/opt/ros/humble /usr/bin/cmake --install /home/leoni/oak_ws/build/depthai_ros_msgs
[0.835s] Level 1:colcon.colcon_core.environment:checking '/home/leoni/oak_ws/install/depthai_ros_msgs' for CMake config files
[0.836s] Level 1:colcon.colcon_core.shell:create_environment_hook('depthai_ros_msgs', 'cmake_prefix_path')
[0.836s] INFO:colcon.colcon_core.shell:Creating environment hook '/home/leoni/oak_ws/install/depthai_ros_msgs/share/depthai_ros_msgs/hook/cmake_prefix_path.ps1'
[0.837s] INFO:colcon.colcon_core.shell:Creating environment descriptor '/home/leoni/oak_ws/install/depthai_ros_msgs/share/depthai_ros_msgs/hook/cmake_prefix_path.dsv'
[0.837s] INFO:colcon.colcon_core.shell:Creating environment hook '/home/leoni/oak_ws/install/depthai_ros_msgs/share/depthai_ros_msgs/hook/cmake_prefix_path.sh'
[0.837s] Level 1:colcon.colcon_core.environment:checking '/home/leoni/oak_ws/install/depthai_ros_msgs/lib'
[0.837s] Level 1:colcon.colcon_core.shell:create_environment_hook('depthai_ros_msgs', 'ld_library_path_lib')
[0.838s] INFO:colcon.colcon_core.shell:Creating environment hook '/home/leoni/oak_ws/install/depthai_ros_msgs/share/depthai_ros_msgs/hook/ld_library_path_lib.ps1'
[0.838s] INFO:colcon.colcon_core.shell:Creating environment descriptor '/home/leoni/oak_ws/install/depthai_ros_msgs/share/depthai_ros_msgs/hook/ld_library_path_lib.dsv'
[0.838s] INFO:colcon.colcon_core.shell:Creating environment hook '/home/leoni/oak_ws/install/depthai_ros_msgs/share/depthai_ros_msgs/hook/ld_library_path_lib.sh'
[0.838s] Level 1:colcon.colcon_core.environment:checking '/home/leoni/oak_ws/install/depthai_ros_msgs/bin'
[0.838s] Level 1:colcon.colcon_core.environment:checking '/home/leoni/oak_ws/install/depthai_ros_msgs/lib/pkgconfig/depthai_ros_msgs.pc'
[0.838s] Level 1:colcon.colcon_core.environment:checking '/home/leoni/oak_ws/install/depthai_ros_msgs/lib/python3.10/site-packages'
[0.839s] Level 1:colcon.colcon_core.environment:checking '/home/leoni/oak_ws/install/depthai_ros_msgs/bin'
[0.839s] INFO:colcon.colcon_core.shell:Creating package script '/home/leoni/oak_ws/install/depthai_ros_msgs/share/depthai_ros_msgs/package.ps1'
[0.839s] INFO:colcon.colcon_core.shell:Creating package descriptor '/home/leoni/oak_ws/install/depthai_ros_msgs/share/depthai_ros_msgs/package.dsv'
[0.839s] INFO:colcon.colcon_core.shell:Creating package script '/home/leoni/oak_ws/install/depthai_ros_msgs/share/depthai_ros_msgs/package.sh'
[0.840s] INFO:colcon.colcon_core.shell:Creating package script '/home/leoni/oak_ws/install/depthai_ros_msgs/share/depthai_ros_msgs/package.bash'
[0.840s] INFO:colcon.colcon_core.shell:Creating package script '/home/leoni/oak_ws/install/depthai_ros_msgs/share/depthai_ros_msgs/package.zsh'
[0.840s] Level 1:colcon.colcon_core.environment:create_file_with_runtime_dependencies(/home/leoni/oak_ws/install/depthai_ros_msgs/share/colcon-core/packages/depthai_ros_msgs)
[0.840s] Level 1:colcon.colcon_core.environment:create_environment_scripts_only(depthai_ros_msgs)
[0.841s] Level 1:colcon.colcon_core.environment:checking '/home/leoni/oak_ws/install/depthai_ros_msgs' for CMake module files
[0.841s] Level 1:colcon.colcon_core.environment:checking '/home/leoni/oak_ws/install/depthai_ros_msgs' for CMake config files
[0.841s] Level 1:colcon.colcon_core.shell:create_environment_hook('depthai_ros_msgs', 'cmake_prefix_path')
[0.842s] INFO:colcon.colcon_core.shell:Creating environment hook '/home/leoni/oak_ws/install/depthai_ros_msgs/share/depthai_ros_msgs/hook/cmake_prefix_path.ps1'
[0.842s] INFO:colcon.colcon_core.shell:Creating environment descriptor '/home/leoni/oak_ws/install/depthai_ros_msgs/share/depthai_ros_msgs/hook/cmake_prefix_path.dsv'
[0.842s] INFO:colcon.colcon_core.shell:Creating environment hook '/home/leoni/oak_ws/install/depthai_ros_msgs/share/depthai_ros_msgs/hook/cmake_prefix_path.sh'
[0.842s] Level 1:colcon.colcon_core.environment:checking '/home/leoni/oak_ws/install/depthai_ros_msgs/lib'
[0.842s] Level 1:colcon.colcon_core.shell:create_environment_hook('depthai_ros_msgs', 'ld_library_path_lib')
[0.843s] INFO:colcon.colcon_core.shell:Creating environment hook '/home/leoni/oak_ws/install/depthai_ros_msgs/share/depthai_ros_msgs/hook/ld_library_path_lib.ps1'
[0.843s] INFO:colcon.colcon_core.shell:Creating environment descriptor '/home/leoni/oak_ws/install/depthai_ros_msgs/share/depthai_ros_msgs/hook/ld_library_path_lib.dsv'
[0.843s] INFO:colcon.colcon_core.shell:Creating environment hook '/home/leoni/oak_ws/install/depthai_ros_msgs/share/depthai_ros_msgs/hook/ld_library_path_lib.sh'
[0.843s] Level 1:colcon.colcon_core.environment:checking '/home/leoni/oak_ws/install/depthai_ros_msgs/bin'
[0.843s] Level 1:colcon.colcon_core.environment:checking '/home/leoni/oak_ws/install/depthai_ros_msgs/lib/pkgconfig/depthai_ros_msgs.pc'
[0.843s] Level 1:colcon.colcon_core.environment:checking '/home/leoni/oak_ws/install/depthai_ros_msgs/lib/python3.10/site-packages'
[0.844s] Level 1:colcon.colcon_core.environment:checking '/home/leoni/oak_ws/install/depthai_ros_msgs/bin'
[0.844s] INFO:colcon.colcon_core.shell:Creating package script '/home/leoni/oak_ws/install/depthai_ros_msgs/share/depthai_ros_msgs/package.ps1'
[0.844s] INFO:colcon.colcon_core.shell:Creating package descriptor '/home/leoni/oak_ws/install/depthai_ros_msgs/share/depthai_ros_msgs/package.dsv'
[0.844s] INFO:colcon.colcon_core.shell:Creating package script '/home/leoni/oak_ws/install/depthai_ros_msgs/share/depthai_ros_msgs/package.sh'
[0.845s] INFO:colcon.colcon_core.shell:Creating package script '/home/leoni/oak_ws/install/depthai_ros_msgs/share/depthai_ros_msgs/package.bash'
[0.845s] INFO:colcon.colcon_core.shell:Creating package script '/home/leoni/oak_ws/install/depthai_ros_msgs/share/depthai_ros_msgs/package.zsh'
[0.845s] Level 1:colcon.colcon_core.environment:create_file_with_runtime_dependencies(/home/leoni/oak_ws/install/depthai_ros_msgs/share/colcon-core/packages/depthai_ros_msgs)
[0.846s] INFO:colcon.colcon_ros.task.ament_cmake.build:Building ROS package in '/home/leoni/oak_ws/src/depthai-ros/depthai_bridge' with build type 'ament_cmake'
[0.846s] INFO:colcon.colcon_cmake.task.cmake.build:Building CMake package in '/home/leoni/oak_ws/src/depthai-ros/depthai_bridge'
[0.846s] INFO:colcon.colcon_core.shell:Skip shell extension 'powershell' for command environment: Not usable outside of PowerShell
[0.846s] DEBUG:colcon.colcon_core.shell:Skip shell extension 'dsv' for command environment
[0.848s] INFO:colcon.colcon_ros.task.ament_cmake.build:Building ROS package in '/home/leoni/oak_ws/src/depthai-ros/depthai_filters' with build type 'ament_cmake'
[0.848s] INFO:colcon.colcon_cmake.task.cmake.build:Building CMake package in '/home/leoni/oak_ws/src/depthai-ros/depthai_filters'
[0.848s] INFO:colcon.colcon_core.shell:Skip shell extension 'powershell' for command environment: Not usable outside of PowerShell
[0.848s] DEBUG:colcon.colcon_core.shell:Skip shell extension 'dsv' for command environment
[0.855s] DEBUG:colcon.colcon_core.event_handler.log_command:Invoking command in '/home/leoni/oak_ws/build/depthai_bridge': AMENT_PREFIX_PATH=/home/leoni/oak_ws/install/depthai_ros_msgs:${AMENT_PREFIX_PATH} CMAKE_PREFIX_PATH=/home/leoni/oak_ws/install/depthai_ros_msgs:/opt/ros/humble LD_LIBRARY_PATH=/home/leoni/oak_ws/install/depthai_ros_msgs/lib:${LD_LIBRARY_PATH} PYTHONPATH=/home/leoni/oak_ws/install/depthai_ros_msgs/local/lib/python3.10/dist-packages:${PYTHONPATH} /usr/bin/cmake --build /home/leoni/oak_ws/build/depthai_bridge -- -j16 -l16
[0.857s] DEBUG:colcon.colcon_core.event_handler.log_command:Invoking command in '/home/leoni/oak_ws/build/depthai_filters': AMENT_PREFIX_PATH=/home/leoni/oak_ws/install/depthai_ros_msgs:${AMENT_PREFIX_PATH} CMAKE_PREFIX_PATH=/home/leoni/oak_ws/install/depthai_ros_msgs:/opt/ros/humble LD_LIBRARY_PATH=/home/leoni/oak_ws/install/depthai_ros_msgs/lib:${LD_LIBRARY_PATH} PYTHONPATH=/home/leoni/oak_ws/install/depthai_ros_msgs/local/lib/python3.10/dist-packages:${PYTHONPATH} /usr/bin/cmake --build /home/leoni/oak_ws/build/depthai_filters -- -j16 -l16
[0.945s] DEBUG:colcon.colcon_core.event_handler.log_command:Invoked command in '/home/leoni/oak_ws/build/depthai_filters' returned '0': AMENT_PREFIX_PATH=/home/leoni/oak_ws/install/depthai_ros_msgs:${AMENT_PREFIX_PATH} CMAKE_PREFIX_PATH=/home/leoni/oak_ws/install/depthai_ros_msgs:/opt/ros/humble LD_LIBRARY_PATH=/home/leoni/oak_ws/install/depthai_ros_msgs/lib:${LD_LIBRARY_PATH} PYTHONPATH=/home/leoni/oak_ws/install/depthai_ros_msgs/local/lib/python3.10/dist-packages:${PYTHONPATH} /usr/bin/cmake --build /home/leoni/oak_ws/build/depthai_filters -- -j16 -l16
[0.946s] DEBUG:colcon.colcon_core.event_handler.log_command:Invoking command in '/home/leoni/oak_ws/build/depthai_filters': AMENT_PREFIX_PATH=/home/leoni/oak_ws/install/depthai_ros_msgs:${AMENT_PREFIX_PATH} CMAKE_PREFIX_PATH=/home/leoni/oak_ws/install/depthai_ros_msgs:/opt/ros/humble LD_LIBRARY_PATH=/home/leoni/oak_ws/install/depthai_ros_msgs/lib:${LD_LIBRARY_PATH} PYTHONPATH=/home/leoni/oak_ws/install/depthai_ros_msgs/local/lib/python3.10/dist-packages:${PYTHONPATH} /usr/bin/cmake --install /home/leoni/oak_ws/build/depthai_filters
[0.947s] DEBUG:colcon.colcon_core.event_handler.log_command:Invoked command in '/home/leoni/oak_ws/build/depthai_bridge' returned '0': AMENT_PREFIX_PATH=/home/leoni/oak_ws/install/depthai_ros_msgs:${AMENT_PREFIX_PATH} CMAKE_PREFIX_PATH=/home/leoni/oak_ws/install/depthai_ros_msgs:/opt/ros/humble LD_LIBRARY_PATH=/home/leoni/oak_ws/install/depthai_ros_msgs/lib:${LD_LIBRARY_PATH} PYTHONPATH=/home/leoni/oak_ws/install/depthai_ros_msgs/local/lib/python3.10/dist-packages:${PYTHONPATH} /usr/bin/cmake --build /home/leoni/oak_ws/build/depthai_bridge -- -j16 -l16
[0.949s] DEBUG:colcon.colcon_core.event_handler.log_command:Invoking command in '/home/leoni/oak_ws/build/depthai_bridge': AMENT_PREFIX_PATH=/home/leoni/oak_ws/install/depthai_ros_msgs:${AMENT_PREFIX_PATH} CMAKE_PREFIX_PATH=/home/leoni/oak_ws/install/depthai_ros_msgs:/opt/ros/humble LD_LIBRARY_PATH=/home/leoni/oak_ws/install/depthai_ros_msgs/lib:${LD_LIBRARY_PATH} PYTHONPATH=/home/leoni/oak_ws/install/depthai_ros_msgs/local/lib/python3.10/dist-packages:${PYTHONPATH} /usr/bin/cmake --install /home/leoni/oak_ws/build/depthai_bridge
[0.955s] Level 1:colcon.colcon_core.environment:create_environment_scripts_only(depthai_filters)
[0.956s] Level 1:colcon.colcon_core.environment:checking '/home/leoni/oak_ws/install/depthai_filters' for CMake module files
[0.956s] DEBUG:colcon.colcon_core.event_handler.log_command:Invoked command in '/home/leoni/oak_ws/build/depthai_filters' returned '0': AMENT_PREFIX_PATH=/home/leoni/oak_ws/install/depthai_ros_msgs:${AMENT_PREFIX_PATH} CMAKE_PREFIX_PATH=/home/leoni/oak_ws/install/depthai_ros_msgs:/opt/ros/humble LD_LIBRARY_PATH=/home/leoni/oak_ws/install/depthai_ros_msgs/lib:${LD_LIBRARY_PATH} PYTHONPATH=/home/leoni/oak_ws/install/depthai_ros_msgs/local/lib/python3.10/dist-packages:${PYTHONPATH} /usr/bin/cmake --install /home/leoni/oak_ws/build/depthai_filters
[0.958s] Level 1:colcon.colcon_core.environment:checking '/home/leoni/oak_ws/install/depthai_filters' for CMake config files
[0.959s] Level 1:colcon.colcon_core.shell:create_environment_hook('depthai_filters', 'cmake_prefix_path')
[0.959s] INFO:colcon.colcon_core.shell:Creating environment hook '/home/leoni/oak_ws/install/depthai_filters/share/depthai_filters/hook/cmake_prefix_path.ps1'
[0.959s] INFO:colcon.colcon_core.shell:Creating environment descriptor '/home/leoni/oak_ws/install/depthai_filters/share/depthai_filters/hook/cmake_prefix_path.dsv'
[0.959s] INFO:colcon.colcon_core.shell:Creating environment hook '/home/leoni/oak_ws/install/depthai_filters/share/depthai_filters/hook/cmake_prefix_path.sh'
[0.960s] Level 1:colcon.colcon_core.environment:checking '/home/leoni/oak_ws/install/depthai_filters/lib'
[0.960s] Level 1:colcon.colcon_core.shell:create_environment_hook('depthai_filters', 'ld_library_path_lib')
[0.960s] INFO:colcon.colcon_core.shell:Creating environment hook '/home/leoni/oak_ws/install/depthai_filters/share/depthai_filters/hook/ld_library_path_lib.ps1'
[0.961s] INFO:colcon.colcon_core.shell:Creating environment descriptor '/home/leoni/oak_ws/install/depthai_filters/share/depthai_filters/hook/ld_library_path_lib.dsv'
[0.961s] INFO:colcon.colcon_core.shell:Creating environment hook '/home/leoni/oak_ws/install/depthai_filters/share/depthai_filters/hook/ld_library_path_lib.sh'
[0.962s] Level 1:colcon.colcon_core.environment:checking '/home/leoni/oak_ws/install/depthai_filters/bin'
[0.962s] Level 1:colcon.colcon_core.environment:checking '/home/leoni/oak_ws/install/depthai_filters/lib/pkgconfig/depthai_filters.pc'
[0.962s] Level 1:colcon.colcon_core.environment:checking '/home/leoni/oak_ws/install/depthai_filters/lib/python3.10/site-packages'
[0.962s] Level 1:colcon.colcon_core.environment:checking '/home/leoni/oak_ws/install/depthai_filters/bin'
[0.963s] INFO:colcon.colcon_core.shell:Creating package script '/home/leoni/oak_ws/install/depthai_filters/share/depthai_filters/package.ps1'
[0.963s] INFO:colcon.colcon_core.shell:Creating package descriptor '/home/leoni/oak_ws/install/depthai_filters/share/depthai_filters/package.dsv'
[0.964s] INFO:colcon.colcon_core.shell:Creating package script '/home/leoni/oak_ws/install/depthai_filters/share/depthai_filters/package.sh'
[0.964s] INFO:colcon.colcon_core.shell:Creating package script '/home/leoni/oak_ws/install/depthai_filters/share/depthai_filters/package.bash'
[0.965s] INFO:colcon.colcon_core.shell:Creating package script '/home/leoni/oak_ws/install/depthai_filters/share/depthai_filters/package.zsh'
[0.965s] Level 1:colcon.colcon_core.environment:create_file_with_runtime_dependencies(/home/leoni/oak_ws/install/depthai_filters/share/colcon-core/packages/depthai_filters)
[0.965s] Level 1:colcon.colcon_core.environment:create_environment_scripts_only(depthai_filters)
[0.966s] Level 1:colcon.colcon_core.environment:checking '/home/leoni/oak_ws/install/depthai_filters' for CMake module files
[0.966s] Level 1:colcon.colcon_core.environment:checking '/home/leoni/oak_ws/install/depthai_filters' for CMake config files
[0.967s] Level 1:colcon.colcon_core.shell:create_environment_hook('depthai_filters', 'cmake_prefix_path')
[0.967s] INFO:colcon.colcon_core.shell:Creating environment hook '/home/leoni/oak_ws/install/depthai_filters/share/depthai_filters/hook/cmake_prefix_path.ps1'
[0.968s] INFO:colcon.colcon_core.shell:Creating environment descriptor '/home/leoni/oak_ws/install/depthai_filters/share/depthai_filters/hook/cmake_prefix_path.dsv'
[0.968s] INFO:colcon.colcon_core.shell:Creating environment hook '/home/leoni/oak_ws/install/depthai_filters/share/depthai_filters/hook/cmake_prefix_path.sh'
[0.969s] Level 1:colcon.colcon_core.environment:checking '/home/leoni/oak_ws/install/depthai_filters/lib'
[0.969s] Level 1:colcon.colcon_core.shell:create_environment_hook('depthai_filters', 'ld_library_path_lib')
[0.969s] INFO:colcon.colcon_core.shell:Creating environment hook '/home/leoni/oak_ws/install/depthai_filters/share/depthai_filters/hook/ld_library_path_lib.ps1'
[0.970s] INFO:colcon.colcon_core.shell:Creating environment descriptor '/home/leoni/oak_ws/install/depthai_filters/share/depthai_filters/hook/ld_library_path_lib.dsv'
[0.970s] INFO:colcon.colcon_core.shell:Creating environment hook '/home/leoni/oak_ws/install/depthai_filters/share/depthai_filters/hook/ld_library_path_lib.sh'
[0.971s] Level 1:colcon.colcon_core.environment:checking '/home/leoni/oak_ws/install/depthai_filters/bin'
[0.971s] Level 1:colcon.colcon_core.environment:checking '/home/leoni/oak_ws/install/depthai_filters/lib/pkgconfig/depthai_filters.pc'
[0.971s] Level 1:colcon.colcon_core.environment:checking '/home/leoni/oak_ws/install/depthai_filters/lib/python3.10/site-packages'
[0.971s] Level 1:colcon.colcon_core.environment:checking '/home/leoni/oak_ws/install/depthai_filters/bin'
[0.972s] INFO:colcon.colcon_core.shell:Creating package script '/home/leoni/oak_ws/install/depthai_filters/share/depthai_filters/package.ps1'
[0.972s] INFO:colcon.colcon_core.shell:Creating package descriptor '/home/leoni/oak_ws/install/depthai_filters/share/depthai_filters/package.dsv'
[0.972s] INFO:colcon.colcon_core.shell:Creating package script '/home/leoni/oak_ws/install/depthai_filters/share/depthai_filters/package.sh'
[0.973s] INFO:colcon.colcon_core.shell:Creating package script '/home/leoni/oak_ws/install/depthai_filters/share/depthai_filters/package.bash'
[0.974s] INFO:colcon.colcon_core.shell:Creating package script '/home/leoni/oak_ws/install/depthai_filters/share/depthai_filters/package.zsh'
[0.974s] Level 1:colcon.colcon_core.environment:create_file_with_runtime_dependencies(/home/leoni/oak_ws/install/depthai_filters/share/colcon-core/packages/depthai_filters)
[0.975s] Level 1:colcon.colcon_core.environment:create_environment_scripts_only(depthai_bridge)
[0.976s] Level 1:colcon.colcon_core.environment:checking '/home/leoni/oak_ws/install/depthai_bridge' for CMake module files
[0.976s] DEBUG:colcon.colcon_core.event_handler.log_command:Invoked command in '/home/leoni/oak_ws/build/depthai_bridge' returned '0': AMENT_PREFIX_PATH=/home/leoni/oak_ws/install/depthai_ros_msgs:${AMENT_PREFIX_PATH} CMAKE_PREFIX_PATH=/home/leoni/oak_ws/install/depthai_ros_msgs:/opt/ros/humble LD_LIBRARY_PATH=/home/leoni/oak_ws/install/depthai_ros_msgs/lib:${LD_LIBRARY_PATH} PYTHONPATH=/home/leoni/oak_ws/install/depthai_ros_msgs/local/lib/python3.10/dist-packages:${PYTHONPATH} /usr/bin/cmake --install /home/leoni/oak_ws/build/depthai_bridge
[0.977s] Level 1:colcon.colcon_core.environment:checking '/home/leoni/oak_ws/install/depthai_bridge' for CMake config files
[0.977s] Level 1:colcon.colcon_core.shell:create_environment_hook('depthai_bridge', 'cmake_prefix_path')
[0.977s] INFO:colcon.colcon_core.shell:Creating environment hook '/home/leoni/oak_ws/install/depthai_bridge/share/depthai_bridge/hook/cmake_prefix_path.ps1'
[0.977s] INFO:colcon.colcon_core.shell:Creating environment descriptor '/home/leoni/oak_ws/install/depthai_bridge/share/depthai_bridge/hook/cmake_prefix_path.dsv'
[0.977s] INFO:colcon.colcon_core.shell:Creating environment hook '/home/leoni/oak_ws/install/depthai_bridge/share/depthai_bridge/hook/cmake_prefix_path.sh'
[0.978s] Level 1:colcon.colcon_core.environment:checking '/home/leoni/oak_ws/install/depthai_bridge/lib'
[0.978s] Level 1:colcon.colcon_core.shell:create_environment_hook('depthai_bridge', 'ld_library_path_lib')
[0.978s] INFO:colcon.colcon_core.shell:Creating environment hook '/home/leoni/oak_ws/install/depthai_bridge/share/depthai_bridge/hook/ld_library_path_lib.ps1'
[0.978s] INFO:colcon.colcon_core.shell:Creating environment descriptor '/home/leoni/oak_ws/install/depthai_bridge/share/depthai_bridge/hook/ld_library_path_lib.dsv'
[0.978s] INFO:colcon.colcon_core.shell:Creating environment hook '/home/leoni/oak_ws/install/depthai_bridge/share/depthai_bridge/hook/ld_library_path_lib.sh'
[0.979s] Level 1:colcon.colcon_core.environment:checking '/home/leoni/oak_ws/install/depthai_bridge/bin'
[0.979s] Level 1:colcon.colcon_core.environment:checking '/home/leoni/oak_ws/install/depthai_bridge/lib/pkgconfig/depthai_bridge.pc'
[0.979s] Level 1:colcon.colcon_core.environment:checking '/home/leoni/oak_ws/install/depthai_bridge/lib/python3.10/site-packages'
[0.979s] Level 1:colcon.colcon_core.environment:checking '/home/leoni/oak_ws/install/depthai_bridge/bin'
[0.979s] INFO:colcon.colcon_core.shell:Creating package script '/home/leoni/oak_ws/install/depthai_bridge/share/depthai_bridge/package.ps1'
[0.980s] INFO:colcon.colcon_core.shell:Creating package descriptor '/home/leoni/oak_ws/install/depthai_bridge/share/depthai_bridge/package.dsv'
[0.980s] INFO:colcon.colcon_core.shell:Creating package script '/home/leoni/oak_ws/install/depthai_bridge/share/depthai_bridge/package.sh'
[0.980s] INFO:colcon.colcon_core.shell:Creating package script '/home/leoni/oak_ws/install/depthai_bridge/share/depthai_bridge/package.bash'
[0.980s] INFO:colcon.colcon_core.shell:Creating package script '/home/leoni/oak_ws/install/depthai_bridge/share/depthai_bridge/package.zsh'
[0.981s] Level 1:colcon.colcon_core.environment:create_file_with_runtime_dependencies(/home/leoni/oak_ws/install/depthai_bridge/share/colcon-core/packages/depthai_bridge)
[0.981s] Level 1:colcon.colcon_core.environment:create_environment_scripts_only(depthai_bridge)
[0.981s] Level 1:colcon.colcon_core.environment:checking '/home/leoni/oak_ws/install/depthai_bridge' for CMake module files
[0.981s] Level 1:colcon.colcon_core.environment:checking '/home/leoni/oak_ws/install/depthai_bridge' for CMake config files
[0.981s] Level 1:colcon.colcon_core.shell:create_environment_hook('depthai_bridge', 'cmake_prefix_path')
[0.982s] INFO:colcon.colcon_core.shell:Creating environment hook '/home/leoni/oak_ws/install/depthai_bridge/share/depthai_bridge/hook/cmake_prefix_path.ps1'
[0.982s] INFO:colcon.colcon_core.shell:Creating environment descriptor '/home/leoni/oak_ws/install/depthai_bridge/share/depthai_bridge/hook/cmake_prefix_path.dsv'
[0.982s] INFO:colcon.colcon_core.shell:Creating environment hook '/home/leoni/oak_ws/install/depthai_bridge/share/depthai_bridge/hook/cmake_prefix_path.sh'
[0.982s] Level 1:colcon.colcon_core.environment:checking '/home/leoni/oak_ws/install/depthai_bridge/lib'
[0.983s] Level 1:colcon.colcon_core.shell:create_environment_hook('depthai_bridge', 'ld_library_path_lib')
[0.983s] INFO:colcon.colcon_core.shell:Creating environment hook '/home/leoni/oak_ws/install/depthai_bridge/share/depthai_bridge/hook/ld_library_path_lib.ps1'
[0.983s] INFO:colcon.colcon_core.shell:Creating environment descriptor '/home/leoni/oak_ws/install/depthai_bridge/share/depthai_bridge/hook/ld_library_path_lib.dsv'
[0.983s] INFO:colcon.colcon_core.shell:Creating environment hook '/home/leoni/oak_ws/install/depthai_bridge/share/depthai_bridge/hook/ld_library_path_lib.sh'
[0.983s] Level 1:colcon.colcon_core.environment:checking '/home/leoni/oak_ws/install/depthai_bridge/bin'
[0.983s] Level 1:colcon.colcon_core.environment:checking '/home/leoni/oak_ws/install/depthai_bridge/lib/pkgconfig/depthai_bridge.pc'
[0.984s] Level 1:colcon.colcon_core.environment:checking '/home/leoni/oak_ws/install/depthai_bridge/lib/python3.10/site-packages'
[0.984s] Level 1:colcon.colcon_core.environment:checking '/home/leoni/oak_ws/install/depthai_bridge/bin'
[0.984s] INFO:colcon.colcon_core.shell:Creating package script '/home/leoni/oak_ws/install/depthai_bridge/share/depthai_bridge/package.ps1'
[0.984s] INFO:colcon.colcon_core.shell:Creating package descriptor '/home/leoni/oak_ws/install/depthai_bridge/share/depthai_bridge/package.dsv'
[0.985s] INFO:colcon.colcon_core.shell:Creating package script '/home/leoni/oak_ws/install/depthai_bridge/share/depthai_bridge/package.sh'
[0.985s] INFO:colcon.colcon_core.shell:Creating package script '/home/leoni/oak_ws/install/depthai_bridge/share/depthai_bridge/package.bash'
[0.985s] INFO:colcon.colcon_core.shell:Creating package script '/home/leoni/oak_ws/install/depthai_bridge/share/depthai_bridge/package.zsh'
[0.985s] Level 1:colcon.colcon_core.environment:create_file_with_runtime_dependencies(/home/leoni/oak_ws/install/depthai_bridge/share/colcon-core/packages/depthai_bridge)
[0.986s] INFO:colcon.colcon_ros.task.ament_cmake.build:Building ROS package in '/home/leoni/oak_ws/src/depthai-ros/depthai_ros_driver' with build type 'ament_cmake'
[0.986s] INFO:colcon.colcon_cmake.task.cmake.build:Building CMake package in '/home/leoni/oak_ws/src/depthai-ros/depthai_ros_driver'
[0.986s] INFO:colcon.colcon_core.shell:Skip shell extension 'powershell' for command environment: Not usable outside of PowerShell
[0.986s] DEBUG:colcon.colcon_core.shell:Skip shell extension 'dsv' for command environment
[1.001s] DEBUG:colcon.colcon_core.event_handler.log_command:Invoking command in '/home/leoni/oak_ws/build/depthai_ros_driver': AMENT_PREFIX_PATH=/home/leoni/oak_ws/install/depthai_bridge:/home/leoni/oak_ws/install/depthai_ros_msgs:/home/leoni/oak_ws/install/depthai_descriptions:${AMENT_PREFIX_PATH} CMAKE_PREFIX_PATH=/home/leoni/oak_ws/install/depthai_bridge:/home/leoni/oak_ws/install/depthai_ros_msgs:/home/leoni/oak_ws/install/depthai_descriptions:/opt/ros/humble GAZEBO_MODEL_PATH=/home/leoni/oak_ws/install/depthai_descriptions GAZEBO_RESOURCE_PATH=/home/leoni/oak_ws/install/depthai_descriptions IGN_GAZEBO_MODEL_PATH=/home/leoni/oak_ws/install/depthai_descriptions IGN_GAZEBO_RESOURCE_PATH=/home/leoni/oak_ws/install/depthai_descriptions LD_LIBRARY_PATH=/home/leoni/oak_ws/install/depthai_bridge/lib:/home/leoni/oak_ws/install/depthai_ros_msgs/lib:${LD_LIBRARY_PATH} PYTHONPATH=/home/leoni/oak_ws/install/depthai_ros_msgs/local/lib/python3.10/dist-packages:${PYTHONPATH} /usr/bin/cmake --build /home/leoni/oak_ws/build/depthai_ros_driver -- -j16 -l16
[1.083s] DEBUG:colcon.colcon_core.event_handler.log_command:Invoking command in '/home/leoni/oak_ws/src/leoni': PYTHONPATH=/home/leoni/oak_ws/build/leoni/prefix_override:/usr/lib/python3/dist-packages/colcon_core/task/python/colcon_distutils_commands:/home/leoni/oak_ws/install/leoni/lib/python3.10/site-packages:${PYTHONPATH} /usr/bin/python3 -W ignore:setup.py install is deprecated -W ignore:easy_install command is deprecated setup.py egg_info --egg-base ../../build/leoni build --build-base /home/leoni/oak_ws/build/leoni/build install --record /home/leoni/oak_ws/build/leoni/install.log --single-version-externally-managed install_data
[1.084s] DEBUG:colcon.colcon_core.event_handler.log_command:Invoking command in '/home/leoni/oak_ws/src/arldu': PYTHONPATH=/home/leoni/oak_ws/build/arldu/prefix_override:/usr/lib/python3/dist-packages/colcon_core/task/python/colcon_distutils_commands:/home/leoni/oak_ws/install/arldu/lib/python3.10/site-packages:${PYTHONPATH} /usr/bin/python3 -W ignore:setup.py install is deprecated -W ignore:easy_install command is deprecated setup.py egg_info --egg-base ../../build/arldu build --build-base /home/leoni/oak_ws/build/arldu/build install --record /home/leoni/oak_ws/build/arldu/install.log --single-version-externally-managed install_data
[1.266s] DEBUG:colcon.colcon_core.event_handler.log_command:Invoked command in '/home/leoni/oak_ws/build/depthai_ros_driver' returned '0': AMENT_PREFIX_PATH=/home/leoni/oak_ws/install/depthai_bridge:/home/leoni/oak_ws/install/depthai_ros_msgs:/home/leoni/oak_ws/install/depthai_descriptions:${AMENT_PREFIX_PATH} CMAKE_PREFIX_PATH=/home/leoni/oak_ws/install/depthai_bridge:/home/leoni/oak_ws/install/depthai_ros_msgs:/home/leoni/oak_ws/install/depthai_descriptions:/opt/ros/humble GAZEBO_MODEL_PATH=/home/leoni/oak_ws/install/depthai_descriptions GAZEBO_RESOURCE_PATH=/home/leoni/oak_ws/install/depthai_descriptions IGN_GAZEBO_MODEL_PATH=/home/leoni/oak_ws/install/depthai_descriptions IGN_GAZEBO_RESOURCE_PATH=/home/leoni/oak_ws/install/depthai_descriptions LD_LIBRARY_PATH=/home/leoni/oak_ws/install/depthai_bridge/lib:/home/leoni/oak_ws/install/depthai_ros_msgs/lib:${LD_LIBRARY_PATH} PYTHONPATH=/home/leoni/oak_ws/install/depthai_ros_msgs/local/lib/python3.10/dist-packages:${PYTHONPATH} /usr/bin/cmake --build /home/leoni/oak_ws/build/depthai_ros_driver -- -j16 -l16
[1.267s] DEBUG:colcon.colcon_core.event_handler.log_command:Invoking command in '/home/leoni/oak_ws/build/depthai_ros_driver': AMENT_PREFIX_PATH=/home/leoni/oak_ws/install/depthai_bridge:/home/leoni/oak_ws/install/depthai_ros_msgs:/home/leoni/oak_ws/install/depthai_descriptions:${AMENT_PREFIX_PATH} CMAKE_PREFIX_PATH=/home/leoni/oak_ws/install/depthai_bridge:/home/leoni/oak_ws/install/depthai_ros_msgs:/home/leoni/oak_ws/install/depthai_descriptions:/opt/ros/humble GAZEBO_MODEL_PATH=/home/leoni/oak_ws/install/depthai_descriptions GAZEBO_RESOURCE_PATH=/home/leoni/oak_ws/install/depthai_descriptions IGN_GAZEBO_MODEL_PATH=/home/leoni/oak_ws/install/depthai_descriptions IGN_GAZEBO_RESOURCE_PATH=/home/leoni/oak_ws/install/depthai_descriptions LD_LIBRARY_PATH=/home/leoni/oak_ws/install/depthai_bridge/lib:/home/leoni/oak_ws/install/depthai_ros_msgs/lib:${LD_LIBRARY_PATH} PYTHONPATH=/home/leoni/oak_ws/install/depthai_ros_msgs/local/lib/python3.10/dist-packages:${PYTHONPATH} /usr/bin/cmake --install /home/leoni/oak_ws/build/depthai_ros_driver
[1.323s] Level 1:colcon.colcon_core.environment:checking '/home/leoni/oak_ws/install/leoni' for CMake module files
[1.325s] DEBUG:colcon.colcon_core.event_handler.log_command:Invoked command in '/home/leoni/oak_ws/src/leoni' returned '0': PYTHONPATH=/home/leoni/oak_ws/build/leoni/prefix_override:/usr/lib/python3/dist-packages/colcon_core/task/python/colcon_distutils_commands:/home/leoni/oak_ws/install/leoni/lib/python3.10/site-packages:${PYTHONPATH} /usr/bin/python3 -W ignore:setup.py install is deprecated -W ignore:easy_install command is deprecated setup.py egg_info --egg-base ../../build/leoni build --build-base /home/leoni/oak_ws/build/leoni/build install --record /home/leoni/oak_ws/build/leoni/install.log --single-version-externally-managed install_data
[1.325s] Level 1:colcon.colcon_core.environment:checking '/home/leoni/oak_ws/install/leoni' for CMake config files
[1.326s] Level 1:colcon.colcon_core.environment:checking '/home/leoni/oak_ws/install/leoni/lib'
[1.326s] Level 1:colcon.colcon_core.environment:checking '/home/leoni/oak_ws/install/leoni/bin'
[1.326s] Level 1:colcon.colcon_core.environment:checking '/home/leoni/oak_ws/install/leoni/lib/pkgconfig/leoni.pc'
[1.326s] Level 1:colcon.colcon_core.environment:checking '/home/leoni/oak_ws/install/leoni/lib/python3.10/site-packages'
[1.326s] Level 1:colcon.colcon_core.shell:create_environment_hook('leoni', 'pythonpath')
[1.326s] INFO:colcon.colcon_core.shell:Creating environment hook '/home/leoni/oak_ws/install/leoni/share/leoni/hook/pythonpath.ps1'
[1.327s] INFO:colcon.colcon_core.shell:Creating environment descriptor '/home/leoni/oak_ws/install/leoni/share/leoni/hook/pythonpath.dsv'
[1.327s] INFO:colcon.colcon_core.shell:Creating environment hook '/home/leoni/oak_ws/install/leoni/share/leoni/hook/pythonpath.sh'
[1.327s] Level 1:colcon.colcon_core.environment:checking '/home/leoni/oak_ws/install/leoni/bin'
[1.328s] Level 1:colcon.colcon_core.environment:create_environment_scripts_only(leoni)
[1.328s] INFO:colcon.colcon_core.shell:Creating package script '/home/leoni/oak_ws/install/leoni/share/leoni/package.ps1'
[1.328s] INFO:colcon.colcon_core.shell:Creating package descriptor '/home/leoni/oak_ws/install/leoni/share/leoni/package.dsv'
[1.328s] INFO:colcon.colcon_core.shell:Creating package script '/home/leoni/oak_ws/install/leoni/share/leoni/package.sh'
[1.329s] INFO:colcon.colcon_core.shell:Creating package script '/home/leoni/oak_ws/install/leoni/share/leoni/package.bash'
[1.329s] INFO:colcon.colcon_core.shell:Creating package script '/home/leoni/oak_ws/install/leoni/share/leoni/package.zsh'
[1.329s] Level 1:colcon.colcon_core.environment:create_file_with_runtime_dependencies(/home/leoni/oak_ws/install/leoni/share/colcon-core/packages/leoni)
[1.329s] Level 1:colcon.colcon_core.environment:create_environment_scripts_only(depthai_ros_driver)
[1.330s] Level 1:colcon.colcon_core.environment:checking '/home/leoni/oak_ws/install/depthai_ros_driver' for CMake module files
[1.330s] DEBUG:colcon.colcon_core.event_handler.log_command:Invoked command in '/home/leoni/oak_ws/build/depthai_ros_driver' returned '0': AMENT_PREFIX_PATH=/home/leoni/oak_ws/install/depthai_bridge:/home/leoni/oak_ws/install/depthai_ros_msgs:/home/leoni/oak_ws/install/depthai_descriptions:${AMENT_PREFIX_PATH} CMAKE_PREFIX_PATH=/home/leoni/oak_ws/install/depthai_bridge:/home/leoni/oak_ws/install/depthai_ros_msgs:/home/leoni/oak_ws/install/depthai_descriptions:/opt/ros/humble GAZEBO_MODEL_PATH=/home/leoni/oak_ws/install/depthai_descriptions GAZEBO_RESOURCE_PATH=/home/leoni/oak_ws/install/depthai_descriptions IGN_GAZEBO_MODEL_PATH=/home/leoni/oak_ws/install/depthai_descriptions IGN_GAZEBO_RESOURCE_PATH=/home/leoni/oak_ws/install/depthai_descriptions LD_LIBRARY_PATH=/home/leoni/oak_ws/install/depthai_bridge/lib:/home/leoni/oak_ws/install/depthai_ros_msgs/lib:${LD_LIBRARY_PATH} PYTHONPATH=/home/leoni/oak_ws/install/depthai_ros_msgs/local/lib/python3.10/dist-packages:${PYTHONPATH} /usr/bin/cmake --install /home/leoni/oak_ws/build/depthai_ros_driver
[1.331s] Level 1:colcon.colcon_core.environment:checking '/home/leoni/oak_ws/install/depthai_ros_driver' for CMake config files
[1.331s] Level 1:colcon.colcon_core.shell:create_environment_hook('depthai_ros_driver', 'cmake_prefix_path')
[1.331s] INFO:colcon.colcon_core.shell:Creating environment hook '/home/leoni/oak_ws/install/depthai_ros_driver/share/depthai_ros_driver/hook/cmake_prefix_path.ps1'
[1.331s] INFO:colcon.colcon_core.shell:Creating environment descriptor '/home/leoni/oak_ws/install/depthai_ros_driver/share/depthai_ros_driver/hook/cmake_prefix_path.dsv'
[1.332s] INFO:colcon.colcon_core.shell:Creating environment hook '/home/leoni/oak_ws/install/depthai_ros_driver/share/depthai_ros_driver/hook/cmake_prefix_path.sh'
[1.332s] Level 1:colcon.colcon_core.environment:checking '/home/leoni/oak_ws/install/depthai_ros_driver/lib'
[1.332s] Level 1:colcon.colcon_core.shell:create_environment_hook('depthai_ros_driver', 'ld_library_path_lib')
[1.332s] INFO:colcon.colcon_core.shell:Creating environment hook '/home/leoni/oak_ws/install/depthai_ros_driver/share/depthai_ros_driver/hook/ld_library_path_lib.ps1'
[1.333s] INFO:colcon.colcon_core.shell:Creating environment descriptor '/home/leoni/oak_ws/install/depthai_ros_driver/share/depthai_ros_driver/hook/ld_library_path_lib.dsv'
[1.333s] INFO:colcon.colcon_core.shell:Creating environment hook '/home/leoni/oak_ws/install/depthai_ros_driver/share/depthai_ros_driver/hook/ld_library_path_lib.sh'
[1.333s] Level 1:colcon.colcon_core.environment:checking '/home/leoni/oak_ws/install/depthai_ros_driver/bin'
[1.333s] Level 1:colcon.colcon_core.environment:checking '/home/leoni/oak_ws/install/depthai_ros_driver/lib/pkgconfig/depthai_ros_driver.pc'
[1.334s] Level 1:colcon.colcon_core.environment:checking '/home/leoni/oak_ws/install/depthai_ros_driver/lib/python3.10/site-packages'
[1.334s] Level 1:colcon.colcon_core.environment:checking '/home/leoni/oak_ws/install/depthai_ros_driver/bin'
[1.334s] INFO:colcon.colcon_core.shell:Creating package script '/home/leoni/oak_ws/install/depthai_ros_driver/share/depthai_ros_driver/package.ps1'
[1.334s] INFO:colcon.colcon_core.shell:Creating package descriptor '/home/leoni/oak_ws/install/depthai_ros_driver/share/depthai_ros_driver/package.dsv'
[1.334s] INFO:colcon.colcon_core.shell:Creating package script '/home/leoni/oak_ws/install/depthai_ros_driver/share/depthai_ros_driver/package.sh'
[1.335s] INFO:colcon.colcon_core.shell:Creating package script '/home/leoni/oak_ws/install/depthai_ros_driver/share/depthai_ros_driver/package.bash'
[1.335s] INFO:colcon.colcon_core.shell:Creating package script '/home/leoni/oak_ws/install/depthai_ros_driver/share/depthai_ros_driver/package.zsh'
[1.335s] Level 1:colcon.colcon_core.environment:create_file_with_runtime_dependencies(/home/leoni/oak_ws/install/depthai_ros_driver/share/colcon-core/packages/depthai_ros_driver)
[1.336s] Level 1:colcon.colcon_core.environment:create_environment_scripts_only(depthai_ros_driver)
[1.336s] Level 1:colcon.colcon_core.environment:checking '/home/leoni/oak_ws/install/depthai_ros_driver' for CMake module files
[1.336s] Level 1:colcon.colcon_core.environment:checking '/home/leoni/oak_ws/install/depthai_ros_driver' for CMake config files
[1.337s] Level 1:colcon.colcon_core.shell:create_environment_hook('depthai_ros_driver', 'cmake_prefix_path')
[1.337s] INFO:colcon.colcon_core.shell:Creating environment hook '/home/leoni/oak_ws/install/depthai_ros_driver/share/depthai_ros_driver/hook/cmake_prefix_path.ps1'
[1.337s] INFO:colcon.colcon_core.shell:Creating environment descriptor '/home/leoni/oak_ws/install/depthai_ros_driver/share/depthai_ros_driver/hook/cmake_prefix_path.dsv'
[1.337s] INFO:colcon.colcon_core.shell:Creating environment hook '/home/leoni/oak_ws/install/depthai_ros_driver/share/depthai_ros_driver/hook/cmake_prefix_path.sh'
[1.338s] Level 1:colcon.colcon_core.environment:checking '/home/leoni/oak_ws/install/depthai_ros_driver/lib'
[1.338s] Level 1:colcon.colcon_core.shell:create_environment_hook('depthai_ros_driver', 'ld_library_path_lib')
[1.338s] INFO:colcon.colcon_core.shell:Creating environment hook '/home/leoni/oak_ws/install/depthai_ros_driver/share/depthai_ros_driver/hook/ld_library_path_lib.ps1'
[1.338s] INFO:colcon.colcon_core.shell:Creating environment descriptor '/home/leoni/oak_ws/install/depthai_ros_driver/share/depthai_ros_driver/hook/ld_library_path_lib.dsv'
[1.339s] INFO:colcon.colcon_core.shell:Creating environment hook '/home/leoni/oak_ws/install/depthai_ros_driver/share/depthai_ros_driver/hook/ld_library_path_lib.sh'
[1.339s] Level 1:colcon.colcon_core.environment:checking '/home/leoni/oak_ws/install/depthai_ros_driver/bin'
[1.339s] Level 1:colcon.colcon_core.environment:checking '/home/leoni/oak_ws/install/depthai_ros_driver/lib/pkgconfig/depthai_ros_driver.pc'
[1.339s] Level 1:colcon.colcon_core.environment:checking '/home/leoni/oak_ws/install/depthai_ros_driver/lib/python3.10/site-packages'
[1.339s] Level 1:colcon.colcon_core.environment:checking '/home/leoni/oak_ws/install/depthai_ros_driver/bin'
[1.340s] INFO:colcon.colcon_core.shell:Creating package script '/home/leoni/oak_ws/install/depthai_ros_driver/share/depthai_ros_driver/package.ps1'
[1.340s] INFO:colcon.colcon_core.shell:Creating package descriptor '/home/leoni/oak_ws/install/depthai_ros_driver/share/depthai_ros_driver/package.dsv'
[1.341s] INFO:colcon.colcon_core.shell:Creating package script '/home/leoni/oak_ws/install/depthai_ros_driver/share/depthai_ros_driver/package.sh'
[1.341s] INFO:colcon.colcon_core.shell:Creating package script '/home/leoni/oak_ws/install/depthai_ros_driver/share/depthai_ros_driver/package.bash'
[1.342s] INFO:colcon.colcon_core.shell:Creating package script '/home/leoni/oak_ws/install/depthai_ros_driver/share/depthai_ros_driver/package.zsh'
[1.342s] Level 1:colcon.colcon_core.environment:create_file_with_runtime_dependencies(/home/leoni/oak_ws/install/depthai_ros_driver/share/colcon-core/packages/depthai_ros_driver)
[1.343s] INFO:colcon.colcon_ros.task.ament_cmake.build:Building ROS package in '/home/leoni/oak_ws/src/depthai-ros/depthai-ros' with build type 'ament_cmake'
[1.343s] INFO:colcon.colcon_cmake.task.cmake.build:Building CMake package in '/home/leoni/oak_ws/src/depthai-ros/depthai-ros'
[1.343s] INFO:colcon.colcon_core.shell:Skip shell extension 'powershell' for command environment: Not usable outside of PowerShell
[1.343s] DEBUG:colcon.colcon_core.shell:Skip shell extension 'dsv' for command environment
[1.349s] Level 1:colcon.colcon_core.environment:checking '/home/leoni/oak_ws/install/arldu' for CMake module files
[1.350s] Level 1:colcon.colcon_core.environment:checking '/home/leoni/oak_ws/install/arldu' for CMake config files
[1.351s] Level 1:colcon.colcon_core.environment:checking '/home/leoni/oak_ws/install/arldu/lib'
[1.351s] Level 1:colcon.colcon_core.environment:checking '/home/leoni/oak_ws/install/arldu/bin'
[1.351s] Level 1:colcon.colcon_core.environment:checking '/home/leoni/oak_ws/install/arldu/lib/pkgconfig/arldu.pc'
[1.351s] Level 1:colcon.colcon_core.environment:checking '/home/leoni/oak_ws/install/arldu/lib/python3.10/site-packages'
[1.351s] Level 1:colcon.colcon_core.shell:create_environment_hook('arldu', 'pythonpath')
[1.351s] INFO:colcon.colcon_core.shell:Creating environment hook '/home/leoni/oak_ws/install/arldu/share/arldu/hook/pythonpath.ps1'
[1.352s] INFO:colcon.colcon_core.shell:Creating environment descriptor '/home/leoni/oak_ws/install/arldu/share/arldu/hook/pythonpath.dsv'
[1.352s] INFO:colcon.colcon_core.shell:Creating environment hook '/home/leoni/oak_ws/install/arldu/share/arldu/hook/pythonpath.sh'
[1.353s] Level 1:colcon.colcon_core.environment:checking '/home/leoni/oak_ws/install/arldu/bin'
[1.353s] Level 1:colcon.colcon_core.environment:create_environment_scripts_only(arldu)
[1.353s] INFO:colcon.colcon_core.shell:Creating package script '/home/leoni/oak_ws/install/arldu/share/arldu/package.ps1'
[1.354s] DEBUG:colcon.colcon_core.event_handler.log_command:Invoked command in '/home/leoni/oak_ws/src/arldu' returned '0': PYTHONPATH=/home/leoni/oak_ws/build/arldu/prefix_override:/usr/lib/python3/dist-packages/colcon_core/task/python/colcon_distutils_commands:/home/leoni/oak_ws/install/arldu/lib/python3.10/site-packages:${PYTHONPATH} /usr/bin/python3 -W ignore:setup.py install is deprecated -W ignore:easy_install command is deprecated setup.py egg_info --egg-base ../../build/arldu build --build-base /home/leoni/oak_ws/build/arldu/build install --record /home/leoni/oak_ws/build/arldu/install.log --single-version-externally-managed install_data
[1.354s] INFO:colcon.colcon_core.shell:Creating package descriptor '/home/leoni/oak_ws/install/arldu/share/arldu/package.dsv'
[1.355s] INFO:colcon.colcon_core.shell:Creating package script '/home/leoni/oak_ws/install/arldu/share/arldu/package.sh'
[1.356s] INFO:colcon.colcon_core.shell:Creating package script '/home/leoni/oak_ws/install/arldu/share/arldu/package.bash'
[1.356s] INFO:colcon.colcon_core.shell:Creating package script '/home/leoni/oak_ws/install/arldu/share/arldu/package.zsh'
[1.356s] Level 1:colcon.colcon_core.environment:create_file_with_runtime_dependencies(/home/leoni/oak_ws/install/arldu/share/colcon-core/packages/arldu)
[1.366s] DEBUG:colcon.colcon_core.event_handler.log_command:Invoking command in '/home/leoni/oak_ws/build/depthai-ros': AMENT_PREFIX_PATH=/home/leoni/oak_ws/install/depthai_ros_driver:/home/leoni/oak_ws/install/depthai_filters:/home/leoni/oak_ws/install/depthai_bridge:/home/leoni/oak_ws/install/depthai_ros_msgs:/home/leoni/oak_ws/install/depthai_descriptions:${AMENT_PREFIX_PATH} CMAKE_PREFIX_PATH=/home/leoni/oak_ws/install/depthai_ros_driver:/home/leoni/oak_ws/install/depthai_filters:/home/leoni/oak_ws/install/depthai_bridge:/home/leoni/oak_ws/install/depthai_ros_msgs:/home/leoni/oak_ws/install/depthai_descriptions:/opt/ros/humble GAZEBO_MODEL_PATH=/home/leoni/oak_ws/install/depthai_descriptions GAZEBO_RESOURCE_PATH=/home/leoni/oak_ws/install/depthai_descriptions IGN_GAZEBO_MODEL_PATH=/home/leoni/oak_ws/install/depthai_descriptions IGN_GAZEBO_RESOURCE_PATH=/home/leoni/oak_ws/install/depthai_descriptions LD_LIBRARY_PATH=/home/leoni/oak_ws/install/depthai_ros_driver/lib:/home/leoni/oak_ws/install/depthai_filters/lib:/home/leoni/oak_ws/install/depthai_bridge/lib:/home/leoni/oak_ws/install/depthai_ros_msgs/lib:${LD_LIBRARY_PATH} PYTHONPATH=/home/leoni/oak_ws/install/depthai_ros_driver/local/lib/python3.10/dist-packages:/home/leoni/oak_ws/install/depthai_ros_msgs/local/lib/python3.10/dist-packages:${PYTHONPATH} /usr/bin/cmake --build /home/leoni/oak_ws/build/depthai-ros -- -j16 -l16
[1.402s] DEBUG:colcon.colcon_core.event_handler.log_command:Invoked command in '/home/leoni/oak_ws/build/depthai-ros' returned '0': AMENT_PREFIX_PATH=/home/leoni/oak_ws/install/depthai_ros_driver:/home/leoni/oak_ws/install/depthai_filters:/home/leoni/oak_ws/install/depthai_bridge:/home/leoni/oak_ws/install/depthai_ros_msgs:/home/leoni/oak_ws/install/depthai_descriptions:${AMENT_PREFIX_PATH} CMAKE_PREFIX_PATH=/home/leoni/oak_ws/install/depthai_ros_driver:/home/leoni/oak_ws/install/depthai_filters:/home/leoni/oak_ws/install/depthai_bridge:/home/leoni/oak_ws/install/depthai_ros_msgs:/home/leoni/oak_ws/install/depthai_descriptions:/opt/ros/humble GAZEBO_MODEL_PATH=/home/leoni/oak_ws/install/depthai_descriptions GAZEBO_RESOURCE_PATH=/home/leoni/oak_ws/install/depthai_descriptions IGN_GAZEBO_MODEL_PATH=/home/leoni/oak_ws/install/depthai_descriptions IGN_GAZEBO_RESOURCE_PATH=/home/leoni/oak_ws/install/depthai_descriptions LD_LIBRARY_PATH=/home/leoni/oak_ws/install/depthai_ros_driver/lib:/home/leoni/oak_ws/install/depthai_filters/lib:/home/leoni/oak_ws/install/depthai_bridge/lib:/home/leoni/oak_ws/install/depthai_ros_msgs/lib:${LD_LIBRARY_PATH} PYTHONPATH=/home/leoni/oak_ws/install/depthai_ros_driver/local/lib/python3.10/dist-packages:/home/leoni/oak_ws/install/depthai_ros_msgs/local/lib/python3.10/dist-packages:${PYTHONPATH} /usr/bin/cmake --build /home/leoni/oak_ws/build/depthai-ros -- -j16 -l16
[1.404s] DEBUG:colcon.colcon_core.event_handler.log_command:Invoking command in '/home/leoni/oak_ws/build/depthai-ros': AMENT_PREFIX_PATH=/home/leoni/oak_ws/install/depthai_ros_driver:/home/leoni/oak_ws/install/depthai_filters:/home/leoni/oak_ws/install/depthai_bridge:/home/leoni/oak_ws/install/depthai_ros_msgs:/home/leoni/oak_ws/install/depthai_descriptions:${AMENT_PREFIX_PATH} CMAKE_PREFIX_PATH=/home/leoni/oak_ws/install/depthai_ros_driver:/home/leoni/oak_ws/install/depthai_filters:/home/leoni/oak_ws/install/depthai_bridge:/home/leoni/oak_ws/install/depthai_ros_msgs:/home/leoni/oak_ws/install/depthai_descriptions:/opt/ros/humble GAZEBO_MODEL_PATH=/home/leoni/oak_ws/install/depthai_descriptions GAZEBO_RESOURCE_PATH=/home/leoni/oak_ws/install/depthai_descriptions IGN_GAZEBO_MODEL_PATH=/home/leoni/oak_ws/install/depthai_descriptions IGN_GAZEBO_RESOURCE_PATH=/home/leoni/oak_ws/install/depthai_descriptions LD_LIBRARY_PATH=/home/leoni/oak_ws/install/depthai_ros_driver/lib:/home/leoni/oak_ws/install/depthai_filters/lib:/home/leoni/oak_ws/install/depthai_bridge/lib:/home/leoni/oak_ws/install/depthai_ros_msgs/lib:${LD_LIBRARY_PATH} PYTHONPATH=/home/leoni/oak_ws/install/depthai_ros_driver/local/lib/python3.10/dist-packages:/home/leoni/oak_ws/install/depthai_ros_msgs/local/lib/python3.10/dist-packages:${PYTHONPATH} /usr/bin/cmake --install /home/leoni/oak_ws/build/depthai-ros
[1.413s] Level 1:colcon.colcon_core.environment:create_environment_scripts_only(depthai-ros)
[1.413s] Level 1:colcon.colcon_core.environment:checking '/home/leoni/oak_ws/install/depthai-ros' for CMake module files
[1.414s] DEBUG:colcon.colcon_core.event_handler.log_command:Invoked command in '/home/leoni/oak_ws/build/depthai-ros' returned '0': AMENT_PREFIX_PATH=/home/leoni/oak_ws/install/depthai_ros_driver:/home/leoni/oak_ws/install/depthai_filters:/home/leoni/oak_ws/install/depthai_bridge:/home/leoni/oak_ws/install/depthai_ros_msgs:/home/leoni/oak_ws/install/depthai_descriptions:${AMENT_PREFIX_PATH} CMAKE_PREFIX_PATH=/home/leoni/oak_ws/install/depthai_ros_driver:/home/leoni/oak_ws/install/depthai_filters:/home/leoni/oak_ws/install/depthai_bridge:/home/leoni/oak_ws/install/depthai_ros_msgs:/home/leoni/oak_ws/install/depthai_descriptions:/opt/ros/humble GAZEBO_MODEL_PATH=/home/leoni/oak_ws/install/depthai_descriptions GAZEBO_RESOURCE_PATH=/home/leoni/oak_ws/install/depthai_descriptions IGN_GAZEBO_MODEL_PATH=/home/leoni/oak_ws/install/depthai_descriptions IGN_GAZEBO_RESOURCE_PATH=/home/leoni/oak_ws/install/depthai_descriptions LD_LIBRARY_PATH=/home/leoni/oak_ws/install/depthai_ros_driver/lib:/home/leoni/oak_ws/install/depthai_filters/lib:/home/leoni/oak_ws/install/depthai_bridge/lib:/home/leoni/oak_ws/install/depthai_ros_msgs/lib:${LD_LIBRARY_PATH} PYTHONPATH=/home/leoni/oak_ws/install/depthai_ros_driver/local/lib/python3.10/dist-packages:/home/leoni/oak_ws/install/depthai_ros_msgs/local/lib/python3.10/dist-packages:${PYTHONPATH} /usr/bin/cmake --install /home/leoni/oak_ws/build/depthai-ros
[1.414s] Level 1:colcon.colcon_core.environment:checking '/home/leoni/oak_ws/install/depthai-ros' for CMake config files
[1.414s] Level 1:colcon.colcon_core.shell:create_environment_hook('depthai-ros', 'cmake_prefix_path')
[1.414s] INFO:colcon.colcon_core.shell:Creating environment hook '/home/leoni/oak_ws/install/depthai-ros/share/depthai-ros/hook/cmake_prefix_path.ps1'
[1.415s] INFO:colcon.colcon_core.shell:Creating environment descriptor '/home/leoni/oak_ws/install/depthai-ros/share/depthai-ros/hook/cmake_prefix_path.dsv'
[1.415s] INFO:colcon.colcon_core.shell:Creating environment hook '/home/leoni/oak_ws/install/depthai-ros/share/depthai-ros/hook/cmake_prefix_path.sh'
[1.415s] Level 1:colcon.colcon_core.environment:checking '/home/leoni/oak_ws/install/depthai-ros/bin'
[1.415s] Level 1:colcon.colcon_core.environment:checking '/home/leoni/oak_ws/install/depthai-ros/lib/pkgconfig/depthai-ros.pc'
[1.416s] Level 1:colcon.colcon_core.environment:checking '/home/leoni/oak_ws/install/depthai-ros/lib/python3.10/site-packages'
[1.416s] Level 1:colcon.colcon_core.environment:checking '/home/leoni/oak_ws/install/depthai-ros/bin'
[1.416s] INFO:colcon.colcon_core.shell:Creating package script '/home/leoni/oak_ws/install/depthai-ros/share/depthai-ros/package.ps1'
[1.416s] INFO:colcon.colcon_core.shell:Creating package descriptor '/home/leoni/oak_ws/install/depthai-ros/share/depthai-ros/package.dsv'
[1.417s] INFO:colcon.colcon_core.shell:Creating package script '/home/leoni/oak_ws/install/depthai-ros/share/depthai-ros/package.sh'
[1.417s] INFO:colcon.colcon_core.shell:Creating package script '/home/leoni/oak_ws/install/depthai-ros/share/depthai-ros/package.bash'
[1.417s] INFO:colcon.colcon_core.shell:Creating package script '/home/leoni/oak_ws/install/depthai-ros/share/depthai-ros/package.zsh'
[1.417s] Level 1:colcon.colcon_core.environment:create_file_with_runtime_dependencies(/home/leoni/oak_ws/install/depthai-ros/share/colcon-core/packages/depthai-ros)
[1.418s] Level 1:colcon.colcon_core.environment:create_environment_scripts_only(depthai-ros)
[1.418s] Level 1:colcon.colcon_core.environment:checking '/home/leoni/oak_ws/install/depthai-ros' for CMake module files
[1.418s] Level 1:colcon.colcon_core.environment:checking '/home/leoni/oak_ws/install/depthai-ros' for CMake config files
[1.418s] Level 1:colcon.colcon_core.shell:create_environment_hook('depthai-ros', 'cmake_prefix_path')
[1.418s] INFO:colcon.colcon_core.shell:Creating environment hook '/home/leoni/oak_ws/install/depthai-ros/share/depthai-ros/hook/cmake_prefix_path.ps1'
[1.419s] INFO:colcon.colcon_core.shell:Creating environment descriptor '/home/leoni/oak_ws/install/depthai-ros/share/depthai-ros/hook/cmake_prefix_path.dsv'
[1.419s] INFO:colcon.colcon_core.shell:Creating environment hook '/home/leoni/oak_ws/install/depthai-ros/share/depthai-ros/hook/cmake_prefix_path.sh'
[1.419s] Level 1:colcon.colcon_core.environment:checking '/home/leoni/oak_ws/install/depthai-ros/bin'
[1.419s] Level 1:colcon.colcon_core.environment:checking '/home/leoni/oak_ws/install/depthai-ros/lib/pkgconfig/depthai-ros.pc'
[1.419s] Level 1:colcon.colcon_core.environment:checking '/home/leoni/oak_ws/install/depthai-ros/lib/python3.10/site-packages'
[1.419s] Level 1:colcon.colcon_core.environment:checking '/home/leoni/oak_ws/install/depthai-ros/bin'
[1.419s] INFO:colcon.colcon_core.shell:Creating package script '/home/leoni/oak_ws/install/depthai-ros/share/depthai-ros/package.ps1'
[1.420s] INFO:colcon.colcon_core.shell:Creating package descriptor '/home/leoni/oak_ws/install/depthai-ros/share/depthai-ros/package.dsv'
[1.420s] INFO:colcon.colcon_core.shell:Creating package script '/home/leoni/oak_ws/install/depthai-ros/share/depthai-ros/package.sh'
[1.420s] INFO:colcon.colcon_core.shell:Creating package script '/home/leoni/oak_ws/install/depthai-ros/share/depthai-ros/package.bash'
[1.421s] INFO:colcon.colcon_core.shell:Creating package script '/home/leoni/oak_ws/install/depthai-ros/share/depthai-ros/package.zsh'
[1.421s] Level 1:colcon.colcon_core.environment:create_file_with_runtime_dependencies(/home/leoni/oak_ws/install/depthai-ros/share/colcon-core/packages/depthai-ros)
[1.421s] DEBUG:colcon.colcon_parallel_executor.executor.parallel:closing loop
[1.421s] DEBUG:colcon.colcon_parallel_executor.executor.parallel:loop closed
[1.421s] DEBUG:colcon.colcon_parallel_executor.executor.parallel:run_until_complete finished with '0'
[1.422s] DEBUG:colcon.colcon_core.event_reactor:joining thread
[1.426s] INFO:colcon.colcon_core.plugin_system:Skipping extension 'colcon_notification.desktop_notification.terminal_notifier': Not used on non-Darwin systems
[1.426s] INFO:colcon.colcon_core.plugin_system:Skipping extension 'colcon_notification.desktop_notification.win32': Not used on non-Windows systems
[1.426s] INFO:colcon.colcon_notification.desktop_notification:Sending desktop notification using 'notify2'
[1.442s] DEBUG:colcon.colcon_core.event_reactor:joined thread
[1.442s] INFO:colcon.colcon_core.shell:Creating prefix script '/home/leoni/oak_ws/install/local_setup.ps1'
[1.444s] INFO:colcon.colcon_core.shell:Creating prefix util module '/home/leoni/oak_ws/install/_local_setup_util_ps1.py'
[1.445s] INFO:colcon.colcon_core.shell:Creating prefix chain script '/home/leoni/oak_ws/install/setup.ps1'
[1.446s] INFO:colcon.colcon_core.shell:Creating prefix script '/home/leoni/oak_ws/install/local_setup.sh'
[1.446s] INFO:colcon.colcon_core.shell:Creating prefix util module '/home/leoni/oak_ws/install/_local_setup_util_sh.py'
[1.447s] INFO:colcon.colcon_core.shell:Creating prefix chain script '/home/leoni/oak_ws/install/setup.sh'
[1.448s] INFO:colcon.colcon_core.shell:Creating prefix script '/home/leoni/oak_ws/install/local_setup.bash'
[1.448s] INFO:colcon.colcon_core.shell:Creating prefix chain script '/home/leoni/oak_ws/install/setup.bash'
[1.449s] INFO:colcon.colcon_core.shell:Creating prefix script '/home/leoni/oak_ws/install/local_setup.zsh'
[1.450s] INFO:colcon.colcon_core.shell:Creating prefix chain script '/home/leoni/oak_ws/install/setup.zsh'
